Log file open, 09/19/18 19:13:35
LogWindows: Failed to load 'aqProf.dll' (GetLastError=126)
LogWindows: File 'aqProf.dll' does not exist
LogWindows: Failed to load 'VSPerf140.dll' (GetLastError=126)
LogWindows: File 'VSPerf140.dll' does not exist
LogWindows: Failed to load 'VtuneApi.dll' (GetLastError=126)
LogWindows: File 'VtuneApi.dll' does not exist
LogWindows: Failed to load 'VtuneApi32e.dll' (GetLastError=126)
LogWindows: File 'VtuneApi32e.dll' does not exist
LogInit: Display: Running engine for game: 我的项目2
LogPlatformFile: Not using cached read wrapper
LogTaskGraph: Started task graph with 5 named threads and 23 total threads with 3 sets of task threads.
LogStats: Stats thread started at 0.310825
LogD3D11RHI: Loaded GFSDK_Aftermath_Lib.x64.dll
LogICUInternationalization: Display: ICU TimeZone Detection - Raw Offset: +8:00, Platform Override: ''
LogPluginManager: Mounting plugin Paper2D
LogPluginManager: Mounting plugin AISupport
LogPluginManager: Mounting plugin LightPropagationVolume
LogPluginManager: Mounting plugin CLionSourceCodeAccess
LogPluginManager: Mounting plugin CodeLiteSourceCodeAccess
LogPluginManager: Mounting plugin GitSourceControl
LogPluginManager: Mounting plugin KDevelopSourceCodeAccess
LogPluginManager: Mounting plugin NullSourceCodeAccess
LogPluginManager: Mounting plugin PerforceSourceControl
LogPluginManager: Mounting plugin SubversionSourceControl
LogPluginManager: Mounting plugin UObjectPlugin
LogPluginManager: Mounting plugin VisualStudioCodeSourceCodeAccess
LogPluginManager: Mounting plugin VisualStudioSourceCodeAccess
LogPluginManager: Mounting plugin XCodeSourceCodeAccess
LogPluginManager: Mounting plugin AssetManagerEditor
LogPluginManager: Mounting plugin CryptoKeys
LogPluginManager: Mounting plugin DataValidation
LogPluginManager: Mounting plugin FacialAnimation
LogPluginManager: Mounting plugin GameplayTagsEditor
LogPluginManager: Mounting plugin MacGraphicsSwitching
LogPluginManager: Mounting plugin MeshEditor
LogPluginManager: Mounting plugin MobileLauncherProfileWizard
LogPluginManager: Mounting plugin PluginBrowser
LogPluginManager: Mounting plugin SpeedTreeImporter
LogPluginManager: Mounting plugin DatasmithContent
LogPluginManager: Mounting plugin AlembicImporter
LogPluginManager: Mounting plugin AppleImageUtils
LogPluginManager: Mounting plugin AppleVision
LogPluginManager: Mounting plugin BackChannel
LogPluginManager: Mounting plugin CharacterAI
LogPluginManager: Mounting plugin GeometryCache
LogPluginManager: Mounting plugin HTML5Networking
LogPluginManager: Mounting plugin ProxyLODPlugin
LogPluginManager: Mounting plugin MagicLeap
LogPluginManager: Mounting plugin MagicLeapEmulator
LogPluginManager: Mounting plugin MagicLeapMedia
LogPluginManager: Mounting plugin UE4EditorCustomize
LogPluginManager: Mounting plugin AndroidMedia
LogPluginManager: Mounting plugin AvfMedia
LogPluginManager: Mounting plugin ImgMedia
LogPluginManager: Mounting plugin LinearTimecode
LogPluginManager: Mounting plugin MediaCompositing
LogPluginManager: Mounting plugin MediaPlayerEditor
LogPluginManager: Mounting plugin WmfMedia
LogPluginManager: Mounting plugin TcpMessaging
LogPluginManager: Mounting plugin UdpMessaging
LogPluginManager: Mounting plugin ActorSequence
LogPluginManager: Mounting plugin LevelSequenceEditor
LogPluginManager: Mounting plugin MatineeToLevelSequence
LogPluginManager: Mounting plugin NetcodeUnitTest
LogPluginManager: Mounting plugin NUTUnrealEngine4
LogPluginManager: Mounting plugin OnlineSubsystemGooglePlay
LogPluginManager: Mounting plugin OnlineSubsystemIOS
LogPluginManager: Mounting plugin OnlineSubsystem
LogPluginManager: Mounting plugin OnlineSubsystemNull
LogPluginManager: Mounting plugin OnlineSubsystemUtils
LogPluginManager: Mounting plugin LauncherChunkInstaller
LogPluginManager: Mounting plugin AndroidDeviceProfileSelector
LogPluginManager: Mounting plugin AndroidMoviePlayer
LogPluginManager: Mounting plugin AndroidPermission
LogPluginManager: Mounting plugin AppleMoviePlayer
LogPluginManager: Mounting plugin ArchVisCharacter
LogPluginManager: Mounting plugin AudioCapture
LogPluginManager: Mounting plugin CableComponent
LogPluginManager: Mounting plugin CustomMeshComponent
LogPluginManager: Mounting plugin EditableMesh
LogPluginManager: Mounting plugin ExampleDeviceProfileSelector
LogPluginManager: Mounting plugin GoogleCloudMessaging
LogPluginManager: Mounting plugin ImmediatePhysics
LogPluginManager: Mounting plugin IOSDeviceProfileSelector
LogPluginManager: Mounting plugin LinuxDeviceProfileSelector
LogPluginManager: Mounting plugin LocationServicesBPLibrary
LogPluginManager: Mounting plugin MobilePatchingUtils
LogPluginManager: Mounting plugin OculusVR
LogPluginManager: Plugin shader directory ../../../Engine/Plugins/Runtime/Oculus/OculusVR/Shaders found
LogPluginManager: Mapping shader source directory ../../../Engine/Plugins/Runtime/Oculus/OculusVR/Shaders to virtual directory /Plugin/OculusVR
LogPluginManager: Mounting plugin PhysXVehicles
LogPluginManager: Mounting plugin ProceduralMeshComponent
LogPluginManager: Mounting plugin RuntimePhysXCooking
LogPluginManager: Mounting plugin SteamVR
LogPluginManager: Mounting plugin WindowsMoviePlayer
LogStreaming: Display: Took  0.274s to configure plugins.
LogInit: Using libcurl 7.55.1-DEV
LogInit:  - built for x86_64-pc-win32
LogInit:  - supports SSL with OpenSSL/1.0.2h
LogInit:  - supports HTTP deflate (compression) using libz 1.2.8
LogInit:  - other features:
LogInit:      CURL_VERSION_SSL
LogInit:      CURL_VERSION_LIBZ
LogInit:      CURL_VERSION_IPV6
LogInit:      CURL_VERSION_ASYNCHDNS
LogInit:      CURL_VERSION_LARGEFILE
LogInit:      CURL_VERSION_IDN
LogInit:  CurlRequestOptions (configurable via config and command line):
LogInit:  - bVerifyPeer = false  - Libcurl will NOT verify peer certificate
LogInit:  - bUseHttpProxy = false  - Libcurl will NOT use HTTP proxy
LogInit:  - bDontReuseConnections = false  - Libcurl will reuse connections
LogInit:  - CertBundlePath = nullptr  - Libcurl will use whatever was configured at build time.
LogInit:  - MaxHostConnections = 16  - Libcurl will limit the number of connections to a host
LogInit:  - LocalHostAddr = Default
LogInit:  - BufferSize = 65536
LogInit: WinSock: version 1.1 (2.2), MaxSocks=32767, MaxUdp=65467
LogInit: Build: ++UE4+Release-4.20-CL-4302132
LogInit: Engine Version: 4.20.2-4302132+++UE4+Release-4.20
LogInit: Compatible Engine Version: 4.20.0-4212847+++UE4+Release-4.20
LogInit: Net CL: 4212847
LogInit: OS: Windows 10 (), CPU: Intel(R) Core(TM) i7-6700HQ CPU @ 2.60GHz, GPU: Intel(R) HD Graphics 530
LogInit: Compiled (64-bit): Aug 21 2018 02:06:06
LogInit: Compiled with Visual C++: 19.13.26129.00
LogInit: Build Configuration: Development
LogInit: Branch Name: ++UE4+Release-4.20
LogInit: Command Line:  
LogInit: Base Directory: D:/Program Files/UE_4.20/Engine/Binaries/Win64/
LogInit: Installed Engine Build: 1
LogDevObjectVersion: Number of dev versions registered: 20
LogDevObjectVersion:   Dev-Blueprints (B0D832E4-1F89-4F0D-ACCF-7EB736FD4AA2): 10
LogDevObjectVersion:   Dev-Build (E1C64328-A22C-4D53-A36C-8E866417BD8C): 0
LogDevObjectVersion:   Dev-Core (375EC13C-06E4-48FB-B500-84F0262A717E): 2
LogDevObjectVersion:   Dev-Editor (E4B068ED-F494-42E9-A231-DA0B2E46BB41): 24
LogDevObjectVersion:   Dev-Framework (CFFC743F-43B0-4480-9391-14DF171D2073): 34
LogDevObjectVersion:   Dev-Mobile (B02B49B5-BB20-44E9-A304-32B752E40360): 2
LogDevObjectVersion:   Dev-Networking (A4E4105C-59A1-49B5-A7C5-40C4547EDFEE): 0
LogDevObjectVersion:   Dev-Online (39C831C9-5AE6-47DC-9A44-9C173E1C8E7C): 0
LogDevObjectVersion:   Dev-Physics (78F01B33-EBEA-4F98-B9B4-84EACCB95AA2): 0
LogDevObjectVersion:   Dev-Platform (6631380F-2D4D-43E0-8009-CF276956A95A): 0
LogDevObjectVersion:   Dev-Rendering (12F88B9F-8875-4AFC-A67C-D90C383ABD29): 26
LogDevObjectVersion:   Dev-Sequencer (7B5AE74C-D270-4C10-A958-57980B212A5A): 9
LogDevObjectVersion:   Dev-VR (D7296918-1DD6-4BDD-9DE2-64A83CC13884): 2
LogDevObjectVersion:   Dev-LoadTimes (C2A15278-BFE7-4AFE-6C17-90FF531DF755): 1
LogDevObjectVersion:   Private-Geometry (6EACA3D4-40EC-4CC1-B786-8BED09428FC5): 3
LogDevObjectVersion:   Dev-AnimPhys (29E575DD-E0A3-4627-9D10-D276232CDCEA): 17
LogDevObjectVersion:   Dev-ReflectionCapture (6B266CEC-1EC7-4B8F-A30B-E4D90942FC07): 1
LogDevObjectVersion:   Dev-Automation (0DF73D61-A23F-47EA-B727-89E90C41499A): 1
LogDevObjectVersion:   FortniteMain (601D1886-AC64-4F84-AA16-D3DE0DEAC7D6): 12
LogDevObjectVersion:   Dev-Enterprise (9DFFBCD6-494F-0158-E221-12823C92A888): 1
LogStreaming: Display: Took  0.001s to delete old logs.
LogInit: Presizing for max 8388607 objects, including 0 objects not considered by GC, pre-allocating 0 bytes for permanent pool.
LogInit: Object subsystem initialized
[2018.09.19-11.13.36:235][  0]LogInit: Selected Device Profile: [Windows]
[2018.09.19-11.13.36:235][  0]LogInit: Applying CVar settings loaded from the selected device profile: [Windows]
[2018.09.19-11.13.36:248][  0]LogHAL: Display: Platform has ~ 16 GB [17058086912 / 17179869184 / 16], which maps to Larger [LargestMinGB=32, LargerMinGB=12, DefaultMinGB=8, SmallerMinGB=6, SmallestMinGB=0)
[2018.09.19-11.13.36:248][  0]LogInit: Setting Device Profile CVar: [[r.Vulkan.UseRealUBs:1]]
[2018.09.19-11.13.36:248][  0]LogInit: Going up to parent DeviceProfile []
[2018.09.19-11.13.36:248][  0]LogInit: Computer: DESKTOP-47DQBJE
[2018.09.19-11.13.36:248][  0]LogInit: User: 86230
[2018.09.19-11.13.36:248][  0]LogInit: CPU Page size=4096, Cores=4
[2018.09.19-11.13.36:249][  0]LogInit: High frequency timer resolution =2.531253 MHz
[2018.09.19-11.13.36:249][  0]LogMemory: Memory total: Physical=15.9GB (16GB approx)
[2018.09.19-11.13.36:249][  0]LogMemory: Platform Memory Stats for Windows
[2018.09.19-11.13.36:249][  0]LogMemory: Process Physical Memory: 101.88 MB used, 101.88 MB peak
[2018.09.19-11.13.36:249][  0]LogMemory: Process Virtual Memory: 92.96 MB used, 92.96 MB peak
[2018.09.19-11.13.36:249][  0]LogMemory: Physical Memory: 5871.89 MB used,  10395.97 MB free, 16267.86 MB total
[2018.09.19-11.13.36:249][  0]LogMemory: Virtual Memory: 4647.10 MB used,  10395.97 MB free, 134217728.00 MB total
[2018.09.19-11.13.36:288][  0]LogInit: Using OS detected language (zh-CN).
[2018.09.19-11.13.36:288][  0]LogInit: Using OS detected locale (zh-CN).
[2018.09.19-11.13.36:603][  0]LogStreaming: Display: Took  0.315s to InitEngineTextLocalization.
[2018.09.19-11.13.36:604][  0]LogInit: Setting process to per monitor DPI aware
[2018.09.19-11.13.36:664][  0]LogSlate: New Slate User Created.  User Index 0, Is Virtual User: 0
[2018.09.19-11.13.36:664][  0]LogSlate: Slate User Registered.  User Index 0, Is Virtual User: 0
[2018.09.19-11.13.36:985][  0]LogHMD: Failed to initialize OpenVR with code 110
[2018.09.19-11.13.36:985][  0]LogD3D11RHI: D3D11 adapters:
[2018.09.19-11.13.37:080][  0]LogD3D11RHI:    0. 'NVIDIA GeForce GTX 1060' (Feature Level 11_0)
[2018.09.19-11.13.37:080][  0]LogD3D11RHI:       6052/0/8133 MB DedicatedVideo/DedicatedSystem/SharedSystem, Outputs:1, VendorId:0x10de
[2018.09.19-11.13.37:095][  0]LogD3D11RHI:    1. 'Intel(R) HD Graphics 530' (Feature Level 11_0)
[2018.09.19-11.13.37:095][  0]LogD3D11RHI:       128/0/8133 MB DedicatedVideo/DedicatedSystem/SharedSystem, Outputs:0, VendorId:0x8086
[2018.09.19-11.13.37:098][  0]LogD3D11RHI:    2. 'Microsoft Basic Render Driver' (Feature Level 11_0)
[2018.09.19-11.13.37:098][  0]LogD3D11RHI:       0/0/8133 MB DedicatedVideo/DedicatedSystem/SharedSystem, Outputs:0, VendorId:0x1414
[2018.09.19-11.13.37:098][  0]LogD3D11RHI: Chosen D3D11 Adapter: 0
[2018.09.19-11.13.37:122][  0]LogD3D11RHI: Creating new Direct3DDevice
[2018.09.19-11.13.37:122][  0]LogD3D11RHI:     GPU DeviceId: 0x1c20 (for the marketing name, search the web for "GPU Device Id")
[2018.09.19-11.13.37:122][  0]LogWindows: EnumDisplayDevices:
[2018.09.19-11.13.37:122][  0]LogWindows:    0. 'Intel(R) HD Graphics 530' (P:1 D:1)
[2018.09.19-11.13.37:124][  0]LogWindows:    1. 'Intel(R) HD Graphics 530' (P:0 D:0)
[2018.09.19-11.13.37:126][  0]LogWindows:    2. 'Intel(R) HD Graphics 530' (P:0 D:0)
[2018.09.19-11.13.37:128][  0]LogWindows:    3. 'NVIDIA GeForce GTX 1060' (P:0 D:0)
[2018.09.19-11.13.37:130][  0]LogWindows:    4. 'NVIDIA GeForce GTX 1060' (P:0 D:0)
[2018.09.19-11.13.37:132][  0]LogWindows:    5. 'NVIDIA GeForce GTX 1060' (P:0 D:0)
[2018.09.19-11.13.37:134][  0]LogWindows:    6. 'NVIDIA GeForce GTX 1060' (P:0 D:0)
[2018.09.19-11.13.37:137][  0]LogWindows: DebugString: PrimaryIsNotTheChoosenAdapter PrimaryIsNotTheChoosenAdapter PrimaryIsNotTheChoosenAdapter FoundDriverCount:4 
[2018.09.19-11.13.37:137][  0]LogD3D11RHI:     Adapter Name: NVIDIA GeForce GTX 1060
[2018.09.19-11.13.37:137][  0]LogD3D11RHI:   Driver Version: 391.35 (internal:23.21.13.9135, unified:391.35)
[2018.09.19-11.13.37:137][  0]LogD3D11RHI:      Driver Date: 3-23-2018
[2018.09.19-11.13.37:137][  0]LogRHI: Texture pool is 4236 MB (70% of 6052 MB)
[2018.09.19-11.13.37:184][  0]LogD3D11RHI: Async texture creation enabled
[2018.09.19-11.13.37:208][  0]LogD3D11RHI: GPU Timing Frequency: 1000.000000 (Debug: 2 2)
[2018.09.19-11.13.37:211][  0]LogShaderCompilers: Guid format shader working directory is -1 characters bigger than the processId version (C:/Users/86230/Documents/Unreal Projects/我的项目2/Intermediate/Shaders/WorkingDirectory/14460/).
[2018.09.19-11.13.37:212][  0]LogShaderCompilers: Cleaned the shader compiler working directory 'C:/Users/86230/AppData/Local/Temp/UnrealShaderWorkingDir/AFFB32E04A184A26732E8E8B56A3E7D9/'.
[2018.09.19-11.13.37:715][  0]LogTemp: Display: Loaded TP AllDesktopTargetPlatform
[2018.09.19-11.13.37:729][  0]LogTemp: Display: Loaded TP MacClientTargetPlatform
[2018.09.19-11.13.37:746][  0]LogTemp: Display: Loaded TP MacNoEditorTargetPlatform
[2018.09.19-11.13.37:761][  0]LogTemp: Display: Loaded TP MacServerTargetPlatform
[2018.09.19-11.13.37:776][  0]LogTemp: Display: Loaded TP MacTargetPlatform
[2018.09.19-11.13.37:791][  0]LogTemp: Display: Loaded TP WindowsClientTargetPlatform
[2018.09.19-11.13.37:809][  0]LogTemp: Display: Loaded TP WindowsNoEditorTargetPlatform
[2018.09.19-11.13.37:824][  0]LogTemp: Display: Loaded TP WindowsServerTargetPlatform
[2018.09.19-11.13.37:831][  0]LogTemp: Display: Loaded TP WindowsTargetPlatform
[2018.09.19-11.13.37:935][  0]LogTemp: Display: Loaded TP AndroidTargetPlatform
[2018.09.19-11.13.37:935][  0]LogTemp: Display: Loaded TP AndroidTargetPlatform
[2018.09.19-11.13.37:935][  0]LogTemp: Display: Loaded TP AndroidTargetPlatform
[2018.09.19-11.13.37:935][  0]LogTemp: Display: Loaded TP AndroidTargetPlatform
[2018.09.19-11.13.37:935][  0]LogTemp: Display: Loaded TP AndroidTargetPlatform
[2018.09.19-11.13.37:935][  0]LogTemp: Display: Loaded TP AndroidTargetPlatform
[2018.09.19-11.13.37:935][  0]LogTemp: Display: Loaded TP AndroidTargetPlatform
[2018.09.19-11.13.37:935][  0]LogTemp: Display: Loaded TP AndroidTargetPlatform
[2018.09.19-11.13.37:935][  0]LogTemp: Display: Loaded TP AndroidTargetPlatform
[2018.09.19-11.13.37:935][  0]LogTemp: Display: Loaded TP AndroidTargetPlatform
[2018.09.19-11.13.37:935][  0]LogTemp: Display: Loaded TP AndroidTargetPlatform
[2018.09.19-11.13.37:935][  0]LogTemp: Display: Loaded TP AndroidTargetPlatform
[2018.09.19-11.13.37:935][  0]LogTemp: Display: Loaded TP AndroidTargetPlatform
[2018.09.19-11.13.37:935][  0]LogTemp: Display: Loaded TP AndroidTargetPlatform
[2018.09.19-11.13.37:936][  0]LogTemp: Display: Loaded TP AndroidTargetPlatform
[2018.09.19-11.13.37:936][  0]LogTemp: Display: Loaded TP AndroidTargetPlatform
[2018.09.19-11.13.37:936][  0]LogTemp: Display: Loaded TP AndroidTargetPlatform
[2018.09.19-11.13.37:936][  0]LogTemp: Display: Loaded TP AndroidTargetPlatform
[2018.09.19-11.13.37:937][  0]LogTemp: Display: Loaded TP HTML5TargetPlatform
[2018.09.19-11.13.38:002][  0]LogTemp: Display: Loaded TP IOSTargetPlatform
[2018.09.19-11.13.38:002][  0]LogTemp: Display: Loaded TP IOSTargetPlatform
[2018.09.19-11.13.38:030][  0]LogTemp: Display: Loaded TP TVOSTargetPlatform
[2018.09.19-11.13.38:030][  0]LogTemp: Display: Loaded TP TVOSTargetPlatform
[2018.09.19-11.13.38:045][  0]LogTemp: Display: Loaded TP LinuxClientTargetPlatform
[2018.09.19-11.13.38:060][  0]LogTemp: Display: Loaded TP LinuxNoEditorTargetPlatform
[2018.09.19-11.13.38:075][  0]LogTemp: Display: Loaded TP LinuxServerTargetPlatform
[2018.09.19-11.13.38:091][  0]LogTemp: Display: Loaded TP LinuxTargetPlatform
[2018.09.19-11.13.38:102][  0]LogTemp: Display: Loaded TP LuminTargetPlatform
[2018.09.19-11.13.38:102][  0]LogTargetPlatformManager: Display: Building Assets For Windows
[2018.09.19-11.13.38:166][  0]LogXGEController: Cannot use XGE Controller as Incredibuild is not installed on this machine.
[2018.09.19-11.13.38:166][  0]LogShaderCompilers: Cannot use XGE Shader Compiler as Incredibuild is not installed on this machine.
[2018.09.19-11.13.38:166][  0]LogShaderCompilers: Display: Using Local Shader Compiler.
[2018.09.19-11.13.38:986][  0]LogDerivedDataCache: Display: Max Cache Size: 512 MB
[2018.09.19-11.13.39:054][  0]LogDerivedDataCache: Loaded boot cache 0.07s 87MB C:/Users/86230/AppData/Local/UnrealEngine/4.20/DerivedDataCache/Boot.ddc.
[2018.09.19-11.13.39:055][  0]LogDerivedDataCache: Display: Loaded Boot cache: C:/Users/86230/AppData/Local/UnrealEngine/4.20/DerivedDataCache/Boot.ddc
[2018.09.19-11.13.39:055][  0]LogDerivedDataCache: FDerivedDataBackendGraph:  Pak pak cache file C:/Users/86230/Documents/Unreal Projects/我的项目2/DerivedDataCache/DDC.ddp not found, will not use a pak cache.
[2018.09.19-11.13.39:055][  0]LogDerivedDataCache: Unable to find inner node Pak for hierarchical cache Hierarchy.
[2018.09.19-11.13.39:055][  0]LogDerivedDataCache: FDerivedDataBackendGraph:  CompressedPak pak cache file C:/Users/86230/Documents/Unreal Projects/我的项目2/DerivedDataCache/Compressed.ddp not found, will not use a pak cache.
[2018.09.19-11.13.39:055][  0]LogDerivedDataCache: Unable to find inner node CompressedPak for hierarchical cache Hierarchy.
[2018.09.19-11.13.39:069][  0]LogDerivedDataCache: Display: Pak cache opened for reading ../../../Engine/DerivedDataCache/Compressed.ddp.
[2018.09.19-11.13.39:085][  0]LogDerivedDataCache: Using Local data cache path C:/Users/86230/AppData/Local/UnrealEngine/Common/DerivedDataCache: Writable
[2018.09.19-11.13.39:085][  0]LogDerivedDataCache: Shared data cache path not found in *engine.ini, will not use an Shared cache.
[2018.09.19-11.13.39:085][  0]LogDerivedDataCache: Unable to find inner node Shared for hierarchical cache Hierarchy.
[2018.09.19-11.13.39:106][  0]LogMaterial: Verifying Global Shaders for PCD3D_SM5
[2018.09.19-11.13.39:107][  0]LogSlate: Using FreeType 2.6.0
[2018.09.19-11.13.39:108][  0]LogSlate: SlateFontServices - WITH_FREETYPE: 1, WITH_HARFBUZZ: 1
[2018.09.19-11.13.39:192][  0]LogAssetRegistry: FAssetRegistry took 0.0270 seconds to start up
[2018.09.19-11.13.39:569][  0]LogInit: Selected Device Profile: [Windows]
[2018.09.19-11.13.39:718][  0]LogSimplygon: Simplygon DLL not present - disabling.
[2018.09.19-11.13.39:722][  0]LogMeshReduction: Using SimplygonSwarm for distributed automatic mesh merging
[2018.09.19-11.13.39:722][  0]LogMeshReduction: Using ProxyLODMeshReduction for automatic mesh merging
[2018.09.19-11.13.39:722][  0]LogMeshReduction: Using QuadricMeshReduction for automatic static mesh reduction
[2018.09.19-11.13.39:722][  0]LogMeshReduction: No automatic skeletal mesh reduction module available
[2018.09.19-11.13.39:741][  0]LogNetVersion: 我的项目2 1.0.0, NetCL: 4212847, EngineNetVer: 5, GameNetVer: 0 (Checksum: 1753104541)
[2018.09.19-11.13.40:609][  0]LogPackageLocalizationCache: Processed 12 localized package path(s) for 4 prioritized culture(s) in 0.383770 seconds
[2018.09.19-11.13.40:618][  0]LogUObjectArray: 38425 objects as part of root set at end of initial load.
[2018.09.19-11.13.40:618][  0]LogUObjectAllocator: 6690864 out of 0 bytes used by permanent object pool.
[2018.09.19-11.13.40:618][  0]LogUObjectArray: CloseDisregardForGC: 0/0 objects in disregard for GC pool
[2018.09.19-11.13.41:603][  0]LogTcpMessaging: Initializing TcpMessaging bridge
[2018.09.19-11.13.41:617][  0]LogUdpMessaging: Initializing bridge on interface 0.0.0.0:0 to multicast group 230.0.0.1:6666.
[2018.09.19-11.13.41:823][  0]SourceControl: 源码控制已禁用
[2018.09.19-11.13.43:050][  0]LogAndroidPermission: UAndroidPermissionCallbackProxy::GetInstance
[2018.09.19-11.13.43:283][  0]LogOcInput: OculusInput pre-init called
[2018.09.19-11.13.43:350][  0]LogEngine: Initializing Engine...
[2018.09.19-11.13.43:352][  0]LogHMD: Failed to initialize OpenVR with code 110
[2018.09.19-11.13.43:353][  0]LogStats: UGameplayTagsManager::ConstructGameplayTagTree: ImportINI prefixes -  0.000 s
[2018.09.19-11.13.43:353][  0]LogStats: UGameplayTagsManager::ConstructGameplayTagTree: Construct from data asset -  0.000 s
[2018.09.19-11.13.43:353][  0]LogStats: UGameplayTagsManager::ConstructGameplayTagTree: ImportINI -  0.000 s
[2018.09.19-11.13.43:353][  0]LogStats: UGameplayTagsManager::ConstructGameplayTagTree: GameplayTagTreeChangedEvent.Broadcast -  0.000 s
[2018.09.19-11.13.43:597][  0]LogInit: Initializing FReadOnlyCVARCache
[2018.09.19-11.13.43:611][  0]LogAIModule: Creating AISystem for world Untitled
[2018.09.19-11.13.43:681][  0]LogInit: XAudio2 using 'Realtek HD Audio 2nd output (Realtek High Definition Audio)' : 2 channels at 48 kHz using 32 bits per sample (channel mask 0x3)
[2018.09.19-11.13.43:775][  0]LogInit: FAudioDevice initialized.
[2018.09.19-11.13.43:775][  0]LogNetVersion: Set ProjectVersion to 1.0.0.0. Version Checksum will be recalculated on next use.
[2018.09.19-11.13.43:894][  0]LogDerivedDataCache: Saved boot cache 0.12s 87MB C:/Users/86230/AppData/Local/UnrealEngine/4.20/DerivedDataCache/Boot.ddc.
[2018.09.19-11.13.43:915][  0]LogInit: Texture streaming: Enabled
[2018.09.19-11.13.43:936][  0]LogEngineSessionManager: EngineSessionManager initialized
[2018.09.19-11.13.43:951][  0]LogInit: Transaction tracking system initialized
[2018.09.19-11.13.43:975][  0]BlueprintLog: New page: 编辑器加载
[2018.09.19-11.13.44:057][  0]LocalizationService: 本地化服务已被禁用
[2018.09.19-11.13.44:366][  0]LogCook: Display: Max memory allowance for cook 16384mb min free memory 0mb
[2018.09.19-11.13.44:366][  0]LogCook: Display: Mobile HDR setting 1
[2018.09.19-11.13.44:366][  0]LogGameplayTags: Display: UGameplayTagsManager::DoneAddingNativeTags. DelegateIsBound: 0
[2018.09.19-11.13.44:366][  0]LogStats: UGameplayTagsManager::ConstructGameplayTagTree: ImportINI prefixes -  0.000 s
[2018.09.19-11.13.44:366][  0]LogStats: UGameplayTagsManager::ConstructGameplayTagTree: Construct from data asset -  0.000 s
[2018.09.19-11.13.44:367][  0]LogStats: UGameplayTagsManager::ConstructGameplayTagTree: ImportINI -  0.000 s
[2018.09.19-11.13.44:367][  0]LogStats: UGameplayTagsManager::ConstructGameplayTagTree: GameplayTagTreeChangedEvent.Broadcast -  0.000 s
[2018.09.19-11.13.44:505][  0]LogFileCache: Scanning file cache for directory 'C:/Users/86230/Documents/Unreal Projects/我的项目2/Content/' took 0.02s
[2018.09.19-11.13.44:505][  0]Cmd: MAP LOAD FILE="C:/Users/86230/Documents/Unreal Projects/我的项目2/Content/TopDownBP/Maps/TopDownExampleMap.umap" TEMPLATE=0 SHOWPROGRESS=1 FEATURELEVEL=3
[2018.09.19-11.13.44:506][  0]LightingResults: New page: 光照构建
[2018.09.19-11.13.44:509][  0]MapCheck: New page: 地图检测
[2018.09.19-11.13.44:509][  0]LightingResults: New page: 光照构建
[2018.09.19-11.13.45:605][  0]LogAIModule: Creating AISystem for world TopDownExampleMap
[2018.09.19-11.13.45:649][  0]LogEditorServer: Finished looking for orphan Actors (0.000 secs)
[2018.09.19-11.13.45:677][  0]Cmd: MAP CHECKDEP NOCLEARLOG
[2018.09.19-11.13.45:767][  0]MapCheck: 地图检测完成：0个错误，0 个警告，用时89.762毫秒完成。
[2018.09.19-11.13.45:767][  0]LogFileHelpers: Loading map 'TopDownExampleMap' took 1.262
[2018.09.19-11.13.46:082][  0]LogSlate: Updating window title bar state: overlay mode, drag disabled, window buttons hidden, title bar hidden
[2018.09.19-11.13.46:091][  0]LogSlate: Updating window title bar state: overlay mode, drag disabled, window buttons hidden, title bar hidden
[2018.09.19-11.13.46:103][  0]LogSlate: Updating window title bar state: overlay mode, drag disabled, window buttons hidden, title bar hidden
[2018.09.19-11.13.46:112][  0]LogSlate: Updating window title bar state: overlay mode, drag disabled, window buttons hidden, title bar hidden
[2018.09.19-11.13.46:228][  0]LogCollectionManager: Loaded 0 collections in 0.002213 seconds
[2018.09.19-11.13.46:279][  0]LogFileCache: Scanning file cache for directory 'C:/Users/86230/Documents/Unreal Projects/我的项目2/Saved/Collections/' took 0.01s
[2018.09.19-11.13.46:279][  0]LogFileCache: Scanning file cache for directory 'C:/Users/86230/Documents/Unreal Projects/我的项目2/Content/Developers/86230/Collections/' took 0.01s
[2018.09.19-11.13.46:279][  0]LogFileCache: Scanning file cache for directory 'C:/Users/86230/Documents/Unreal Projects/我的项目2/Content/Collections/' took 0.01s
[2018.09.19-11.13.46:279][  0]LogCollectionManager: Rebuilt the GUID cache for 0 collections in 0.000000 seconds
[2018.09.19-11.13.46:292][  0]LogContentBrowser: Native class hierarchy populated in 0.0129 seconds. Added 2574 classes and 608 folders.
[2018.09.19-11.13.46:301][  0]LogContentBrowser: Native class hierarchy updated for 'WidgetCarousel' in 0.0004 seconds. Added 0 classes and 0 folders.
[2018.09.19-11.13.46:358][  0]LogContentBrowser: Native class hierarchy updated for 'AddContentDialog' in 0.0003 seconds. Added 0 classes and 0 folders.
[2018.09.19-11.13.46:361][  0]LogDirectoryWatcher: Warning: Failed to begin reading directory changes for C:/Users/86230/Documents/Unreal Projects/我的项目2/Plugins/. Error: 系统找不到指定的文件。 (0x00000002)
[2018.09.19-11.13.46:368][  0]LogSlate: Took 0.000236 seconds to synchronously load lazily loaded font '../../../Engine/Content/Slate/Fonts/Roboto-Regular.ttf' (155K)
[2018.09.19-11.13.46:370][  0]LogSlate: Took 0.002406 seconds to synchronously load lazily loaded font '../../../Engine/Content/Slate/Fonts/DroidSansFallback.ttf' (3848K)
[2018.09.19-11.13.46:373][  0]LogSlate: Took 0.000251 seconds to synchronously load lazily loaded font '../../../Engine/Content/Slate/Fonts/Roboto-Bold.ttf' (160K)
[2018.09.19-11.13.46:377][  0]LogSlate: Took 0.000320 seconds to synchronously load lazily loaded font '../../../Engine/Content/Editor/Slate/Fonts/FontAwesome.ttf' (139K)
[2018.09.19-11.13.46:476][  0]LogRenderer: Reallocating scene render targets to support 964x444 Format 10 NumSamples 1 (Frame:1).
[2018.09.19-11.13.46:642][  0]LogContentBrowser: Native class hierarchy updated for 'HierarchicalLODOutliner' in 0.0003 seconds. Added 0 classes and 0 folders.
[2018.09.19-11.13.46:642][  0]LogLoad: (Engine Initialization) Total time: 12.61 seconds
[2018.09.19-11.13.46:642][  0]LogLoad: (Engine Initialization) Total Blueprint compile time: 0.00 seconds
[2018.09.19-11.13.46:720][  0]LogWindowsTextInputMethodSystem: Display: IME system now activated using TSF (中文 - QQ拼音输入法).
[2018.09.19-11.13.46:748][  0]LogContentStreaming: Texture pool size now 1000 MB
[2018.09.19-11.13.46:781][  1]LogAssetRegistry: Asset discovery search completed in 7.6113 seconds
[2018.09.19-11.13.46:783][  1]LogCollectionManager: Rebuilt the object cache for 0 collections in 0.000000 seconds (found 0 objects)
[2018.09.19-11.13.46:783][  1]LogCollectionManager: Fixed up redirectors for 0 collections in 0.000062 seconds (updated 0 objects)
[2018.09.19-11.13.57:654][493]LogSlate: FSceneViewport::OnFocusLost() reason 0
[2018.09.19-11.13.57:754][499]LogTemp: Repeating last play command: 新建编辑器窗口（在编辑器中运行）
[2018.09.19-11.13.57:769][499]LogBlueprintUserMessages: Early PlayInEditor Detection: Level '/Game/TopDownBP/Maps/TopDownExampleMap.TopDownExampleMap:PersistentLevel' has LevelScriptBlueprint '/Game/TopDownBP/Maps/TopDownExampleMap.TopDownExampleMap:PersistentLevel.TopDownExampleMap' with GeneratedClass '/Game/TopDownBP/Maps/TopDownExampleMap.TopDownExampleMap_C' with ClassGeneratedBy '/Game/TopDownBP/Maps/TopDownExampleMap.TopDownExampleMap:PersistentLevel.TopDownExampleMap'
[2018.09.19-11.13.57:769][499]LogPlayLevel: PlayLevel: No blueprints needed recompiling
[2018.09.19-11.13.57:781][499]PIE: New page: PIE会话: TopDownExampleMap (2018年9月20日 上午3:13:57)
[2018.09.19-11.13.57:782][499]LogPlayLevel: Creating play world package: /Game/TopDownBP/Maps/UEDPIE_0_TopDownExampleMap
[2018.09.19-11.13.57:810][499]LogPlayLevel: PIE: StaticDuplicateObject took: (0.028524s)
[2018.09.19-11.13.57:811][499]LogAIModule: Creating AISystem for world TopDownExampleMap
[2018.09.19-11.13.57:812][499]LogPlayLevel: PIE: World Init took: (0.001408s)
[2018.09.19-11.13.57:812][499]LogPlayLevel: PIE: Created PIE world by copying editor world from /Game/TopDownBP/Maps/TopDownExampleMap.TopDownExampleMap to /Game/TopDownBP/Maps/UEDPIE_0_TopDownExampleMap.TopDownExampleMap (0.030212s)
[2018.09.19-11.13.57:913][499]LogInit: XAudio2 using 'Realtek HD Audio 2nd output (Realtek High Definition Audio)' : 2 channels at 48 kHz using 32 bits per sample (channel mask 0x3)
[2018.09.19-11.13.57:992][499]LogInit: FAudioDevice initialized.
[2018.09.19-11.13.58:014][499]LogSlate: Updating window title bar state: overlay mode, drag disabled, window buttons hidden, title bar hidden
[2018.09.19-11.13.58:122][499]LogLoad: Game class is 'TopDownGameMode_C'
[2018.09.19-11.13.58:134][499]LogWorld: Bringing World /Game/TopDownBP/Maps/UEDPIE_0_TopDownExampleMap.TopDownExampleMap up for play (max tick rate 60) at 2018.09.19-19.13.58
[2018.09.19-11.13.58:138][499]LogWorld: Bringing up level for play took: 0.014869
[2018.09.19-11.13.58:157][499]LogContentBrowser: Native class hierarchy updated for 'MovieSceneCapture' in 0.0003 seconds. Added 10 classes and 0 folders.
[2018.09.19-11.13.58:162][499]PIE: /Game/TopDownBP/Maps/UEDPIE_0_TopDownExampleMap的‘在编辑器中播放’的起始时间0.411
[2018.09.19-11.13.58:162][499]LogBlueprintUserMessages: Late PlayInEditor Detection: Level '/Game/TopDownBP/Maps/TopDownExampleMap.TopDownExampleMap:PersistentLevel' has LevelScriptBlueprint '/Game/TopDownBP/Maps/TopDownExampleMap.TopDownExampleMap:PersistentLevel.TopDownExampleMap' with GeneratedClass '/Game/TopDownBP/Maps/TopDownExampleMap.TopDownExampleMap_C' with ClassGeneratedBy '/Game/TopDownBP/Maps/TopDownExampleMap.TopDownExampleMap:PersistentLevel.TopDownExampleMap'
[2018.09.19-11.13.58:194][499]LogRenderer: Reallocating scene render targets to support 1024x576 Format 10 NumSamples 1 (Frame:1).
[2018.09.19-11.13.59:642][579]LogRenderer: Reallocating scene render targets to support 1536x800 Format 10 NumSamples 1 (Frame:82).
[2018.09.19-11.14.00:833][649]LogBlueprintUserMessages: [monster8] monster death
[2018.09.19-11.14.02:966][777]LogBlueprintUserMessages: [BP_jibenwupin_5] 0
[2018.09.19-11.14.02:966][777]LogBlueprintUserMessages: [BP_jibenwupin_5] 0
[2018.09.19-11.14.02:966][777]LogBlueprintUserMessages: [BP_jibenwupin_5] 10
[2018.09.19-11.14.02:966][777]LogBlueprintUserMessages: [BP_jibenwupin_5] 金锥子
[2018.09.19-11.14.04:332][859]LogBlueprintUserMessages: [BP_mana+2] 1
[2018.09.19-11.14.04:332][859]LogBlueprintUserMessages: [BP_mana+2] 2
[2018.09.19-11.14.04:332][859]LogBlueprintUserMessages: [BP_mana+2] 7
[2018.09.19-11.14.04:332][859]LogBlueprintUserMessages: [BP_mana+2] mana+
[2018.09.19-11.14.05:099][905]LogBlueprintUserMessages: [BP_mana+_2] 1
[2018.09.19-11.14.05:099][905]LogBlueprintUserMessages: [BP_mana+_2] mana+
[2018.09.19-11.14.05:099][905]LogBlueprintUserMessages: [BP_mana+_2] 0
[2018.09.19-11.14.05:099][905]LogBlueprintUserMessages: [BP_mana+_2] 14
[2018.09.19-11.14.05:548][932]LogBlueprintUserMessages: [monster2_5] monster death
[2018.09.19-11.14.05:901][953]LogBlueprintUserMessages: [BP_mana+3] 1
[2018.09.19-11.14.05:901][953]LogBlueprintUserMessages: [BP_mana+3] mana+
[2018.09.19-11.14.05:901][953]LogBlueprintUserMessages: [BP_mana+3] 0
[2018.09.19-11.14.05:901][953]LogBlueprintUserMessages: [BP_mana+3] 21
[2018.09.19-11.14.06:849][ 10]LogBlueprintUserMessages: [monster3_8] monster death
[2018.09.19-11.14.06:885][ 12]LogBlueprintUserMessages: [BP_mana+4] 1
[2018.09.19-11.14.06:885][ 12]LogBlueprintUserMessages: [BP_mana+4] mana+
[2018.09.19-11.14.06:885][ 12]LogBlueprintUserMessages: [BP_mana+4] 0
[2018.09.19-11.14.06:885][ 12]LogBlueprintUserMessages: [BP_mana+4] 28
[2018.09.19-11.14.09:699][181]LogSlate: FSceneViewport::OnFocusLost() reason 0
[2018.09.19-11.14.14:651][478]LogBlueprintUserMessages: [monster7] monster death
[2018.09.19-11.14.18:500][594]LogBlueprintUserMessages: [BP_mana+_C_0] 0
[2018.09.19-11.14.18:500][594]LogBlueprintUserMessages: [BP_mana+_C_0] 2
[2018.09.19-11.14.18:500][594]LogBlueprintUserMessages: [BP_mana+_C_0] 28
[2018.09.19-11.14.18:500][594]LogBlueprintUserMessages: [BP_mana+_C_0] mana+
[2018.09.19-11.14.24:853][803]LogBlueprintUserMessages: [BP_jibenwupin_C_0] 1
[2018.09.19-11.14.24:853][803]LogBlueprintUserMessages: [BP_jibenwupin_C_0] 0
[2018.09.19-11.14.24:853][803]LogBlueprintUserMessages: [BP_jibenwupin_C_0] 10
[2018.09.19-11.14.24:853][803]LogBlueprintUserMessages: [BP_jibenwupin_C_0] 金锥子
[2018.09.19-11.14.31:015][  0]LogBlueprintUserMessages: [BP_jibenwupin2_8] 1
[2018.09.19-11.14.31:015][  0]LogBlueprintUserMessages: [BP_jibenwupin2_8] 金锥子
[2018.09.19-11.14.31:015][  0]LogBlueprintUserMessages: [BP_jibenwupin2_8] 0
[2018.09.19-11.14.31:015][  0]LogBlueprintUserMessages: [BP_jibenwupin2_8] 20
[2018.09.19-11.14.31:966][ 57]LogBlueprintUserMessages: [TopDownCharacter] 40.0
[2018.09.19-11.14.32:816][108]LogBlueprintUserMessages: [TopDownCharacter] you are death
[2018.09.19-11.14.32:816][108]LogBlueprintUserMessages: [TopDownCharacter] 0.0
[2018.09.19-11.14.36:034][301]LogBlueprintUserMessages: Early EndPlayMap Detection: Level '/Game/TopDownBP/Maps/TopDownExampleMap.TopDownExampleMap:PersistentLevel' has LevelScriptBlueprint '/Game/TopDownBP/Maps/TopDownExampleMap.TopDownExampleMap:PersistentLevel.TopDownExampleMap' with GeneratedClass '/Game/TopDownBP/Maps/TopDownExampleMap.TopDownExampleMap_C' with ClassGeneratedBy '/Game/TopDownBP/Maps/TopDownExampleMap.TopDownExampleMap:PersistentLevel.TopDownExampleMap'
[2018.09.19-11.14.36:035][301]LogSlate: Updating window title bar state: overlay mode, drag disabled, window buttons hidden, title bar hidden
[2018.09.19-11.14.36:048][301]LogSlate: Window '我的项目2 游戏预览 Standalone (64-bit/PCD3D_SM5)' being destroyed
[2018.09.19-11.14.36:107][301]LogPlayLevel: Display: Shutting down PIE online subsystems
[2018.09.19-11.14.36:107][301]LogBlueprintUserMessages: Late EndPlayMap Detection: Level '/Game/TopDownBP/Maps/TopDownExampleMap.TopDownExampleMap:PersistentLevel' has LevelScriptBlueprint '/Game/TopDownBP/Maps/TopDownExampleMap.TopDownExampleMap:PersistentLevel.TopDownExampleMap' with GeneratedClass '/Game/TopDownBP/Maps/TopDownExampleMap.TopDownExampleMap_C' with ClassGeneratedBy '/Game/TopDownBP/Maps/TopDownExampleMap.TopDownExampleMap:PersistentLevel.TopDownExampleMap'
[2018.09.19-11.14.36:184][302]LogPlayLevel: Display: Destroying online subsystem :Context_1
[2018.09.19-11.14.36:680][331]Cmd: SELECT NONE
[2018.09.19-11.14.37:416][375]Cmd: SELECT NONE
[2018.09.19-11.14.55:095][398]LogSlate: Took 0.000194 seconds to synchronously load lazily loaded font '../../../Engine/Content/Slate/Fonts/Roboto-Light.ttf' (167K)
[2018.09.19-11.15.07:985][398]LogSlate: Window '选择父类' being destroyed
[2018.09.19-11.15.22:384][237]LogAssetEditorManager: Opening Asset editor for Blueprint /Game/TopDownBP/Blueprints/MyGameinstance.MyGameinstance
[2018.09.19-11.15.22:953][237]LogContentBrowser: Native class hierarchy updated for 'BlueprintGraph' in 0.0008 seconds. Added 116 classes and 0 folders.
[2018.09.19-11.15.23:787][237]LogSlate: Took 0.000257 seconds to synchronously load lazily loaded font '../../../Engine/Content/Slate/Fonts/Roboto-BoldCondensed.ttf' (158K)
[2018.09.19-11.15.25:563][339]LogSlate: Window 'MyGameinstance*' being destroyed
[2018.09.19-11.15.28:471][508]LogAssetEditorManager: Opening Asset editor for Blueprint /Game/TopDownBP/Blueprints/BP_hero.BP_hero
[2018.09.19-11.15.28:973][509]LogSlate: Took 0.000221 seconds to synchronously load lazily loaded font '../../../Engine/Content/Slate/Fonts/Roboto-Italic.ttf' (157K)
[2018.09.19-11.16.13:971][462]LogAssetEditorManager: Opening Asset editor for WidgetBlueprint /Game/TopDownBP/Blueprints/UI/UI_WipinInBeibao.UI_WipinInBeibao
[2018.09.19-11.17.50:444][628]LogAssetEditorManager: Opening Asset editor for WidgetBlueprint /Game/TopDownBP/Blueprints/UI/UI_chushi.UI_chushi
[2018.09.19-11.17.57:501][ 23]LogAssetEditorManager: Opening Asset editor for WidgetBlueprint /Game/TopDownBP/Blueprints/UI/UI_beibao.UI_beibao
[2018.09.19-11.20.59:868][376]LogAssetEditorManager: Opening Asset editor for WidgetBlueprint /Game/TopDownBP/Blueprints/UI/UI_UnifomGridPanel.UI_UnifomGridPanel
[2018.09.19-11.22.05:836][629]BlueprintLog: New page: 编译UI_UnifomGridPanel
[2018.09.19-11.22.12:004][977]LogDirectoryWatcher: A directory notification for '../../../Engine/Plugins/' was aborted.
[2018.09.19-11.23.51:023][530]LogAssetEditorManager: Opening Asset editor for WidgetBlueprint /Game/TopDownBP/Blueprints/UI/UI_MouseIn.UI_MouseIn
[2018.09.19-11.24.14:900][925]LogSlate: Window '颜色选择器' being destroyed
[2018.09.19-11.24.16:415][ 15]BlueprintLog: New page: 编译UI_MouseIn
[2018.09.19-11.24.44:365][357]LogFileHelpers: Editor autosave (incl. sublevels) for '/Game/TopDownBP/Maps/TopDownExampleMap' took 0.052
[2018.09.19-11.24.44:374][357]OBJ SavePackage: Generating thumbnails for [0] asset(s) in package [/Game/TopDownBP/Blueprints/UI/UI_WipinInBeibao] ([1] browsable assets)...
[2018.09.19-11.24.44:374][357]OBJ SavePackage: Finished generating thumbnails for package [/Game/TopDownBP/Blueprints/UI/UI_WipinInBeibao]
[2018.09.19-11.24.44:516][357]LogSavePackage: Moving 'C:/Users/86230/Documents/Unreal Projects/我的项目2/Saved/UI_WipinInBeibao_Auto1307696CC433211A3D6CFB89896768F34.tmp' to 'C:/Users/86230/Documents/Unreal Projects/我的项目2/Saved/Autosaves/Game/TopDownBP/Blueprints/UI/UI_WipinInBeibao_Auto1.uasset'
[2018.09.19-11.24.44:525][357]OBJ SavePackage: Generating thumbnails for [0] asset(s) in package [/Game/TopDownBP/Blueprints/MyGameinstance] ([1] browsable assets)...
[2018.09.19-11.24.44:525][357]OBJ SavePackage: Finished generating thumbnails for package [/Game/TopDownBP/Blueprints/MyGameinstance]
[2018.09.19-11.24.44:532][357]LogSavePackage: Moving 'C:/Users/86230/Documents/Unreal Projects/我的项目2/Saved/MyGameinstance_Auto125EDC1C94925EA5A017E0FAF70C758D7.tmp' to 'C:/Users/86230/Documents/Unreal Projects/我的项目2/Saved/Autosaves/Game/TopDownBP/Blueprints/MyGameinstance_Auto1.uasset'
[2018.09.19-11.24.44:541][357]OBJ SavePackage: Generating thumbnails for [0] asset(s) in package [/Game/TopDownBP/Blueprints/UI/UI_UnifomGridPanel] ([1] browsable assets)...
[2018.09.19-11.24.44:541][357]OBJ SavePackage: Finished generating thumbnails for package [/Game/TopDownBP/Blueprints/UI/UI_UnifomGridPanel]
[2018.09.19-11.24.44:558][357]LogSavePackage: Moving 'C:/Users/86230/Documents/Unreal Projects/我的项目2/Saved/UI_UnifomGridPanel_Auto115A564354AEEA46914FC9E97D8B8F3D6.tmp' to 'C:/Users/86230/Documents/Unreal Projects/我的项目2/Saved/Autosaves/Game/TopDownBP/Blueprints/UI/UI_UnifomGridPanel_Auto1.uasset'
[2018.09.19-11.24.44:571][357]OBJ SavePackage: Generating thumbnails for [0] asset(s) in package [/Game/TopDownBP/Blueprints/UI/UI_MouseIn] ([1] browsable assets)...
[2018.09.19-11.24.44:571][357]OBJ SavePackage: Finished generating thumbnails for package [/Game/TopDownBP/Blueprints/UI/UI_MouseIn]
[2018.09.19-11.24.44:586][357]LogSavePackage: Moving 'C:/Users/86230/Documents/Unreal Projects/我的项目2/Saved/UI_MouseIn_Auto16D77EA924386C3B5B7E45D9AB3A1EF86.tmp' to 'C:/Users/86230/Documents/Unreal Projects/我的项目2/Saved/Autosaves/Game/TopDownBP/Blueprints/UI/UI_MouseIn_Auto1.uasset'
[2018.09.19-11.24.44:593][357]LogFileHelpers: Auto-saving content packages took 0.227
[2018.09.19-11.24.57:199][493]LogSlate: Window '选择父类' being destroyed
[2018.09.19-11.25.33:118][378]LogMetaData: Removing '/Game/TopDownBP/Blueprints/UI/UI_InventoryEquipment.SKEL_UI_InventoryEquipment_C' ref from Metadata '/Game/TopDownBP/Blueprints/UI/UI_Inventory.PackageMetaData'
[2018.09.19-11.25.33:118][378]LogMetaData: Removing '/Game/TopDownBP/Blueprints/UI/UI_InventoryEquipment.UI_InventoryEquipment_C' ref from Metadata '/Game/TopDownBP/Blueprints/UI/UI_Inventory.PackageMetaData'
[2018.09.19-11.25.33:118][378]LogMetaData: Removing '/Game/TopDownBP/Blueprints/UI/UI_InventoryEquipment.UI_InventoryEquipment:EventGraph.K2Node_Event_0' ref from Metadata '/Game/TopDownBP/Blueprints/UI/UI_Inventory.PackageMetaData'
[2018.09.19-11.25.33:118][378]LogMetaData: Removing '/Game/TopDownBP/Blueprints/UI/UI_InventoryEquipment.UI_InventoryEquipment:EventGraph.K2Node_Event_1' ref from Metadata '/Game/TopDownBP/Blueprints/UI/UI_Inventory.PackageMetaData'
[2018.09.19-11.25.33:118][378]LogMetaData: Removing '/Game/TopDownBP/Blueprints/UI/UI_InventoryEquipment.UI_InventoryEquipment:EventGraph.K2Node_Event_2' ref from Metadata '/Game/TopDownBP/Blueprints/UI/UI_Inventory.PackageMetaData'
[2018.09.19-11.25.33:198][378]LogSavePackage: Moving 'C:/Users/86230/Documents/Unreal Projects/我的项目2/Saved/UI_InventoryEquipment71407777413110AE2C9900BE5E814C34.tmp' to 'C:/Users/86230/Documents/Unreal Projects/我的项目2/Content/TopDownBP/Blueprints/UI/UI_InventoryEquipment.uasset'
[2018.09.19-11.25.36:392][498]LogAssetEditorManager: Opening Asset editor for WidgetBlueprint /Game/TopDownBP/Blueprints/UI/UI_InventoryEquipment.UI_InventoryEquipment
[2018.09.19-11.35.03:416][363]LogAssetEditorManager: Opening Asset editor for WidgetBlueprint /Game/TopDownBP/Blueprints/UI/UI_InventorySingleSlot.UI_InventorySingleSlot
[2018.09.19-11.36.17:755][820]LogFileHelpers: Editor autosave (incl. sublevels) for '/Game/TopDownBP/Maps/TopDownExampleMap' took 0.072
[2018.09.19-11.36.17:761][820]OBJ SavePackage: Generating thumbnails for [0] asset(s) in package [/Game/TopDownBP/Blueprints/UI/UI_WipinInBeibao] ([1] browsable assets)...
[2018.09.19-11.36.17:761][820]OBJ SavePackage: Finished generating thumbnails for package [/Game/TopDownBP/Blueprints/UI/UI_WipinInBeibao]
[2018.09.19-11.36.17:875][820]LogSavePackage: Moving 'C:/Users/86230/Documents/Unreal Projects/我的项目2/Saved/UI_WipinInBeibao_Auto2376F8CA24D403D112C3E9EA3FD62ADDD.tmp' to 'C:/Users/86230/Documents/Unreal Projects/我的项目2/Saved/Autosaves/Game/TopDownBP/Blueprints/UI/UI_WipinInBeibao_Auto2.uasset'
[2018.09.19-11.36.17:885][820]OBJ SavePackage: Generating thumbnails for [0] asset(s) in package [/Game/TopDownBP/Blueprints/MyGameinstance] ([1] browsable assets)...
[2018.09.19-11.36.17:885][820]OBJ SavePackage: Finished generating thumbnails for package [/Game/TopDownBP/Blueprints/MyGameinstance]
[2018.09.19-11.36.17:896][820]LogSavePackage: Moving 'C:/Users/86230/Documents/Unreal Projects/我的项目2/Saved/MyGameinstance_Auto2EF08A49745FE6AEA0776AF932EC69404.tmp' to 'C:/Users/86230/Documents/Unreal Projects/我的项目2/Saved/Autosaves/Game/TopDownBP/Blueprints/MyGameinstance_Auto2.uasset'
[2018.09.19-11.36.17:904][820]OBJ SavePackage: Generating thumbnails for [0] asset(s) in package [/Game/TopDownBP/Blueprints/UI/UI_UnifomGridPanel] ([1] browsable assets)...
[2018.09.19-11.36.17:904][820]OBJ SavePackage: Finished generating thumbnails for package [/Game/TopDownBP/Blueprints/UI/UI_UnifomGridPanel]
[2018.09.19-11.36.17:924][820]LogSavePackage: Moving 'C:/Users/86230/Documents/Unreal Projects/我的项目2/Saved/UI_UnifomGridPanel_Auto2741E301C4A3EEB803E8EC5ACDE1351A5.tmp' to 'C:/Users/86230/Documents/Unreal Projects/我的项目2/Saved/Autosaves/Game/TopDownBP/Blueprints/UI/UI_UnifomGridPanel_Auto2.uasset'
[2018.09.19-11.36.17:950][820]OBJ SavePackage: Generating thumbnails for [0] asset(s) in package [/Game/TopDownBP/Blueprints/UI/UI_MouseIn] ([1] browsable assets)...
[2018.09.19-11.36.17:950][820]OBJ SavePackage: Finished generating thumbnails for package [/Game/TopDownBP/Blueprints/UI/UI_MouseIn]
[2018.09.19-11.36.17:980][820]LogSavePackage: Moving 'C:/Users/86230/Documents/Unreal Projects/我的项目2/Saved/UI_MouseIn_Auto224D9BBCE4AC99B17BE9DB1A1D8F2329C.tmp' to 'C:/Users/86230/Documents/Unreal Projects/我的项目2/Saved/Autosaves/Game/TopDownBP/Blueprints/UI/UI_MouseIn_Auto2.uasset'
[2018.09.19-11.36.17:989][820]OBJ SavePackage: Generating thumbnails for [0] asset(s) in package [/Game/TopDownBP/Blueprints/UI/UI_InventorySingleSlot] ([1] browsable assets)...
[2018.09.19-11.36.17:989][820]OBJ SavePackage: Finished generating thumbnails for package [/Game/TopDownBP/Blueprints/UI/UI_InventorySingleSlot]
[2018.09.19-11.36.18:006][820]LogSavePackage: Moving 'C:/Users/86230/Documents/Unreal Projects/我的项目2/Saved/UI_InventorySingleSlot_Auto22294DFE346FA0E995F09758A1BD80CB1.tmp' to 'C:/Users/86230/Documents/Unreal Projects/我的项目2/Saved/Autosaves/Game/TopDownBP/Blueprints/UI/UI_InventorySingleSlot_Auto2.uasset'
[2018.09.19-11.36.18:021][820]OBJ SavePackage: Generating thumbnails for [0] asset(s) in package [/Game/TopDownBP/Blueprints/UI/UI_InventoryEquipment] ([1] browsable assets)...
[2018.09.19-11.36.18:021][820]OBJ SavePackage: Finished generating thumbnails for package [/Game/TopDownBP/Blueprints/UI/UI_InventoryEquipment]
[2018.09.19-11.36.18:083][820]LogSavePackage: Moving 'C:/Users/86230/Documents/Unreal Projects/我的项目2/Saved/UI_InventoryEquipment_Auto21A8C296441284426B2598D90B9FCDA51.tmp' to 'C:/Users/86230/Documents/Unreal Projects/我的项目2/Saved/Autosaves/Game/TopDownBP/Blueprints/UI/UI_InventoryEquipment_Auto2.uasset'
[2018.09.19-11.36.18:121][820]LogFileHelpers: Auto-saving content packages took 0.366
[2018.09.19-11.43.15:036][893]LogEditorTransaction: Undo 移动控件
[2018.09.19-11.43.17:186][ 17]LogEditorTransaction: Undo 移动控件
[2018.09.19-11.46.01:588][860]BlueprintLog: New page: 编译UI_InventorySingleSlot
[2018.09.19-11.46.46:610][367]LogFileHelpers: Editor autosave (incl. sublevels) for '/Game/TopDownBP/Maps/TopDownExampleMap' took 0.057
[2018.09.19-11.46.46:616][367]OBJ SavePackage: Generating thumbnails for [0] asset(s) in package [/Game/TopDownBP/Blueprints/UI/UI_InventorySingleSlot] ([1] browsable assets)...
[2018.09.19-11.46.46:616][367]OBJ SavePackage: Finished generating thumbnails for package [/Game/TopDownBP/Blueprints/UI/UI_InventorySingleSlot]
[2018.09.19-11.46.46:643][367]LogSavePackage: Moving 'C:/Users/86230/Documents/Unreal Projects/我的项目2/Saved/UI_InventorySingleSlot_Auto30CAAA487452993A168DA0293CE125DA9.tmp' to 'C:/Users/86230/Documents/Unreal Projects/我的项目2/Saved/Autosaves/Game/TopDownBP/Blueprints/UI/UI_InventorySingleSlot_Auto3.uasset'
[2018.09.19-11.46.46:647][367]LogFileHelpers: Auto-saving content packages took 0.036
[2018.09.19-11.48.03:500][773]LogAssetEditorManager: Opening Asset editor for WidgetBlueprint /Game/TopDownBP/Blueprints/UI/UI_InventoryBag.UI_InventoryBag
[2018.09.19-11.55.05:711][264]LogSlate: Window '颜色选择器' being destroyed
[2018.09.19-11.56.04:951][400]BlueprintLog: New page: 编译UI_InventoryBag
[2018.09.19-11.56.51:510][653]LogAssetEditorManager: Opening Asset editor for WidgetBlueprint /Game/TopDownBP/Blueprints/UI/UI_DraggItem.UI_DraggItem
[2018.09.19-11.59.02:952][490]BlueprintLog: New page: 编译UI_DraggItem
[2018.09.19-11.59.37:304][102]LogFileHelpers: Editor autosave (incl. sublevels) for '/Game/TopDownBP/Maps/TopDownExampleMap' took 0.047
[2018.09.19-11.59.37:312][102]OBJ SavePackage: Generating thumbnails for [0] asset(s) in package [/Game/TopDownBP/Blueprints/UI/UI_InventoryBag] ([1] browsable assets)...
[2018.09.19-11.59.37:312][102]OBJ SavePackage: Finished generating thumbnails for package [/Game/TopDownBP/Blueprints/UI/UI_InventoryBag]
[2018.09.19-11.59.37:335][102]LogSavePackage: Moving 'C:/Users/86230/Documents/Unreal Projects/我的项目2/Saved/UI_InventoryBag_Auto4571516314AB4DB611AE0EB9DB7A70F5B.tmp' to 'C:/Users/86230/Documents/Unreal Projects/我的项目2/Saved/Autosaves/Game/TopDownBP/Blueprints/UI/UI_InventoryBag_Auto4.uasset'
[2018.09.19-11.59.37:345][102]OBJ SavePackage: Generating thumbnails for [0] asset(s) in package [/Game/TopDownBP/Blueprints/UI/UI_DraggItem] ([1] browsable assets)...
[2018.09.19-11.59.37:345][102]OBJ SavePackage: Finished generating thumbnails for package [/Game/TopDownBP/Blueprints/UI/UI_DraggItem]
[2018.09.19-11.59.37:360][102]LogSavePackage: Moving 'C:/Users/86230/Documents/Unreal Projects/我的项目2/Saved/UI_DraggItem_Auto4ABD2FE6445142DAC852E68B875F6D96B.tmp' to 'C:/Users/86230/Documents/Unreal Projects/我的项目2/Saved/Autosaves/Game/TopDownBP/Blueprints/UI/UI_DraggItem_Auto4.uasset'
[2018.09.19-11.59.37:369][102]OBJ SavePackage: Generating thumbnails for [0] asset(s) in package [/Game/TopDownBP/Blueprints/UI/NewWidgetBlueprint] ([1] browsable assets)...
[2018.09.19-11.59.37:369][102]OBJ SavePackage: Finished generating thumbnails for package [/Game/TopDownBP/Blueprints/UI/NewWidgetBlueprint]
[2018.09.19-11.59.37:380][102]LogSavePackage: Moving 'C:/Users/86230/Documents/Unreal Projects/我的项目2/Saved/NewWidgetBlueprint_Auto4B5F74B7846C744A895ACAB8304A9A3F5.tmp' to 'C:/Users/86230/Documents/Unreal Projects/我的项目2/Saved/Autosaves/Game/TopDownBP/Blueprints/UI/NewWidgetBlueprint_Auto4.uasset'
[2018.09.19-11.59.37:385][102]LogFileHelpers: Auto-saving content packages took 0.077
[2018.09.19-12.00.00:703][380]LogMetaData: Removing '/Game/TopDownBP/Blueprints/UI/UI_BagTab.SKEL_UI_BagTab_C' ref from Metadata '/Game/TopDownBP/Blueprints/UI/NewWidgetBlueprint.PackageMetaData'
[2018.09.19-12.00.00:703][380]LogMetaData: Removing '/Game/TopDownBP/Blueprints/UI/UI_BagTab.UI_BagTab_C' ref from Metadata '/Game/TopDownBP/Blueprints/UI/NewWidgetBlueprint.PackageMetaData'
[2018.09.19-12.00.00:703][380]LogMetaData: Removing '/Game/TopDownBP/Blueprints/UI/UI_BagTab.UI_BagTab:EventGraph.K2Node_Event_0' ref from Metadata '/Game/TopDownBP/Blueprints/UI/NewWidgetBlueprint.PackageMetaData'
[2018.09.19-12.00.00:703][380]LogMetaData: Removing '/Game/TopDownBP/Blueprints/UI/UI_BagTab.UI_BagTab:EventGraph.K2Node_Event_1' ref from Metadata '/Game/TopDownBP/Blueprints/UI/NewWidgetBlueprint.PackageMetaData'
[2018.09.19-12.00.00:703][380]LogMetaData: Removing '/Game/TopDownBP/Blueprints/UI/UI_BagTab.UI_BagTab:EventGraph.K2Node_Event_2' ref from Metadata '/Game/TopDownBP/Blueprints/UI/NewWidgetBlueprint.PackageMetaData'
[2018.09.19-12.00.00:738][380]Cmd: OBJ SAVEPACKAGE PACKAGE="/Game/TopDownBP/Blueprints/UI/UI_BagTab" FILE="C:/Users/86230/Documents/Unreal Projects/我的项目2/Content/TopDownBP/Blueprints/UI/UI_BagTab.uasset" SILENT=true
[2018.09.19-12.00.00:751][380]LogSavePackage: Moving 'C:/Users/86230/Documents/Unreal Projects/我的项目2/Saved/UI_BagTabD15FC1A94513CFEB0EF19FA298773F1F.tmp' to 'C:/Users/86230/Documents/Unreal Projects/我的项目2/Content/TopDownBP/Blueprints/UI/UI_BagTab.uasset'
[2018.09.19-12.00.09:982][769]LogMetaData: Removing '/Game/TopDownBP/Blueprints/UI/UI_BagTabButton.UI_BagTabButton_C' ref from Metadata '/Game/TopDownBP/Blueprints/UI/UI_BagTab.PackageMetaData'
[2018.09.19-12.00.09:983][769]LogMetaData: Removing '/Game/TopDownBP/Blueprints/UI/UI_BagTabButton.SKEL_UI_BagTabButton_C' ref from Metadata '/Game/TopDownBP/Blueprints/UI/UI_BagTab.PackageMetaData'
[2018.09.19-12.00.09:983][769]LogMetaData: Removing '/Game/TopDownBP/Blueprints/UI/UI_BagTabButton.UI_BagTabButton:EventGraph.K2Node_Event_0' ref from Metadata '/Game/TopDownBP/Blueprints/UI/UI_BagTab.PackageMetaData'
[2018.09.19-12.00.09:983][769]LogMetaData: Removing '/Game/TopDownBP/Blueprints/UI/UI_BagTabButton.UI_BagTabButton:EventGraph.K2Node_Event_1' ref from Metadata '/Game/TopDownBP/Blueprints/UI/UI_BagTab.PackageMetaData'
[2018.09.19-12.00.09:983][769]LogMetaData: Removing '/Game/TopDownBP/Blueprints/UI/UI_BagTabButton.UI_BagTabButton:EventGraph.K2Node_Event_2' ref from Metadata '/Game/TopDownBP/Blueprints/UI/UI_BagTab.PackageMetaData'
[2018.09.19-12.00.10:030][769]Cmd: OBJ SAVEPACKAGE PACKAGE="/Game/TopDownBP/Blueprints/UI/UI_BagTabButton" FILE="C:/Users/86230/Documents/Unreal Projects/我的项目2/Content/TopDownBP/Blueprints/UI/UI_BagTabButton.uasset" SILENT=true
[2018.09.19-12.00.10:042][769]LogSavePackage: Moving 'C:/Users/86230/Documents/Unreal Projects/我的项目2/Saved/UI_BagTabButton6CAF79A44B7FB0D27B9B4E80F1AA2A40.tmp' to 'C:/Users/86230/Documents/Unreal Projects/我的项目2/Content/TopDownBP/Blueprints/UI/UI_BagTabButton.uasset'
[2018.09.19-12.00.11:506][769]SourceControl: rm 'Content/TopDownBP/Blueprints/UI/UI_BagTab.uasset'
[2018.09.19-12.00.12:511][810]LogAssetEditorManager: Opening Asset editor for WidgetBlueprint /Game/TopDownBP/Blueprints/UI/UI_BagTabButton.UI_BagTabButton
[2018.09.19-12.00.45:765][899]BlueprintLog: New page: 编译UI_BagTabButton
[2018.09.19-12.00.48:855][ 23]LogSavePackage: Moving 'C:/Users/86230/Documents/Unreal Projects/我的项目2/Saved/TopDownExampleMap9C58045C42D9429B769C948C69258EA5.tmp' to 'C:/Users/86230/Documents/Unreal Projects/我的项目2/Content/TopDownBP/Maps/TopDownExampleMap.umap'
[2018.09.19-12.00.49:081][ 23]Cmd: OBJ SAVEPACKAGE PACKAGE="/Game/TopDownBP/Maps/TopDownExampleMap_BuiltData" FILE="C:/Users/86230/Documents/Unreal Projects/我的项目2/Content/TopDownBP/Maps/TopDownExampleMap_BuiltData.uasset" SILENT=true
[2018.09.19-12.00.49:310][ 23]LogSavePackage: Moving 'C:/Users/86230/Documents/Unreal Projects/我的项目2/Saved/TopDownExampleMap_BuiltDataA9F4D2D34D8594D1E26B029491CE047A.tmp' to 'C:/Users/86230/Documents/Unreal Projects/我的项目2/Content/TopDownBP/Maps/TopDownExampleMap_BuiltData.uasset'
[2018.09.19-12.00.52:431][128]LogSlate: Window '保存内容' being destroyed
[2018.09.19-12.00.52:819][128]Cmd: OBJ SAVEPACKAGE PACKAGE="/Game/TopDownBP/Blueprints/MyGameinstance" FILE="C:/Users/86230/Documents/Unreal Projects/我的项目2/Content/TopDownBP/Blueprints/MyGameinstance.uasset" SILENT=true
[2018.09.19-12.00.52:827][128]LogSavePackage: Moving 'C:/Users/86230/Documents/Unreal Projects/我的项目2/Saved/MyGameinstance142BEF804A74CCE7809CCA82A79E24C4.tmp' to 'C:/Users/86230/Documents/Unreal Projects/我的项目2/Content/TopDownBP/Blueprints/MyGameinstance.uasset'
[2018.09.19-12.00.53:157][128]Cmd: OBJ SAVEPACKAGE PACKAGE="/Game/TopDownBP/Blueprints/UI/UI_BagTabButton" FILE="C:/Users/86230/Documents/Unreal Projects/我的项目2/Content/TopDownBP/Blueprints/UI/UI_BagTabButton.uasset" SILENT=true
[2018.09.19-12.00.53:191][128]LogSavePackage: Moving 'C:/Users/86230/Documents/Unreal Projects/我的项目2/Saved/UI_BagTabButton95655513498921505F9C1DA8E26BB2EE.tmp' to 'C:/Users/86230/Documents/Unreal Projects/我的项目2/Content/TopDownBP/Blueprints/UI/UI_BagTabButton.uasset'
[2018.09.19-12.00.53:214][128]Cmd: OBJ SAVEPACKAGE PACKAGE="/Game/TopDownBP/Blueprints/UI/UI_DraggItem" FILE="C:/Users/86230/Documents/Unreal Projects/我的项目2/Content/TopDownBP/Blueprints/UI/UI_DraggItem.uasset" SILENT=true
[2018.09.19-12.00.53:227][128]LogSavePackage: Moving 'C:/Users/86230/Documents/Unreal Projects/我的项目2/Saved/UI_DraggItemA4DB0E4E4DBDAA45C349709D22937B7A.tmp' to 'C:/Users/86230/Documents/Unreal Projects/我的项目2/Content/TopDownBP/Blueprints/UI/UI_DraggItem.uasset'
[2018.09.19-12.00.53:574][128]Cmd: OBJ SAVEPACKAGE PACKAGE="/Game/TopDownBP/Blueprints/UI/UI_InventoryBag" FILE="C:/Users/86230/Documents/Unreal Projects/我的项目2/Content/TopDownBP/Blueprints/UI/UI_InventoryBag.uasset" SILENT=true
[2018.09.19-12.00.53:593][128]LogSavePackage: Moving 'C:/Users/86230/Documents/Unreal Projects/我的项目2/Saved/UI_InventoryBag81F985BA42CA3047FD3BA9A037E3E408.tmp' to 'C:/Users/86230/Documents/Unreal Projects/我的项目2/Content/TopDownBP/Blueprints/UI/UI_InventoryBag.uasset'
[2018.09.19-12.00.53:944][128]LogSavePackage: Moving 'C:/Users/86230/Documents/Unreal Projects/我的项目2/Saved/UI_InventoryEquipment07BE496A4419D55C98AC0C95090F3709.tmp' to 'C:/Users/86230/Documents/Unreal Projects/我的项目2/Content/TopDownBP/Blueprints/UI/UI_InventoryEquipment.uasset'
[2018.09.19-12.00.53:988][128]LogSavePackage: Moving 'C:/Users/86230/Documents/Unreal Projects/我的项目2/Saved/UI_InventorySingleSlotE57C6B48471A1841DF275EA0E283C1FB.tmp' to 'C:/Users/86230/Documents/Unreal Projects/我的项目2/Content/TopDownBP/Blueprints/UI/UI_InventorySingleSlot.uasset'
[2018.09.19-12.00.54:301][128]Cmd: OBJ SAVEPACKAGE PACKAGE="/Game/TopDownBP/Blueprints/UI/UI_MouseIn" FILE="C:/Users/86230/Documents/Unreal Projects/我的项目2/Content/TopDownBP/Blueprints/UI/UI_MouseIn.uasset" SILENT=true
[2018.09.19-12.00.54:310][128]LogSavePackage: Moving 'C:/Users/86230/Documents/Unreal Projects/我的项目2/Saved/UI_MouseInABE7895544ABAB357CA4418A4658EEB4.tmp' to 'C:/Users/86230/Documents/Unreal Projects/我的项目2/Content/TopDownBP/Blueprints/UI/UI_MouseIn.uasset'
[2018.09.19-12.00.54:611][128]Cmd: OBJ SAVEPACKAGE PACKAGE="/Game/TopDownBP/Blueprints/UI/UI_UnifomGridPanel" FILE="C:/Users/86230/Documents/Unreal Projects/我的项目2/Content/TopDownBP/Blueprints/UI/UI_UnifomGridPanel.uasset" SILENT=true
[2018.09.19-12.00.54:624][128]LogSavePackage: Moving 'C:/Users/86230/Documents/Unreal Projects/我的项目2/Saved/UI_UnifomGridPanelD5AD5BB74B35BC54CBD5EE8203B327DF.tmp' to 'C:/Users/86230/Documents/Unreal Projects/我的项目2/Content/TopDownBP/Blueprints/UI/UI_UnifomGridPanel.uasset'
[2018.09.19-12.00.54:945][128]Cmd: OBJ SAVEPACKAGE PACKAGE="/Game/TopDownBP/Blueprints/UI/UI_WipinInBeibao" FILE="C:/Users/86230/Documents/Unreal Projects/我的项目2/Content/TopDownBP/Blueprints/UI/UI_WipinInBeibao.uasset" SILENT=true
[2018.09.19-12.00.55:044][128]LogSavePackage: Moving 'C:/Users/86230/Documents/Unreal Projects/我的项目2/Saved/UI_WipinInBeibao5AA6DD2A439FFDEF94333AB424881245.tmp' to 'C:/Users/86230/Documents/Unreal Projects/我的项目2/Content/TopDownBP/Blueprints/UI/UI_WipinInBeibao.uasset'
[2018.09.19-12.00.56:098][128]LogSlate: Window '我的项目2 - Unreal Editor' being destroyed
[2018.09.19-12.00.56:333][129]Cmd: QUIT_EDITOR
[2018.09.19-12.00.56:468][129]LogWindowsTextInputMethodSystem: Display: IME system now activated using TSF (中文 - QQ拼音输入法).
[2018.09.19-12.00.56:601][129]LogExit: Preparing to exit.
[2018.09.19-12.00.57:274][129]LogExit: Editor shut down
[2018.09.19-12.00.57:275][129]LogExit: Transaction tracking system shut down
[2018.09.19-12.00.58:047][129]LogExit: Object subsystem successfully closed.
[2018.09.19-12.00.58:073][129]LogShaderCompilers: Display: Shaders left to compile 0
[2018.09.19-12.00.58:077][129]LogD3D11RHI: Shutdown
[2018.09.19-12.00.58:078][129]LogD3D11RHI: CleanupD3DDevice
[2018.09.19-12.00.58:081][129]LogD3D11RHI: ~FD3D11DynamicRHI
[2018.09.19-12.00.58:096][129]LogModuleManager: Shutting down and abandoning module SequencerWidgets (620)
[2018.09.19-12.00.58:096][129]LogModuleManager: Shutting down and abandoning module BlueprintGraph (618)
[2018.09.19-12.00.58:096][129]LogModuleManager: Shutting down and abandoning module MovieSceneCapture (616)
[2018.09.19-12.00.58:096][129]LogModuleManager: Shutting down and abandoning module Voice (614)
[2018.09.19-12.00.58:096][129]LogModuleManager: Shutting down and abandoning module HierarchicalLODOutliner (612)
[2018.09.19-12.00.58:096][129]LogModuleManager: Shutting down and abandoning module AddContentDialog (610)
[2018.09.19-12.00.58:098][129]LogModuleManager: Shutting down and abandoning module WidgetCarousel (609)
[2018.09.19-12.00.58:098][129]LogModuleManager: Shutting down and abandoning module EditorWidgets (606)
[2018.09.19-12.00.58:098][129]LogModuleManager: Shutting down and abandoning module CollectionManager (604)
[2018.09.19-12.00.58:099][129]LogModuleManager: Shutting down and abandoning module SceneOutliner (602)
[2018.09.19-12.00.58:099][129]LogModuleManager: Shutting down and abandoning module StatsViewer (600)
[2018.09.19-12.00.58:099][129]LogModuleManager: Shutting down and abandoning module FoliageEdit (598)
[2018.09.19-12.00.58:099][129]LogModuleManager: Shutting down and abandoning module LandscapeEditor (596)
[2018.09.19-12.00.58:099][129]LogModuleManager: Shutting down and abandoning module MeshPaintMode (594)
[2018.09.19-12.00.58:099][129]LogModuleManager: Shutting down and abandoning module SceneDepthPickerMode (592)
[2018.09.19-12.00.58:099][129]LogModuleManager: Shutting down and abandoning module ActorPickerMode (590)
[2018.09.19-12.00.58:099][129]LogModuleManager: Shutting down and abandoning module GeometryMode (588)
[2018.09.19-12.00.58:099][129]LogModuleManager: Shutting down and abandoning module TextureAlignMode (586)
[2018.09.19-12.00.58:099][129]LogModuleManager: Shutting down and abandoning module BspMode (584)
[2018.09.19-12.00.58:099][129]LogModuleManager: Shutting down and abandoning module PIEPreviewDeviceProfileSelector (582)
[2018.09.19-12.00.58:099][129]LogModuleManager: Shutting down and abandoning module SequenceRecorderSections (580)
[2018.09.19-12.00.58:099][129]LogModuleManager: Shutting down and abandoning module AutomationWorker (578)
[2018.09.19-12.00.58:099][129]LogModuleManager: Shutting down and abandoning module AudioCaptureEditor (576)
[2018.09.19-12.00.58:099][129]LogModuleManager: Shutting down and abandoning module SequenceRecorder (575)
[2018.09.19-12.00.58:099][129]LogModuleManager: Shutting down and abandoning module MatineeToLevelSequence (572)
[2018.09.19-12.00.58:099][129]LogModuleManager: Shutting down and abandoning module LevelSequenceEditor (570)
[2018.09.19-12.00.58:099][129]LogModuleManager: Shutting down and abandoning module PlacementMode (569)
[2018.09.19-12.00.58:099][129]LogModuleManager: Shutting down and abandoning module MaterialEditor (568)
[2018.09.19-12.00.58:099][129]LogModuleManager: Shutting down and abandoning module WmfMediaFactory (564)
[2018.09.19-12.00.58:099][129]LogModuleManager: Shutting down and abandoning module WmfMediaEditor (562)
[2018.09.19-12.00.58:099][129]LogModuleManager: Shutting down and abandoning module MediaPlayerEditor (560)
[2018.09.19-12.00.58:100][129]LogModuleManager: Shutting down and abandoning module OpenExrWrapper (558)
[2018.09.19-12.00.58:100][129]LogModuleManager: Shutting down and abandoning module ImgMediaFactory (556)
[2018.09.19-12.00.58:100][129]LogModuleManager: Shutting down and abandoning module ImgMediaEditor (554)
[2018.09.19-12.00.58:100][129]LogModuleManager: Shutting down and abandoning module AvfMediaFactory (552)
[2018.09.19-12.00.58:100][129]LogModuleManager: Shutting down and abandoning module AvfMediaEditor (550)
[2018.09.19-12.00.58:100][129]LogModuleManager: Shutting down and abandoning module AndroidMediaFactory (548)
[2018.09.19-12.00.58:100][129]LogModuleManager: Shutting down and abandoning module AndroidMediaEditor (546)
[2018.09.19-12.00.58:100][129]LogModuleManager: Shutting down and abandoning module MagicLeapCameraPreviewFactory (544)
[2018.09.19-12.00.58:100][129]LogModuleManager: Shutting down and abandoning module MagicLeapMediaFactory (542)
[2018.09.19-12.00.58:100][129]LogModuleManager: Shutting down and abandoning module MagicLeapMediaEditor (540)
[2018.09.19-12.00.58:100][129]LogModuleManager: Shutting down and abandoning module CharacterAI (538)
[2018.09.19-12.00.58:100][129]LogModuleManager: Shutting down and abandoning module SmartSnapping (536)
[2018.09.19-12.00.58:100][129]LogModuleManager: Shutting down and abandoning module SessionServices (534)
[2018.09.19-12.00.58:100][129]LogModuleManager: Shutting down and abandoning module ViewportSnapping (532)
[2018.09.19-12.00.58:100][129]LogModuleManager: Shutting down and abandoning module ViewportInteraction (530)
[2018.09.19-12.00.58:100][129]LogModuleManager: Shutting down and abandoning module ClothPainter (528)
[2018.09.19-12.00.58:100][129]LogModuleManager: Shutting down and abandoning module SkeletalMeshEditor (527)
[2018.09.19-12.00.58:100][129]LogModuleManager: Shutting down and abandoning module LogVisualizer (524)
[2018.09.19-12.00.58:100][129]LogModuleManager: Shutting down and abandoning module IntroTutorials (522)
[2018.09.19-12.00.58:100][129]LogModuleManager: Shutting down and abandoning module GameProjectGeneration (521)
[2018.09.19-12.00.58:100][129]LogModuleManager: Shutting down and abandoning module LuminPlatformEditor (518)
[2018.09.19-12.00.58:100][129]LogModuleManager: Shutting down and abandoning module IOSPlatformEditor (516)
[2018.09.19-12.00.58:100][129]LogModuleManager: Shutting down and abandoning module HTML5PlatformEditor (514)
[2018.09.19-12.00.58:100][129]LogModuleManager: Shutting down and abandoning module AndroidPlatformEditor (512)
[2018.09.19-12.00.58:100][129]LogModuleManager: Shutting down and abandoning module AndroidDeviceDetection (511)
[2018.09.19-12.00.59:649][129]LogModuleManager: Shutting down and abandoning module WindowsPlatformEditor (508)
[2018.09.19-12.00.59:649][129]LogModuleManager: Shutting down and abandoning module LuminRuntimeSettings (506)
[2018.09.19-12.00.59:649][129]LogModuleManager: Shutting down and abandoning module IOSRuntimeSettings (504)
[2018.09.19-12.00.59:649][129]LogModuleManager: Shutting down and abandoning module AndroidRuntimeSettings (502)
[2018.09.19-12.00.59:649][129]LogModuleManager: Shutting down and abandoning module InputBindingEditor (500)
[2018.09.19-12.00.59:649][129]LogModuleManager: Shutting down and abandoning module MergeActors (498)
[2018.09.19-12.00.59:649][129]LogModuleManager: Shutting down and abandoning module LocalizationDashboard (496)
[2018.09.19-12.00.59:649][129]LogModuleManager: Shutting down and abandoning module LocalizationService (495)
[2018.09.19-12.00.59:649][129]LogModuleManager: Shutting down and abandoning module HardwareTargeting (492)
[2018.09.19-12.00.59:649][129]LogModuleManager: Shutting down and abandoning module DeviceProfileEditor (490)
[2018.09.19-12.00.59:649][129]LogModuleManager: Shutting down and abandoning module UndoHistory (488)
[2018.09.19-12.00.59:650][129]LogModuleManager: Shutting down and abandoning module XmlParser (486)
[2018.09.19-12.00.59:650][129]LogModuleManager: Shutting down and abandoning module Blutility (484)
[2018.09.19-12.00.59:650][129]LogModuleManager: Shutting down and abandoning module ProjectSettingsViewer (482)
[2018.09.19-12.00.59:650][129]LogModuleManager: Shutting down and abandoning module ProjectTargetPlatformEditor (481)
[2018.09.19-12.00.59:650][129]LogModuleManager: Shutting down and abandoning module EditorSettingsViewer (478)
[2018.09.19-12.00.59:650][129]LogModuleManager: Shutting down and abandoning module SettingsEditor (476)
[2018.09.19-12.00.59:650][129]LogModuleManager: Shutting down and abandoning module ProjectLauncher (474)
[2018.09.19-12.00.59:650][129]LogModuleManager: Shutting down and abandoning module SessionFrontend (472)
[2018.09.19-12.00.59:650][129]LogModuleManager: Shutting down and abandoning module ProfilerClient (470)
[2018.09.19-12.00.59:650][129]LogModuleManager: Shutting down and abandoning module DeviceManager (468)
[2018.09.19-12.00.59:650][129]LogModuleManager: Shutting down and abandoning module TargetDeviceServices (467)
[2018.09.19-12.00.59:695][129]LogModuleManager: Shutting down and abandoning module AutomationController (464)
[2018.09.19-12.00.59:695][129]LogModuleManager: Shutting down and abandoning module AutomationWindow (462)
[2018.09.19-12.00.59:695][129]LogModuleManager: Shutting down and abandoning module Layers (460)
[2018.09.19-12.00.59:695][129]LogModuleManager: Shutting down and abandoning module ComponentVisualizers (458)
[2018.09.19-12.00.59:695][129]LogModuleManager: Shutting down and abandoning module DetailCustomizations (456)
[2018.09.19-12.00.59:695][129]LogModuleManager: Shutting down and abandoning module PackagesDialog (454)
[2018.09.19-12.00.59:695][129]LogModuleManager: Shutting down and abandoning module Persona (452)
[2018.09.19-12.00.59:695][129]LogModuleManager: Shutting down and abandoning module AdvancedPreviewScene (451)
[2018.09.19-12.00.59:695][129]LogModuleManager: Shutting down and abandoning module AnimGraph (449)
[2018.09.19-12.00.59:695][129]LogModuleManager: Shutting down and abandoning module Kismet (446)
[2018.09.19-12.00.59:702][129]LogModuleManager: Shutting down and abandoning module GraphEditor (444)
[2018.09.19-12.00.59:702][129]LogModuleManager: Shutting down and abandoning module ClassViewer (442)
[2018.09.19-12.00.59:703][129]LogModuleManager: Shutting down and abandoning module Toolbox (440)
[2018.09.19-12.00.59:703][129]LogModuleManager: Shutting down and abandoning module ModuleUI (438)
[2018.09.19-12.00.59:703][129]LogModuleManager: Shutting down and abandoning module MovieSceneTools (436)
[2018.09.19-12.00.59:703][129]LogModuleManager: Shutting down and abandoning module OutputLog (434)
[2018.09.19-12.00.59:703][129]LogModuleManager: Shutting down and abandoning module GammaUI (432)
[2018.09.19-12.00.59:703][129]LogModuleManager: Shutting down and abandoning module Documentation (430)
[2018.09.19-12.00.59:703][129]LogModuleManager: Shutting down and abandoning module MovieSceneTracks (428)
[2018.09.19-12.00.59:703][129]LogModuleManager: Shutting down and abandoning module MovieScene (426)
[2018.09.19-12.00.59:703][129]LogModuleManager: Shutting down and abandoning module StreamingPauseRendering (424)
[2018.09.19-12.00.59:703][129]LogModuleManager: Shutting down and abandoning module LauncherPlatform (422)
[2018.09.19-12.00.59:703][129]LogModuleManager: Shutting down and abandoning module AnalyticsET (420)
[2018.09.19-12.00.59:703][129]LogModuleManager: Shutting down and abandoning module PortalServices (418)
[2018.09.19-12.00.59:703][129]LogModuleManager: Shutting down and abandoning module PortalRpc (416)
[2018.09.19-12.00.59:703][129]LogModuleManager: Shutting down and abandoning module MessagingRpc (414)
[2018.09.19-12.00.59:703][129]LogModuleManager: Shutting down and abandoning module AIModule (412)
[2018.09.19-12.00.59:703][129]LogModuleManager: Shutting down and abandoning module GameplayDebugger (411)
[2018.09.19-12.00.59:703][129]LogModuleManager: Shutting down and abandoning module AITestSuite (409)
[2018.09.19-12.00.59:703][129]LogModuleManager: Shutting down and abandoning module NavigationSystem (407)
[2018.09.19-12.00.59:704][129]LogModuleManager: Shutting down and abandoning module DesktopPlatform (404)
[2018.09.19-12.00.59:704][129]LogModuleManager: Shutting down and abandoning module ProfilerService (402)
[2018.09.19-12.00.59:825][129]LogModuleManager: Shutting down and abandoning module TaskGraph (400)
[2018.09.19-12.00.59:825][129]LogModuleManager: Shutting down and abandoning module SteamVRController (398)
[2018.09.19-12.00.59:825][129]LogModuleManager: Shutting down and abandoning module ProceduralMeshComponentEditor (396)
[2018.09.19-12.00.59:825][129]LogModuleManager: Shutting down and abandoning module ProceduralMeshComponent (394)
[2018.09.19-12.00.59:825][129]LogModuleManager: Shutting down and abandoning module OculusInput (392)
[2018.09.19-12.00.59:825][129]LogModuleManager: Shutting down and abandoning module MobilePatchingUtils (390)
[2018.09.19-12.00.59:825][129]LogModuleManager: Shutting down and abandoning module EditableMesh (388)
[2018.09.19-12.00.59:825][129]LogModuleManager: Shutting down and abandoning module CustomMeshComponent (386)
[2018.09.19-12.00.59:825][129]LogModuleManager: Shutting down and abandoning module CableComponent (384)
[2018.09.19-12.00.59:825][129]LogModuleManager: Shutting down and abandoning module AudioCapture (382)
[2018.09.19-12.00.59:825][129]LogModuleManager: Shutting down and abandoning module ArchVisCharacter (380)
[2018.09.19-12.00.59:825][129]LogModuleManager: Shutting down and abandoning module AndroidPermission (378)
[2018.09.19-12.00.59:825][129]LogModuleManager: Shutting down and abandoning module NUTUnrealEngine4 (376)
[2018.09.19-12.00.59:825][129]LogModuleManager: Shutting down and abandoning module NetcodeUnitTest (374)
[2018.09.19-12.00.59:825][129]LogModuleManager: Shutting down and abandoning module MediaCompositingEditor (372)
[2018.09.19-12.00.59:826][129]LogModuleManager: Shutting down and abandoning module MediaCompositing (370)
[2018.09.19-12.00.59:826][129]LogModuleManager: Shutting down and abandoning module LinearTimecode (368)
[2018.09.19-12.00.59:826][129]LogModuleManager: Shutting down and abandoning module ImgMedia (366)
[2018.09.19-12.00.59:829][129]LogModuleManager: Shutting down and abandoning module UE4EditorCustomize (364)
[2018.09.19-12.00.59:829][129]LogModuleManager: Shutting down and abandoning module HTML5Networking (362)
[2018.09.19-12.00.59:829][129]LogModuleManager: Shutting down and abandoning module GeometryCacheTracks (360)
[2018.09.19-12.00.59:829][129]LogModuleManager: Shutting down and abandoning module GeometryCacheSequencer (358)
[2018.09.19-12.00.59:829][129]LogModuleManager: Shutting down and abandoning module BackChannel (356)
[2018.09.19-12.00.59:829][129]LogModuleManager: Shutting down and abandoning module AppleVision (354)
[2018.09.19-12.00.59:829][129]LogModuleManager: Shutting down and abandoning module AppleImageUtils (352)
[2018.09.19-12.00.59:829][129]LogModuleManager: Shutting down and abandoning module AlembicImporter (350)
[2018.09.19-12.00.59:829][129]LogModuleManager: Shutting down and abandoning module AlembicLibrary (349)
[2018.09.19-12.00.59:829][129]LogModuleManager: Shutting down and abandoning module GeometryCache (348)
[2018.09.19-12.00.59:829][129]LogModuleManager: Shutting down and abandoning module GeometryCacheEd (347)
[2018.09.19-12.00.59:829][129]LogModuleManager: Shutting down and abandoning module DatasmithContentEditor (342)
[2018.09.19-12.00.59:829][129]LogModuleManager: Shutting down and abandoning module DatasmithContent (340)
[2018.09.19-12.00.59:830][129]LogModuleManager: Shutting down and abandoning module SpeedTreeImporter (338)
[2018.09.19-12.00.59:830][129]LogModuleManager: Shutting down and abandoning module PluginBrowser (336)
[2018.09.19-12.00.59:830][129]LogModuleManager: Shutting down and abandoning module MobileLauncherProfileWizard (334)
[2018.09.19-12.00.59:830][129]LogModuleManager: Shutting down and abandoning module PolygonModeling (332)
[2018.09.19-12.00.59:830][129]LogModuleManager: Shutting down and abandoning module MeshEditor (330)
[2018.09.19-12.00.59:830][129]LogModuleManager: Shutting down and abandoning module CryptoKeysOpenSSL (328)
[2018.09.19-12.00.59:830][129]LogModuleManager: Shutting down and abandoning module CryptoKeys (326)
[2018.09.19-12.00.59:830][129]LogModuleManager: Shutting down and abandoning module VisualStudioSourceCodeAccess (324)
[2018.09.19-12.00.59:830][129]LogModuleManager: Shutting down and abandoning module VisualStudioCodeSourceCodeAccess (322)
[2018.09.19-12.00.59:830][129]LogModuleManager: Shutting down and abandoning module UObjectPlugin (320)
[2018.09.19-12.00.59:830][129]LogModuleManager: Shutting down and abandoning module SubversionSourceControl (318)
[2018.09.19-12.00.59:830][129]LogModuleManager: Shutting down and abandoning module PerforceSourceControl (316)
[2018.09.19-12.00.59:830][129]LogModuleManager: Shutting down and abandoning module GitSourceControl (314)
[2018.09.19-12.00.59:830][129]LogModuleManager: Shutting down and abandoning module SourceControl (313)
[2018.09.19-12.00.59:830][129]LogModuleManager: Shutting down and abandoning module CLionSourceCodeAccess (310)
[2018.09.19-12.00.59:830][129]LogModuleManager: Shutting down and abandoning module LightPropagationVolumeEditor (308)
[2018.09.19-12.00.59:830][129]LogModuleManager: Shutting down and abandoning module PaperTiledImporter (306)
[2018.09.19-12.00.59:830][129]LogModuleManager: Shutting down and abandoning module PaperSpriteSheetImporter (304)
[2018.09.19-12.00.59:830][129]LogModuleManager: Shutting down and abandoning module Paper2DEditor (302)
[2018.09.19-12.00.59:831][129]LogModuleManager: Shutting down and abandoning module MeshPaint (301)
[2018.09.19-12.00.59:831][129]LogModuleManager: Shutting down and abandoning module RuntimePhysXCooking (298)
[2018.09.19-12.00.59:831][129]LogModuleManager: Shutting down and abandoning module PhysXVehiclesEditor (296)
[2018.09.19-12.00.59:831][129]LogModuleManager: Shutting down and abandoning module PhysXVehicles (294)
[2018.09.19-12.00.59:831][129]LogModuleManager: Shutting down and abandoning module OculusEditor (292)
[2018.09.19-12.00.59:831][129]LogModuleManager: Shutting down and abandoning module LocationServicesBPLibrary (290)
[2018.09.19-12.00.59:831][129]LogModuleManager: Shutting down and abandoning module ImmediatePhysicsEditor (288)
[2018.09.19-12.00.59:831][129]LogModuleManager: Shutting down and abandoning module ImmediatePhysics (286)
[2018.09.19-12.00.59:831][129]LogModuleManager: Shutting down and abandoning module ActorSequence (284)
[2018.09.19-12.00.59:831][129]LogModuleManager: Shutting down and abandoning module UdpMessaging (282)
[2018.09.19-12.00.59:932][129]LogModuleManager: Shutting down and abandoning module TcpMessaging (280)
[2018.09.19-12.01.00:033][129]LogModuleManager: Shutting down and abandoning module MagicLeapAudio (278)
[2018.09.19-12.01.00:033][129]LogModuleManager: Shutting down and abandoning module GameplayTagsEditor (276)
[2018.09.19-12.01.00:033][129]LogModuleManager: Shutting down and abandoning module FacialAnimationEditor (274)
[2018.09.19-12.01.00:033][129]LogModuleManager: Shutting down and abandoning module FacialAnimation (272)
[2018.09.19-12.01.00:033][129]LogModuleManager: Shutting down and abandoning module DataValidation (270)
[2018.09.19-12.01.00:033][129]LogModuleManager: Shutting down and abandoning module AssetManagerEditor (268)
[2018.09.19-12.01.00:033][129]LogModuleManager: Shutting down and abandoning module LevelEditor (267)
[2018.09.19-12.01.00:034][129]LogModuleManager: Shutting down and abandoning module PixelInspectorModule (266)
[2018.09.19-12.01.00:034][129]LogModuleManager: Shutting down and abandoning module CommonMenuExtensions (264)
[2018.09.19-12.01.00:034][129]LogModuleManager: Shutting down and abandoning module MainFrame (262)
[2018.09.19-12.01.00:035][129]LogModuleManager: Shutting down and abandoning module HotReload (261)
[2018.09.19-12.01.00:036][129]LogModuleManager: Shutting down and abandoning module ContentBrowser (257)
[2018.09.19-12.01.00:038][129]LogModuleManager: Shutting down and abandoning module TreeMap (255)
[2018.09.19-12.01.00:038][129]LogModuleManager: Shutting down and abandoning module LightPropagationVolumeRuntime (252)
[2018.09.19-12.01.00:038][129]LogModuleManager: Shutting down and abandoning module AISupportModule (250)
[2018.09.19-12.01.00:038][129]LogModuleManager: Shutting down and abandoning module Paper2D (248)
[2018.09.19-12.01.00:038][129]LogModuleManager: Shutting down and abandoning module WindowsMoviePlayer (246)
[2018.09.19-12.01.00:038][129]LogModuleManager: Shutting down and abandoning module WmfMedia (244)
[2018.09.19-12.01.00:040][129]LogModuleManager: Shutting down and abandoning module Media (243)
[2018.09.19-12.01.00:046][129]LogModuleManager: Shutting down and abandoning module PacketHandler (240)
[2018.09.19-12.01.00:046][129]LogModuleManager: Shutting down and abandoning module ClothingSystemEditor (238)
[2018.09.19-12.01.00:046][129]LogModuleManager: Shutting down and abandoning module ClothingSystemRuntime (236)
[2018.09.19-12.01.00:046][129]LogModuleManager: Shutting down and abandoning module MediaAssets (234)
[2018.09.19-12.01.00:047][129]LogModuleManager: Shutting down and abandoning module Overlay (232)
[2018.09.19-12.01.00:047][129]LogModuleManager: Shutting down and abandoning module OverlayEditor (231)
[2018.09.19-12.01.00:047][129]LogModuleManager: Shutting down and abandoning module VREditor (228)
[2018.09.19-12.01.00:047][129]LogModuleManager: Shutting down and abandoning module StringTableEditor (226)
[2018.09.19-12.01.00:047][129]LogModuleManager: Shutting down and abandoning module GameplayTasksEditor (224)
[2018.09.19-12.01.00:047][129]LogModuleManager: Shutting down and abandoning module BehaviorTreeEditor (222)
[2018.09.19-12.01.00:047][129]LogModuleManager: Shutting down and abandoning module FunctionalTesting (220)
[2018.09.19-12.01.00:047][129]LogModuleManager: Shutting down and abandoning module CollisionAnalyzer (218)
[2018.09.19-12.01.00:047][129]LogModuleManager: Shutting down and abandoning module WorkspaceMenuStructure (217)
[2018.09.19-12.01.00:047][129]LogModuleManager: Shutting down and abandoning module UMG (214)
[2018.09.19-12.01.00:047][129]LogModuleManager: Shutting down and abandoning module UMGEditor (213)
[2018.09.19-12.01.00:047][129]LogModuleManager: Shutting down and abandoning module Sequencer (212)
[2018.09.19-12.01.00:047][129]LogModuleManager: Shutting down and abandoning module MessageLog (209)
[2018.09.19-12.01.00:047][129]LogModuleManager: Shutting down and abandoning module SlateReflector (204)
[2018.09.19-12.01.00:047][129]LogModuleManager: Shutting down and abandoning module Slate (202)
[2018.09.19-12.01.00:048][129]LogModuleManager: Shutting down and abandoning module EditorStyle (200)
[2018.09.19-12.01.00:051][129]LogModuleManager: Shutting down and abandoning module MRMesh (198)
[2018.09.19-12.01.00:051][129]LogModuleManager: Shutting down and abandoning module SourceCodeAccess (196)
[2018.09.19-12.01.00:051][129]LogModuleManager: Shutting down and abandoning module HeadMountedDisplay (194)
[2018.09.19-12.01.00:051][129]LogModuleManager: Shutting down and abandoning module XAudio2 (192)
[2018.09.19-12.01.00:051][129]LogModuleManager: Shutting down and abandoning module Networking (190)
[2018.09.19-12.01.00:051][129]LogModuleManager: Shutting down and abandoning module Core (188)
[2018.09.19-12.01.00:051][129]LogModuleManager: Shutting down and abandoning module LevelSequence (186)
[2018.09.19-12.01.00:051][129]LogModuleManager: Shutting down and abandoning module KismetCompiler (184)
[2018.09.19-12.01.00:051][129]LogModuleManager: Shutting down and abandoning module MeshUtilities (182)
[2018.09.19-12.01.00:051][129]LogModuleManager: Shutting down and abandoning module MeshMergeUtilities (181)
[2018.09.19-12.01.00:051][129]LogModuleManager: Shutting down and abandoning module MeshReductionInterface (180)
[2018.09.19-12.01.00:051][129]LogModuleManager: Shutting down and abandoning module SimplygonSwarm (179)
[2018.09.19-12.01.00:051][129]LogModuleManager: Shutting down and abandoning module ProxyLODMeshReduction (177)
[2018.09.19-12.01.00:051][129]LogModuleManager: Shutting down and abandoning module SimplygonMeshReduction (175)
[2018.09.19-12.01.00:051][129]LogModuleManager: Shutting down and abandoning module QuadricMeshReduction (173)
[2018.09.19-12.01.00:051][129]LogModuleManager: Shutting down and abandoning module MaterialBaking (169)
[2018.09.19-12.01.00:051][129]LogModuleManager: Shutting down and abandoning module DirectoryWatcher (165)
[2018.09.19-12.01.00:052][129]LogModuleManager: Shutting down and abandoning module DerivedDataCache (162)
[2018.09.19-12.01.00:103][129]LogDerivedDataCache: Shutdown
[2018.09.19-12.01.00:103][129]LogModuleManager: Shutting down and abandoning module XGEController (160)
[2018.09.19-12.01.00:103][129]LogModuleManager: Shutting down and abandoning module TargetPlatform (158)
[2018.09.19-12.01.00:104][129]LogModuleManager: Shutting down and abandoning module VulkanShaderFormat (157)
[2018.09.19-12.01.00:104][129]LogModuleManager: Shutting down and abandoning module ShaderFormatVectorVM (155)
[2018.09.19-12.01.00:104][129]LogModuleManager: Shutting down and abandoning module ShaderFormatOpenGL (153)
[2018.09.19-12.01.00:104][129]LogModuleManager: Shutting down and abandoning module ShaderFormatD3D (151)
[2018.09.19-12.01.00:104][129]LogModuleManager: Shutting down and abandoning module MetalShaderFormat (149)
[2018.09.19-12.01.00:104][129]LogModuleManager: Shutting down and abandoning module TextureFormatUncompressed (147)
[2018.09.19-12.01.00:104][129]LogModuleManager: Shutting down and abandoning module TextureFormatPVR (145)
[2018.09.19-12.01.00:104][129]LogModuleManager: Shutting down and abandoning module TextureFormatDXT (143)
[2018.09.19-12.01.00:104][129]LogModuleManager: Shutting down and abandoning module TextureFormatIntelISPCTexComp (141)
[2018.09.19-12.01.00:104][129]LogModuleManager: Shutting down and abandoning module TextureFormatASTC (139)
[2018.09.19-12.01.00:104][129]LogModuleManager: Shutting down and abandoning module ImageWrapper (138)
[2018.09.19-12.01.00:104][129]LogModuleManager: Shutting down and abandoning module TextureFormatAndroid (135)
[2018.09.19-12.01.00:104][129]LogModuleManager: Shutting down and abandoning module AudioFormatOpus (133)
[2018.09.19-12.01.00:104][129]LogModuleManager: Shutting down and abandoning module AudioFormatOgg (131)
[2018.09.19-12.01.00:104][129]LogModuleManager: Shutting down and abandoning module AudioFormatADPCM (129)
[2018.09.19-12.01.00:104][129]LogModuleManager: Shutting down and abandoning module LuminTargetPlatform (127)
[2018.09.19-12.01.00:104][129]LogModuleManager: Shutting down and abandoning module LinuxTargetPlatform (125)
[2018.09.19-12.01.00:104][129]LogModuleManager: Shutting down and abandoning module LinuxServerTargetPlatform (123)
[2018.09.19-12.01.00:104][129]LogModuleManager: Shutting down and abandoning module LinuxNoEditorTargetPlatform (121)
[2018.09.19-12.01.00:104][129]LogModuleManager: Shutting down and abandoning module LinuxClientTargetPlatform (119)
[2018.09.19-12.01.00:104][129]LogModuleManager: Shutting down and abandoning module TVOSTargetPlatform (117)
[2018.09.19-12.01.00:112][129]LogModuleManager: Shutting down and abandoning module Messaging (115)
[2018.09.19-12.01.00:112][129]LogModuleManager: Shutting down and abandoning module IOSTargetPlatform (113)
[2018.09.19-12.01.00:119][129]LogModuleManager: Shutting down and abandoning module HTML5TargetPlatform (111)
[2018.09.19-12.01.00:119][129]LogModuleManager: Shutting down and abandoning module AndroidTargetPlatform (109)
[2018.09.19-12.01.00:153][129]LogModuleManager: Shutting down and abandoning module WindowsTargetPlatform (107)
[2018.09.19-12.01.00:153][129]LogModuleManager: Shutting down and abandoning module WindowsServerTargetPlatform (105)
[2018.09.19-12.01.00:153][129]LogModuleManager: Shutting down and abandoning module WindowsNoEditorTargetPlatform (103)
[2018.09.19-12.01.00:153][129]LogModuleManager: Shutting down and abandoning module WindowsClientTargetPlatform (101)
[2018.09.19-12.01.00:153][129]LogModuleManager: Shutting down and abandoning module MacTargetPlatform (99)
[2018.09.19-12.01.00:153][129]LogModuleManager: Shutting down and abandoning module MacServerTargetPlatform (97)
[2018.09.19-12.01.00:153][129]LogModuleManager: Shutting down and abandoning module MacNoEditorTargetPlatform (95)
[2018.09.19-12.01.00:153][129]LogModuleManager: Shutting down and abandoning module MacClientTargetPlatform (93)
[2018.09.19-12.01.00:153][129]LogModuleManager: Shutting down and abandoning module AllDesktopTargetPlatform (91)
[2018.09.19-12.01.00:154][129]LogModuleManager: Shutting down and abandoning module InputCore (88)
[2018.09.19-12.01.00:154][129]LogModuleManager: Shutting down and abandoning module Settings (86)
[2018.09.19-12.01.00:154][129]LogModuleManager: Shutting down and abandoning module PhysXCooking (84)
[2018.09.19-12.01.00:154][129]LogModuleManager: Shutting down and abandoning module SteamVR (82)
[2018.09.19-12.01.00:154][129]LogModuleManager: Shutting down and abandoning module OculusHMD (80)
[2018.09.19-12.01.00:154][129]LogModuleManager: Shutting down and abandoning module ExampleDeviceProfileSelector (78)
[2018.09.19-12.01.00:154][129]LogModuleManager: Shutting down and abandoning module LauncherChunkInstaller (76)
[2018.09.19-12.01.00:154][129]LogModuleManager: Shutting down and abandoning module OnlineBlueprintSupport (74)
[2018.09.19-12.01.00:154][129]LogModuleManager: Shutting down and abandoning module OnlineSubsystem (70)
[2018.09.19-12.01.00:155][129]LogModuleManager: Shutting down and abandoning module XMPP (65)
[2018.09.19-12.01.00:155][129]LogModuleManager: Shutting down and abandoning module WebSockets (64)
[2018.09.19-12.01.00:189][129]LogModuleManager: Shutting down and abandoning module HTTP (61)
[2018.09.19-12.01.00:189][129]LogHttp: Display: Http module shutting down, but needs to wait on 1 outstanding Http requests:
[2018.09.19-12.01.00:189][129]LogHttp: Display: 	verb=[POST] url=[https://datarouter.ol.epicgames.com/datarouter/api/v1/public/data?SessionID=%7B9235C440-4F32-7031-91F9-9BA524C108AF%7D&AppID=UEEditor.Rocket.Release&AppVersion=4.20.2-4302132%2B%2B%2BUE4%2BRelease-4.20&UserID=4d3014f34a11e50f8209209bebcd79db%7C571c407eebd54669ab852a27e27f3459%7C0c88f9b3-1fc6-4cef-86ef-a0d375e905af&AppEnvironment=datacollector-binary&UploadType=eteventstream] status=Processing
[2018.09.19-12.01.00:199][129]LogModuleManager: Shutting down and abandoning module SSL (60)
[2018.09.19-12.01.00:201][129]LogModuleManager: Shutting down and abandoning module MagicLeapEmulator (56)
[2018.09.19-12.01.00:201][129]LogModuleManager: Shutting down and abandoning module MagicLeapPrivileges (54)
[2018.09.19-12.01.00:201][129]LogModuleManager: Shutting down and abandoning module MagicLeapIdentity (52)
[2018.09.19-12.01.00:201][129]LogModuleManager: Shutting down and abandoning module MagicLeapHelperVulkan (50)
[2018.09.19-12.01.00:201][129]LogModuleManager: Shutting down and abandoning module MagicLeapHelperOpenGL (48)
[2018.09.19-12.01.00:201][129]LogModuleManager: Shutting down and abandoning module MagicLeapSecureStorage (46)
[2018.09.19-12.01.00:201][129]LogModuleManager: Shutting down and abandoning module MagicLeapGestures (44)
[2018.09.19-12.01.00:201][129]LogModuleManager: Shutting down and abandoning module MagicLeapEyeTracker (42)
[2018.09.19-12.01.00:201][129]LogModuleManager: Shutting down and abandoning module MagicLeapController (40)
[2018.09.19-12.01.00:201][129]LogSlate: Slate User Destroyed.  User Index 0, Is Virtual User: 0
[2018.09.19-12.01.00:201][129]LogModuleManager: Shutting down and abandoning module MagicLeap (38)
[2018.09.19-12.01.00:201][129]LogModuleManager: Shutting down and abandoning module AnimationModifiers (36)
[2018.09.19-12.01.00:201][129]LogModuleManager: Shutting down and abandoning module PropertyEditor (35)
[2018.09.19-12.01.00:202][129]LogModuleManager: Shutting down and abandoning module AudioEditor (32)
[2018.09.19-12.01.00:202][129]LogModuleManager: Shutting down and abandoning module TextureCompressor (30)
[2018.09.19-12.01.00:202][129]LogModuleManager: Shutting down and abandoning module ShaderCore (28)
[2018.09.19-12.01.00:202][129]LogModuleManager: Shutting down and abandoning module Landscape (26)
[2018.09.19-12.01.00:202][129]LogModuleManager: Shutting down and abandoning module SlateRHIRenderer (24)
[2018.09.19-12.01.00:203][129]LogModuleManager: Shutting down and abandoning module OpenGLDrv (22)
[2018.09.19-12.01.00:203][129]LogModuleManager: Shutting down and abandoning module D3D11RHI (20)
[2018.09.19-12.01.00:203][129]LogModuleManager: Shutting down and abandoning module AnimGraphRuntime (18)
[2018.09.19-12.01.00:203][129]LogModuleManager: Shutting down and abandoning module Renderer (16)
[2018.09.19-12.01.00:203][129]LogModuleManager: Shutting down and abandoning module Engine (14)
[2018.09.19-12.01.00:203][129]LogModuleManager: Shutting down and abandoning module CoreUObject (12)
[2018.09.19-12.01.00:203][129]LogModuleManager: Shutting down and abandoning module NetworkFile (10)
[2018.09.19-12.01.00:204][129]LogModuleManager: Shutting down and abandoning module CookedIterativeFile (8)
[2018.09.19-12.01.00:204][129]LogModuleManager: Shutting down and abandoning module StreamingFile (6)
[2018.09.19-12.01.00:204][129]LogModuleManager: Shutting down and abandoning module SandboxFile (4)
[2018.09.19-12.01.00:204][129]LogModuleManager: Shutting down and abandoning module PakFile (2)
[2018.09.19-12.01.00:213][129]LogExit: Exiting.
[2018.09.19-12.01.00:228][129]Log file closed, 09/19/18 20:01:00
