Log file open, 10/23/18 14:49:00
LogWindows: Failed to load 'aqProf.dll' (GetLastError=126)
LogWindows: File 'aqProf.dll' does not exist
LogWindows: Failed to load 'VSPerf140.dll' (GetLastError=126)
LogWindows: File 'VSPerf140.dll' does not exist
LogWindows: Failed to load 'VtuneApi.dll' (GetLastError=126)
LogWindows: File 'VtuneApi.dll' does not exist
LogWindows: Failed to load 'VtuneApi32e.dll' (GetLastError=126)
LogWindows: File 'VtuneApi32e.dll' does not exist
LogInit: Display: Running engine for game: 我的项目2
LogPlatformFile: Not using cached read wrapper
LogTaskGraph: Started task graph with 5 named threads and 23 total threads with 3 sets of task threads.
LogStats: Stats thread started at 0.407015
LogD3D11RHI: Loaded GFSDK_Aftermath_Lib.x64.dll
LogICUInternationalization: Display: ICU TimeZone Detection - Raw Offset: +8:00, Platform Override: ''
LogPluginManager: Mounting plugin Paper2D
LogPluginManager: Mounting plugin AISupport
LogPluginManager: Mounting plugin LightPropagationVolume
LogPluginManager: Mounting plugin CLionSourceCodeAccess
LogPluginManager: Mounting plugin CodeLiteSourceCodeAccess
LogPluginManager: Mounting plugin GitSourceControl
LogPluginManager: Mounting plugin KDevelopSourceCodeAccess
LogPluginManager: Mounting plugin NullSourceCodeAccess
LogPluginManager: Mounting plugin PerforceSourceControl
LogPluginManager: Mounting plugin SubversionSourceControl
LogPluginManager: Mounting plugin UObjectPlugin
LogPluginManager: Mounting plugin VisualStudioCodeSourceCodeAccess
LogPluginManager: Mounting plugin VisualStudioSourceCodeAccess
LogPluginManager: Mounting plugin XCodeSourceCodeAccess
LogPluginManager: Mounting plugin AssetManagerEditor
LogPluginManager: Mounting plugin CryptoKeys
LogPluginManager: Mounting plugin DataValidation
LogPluginManager: Mounting plugin FacialAnimation
LogPluginManager: Mounting plugin GameplayTagsEditor
LogPluginManager: Mounting plugin MacGraphicsSwitching
LogPluginManager: Mounting plugin MeshEditor
LogPluginManager: Mounting plugin MobileLauncherProfileWizard
LogPluginManager: Mounting plugin PluginBrowser
LogPluginManager: Mounting plugin SpeedTreeImporter
LogPluginManager: Mounting plugin DatasmithContent
LogPluginManager: Mounting plugin AlembicImporter
LogPluginManager: Mounting plugin AppleImageUtils
LogPluginManager: Mounting plugin AppleVision
LogPluginManager: Mounting plugin BackChannel
LogPluginManager: Mounting plugin CharacterAI
LogPluginManager: Mounting plugin GeometryCache
LogPluginManager: Mounting plugin HTML5Networking
LogPluginManager: Mounting plugin ProxyLODPlugin
LogPluginManager: Mounting plugin MagicLeap
LogPluginManager: Mounting plugin MagicLeapEmulator
LogPluginManager: Mounting plugin MagicLeapMedia
LogPluginManager: Mounting plugin AndroidMedia
LogPluginManager: Mounting plugin AvfMedia
LogPluginManager: Mounting plugin ImgMedia
LogPluginManager: Mounting plugin LinearTimecode
LogPluginManager: Mounting plugin MediaCompositing
LogPluginManager: Mounting plugin MediaPlayerEditor
LogPluginManager: Mounting plugin WmfMedia
LogPluginManager: Mounting plugin TcpMessaging
LogPluginManager: Mounting plugin UdpMessaging
LogPluginManager: Mounting plugin ActorSequence
LogPluginManager: Mounting plugin LevelSequenceEditor
LogPluginManager: Mounting plugin MatineeToLevelSequence
LogPluginManager: Mounting plugin NetcodeUnitTest
LogPluginManager: Mounting plugin NUTUnrealEngine4
LogPluginManager: Mounting plugin OnlineSubsystemGooglePlay
LogPluginManager: Mounting plugin OnlineSubsystemIOS
LogPluginManager: Mounting plugin OnlineSubsystem
LogPluginManager: Mounting plugin OnlineSubsystemNull
LogPluginManager: Mounting plugin OnlineSubsystemUtils
LogPluginManager: Mounting plugin LauncherChunkInstaller
LogPluginManager: Mounting plugin AndroidDeviceProfileSelector
LogPluginManager: Mounting plugin AndroidMoviePlayer
LogPluginManager: Mounting plugin AndroidPermission
LogPluginManager: Mounting plugin AppleMoviePlayer
LogPluginManager: Mounting plugin ArchVisCharacter
LogPluginManager: Mounting plugin AudioCapture
LogPluginManager: Mounting plugin CableComponent
LogPluginManager: Mounting plugin CustomMeshComponent
LogPluginManager: Mounting plugin EditableMesh
LogPluginManager: Mounting plugin ExampleDeviceProfileSelector
LogPluginManager: Mounting plugin GoogleCloudMessaging
LogPluginManager: Mounting plugin ImmediatePhysics
LogPluginManager: Mounting plugin IOSDeviceProfileSelector
LogPluginManager: Mounting plugin LinuxDeviceProfileSelector
LogPluginManager: Mounting plugin LocationServicesBPLibrary
LogPluginManager: Mounting plugin MobilePatchingUtils
LogPluginManager: Mounting plugin OculusVR
LogPluginManager: Plugin shader directory ../../../Engine/Plugins/Runtime/Oculus/OculusVR/Shaders found
LogPluginManager: Mapping shader source directory ../../../Engine/Plugins/Runtime/Oculus/OculusVR/Shaders to virtual directory /Plugin/OculusVR
LogPluginManager: Mounting plugin PhysXVehicles
LogPluginManager: Mounting plugin ProceduralMeshComponent
LogPluginManager: Mounting plugin RuntimePhysXCooking
LogPluginManager: Mounting plugin SteamVR
LogPluginManager: Mounting plugin WindowsMoviePlayer
LogStreaming: Display: Took  0.653s to configure plugins.
LogInit: Using libcurl 7.55.1-DEV
LogInit:  - built for x86_64-pc-win32
LogInit:  - supports SSL with OpenSSL/1.0.2h
LogInit:  - supports HTTP deflate (compression) using libz 1.2.8
LogInit:  - other features:
LogInit:      CURL_VERSION_SSL
LogInit:      CURL_VERSION_LIBZ
LogInit:      CURL_VERSION_IPV6
LogInit:      CURL_VERSION_ASYNCHDNS
LogInit:      CURL_VERSION_LARGEFILE
LogInit:      CURL_VERSION_IDN
LogInit:  CurlRequestOptions (configurable via config and command line):
LogInit:  - bVerifyPeer = false  - Libcurl will NOT verify peer certificate
LogInit:  - bUseHttpProxy = false  - Libcurl will NOT use HTTP proxy
LogInit:  - bDontReuseConnections = false  - Libcurl will reuse connections
LogInit:  - CertBundlePath = nullptr  - Libcurl will use whatever was configured at build time.
LogInit:  - MaxHostConnections = 16  - Libcurl will limit the number of connections to a host
LogInit:  - LocalHostAddr = Default
LogInit:  - BufferSize = 65536
LogInit: WinSock: version 1.1 (2.2), MaxSocks=32767, MaxUdp=65467
LogInit: Build: ++UE4+Release-4.20-CL-4369336
LogInit: Engine Version: 4.20.3-4369336+++UE4+Release-4.20
LogInit: Compatible Engine Version: 4.20.0-4212847+++UE4+Release-4.20
LogInit: Net CL: 4212847
LogInit: OS: Windows 10 (), CPU: AMD Ryzen 5 PRO 2500U w/ Radeon Vega Mobile Gfx, GPU: AMD Radeon(TM) Vega 8 Graphics
LogInit: Compiled (64-bit): Sep 17 2018 12:26:19
LogInit: Compiled with Visual C++: 19.13.26129.00
LogInit: Build Configuration: Development
LogInit: Branch Name: ++UE4+Release-4.20
LogInit: Command Line: 
LogInit: Base Directory: C:/Program Files/Epic Games/UE_4.20/Engine/Binaries/Win64/
LogInit: Installed Engine Build: 1
LogDevObjectVersion: Number of dev versions registered: 20
LogDevObjectVersion:   Dev-Blueprints (B0D832E4-1F89-4F0D-ACCF-7EB736FD4AA2): 10
LogDevObjectVersion:   Dev-Build (E1C64328-A22C-4D53-A36C-8E866417BD8C): 0
LogDevObjectVersion:   Dev-Core (375EC13C-06E4-48FB-B500-84F0262A717E): 2
LogDevObjectVersion:   Dev-Editor (E4B068ED-F494-42E9-A231-DA0B2E46BB41): 24
LogDevObjectVersion:   Dev-Framework (CFFC743F-43B0-4480-9391-14DF171D2073): 34
LogDevObjectVersion:   Dev-Mobile (B02B49B5-BB20-44E9-A304-32B752E40360): 2
LogDevObjectVersion:   Dev-Networking (A4E4105C-59A1-49B5-A7C5-40C4547EDFEE): 0
LogDevObjectVersion:   Dev-Online (39C831C9-5AE6-47DC-9A44-9C173E1C8E7C): 0
LogDevObjectVersion:   Dev-Physics (78F01B33-EBEA-4F98-B9B4-84EACCB95AA2): 0
LogDevObjectVersion:   Dev-Platform (6631380F-2D4D-43E0-8009-CF276956A95A): 0
LogDevObjectVersion:   Dev-Rendering (12F88B9F-8875-4AFC-A67C-D90C383ABD29): 26
LogDevObjectVersion:   Dev-Sequencer (7B5AE74C-D270-4C10-A958-57980B212A5A): 9
LogDevObjectVersion:   Dev-VR (D7296918-1DD6-4BDD-9DE2-64A83CC13884): 2
LogDevObjectVersion:   Dev-LoadTimes (C2A15278-BFE7-4AFE-6C17-90FF531DF755): 1
LogDevObjectVersion:   Private-Geometry (6EACA3D4-40EC-4CC1-B786-8BED09428FC5): 3
LogDevObjectVersion:   Dev-AnimPhys (29E575DD-E0A3-4627-9D10-D276232CDCEA): 17
LogDevObjectVersion:   Dev-ReflectionCapture (6B266CEC-1EC7-4B8F-A30B-E4D90942FC07): 1
LogDevObjectVersion:   Dev-Automation (0DF73D61-A23F-47EA-B727-89E90C41499A): 1
LogDevObjectVersion:   FortniteMain (601D1886-AC64-4F84-AA16-D3DE0DEAC7D6): 12
LogDevObjectVersion:   Dev-Enterprise (9DFFBCD6-494F-0158-E221-12823C92A888): 1
LogStreaming: Display: Took  0.011s to delete old logs.
LogInit: Presizing for max 8388607 objects, including 0 objects not considered by GC, pre-allocating 0 bytes for permanent pool.
LogInit: Object subsystem initialized
[2018.10.23-06.49.01:688][  0]LogInit: Selected Device Profile: [Windows]
[2018.10.23-06.49.01:688][  0]LogInit: Applying CVar settings loaded from the selected device profile: [Windows]
[2018.10.23-06.49.01:740][  0]LogHAL: Display: Platform has ~ 7 GB [7446487040 / 8589934592 / 7], which maps to Smaller [LargestMinGB=32, LargerMinGB=12, DefaultMinGB=8, SmallerMinGB=6, SmallestMinGB=0)
[2018.10.23-06.49.01:741][  0]LogInit: Setting Device Profile CVar: [[r.Vulkan.UseRealUBs:1]]
[2018.10.23-06.49.01:741][  0]LogInit: Going up to parent DeviceProfile []
[2018.10.23-06.49.01:742][  0]LogInit: Computer: DESKTOP-1FJKDH6
[2018.10.23-06.49.01:742][  0]LogInit: User: Shika
[2018.10.23-06.49.01:742][  0]LogInit: CPU Page size=4096, Cores=4
[2018.10.23-06.49.01:742][  0]LogInit: High frequency timer resolution =1.949465 MHz
[2018.10.23-06.49.01:743][  0]LogMemory: Memory total: Physical=6.9GB (7GB approx)
[2018.10.23-06.49.01:743][  0]LogMemory: Platform Memory Stats for Windows
[2018.10.23-06.49.01:743][  0]LogMemory: Process Physical Memory: 101.74 MB used, 101.74 MB peak
[2018.10.23-06.49.01:743][  0]LogMemory: Process Virtual Memory: 89.24 MB used, 89.24 MB peak
[2018.10.23-06.49.01:743][  0]LogMemory: Physical Memory: 3542.60 MB used,  3558.93 MB free, 7101.52 MB total
[2018.10.23-06.49.01:743][  0]LogMemory: Virtual Memory: 4643.43 MB used,  3558.93 MB free, 134217728.00 MB total
[2018.10.23-06.49.01:795][  0]LogInit: Using OS detected language (zh-CN).
[2018.10.23-06.49.01:795][  0]LogInit: Using OS detected locale (zh-CN).
[2018.10.23-06.49.02:642][  0]LogStreaming: Display: Took  0.847s to InitEngineTextLocalization.
[2018.10.23-06.49.02:706][  0]LogSlate: New Slate User Created.  User Index 0, Is Virtual User: 0
[2018.10.23-06.49.02:706][  0]LogSlate: Slate User Registered.  User Index 0, Is Virtual User: 0
[2018.10.23-06.49.03:178][  0]LogHMD: Failed to initialize OpenVR with code 110
[2018.10.23-06.49.03:178][  0]LogD3D11RHI: D3D11 adapters:
[2018.10.23-06.49.03:234][  0]LogD3D11RHI:    0. 'AMD Radeon(TM) Vega 8 Graphics' (Feature Level 11_0)
[2018.10.23-06.49.03:234][  0]LogD3D11RHI:       1009/0/3550 MB DedicatedVideo/DedicatedSystem/SharedSystem, Outputs:1, VendorId:0x1002
[2018.10.23-06.49.03:239][  0]LogD3D11RHI:    1. 'Microsoft Basic Render Driver' (Feature Level 11_0)
[2018.10.23-06.49.03:239][  0]LogD3D11RHI:       0/0/3550 MB DedicatedVideo/DedicatedSystem/SharedSystem, Outputs:0, VendorId:0x1414
[2018.10.23-06.49.03:240][  0]LogD3D11RHI: Chosen D3D11 Adapter: 0
[2018.10.23-06.49.03:258][  0]LogD3D11RHI: Creating new Direct3DDevice
[2018.10.23-06.49.03:258][  0]LogD3D11RHI:     GPU DeviceId: 0x15dd (for the marketing name, search the web for "GPU Device Id")
[2018.10.23-06.49.03:258][  0]LogWindows: EnumDisplayDevices:
[2018.10.23-06.49.03:259][  0]LogWindows:    0. 'AMD Radeon(TM) Vega 8 Graphics' (P:1 D:1)
[2018.10.23-06.49.03:260][  0]LogWindows:    1. 'AMD Radeon(TM) Vega 8 Graphics' (P:0 D:0)
[2018.10.23-06.49.03:261][  0]LogWindows:    2. 'AMD Radeon(TM) Vega 8 Graphics' (P:0 D:0)
[2018.10.23-06.49.03:262][  0]LogWindows:    3. 'AMD Radeon(TM) Vega 8 Graphics' (P:0 D:0)
[2018.10.23-06.49.03:263][  0]LogWindows: DebugString: FoundDriverCount:4 
[2018.10.23-06.49.03:263][  0]LogD3D11RHI:     Adapter Name: AMD Radeon(TM) Vega 8 Graphics
[2018.10.23-06.49.03:263][  0]LogD3D11RHI:   Driver Version: Crimson ReLive 17.7 (internal:23.20.841.1792, unified:23.20.841.1792)
[2018.10.23-06.49.03:263][  0]LogD3D11RHI:      Driver Date: 6-27-2018
[2018.10.23-06.49.03:263][  0]LogRHI: Texture pool is 706 MB (70% of 1009 MB)
[2018.10.23-06.49.03:332][  0]LogD3D11RHI: Async texture creation enabled
[2018.10.23-06.49.03:353][  0]LogD3D11RHI: GPU Timing Frequency: 25.000000 (Debug: 2 1)
[2018.10.23-06.49.03:356][  0]LogShaderCompilers: Guid format shader working directory is -4 characters bigger than the processId version (../../../../../../Users/Shika/Documents/GitHub/-2/Intermediate/Shaders/WorkingDirectory/15848/).
[2018.10.23-06.49.03:357][  0]LogShaderCompilers: Cleaned the shader compiler working directory 'C:/Users/Shika/AppData/Local/Temp/UnrealShaderWorkingDir/F2F7D2984EEEE8E8808382ACA549335B/'.
[2018.10.23-06.49.04:016][  0]LogTemp: Display: Loaded TP AllDesktopTargetPlatform
[2018.10.23-06.49.04:050][  0]LogTemp: Display: Loaded TP MacClientTargetPlatform
[2018.10.23-06.49.04:080][  0]LogTemp: Display: Loaded TP MacNoEditorTargetPlatform
[2018.10.23-06.49.04:110][  0]LogTemp: Display: Loaded TP MacServerTargetPlatform
[2018.10.23-06.49.04:145][  0]LogTemp: Display: Loaded TP MacTargetPlatform
[2018.10.23-06.49.04:178][  0]LogTemp: Display: Loaded TP WindowsClientTargetPlatform
[2018.10.23-06.49.04:208][  0]LogTemp: Display: Loaded TP WindowsNoEditorTargetPlatform
[2018.10.23-06.49.04:240][  0]LogTemp: Display: Loaded TP WindowsServerTargetPlatform
[2018.10.23-06.49.04:255][  0]LogTemp: Display: Loaded TP WindowsTargetPlatform
[2018.10.23-06.49.04:430][  0]LogTemp: Display: Loaded TP AndroidTargetPlatform
[2018.10.23-06.49.04:430][  0]LogTemp: Display: Loaded TP AndroidTargetPlatform
[2018.10.23-06.49.04:430][  0]LogTemp: Display: Loaded TP AndroidTargetPlatform
[2018.10.23-06.49.04:431][  0]LogTemp: Display: Loaded TP AndroidTargetPlatform
[2018.10.23-06.49.04:431][  0]LogTemp: Display: Loaded TP AndroidTargetPlatform
[2018.10.23-06.49.04:431][  0]LogTemp: Display: Loaded TP AndroidTargetPlatform
[2018.10.23-06.49.04:431][  0]LogTemp: Display: Loaded TP AndroidTargetPlatform
[2018.10.23-06.49.04:431][  0]LogTemp: Display: Loaded TP AndroidTargetPlatform
[2018.10.23-06.49.04:431][  0]LogTemp: Display: Loaded TP AndroidTargetPlatform
[2018.10.23-06.49.04:431][  0]LogTemp: Display: Loaded TP AndroidTargetPlatform
[2018.10.23-06.49.04:431][  0]LogTemp: Display: Loaded TP AndroidTargetPlatform
[2018.10.23-06.49.04:431][  0]LogTemp: Display: Loaded TP AndroidTargetPlatform
[2018.10.23-06.49.04:431][  0]LogTemp: Display: Loaded TP AndroidTargetPlatform
[2018.10.23-06.49.04:431][  0]LogTemp: Display: Loaded TP AndroidTargetPlatform
[2018.10.23-06.49.04:431][  0]LogTemp: Display: Loaded TP AndroidTargetPlatform
[2018.10.23-06.49.04:431][  0]LogTemp: Display: Loaded TP AndroidTargetPlatform
[2018.10.23-06.49.04:431][  0]LogTemp: Display: Loaded TP AndroidTargetPlatform
[2018.10.23-06.49.04:431][  0]LogTemp: Display: Loaded TP AndroidTargetPlatform
[2018.10.23-06.49.04:436][  0]LogTemp: Display: Loaded TP HTML5TargetPlatform
[2018.10.23-06.49.04:542][  0]LogTemp: Display: Loaded TP IOSTargetPlatform
[2018.10.23-06.49.04:542][  0]LogTemp: Display: Loaded TP IOSTargetPlatform
[2018.10.23-06.49.04:603][  0]LogTemp: Display: Loaded TP TVOSTargetPlatform
[2018.10.23-06.49.04:603][  0]LogTemp: Display: Loaded TP TVOSTargetPlatform
[2018.10.23-06.49.04:633][  0]LogTemp: Display: Loaded TP LinuxClientTargetPlatform
[2018.10.23-06.49.04:663][  0]LogTemp: Display: Loaded TP LinuxNoEditorTargetPlatform
[2018.10.23-06.49.04:690][  0]LogTemp: Display: Loaded TP LinuxServerTargetPlatform
[2018.10.23-06.49.04:718][  0]LogTemp: Display: Loaded TP LinuxTargetPlatform
[2018.10.23-06.49.04:736][  0]LogTemp: Display: Loaded TP LuminTargetPlatform
[2018.10.23-06.49.04:736][  0]LogTargetPlatformManager: Display: Building Assets For Windows
[2018.10.23-06.49.04:904][  0]LogXGEController: Cannot use XGE Controller as Incredibuild is not installed on this machine.
[2018.10.23-06.49.04:904][  0]LogShaderCompilers: Cannot use XGE Shader Compiler as Incredibuild is not installed on this machine.
[2018.10.23-06.49.04:904][  0]LogShaderCompilers: Display: Using Local Shader Compiler.
[2018.10.23-06.49.06:456][  0]LogDerivedDataCache: Display: Max Cache Size: 512 MB
[2018.10.23-06.49.06:555][  0]LogDerivedDataCache: Loaded boot cache 0.10s 71MB C:/Users/Shika/AppData/Local/UnrealEngine/4.20/DerivedDataCache/Boot.ddc.
[2018.10.23-06.49.06:555][  0]LogDerivedDataCache: Display: Loaded Boot cache: C:/Users/Shika/AppData/Local/UnrealEngine/4.20/DerivedDataCache/Boot.ddc
[2018.10.23-06.49.06:556][  0]LogDerivedDataCache: FDerivedDataBackendGraph:  Pak pak cache file ../../../../../../Users/Shika/Documents/GitHub/-2/DerivedDataCache/DDC.ddp not found, will not use a pak cache.
[2018.10.23-06.49.06:556][  0]LogDerivedDataCache: Unable to find inner node Pak for hierarchical cache Hierarchy.
[2018.10.23-06.49.06:556][  0]LogDerivedDataCache: FDerivedDataBackendGraph:  CompressedPak pak cache file ../../../../../../Users/Shika/Documents/GitHub/-2/DerivedDataCache/Compressed.ddp not found, will not use a pak cache.
[2018.10.23-06.49.06:556][  0]LogDerivedDataCache: Unable to find inner node CompressedPak for hierarchical cache Hierarchy.
[2018.10.23-06.49.06:577][  0]LogDerivedDataCache: Display: Pak cache opened for reading ../../../Engine/DerivedDataCache/Compressed.ddp.
[2018.10.23-06.49.06:593][  0]LogDerivedDataCache: Using Local data cache path C:/Users/Shika/AppData/Local/UnrealEngine/Common/DerivedDataCache: Writable
[2018.10.23-06.49.06:593][  0]LogDerivedDataCache: Shared data cache path not found in *engine.ini, will not use an Shared cache.
[2018.10.23-06.49.06:593][  0]LogDerivedDataCache: Unable to find inner node Shared for hierarchical cache Hierarchy.
[2018.10.23-06.49.06:623][  0]LogMaterial: Verifying Global Shaders for PCD3D_SM5
[2018.10.23-06.49.06:626][  0]LogSlate: Using FreeType 2.6.0
[2018.10.23-06.49.06:627][  0]LogSlate: SlateFontServices - WITH_FREETYPE: 1, WITH_HARFBUZZ: 1
[2018.10.23-06.49.06:753][  0]LogAssetRegistry: FAssetRegistry took 0.0316 seconds to start up
[2018.10.23-06.49.07:503][  0]LogInit: Selected Device Profile: [Windows]
[2018.10.23-06.49.07:764][  0]LogSimplygon: Simplygon DLL not present - disabling.
[2018.10.23-06.49.07:775][  0]LogMeshReduction: Using SimplygonSwarm for distributed automatic mesh merging
[2018.10.23-06.49.07:775][  0]LogMeshReduction: Using ProxyLODMeshReduction for automatic mesh merging
[2018.10.23-06.49.07:775][  0]LogMeshReduction: Using QuadricMeshReduction for automatic static mesh reduction
[2018.10.23-06.49.07:775][  0]LogMeshReduction: No automatic skeletal mesh reduction module available
[2018.10.23-06.49.07:814][  0]LogNetVersion: 我的项目2 1.0.0, NetCL: 4212847, EngineNetVer: 5, GameNetVer: 0 (Checksum: 1753104541)
[2018.10.23-06.49.09:529][  0]LogPackageLocalizationCache: Processed 11 localized package path(s) for 4 prioritized culture(s) in 0.734568 seconds
[2018.10.23-06.49.09:546][  0]LogUObjectArray: 38425 objects as part of root set at end of initial load.
[2018.10.23-06.49.09:546][  0]LogUObjectAllocator: 6690864 out of 0 bytes used by permanent object pool.
[2018.10.23-06.49.09:546][  0]LogUObjectArray: CloseDisregardForGC: 0/0 objects in disregard for GC pool
[2018.10.23-06.49.11:342][  0]LogTcpMessaging: Initializing TcpMessaging bridge
[2018.10.23-06.49.11:359][  0]LogUdpMessaging: Initializing bridge on interface 0.0.0.0:0 to multicast group 230.0.0.1:6666.
[2018.10.23-06.49.11:654][  0]SourceControl: 源码管理已禁用
[2018.10.23-06.49.12:667][  0]LogSourceControl: Error: 'C:/Users/Shika/Documents/GitHub/-2' is not a valid Git repository
[2018.10.23-06.49.13:179][  0]LogAndroidPermission: UAndroidPermissionCallbackProxy::GetInstance
[2018.10.23-06.49.13:325][  0]LogOcInput: OculusInput pre-init called
[2018.10.23-06.49.13:450][  0]LogEngine: Initializing Engine...
[2018.10.23-06.49.13:453][  0]LogHMD: Failed to initialize OpenVR with code 110
[2018.10.23-06.49.13:456][  0]LogStats: UGameplayTagsManager::ConstructGameplayTagTree: ImportINI prefixes -  0.000 s
[2018.10.23-06.49.13:456][  0]LogStats: UGameplayTagsManager::ConstructGameplayTagTree: Construct from data asset -  0.000 s
[2018.10.23-06.49.13:456][  0]LogStats: UGameplayTagsManager::ConstructGameplayTagTree: ImportINI -  0.000 s
[2018.10.23-06.49.13:456][  0]LogStats: UGameplayTagsManager::ConstructGameplayTagTree: GameplayTagTreeChangedEvent.Broadcast -  0.000 s
[2018.10.23-06.49.13:840][  0]LogInit: Initializing FReadOnlyCVARCache
[2018.10.23-06.49.13:876][  0]LogAIModule: Creating AISystem for world Untitled
[2018.10.23-06.49.13:908][  0]LogInit: XAudio2 using '扬声器 (Conexant SmartAudio HD)' : 2 channels at 48 kHz using 32 bits per sample (channel mask 0x3)
[2018.10.23-06.49.14:171][  0]LogInit: FAudioDevice initialized.
[2018.10.23-06.49.14:172][  0]LogNetVersion: Set ProjectVersion to 1.0.0.0. Version Checksum will be recalculated on next use.
[2018.10.23-06.49.14:288][  0]LogDerivedDataCache: Saved boot cache 0.12s 71MB C:/Users/Shika/AppData/Local/UnrealEngine/4.20/DerivedDataCache/Boot.ddc.
[2018.10.23-06.49.14:304][  0]LogInit: Texture streaming: Enabled
[2018.10.23-06.49.14:352][  0]LogEngineSessionManager: EngineSessionManager initialized
[2018.10.23-06.49.14:353][  0]LogEngineSessionManager: EngineSessionManager sent abnormal shutdown report. Type=AbnormalShutdown, SessionId={A2B31801-40DA-A659-6D09-5A894039FF11}
[2018.10.23-06.49.14:391][  0]LogInit: Transaction tracking system initialized
[2018.10.23-06.49.14:458][  0]BlueprintLog: New page: 编辑器加载
[2018.10.23-06.49.14:685][  0]LocalizationService: 本地化服务已禁用
[2018.10.23-06.49.15:210][  0]LogCook: Display: Max memory allowance for cook 16384mb min free memory 0mb
[2018.10.23-06.49.15:211][  0]LogCook: Display: Mobile HDR setting 1
[2018.10.23-06.49.15:211][  0]LogGameplayTags: Display: UGameplayTagsManager::DoneAddingNativeTags. DelegateIsBound: 0
[2018.10.23-06.49.15:211][  0]LogStats: UGameplayTagsManager::ConstructGameplayTagTree: ImportINI prefixes -  0.000 s
[2018.10.23-06.49.15:211][  0]LogStats: UGameplayTagsManager::ConstructGameplayTagTree: Construct from data asset -  0.000 s
[2018.10.23-06.49.15:211][  0]LogStats: UGameplayTagsManager::ConstructGameplayTagTree: ImportINI -  0.000 s
[2018.10.23-06.49.15:211][  0]LogStats: UGameplayTagsManager::ConstructGameplayTagTree: GameplayTagTreeChangedEvent.Broadcast -  0.000 s
[2018.10.23-06.49.15:489][  0]LogFileCache: Scanning file cache for directory 'C:/Users/Shika/Documents/GitHub/-2/Content/' took 0.03s
[2018.10.23-06.49.15:490][  0]Cmd: MAP LOAD FILE="../../../../../../Users/Shika/Documents/GitHub/-2/Content/TopDownBP/Maps/TopDownExampleMap.umap" TEMPLATE=0 SHOWPROGRESS=1 FEATURELEVEL=3
[2018.10.23-06.49.15:494][  0]LightingResults: New page: 光照构建
[2018.10.23-06.49.15:500][  0]MapCheck: New page: 地图检测
[2018.10.23-06.49.15:500][  0]LightingResults: New page: 光照构建
[2018.10.23-06.49.18:593][  0]LogAIModule: Creating AISystem for world TopDownExampleMap
[2018.10.23-06.49.18:703][  0]LogEditorServer: Finished looking for orphan Actors (0.000 secs)
[2018.10.23-06.49.18:761][  0]Cmd: MAP CHECKDEP NOCLEARLOG
[2018.10.23-06.49.18:968][  0]MapCheck: 地图检测完成：0个错误，0 个警告，用时206.614毫秒完成。
[2018.10.23-06.49.18:968][  0]LogFileHelpers: Loading map 'TopDownExampleMap' took 3.479
[2018.10.23-06.49.19:166][  0]LogSlate: Updating window title bar state: overlay mode, drag disabled, window buttons hidden, title bar hidden
[2018.10.23-06.49.19:182][  0]LogSlate: Updating window title bar state: overlay mode, drag disabled, window buttons hidden, title bar hidden
[2018.10.23-06.49.19:196][  0]LogSlate: Updating window title bar state: overlay mode, drag disabled, window buttons hidden, title bar hidden
[2018.10.23-06.49.19:210][  0]LogSlate: Updating window title bar state: overlay mode, drag disabled, window buttons hidden, title bar hidden
[2018.10.23-06.49.19:226][  0]LogCollectionManager: Loaded 0 collections in 0.004477 seconds
[2018.10.23-06.49.19:293][  0]LogFileCache: Scanning file cache for directory 'C:/Users/Shika/Documents/GitHub/-2/Saved/Collections/' took 0.01s
[2018.10.23-06.49.19:293][  0]LogFileCache: Scanning file cache for directory 'C:/Users/Shika/Documents/GitHub/-2/Content/Developers/Shika/Collections/' took 0.01s
[2018.10.23-06.49.19:293][  0]LogFileCache: Scanning file cache for directory 'C:/Users/Shika/Documents/GitHub/-2/Content/Collections/' took 0.01s
[2018.10.23-06.49.19:293][  0]LogCollectionManager: Rebuilt the GUID cache for 0 collections in 0.000001 seconds
[2018.10.23-06.49.19:317][  0]LogContentBrowser: Native class hierarchy populated in 0.0230 seconds. Added 2572 classes and 603 folders.
[2018.10.23-06.49.19:337][  0]LogContentBrowser: Native class hierarchy updated for 'WidgetCarousel' in 0.0006 seconds. Added 0 classes and 0 folders.
[2018.10.23-06.49.19:605][  0]LogContentBrowser: Native class hierarchy updated for 'AddContentDialog' in 0.0006 seconds. Added 0 classes and 0 folders.
[2018.10.23-06.49.19:625][  0]LogContentBrowser: Native class hierarchy updated for 'SceneOutliner' in 0.0006 seconds. Added 1 classes and 2 folders.
[2018.10.23-06.49.19:722][  0]LogContentBrowser: Native class hierarchy updated for 'HierarchicalLODOutliner' in 0.0006 seconds. Added 0 classes and 0 folders.
[2018.10.23-06.49.19:722][  0]LogLoad: (Engine Initialization) Total time: 23.21 seconds
[2018.10.23-06.49.19:722][  0]LogLoad: (Engine Initialization) Total Blueprint compile time: 0.00 seconds
[2018.10.23-06.49.19:744][  0]LogWindowsTextInputMethodSystem: Display: IME system now deactivated.
[2018.10.23-06.49.19:779][  0]LogContentStreaming: Texture pool size now 1000 MB
[2018.10.23-06.49.19:783][  0]LogSlate: Took 0.000525 seconds to synchronously load lazily loaded font '../../../Engine/Content/Slate/Fonts/Roboto-Regular.ttf' (155K)
[2018.10.23-06.49.19:787][  0]LogSlate: Took 0.004158 seconds to synchronously load lazily loaded font '../../../Engine/Content/Slate/Fonts/DroidSansFallback.ttf' (3848K)
[2018.10.23-06.49.19:791][  0]LogSlate: Took 0.000497 seconds to synchronously load lazily loaded font '../../../Engine/Content/Slate/Fonts/Roboto-Bold.ttf' (160K)
[2018.10.23-06.49.19:803][  0]LogSlate: Took 0.004060 seconds to synchronously load lazily loaded font '../../../Engine/Content/Editor/Slate/Fonts/FontAwesome.ttf' (139K)
[2018.10.23-06.49.20:018][  0]LogRenderer: Reallocating scene render targets to support 800x360 Format 10 NumSamples 1 (Frame:1).
[2018.10.23-06.49.20:535][  2]LogSlate: Took 0.002011 seconds to synchronously load lazily loaded font '../../../Engine/Content/Slate/Fonts/Roboto-Light.ttf' (167K)
[2018.10.23-06.49.20:589][  3]LogAssetRegistry: Asset discovery search completed in 13.8598 seconds
[2018.10.23-06.49.20:593][  3]LogCollectionManager: Rebuilt the object cache for 0 collections in 0.000001 seconds (found 0 objects)
[2018.10.23-06.49.20:593][  3]LogCollectionManager: Fixed up redirectors for 0 collections in 0.000182 seconds (updated 0 objects)
[2018.10.23-06.49.23:823][189]LogSlate: FSceneViewport::OnFocusLost() reason 2
[2018.10.23-06.49.25:275][274]LogSlate: FSceneViewport::OnFocusLost() reason 2
[2018.10.23-06.51.18:446][490]LogSourceControl: Error: 'C:/Users/Shika/Documents/GitHub/-2' is not a valid Git repository
[2018.10.23-06.51.24:974][867]SourceControl: Error: Error: unknown shorthand flag: 'C' in -C
[2018.10.23-06.51.24:974][867]SourceControl: Error: Error: unknown shorthand flag: 'C' in -C
[2018.10.23-06.51.24:975][867]SourceControl: Error: 未能启用Git源码管理。需要首先将项目初始化为Git元库。
[2018.10.23-06.51.32:478][284]LogSourceControl: Error: 'C:/Users/Shika/Documents/GitHub/-2' is not a valid Git repository
[2018.10.23-06.51.42:420][834]LogSourceControl: Error: 'C:/Users/Shika/Documents/GitHub/-2' is not a valid Git repository
[2018.10.23-06.51.50:549][302]SourceControl: Error: Error: unknown shorthand flag: 'C' in -C
[2018.10.23-06.51.50:549][302]SourceControl: Error: Error: unknown shorthand flag: 'C' in -C
[2018.10.23-06.51.50:549][302]SourceControl: Error: 未能启用Git源码管理。需要首先将项目初始化为Git元库。
[2018.10.23-06.52.02:372][973]LogSourceControl: Error: 'C:/Users/Shika/Documents/GitHub/-2' is not a valid Git repository
[2018.10.23-06.52.04:027][ 59]SourceControl: Error: Error: unknown shorthand flag: 'C' in -C
[2018.10.23-06.52.04:027][ 59]SourceControl: Error: Error: unknown shorthand flag: 'C' in -C
[2018.10.23-06.52.04:027][ 59]SourceControl: Error: 未能启用Git源码管理。需要首先将项目初始化为Git元库。
[2018.10.23-07.12.12:726][299]LogHttp: Warning: 000002C0C81B2480: request failed, libcurl error: 6 (Couldn't resolve host name)
[2018.10.23-07.12.12:726][299]LogHttp: Warning: 000002C0C81B2480: libcurl info message cache 0 (Found bundle for host datarouter.ol.epicgames.com: 0x2c0b2d1bfa0 [can pipeline])
[2018.10.23-07.12.12:726][299]LogHttp: Warning: 000002C0C81B2480: libcurl info message cache 1 (Re-using existing connection! (#0) with host datarouter.ol.epicgames.com)
[2018.10.23-07.12.12:726][299]LogHttp: Warning: 000002C0C81B2480: libcurl info message cache 2 (Connected to datarouter.ol.epicgames.com (34.202.96.104) port 443 (#0))
[2018.10.23-07.12.12:727][299]LogHttp: Warning: 000002C0C81B2480: libcurl info message cache 3 (upload completely sent off: 7742 out of 7742 bytes)
[2018.10.23-07.12.12:727][299]LogHttp: Warning: 000002C0C81B2480: libcurl info message cache 4 (OpenSSL SSL_read: SSL_ERROR_SYSCALL, errno 10054)
[2018.10.23-07.12.12:727][299]LogHttp: Warning: 000002C0C81B2480: libcurl info message cache 5 (Connection died, retrying a fresh connect)
[2018.10.23-07.12.12:727][299]LogHttp: Warning: 000002C0C81B2480: libcurl info message cache 6 (Closing connection 0)
[2018.10.23-07.12.12:727][299]LogHttp: Warning: 000002C0C81B2480: libcurl info message cache 7 (Issue another request to this URL: 'https://datarouter.ol.epicgames.com/datarouter/api/v1/public/data?SessionID=%7BEBE0EA52-48AF-F2D5-8BEB-49AF4527413C%7D&AppID=UEEditor.Rocket.Release&AppVersion=4.20.3-4369336%2B%2B%2BUE4%2BRelease-4.20&UserID=dac40d244fe305c659a6a1b492f07415%7Cfa194064d9254c46ad5c9b279637ef1d%7C9d8ab9f4-c073-4548-a278-49847fd1e972&AppEnvironment=datacollector-binary&UploadType=eteventstream')
[2018.10.23-07.12.12:727][299]LogHttp: Warning: 000002C0C81B2480: libcurl info message cache 8 (Could not resolve host: datarouter.ol.epicgames.com)
[2018.10.23-07.12.12:727][299]LogHttp: Warning: 000002C0C81B2480: libcurl info message cache 9 (Closing connection 1)
[2018.10.23-07.14.13:254][657]LogHttp: Warning: 000002C0C81B2480: request failed, libcurl error: 6 (Couldn't resolve host name)
[2018.10.23-07.14.13:254][657]LogHttp: Warning: 000002C0C81B2480: libcurl info message cache 0 (Could not resolve host: datarouter.ol.epicgames.com)
[2018.10.23-07.14.13:254][657]LogHttp: Warning: 000002C0C81B2480: libcurl info message cache 1 (Closing connection 2)
[2018.10.23-07.16.33:119][ 72]LogHttp: Warning: 000002C0C81B2480: request failed, libcurl error: 35 (SSL connect error)
[2018.10.23-07.16.33:119][ 72]LogHttp: Warning: 000002C0C81B2480: libcurl info message cache 0 (  Trying 34.202.144.153...)
[2018.10.23-07.16.33:119][ 72]LogHttp: Warning: 000002C0C81B2480: libcurl info message cache 1 (TCP_NODELAY set)
[2018.10.23-07.16.33:119][ 72]LogHttp: Warning: 000002C0C81B2480: libcurl info message cache 2 (Connected to datarouter.ol.epicgames.com (34.202.144.153) port 443 (#3))
[2018.10.23-07.16.33:119][ 72]LogHttp: Warning: 000002C0C81B2480: libcurl info message cache 3 (ALPN, offering http/1.1)
[2018.10.23-07.16.33:119][ 72]LogHttp: Warning: 000002C0C81B2480: libcurl info message cache 4 (Cipher selection: ALL:!EXPORT:!EXPORT40:!EXPORT56:!aNULL:!LOW:!RC4:@STRENGTH)
[2018.10.23-07.16.33:119][ 72]LogHttp: Warning: 000002C0C81B2480: libcurl info message cache 5 (SSL re-using session ID)
[2018.10.23-07.16.33:120][ 72]LogHttp: Warning: 000002C0C81B2480: libcurl info message cache 6 (TLSv1.2 (OUT), TLS handshake, Client hello (1):)
[2018.10.23-07.16.33:120][ 72]LogHttp: Warning: 000002C0C81B2480: libcurl info message cache 7 (OpenSSL SSL_connect: SSL_ERROR_SYSCALL in connection to datarouter.ol.epicgames.com:443 )
[2018.10.23-07.16.33:120][ 72]LogHttp: Warning: 000002C0C81B2480: libcurl info message cache 8 (Closing connection 3)
[2018.10.23-07.18.33:975][430]LogHttp: Warning: 000002C0C81B2480: request failed, libcurl error: 6 (Couldn't resolve host name)
[2018.10.23-07.18.33:975][430]LogHttp: Warning: 000002C0C81B2480: libcurl info message cache 0 (Hostname in DNS cache was stale, zapped)
[2018.10.23-07.18.33:975][430]LogHttp: Warning: 000002C0C81B2480: libcurl info message cache 1 (Could not resolve host: datarouter.ol.epicgames.com)
[2018.10.23-07.18.33:976][430]LogHttp: Warning: 000002C0C81B2480: libcurl info message cache 2 (Closing connection 4)
[2018.10.23-07.20.34:494][788]LogHttp: Warning: 000002C0C81B2480: request failed, libcurl error: 51 (SSL peer certificate or SSH remote key was not OK)
[2018.10.23-07.20.34:494][788]LogHttp: Warning: 000002C0C81B2480: libcurl info message cache 0 (  Trying 35.173.61.154...)
[2018.10.23-07.20.34:494][788]LogHttp: Warning: 000002C0C81B2480: libcurl info message cache 1 (TCP_NODELAY set)
[2018.10.23-07.20.34:494][788]LogHttp: Warning: 000002C0C81B2480: libcurl info message cache 2 (Connected to datarouter.ol.epicgames.com (35.173.61.154) port 443 (#5))
[2018.10.23-07.20.34:494][788]LogHttp: Warning: 000002C0C81B2480: libcurl info message cache 3 (ALPN, offering http/1.1)
[2018.10.23-07.20.34:494][788]LogHttp: Warning: 000002C0C81B2480: libcurl info message cache 4 (Cipher selection: ALL:!EXPORT:!EXPORT40:!EXPORT56:!aNULL:!LOW:!RC4:@STRENGTH)
[2018.10.23-07.20.34:494][788]LogHttp: Warning: 000002C0C81B2480: libcurl info message cache 5 (SSL re-using session ID)
[2018.10.23-07.20.34:494][788]LogHttp: Warning: 000002C0C81B2480: libcurl info message cache 6 (TLSv1.2 (OUT), TLS handshake, Client hello (1):)
[2018.10.23-07.20.34:494][788]LogHttp: Warning: 000002C0C81B2480: libcurl info message cache 7 (TLSv1.2 (IN), TLS handshake, Server hello (2):)
[2018.10.23-07.20.34:494][788]LogHttp: Warning: 000002C0C81B2480: libcurl info message cache 8 (TLSv1.2 (IN), TLS handshake, Certificate (11):)
[2018.10.23-07.20.34:494][788]LogHttp: Warning: 000002C0C81B2480: libcurl info message cache 9 (TLSv1.2 (IN), TLS handshake, Server key exchange (12):)
[2018.10.23-07.20.34:494][788]LogHttp: Warning: 000002C0C81B2480: libcurl info message cache 10 (TLSv1.2 (IN), TLS handshake, Server finished (14):)
[2018.10.23-07.20.34:494][788]LogHttp: Warning: 000002C0C81B2480: libcurl info message cache 11 (TLSv1.2 (OUT), TLS handshake, Client key exchange (16):)
[2018.10.23-07.20.34:494][788]LogHttp: Warning: 000002C0C81B2480: libcurl info message cache 12 (TLSv1.2 (OUT), TLS change cipher, Client hello (1):)
[2018.10.23-07.20.34:495][788]LogHttp: Warning: 000002C0C81B2480: libcurl info message cache 13 (TLSv1.2 (OUT), TLS handshake, Finished (20):)
[2018.10.23-07.20.34:495][788]LogHttp: Warning: 000002C0C81B2480: libcurl info message cache 14 (TLSv1.2 (IN), TLS change cipher, Client hello (1):)
[2018.10.23-07.20.34:495][788]LogHttp: Warning: 000002C0C81B2480: libcurl info message cache 15 (TLSv1.2 (IN), TLS handshake, Finished (20):)
[2018.10.23-07.20.34:495][788]LogHttp: Warning: 000002C0C81B2480: libcurl info message cache 16 (SSL connection using TLSv1.2 / ECDHE-RSA-AES256-GCM-SHA384)
[2018.10.23-07.20.34:495][788]LogHttp: Warning: 000002C0C81B2480: libcurl info message cache 17 (ALPN, server did not agree to a protocol)
[2018.10.23-07.20.34:495][788]LogHttp: Warning: 000002C0C81B2480: libcurl info message cache 18 (old SSL session ID is stale, removing)
[2018.10.23-07.20.34:495][788]LogHttp: Warning: 000002C0C81B2480: libcurl info message cache 19 (Server certificate:)
[2018.10.23-07.20.34:495][788]LogHttp: Warning: 000002C0C81B2480: libcurl info message cache 20 ( subject: C=CN; ST=ZheJiang; L=HangZhou; O=SRun; OU=SRunDep; CN=srunsoft)
[2018.10.23-07.20.34:495][788]LogHttp: Warning: 000002C0C81B2480: libcurl info message cache 21 ( start date: Nov 17 08:04:00 2015 GMT)
[2018.10.23-07.20.34:495][788]LogHttp: Warning: 000002C0C81B2480: libcurl info message cache 22 ( expire date: Nov 17 08:04:00 2025 GMT)
[2018.10.23-07.20.34:495][788]LogHttp: Warning: 000002C0C81B2480: libcurl info message cache 23 ( subjectAltName does not match datarouter.ol.epicgames.com)
[2018.10.23-07.20.34:495][788]LogHttp: Warning: 000002C0C81B2480: libcurl info message cache 24 (SSL: no alternative certificate subject name matches target host name 'datarouter.ol.epicgames.com')
[2018.10.23-07.20.34:495][788]LogHttp: Warning: 000002C0C81B2480: libcurl info message cache 25 (Closing connection 5)
[2018.10.23-07.20.34:495][788]LogHttp: Warning: 000002C0C81B2480: libcurl info message cache 26 (TLSv1.2 (OUT), TLS alert, Client hello (1):)
[2018.10.23-07.22.34:862][145]LogHttp: Warning: 000002C0C81B2480: request failed, libcurl error: 51 (SSL peer certificate or SSH remote key was not OK)
[2018.10.23-07.22.34:862][145]LogHttp: Warning: 000002C0C81B2480: libcurl info message cache 0 (Hostname in DNS cache was stale, zapped)
[2018.10.23-07.22.34:862][145]LogHttp: Warning: 000002C0C81B2480: libcurl info message cache 1 (  Trying 52.204.64.15...)
[2018.10.23-07.22.34:862][145]LogHttp: Warning: 000002C0C81B2480: libcurl info message cache 2 (TCP_NODELAY set)
[2018.10.23-07.22.34:863][145]LogHttp: Warning: 000002C0C81B2480: libcurl info message cache 3 (Connected to datarouter.ol.epicgames.com (52.204.64.15) port 443 (#6))
[2018.10.23-07.22.34:863][145]LogHttp: Warning: 000002C0C81B2480: libcurl info message cache 4 (ALPN, offering http/1.1)
[2018.10.23-07.22.34:863][145]LogHttp: Warning: 000002C0C81B2480: libcurl info message cache 5 (Cipher selection: ALL:!EXPORT:!EXPORT40:!EXPORT56:!aNULL:!LOW:!RC4:@STRENGTH)
[2018.10.23-07.22.34:863][145]LogHttp: Warning: 000002C0C81B2480: libcurl info message cache 6 (SSL re-using session ID)
[2018.10.23-07.22.34:863][145]LogHttp: Warning: 000002C0C81B2480: libcurl info message cache 7 (TLSv1.2 (OUT), TLS handshake, Client hello (1):)
[2018.10.23-07.22.34:863][145]LogHttp: Warning: 000002C0C81B2480: libcurl info message cache 8 (TLSv1.2 (IN), TLS handshake, Server hello (2):)
[2018.10.23-07.22.34:863][145]LogHttp: Warning: 000002C0C81B2480: libcurl info message cache 9 (TLSv1.2 (IN), TLS change cipher, Client hello (1):)
[2018.10.23-07.22.34:863][145]LogHttp: Warning: 000002C0C81B2480: libcurl info message cache 10 (TLSv1.2 (IN), TLS handshake, Finished (20):)
[2018.10.23-07.22.34:863][145]LogHttp: Warning: 000002C0C81B2480: libcurl info message cache 11 (TLSv1.2 (OUT), TLS change cipher, Client hello (1):)
[2018.10.23-07.22.34:863][145]LogHttp: Warning: 000002C0C81B2480: libcurl info message cache 12 (TLSv1.2 (OUT), TLS handshake, Finished (20):)
[2018.10.23-07.22.34:863][145]LogHttp: Warning: 000002C0C81B2480: libcurl info message cache 13 (SSL connection using TLSv1.2 / ECDHE-RSA-AES256-GCM-SHA384)
[2018.10.23-07.22.34:863][145]LogHttp: Warning: 000002C0C81B2480: libcurl info message cache 14 (ALPN, server did not agree to a protocol)
[2018.10.23-07.22.34:863][145]LogHttp: Warning: 000002C0C81B2480: libcurl info message cache 15 (Server certificate:)
[2018.10.23-07.22.34:863][145]LogHttp: Warning: 000002C0C81B2480: libcurl info message cache 16 ( subject: C=CN; ST=ZheJiang; L=HangZhou; O=SRun; OU=SRunDep; CN=srunsoft)
[2018.10.23-07.22.34:863][145]LogHttp: Warning: 000002C0C81B2480: libcurl info message cache 17 ( start date: Nov 17 08:04:00 2015 GMT)
[2018.10.23-07.22.34:863][145]LogHttp: Warning: 000002C0C81B2480: libcurl info message cache 18 ( expire date: Nov 17 08:04:00 2025 GMT)
[2018.10.23-07.22.34:863][145]LogHttp: Warning: 000002C0C81B2480: libcurl info message cache 19 ( subjectAltName does not match datarouter.ol.epicgames.com)
[2018.10.23-07.22.34:863][145]LogHttp: Warning: 000002C0C81B2480: libcurl info message cache 20 (SSL: no alternative certificate subject name matches target host name 'datarouter.ol.epicgames.com')
[2018.10.23-07.22.34:863][145]LogHttp: Warning: 000002C0C81B2480: libcurl info message cache 21 (Closing connection 6)
[2018.10.23-07.22.34:863][145]LogHttp: Warning: 000002C0C81B2480: libcurl info message cache 22 (TLSv1.2 (OUT), TLS alert, Client hello (1):)
[2018.10.23-07.24.46:601][536]LogHttp: Warning: 000002C0C81B2480: request failed, libcurl error: 6 (Couldn't resolve host name)
[2018.10.23-07.24.46:601][536]LogHttp: Warning: 000002C0C81B2480: libcurl info message cache 0 (Hostname in DNS cache was stale, zapped)
[2018.10.23-07.24.46:601][536]LogHttp: Warning: 000002C0C81B2480: libcurl info message cache 1 (Could not resolve host: datarouter.ol.epicgames.com)
[2018.10.23-07.24.46:601][536]LogHttp: Warning: 000002C0C81B2480: libcurl info message cache 2 (Closing connection 7)
[2018.10.23-07.26.46:989][893]LogHttp: Warning: 000002C0C81B2480: request failed, libcurl error: 6 (Couldn't resolve host name)
[2018.10.23-07.26.46:989][893]LogHttp: Warning: 000002C0C81B2480: libcurl info message cache 0 (Could not resolve host: datarouter.ol.epicgames.com)
[2018.10.23-07.26.46:989][893]LogHttp: Warning: 000002C0C81B2480: libcurl info message cache 1 (Closing connection 8)
[2018.10.23-07.28.47:456][251]LogHttp: Warning: 000002C0C81B2480: request failed, libcurl error: 6 (Couldn't resolve host name)
[2018.10.23-07.28.47:456][251]LogHttp: Warning: 000002C0C81B2480: libcurl info message cache 0 (Could not resolve host: datarouter.ol.epicgames.com)
[2018.10.23-07.28.47:456][251]LogHttp: Warning: 000002C0C81B2480: libcurl info message cache 1 (Closing connection 9)
[2018.10.23-07.29.39:497][405]LogSlate: Window '源码管理登陆' being destroyed
[2018.10.23-07.29.39:664][405]LogSlate: Window '我的项目2 - 虚幻编辑器' being destroyed
[2018.10.23-07.29.39:665][405]LogWindowsTextInputMethodSystem: Display: IME system now deactivated.
[2018.10.23-07.29.39:895][406]Cmd: QUIT_EDITOR
[2018.10.23-07.29.39:943][406]LogExit: Preparing to exit.
