Log file open, 10/23/18 14:36:29
LogWindows: Failed to load 'aqProf.dll' (GetLastError=126)
LogWindows: File 'aqProf.dll' does not exist
LogWindows: Failed to load 'VSPerf140.dll' (GetLastError=126)
LogWindows: File 'VSPerf140.dll' does not exist
LogWindows: Failed to load 'VtuneApi.dll' (GetLastError=126)
LogWindows: File 'VtuneApi.dll' does not exist
LogWindows: Failed to load 'VtuneApi32e.dll' (GetLastError=126)
LogWindows: File 'VtuneApi32e.dll' does not exist
LogInit: Display: Running engine for game: 我的项目2
LogPlatformFile: Not using cached read wrapper
LogTaskGraph: Started task graph with 5 named threads and 23 total threads with 3 sets of task threads.
LogStats: Stats thread started at 0.396396
LogD3D11RHI: Loaded GFSDK_Aftermath_Lib.x64.dll
LogICUInternationalization: Display: ICU TimeZone Detection - Raw Offset: +8:00, Platform Override: ''
LogPluginManager: Mounting plugin Paper2D
LogPluginManager: Mounting plugin AISupport
LogPluginManager: Mounting plugin LightPropagationVolume
LogPluginManager: Mounting plugin CLionSourceCodeAccess
LogPluginManager: Mounting plugin CodeLiteSourceCodeAccess
LogPluginManager: Mounting plugin GitSourceControl
LogPluginManager: Mounting plugin KDevelopSourceCodeAccess
LogPluginManager: Mounting plugin NullSourceCodeAccess
LogPluginManager: Mounting plugin PerforceSourceControl
LogPluginManager: Mounting plugin SubversionSourceControl
LogPluginManager: Mounting plugin UObjectPlugin
LogPluginManager: Mounting plugin VisualStudioCodeSourceCodeAccess
LogPluginManager: Mounting plugin VisualStudioSourceCodeAccess
LogPluginManager: Mounting plugin XCodeSourceCodeAccess
LogPluginManager: Mounting plugin AssetManagerEditor
LogPluginManager: Mounting plugin CryptoKeys
LogPluginManager: Mounting plugin DataValidation
LogPluginManager: Mounting plugin FacialAnimation
LogPluginManager: Mounting plugin GameplayTagsEditor
LogPluginManager: Mounting plugin MacGraphicsSwitching
LogPluginManager: Mounting plugin MeshEditor
LogPluginManager: Mounting plugin MobileLauncherProfileWizard
LogPluginManager: Mounting plugin PluginBrowser
LogPluginManager: Mounting plugin SpeedTreeImporter
LogPluginManager: Mounting plugin DatasmithContent
LogPluginManager: Mounting plugin AlembicImporter
LogPluginManager: Mounting plugin AppleImageUtils
LogPluginManager: Mounting plugin AppleVision
LogPluginManager: Mounting plugin BackChannel
LogPluginManager: Mounting plugin CharacterAI
LogPluginManager: Mounting plugin GeometryCache
LogPluginManager: Mounting plugin HTML5Networking
LogPluginManager: Mounting plugin ProxyLODPlugin
LogPluginManager: Mounting plugin MagicLeap
LogPluginManager: Mounting plugin MagicLeapEmulator
LogPluginManager: Mounting plugin MagicLeapMedia
LogPluginManager: Mounting plugin AndroidMedia
LogPluginManager: Mounting plugin AvfMedia
LogPluginManager: Mounting plugin ImgMedia
LogPluginManager: Mounting plugin LinearTimecode
LogPluginManager: Mounting plugin MediaCompositing
LogPluginManager: Mounting plugin MediaPlayerEditor
LogPluginManager: Mounting plugin WmfMedia
LogPluginManager: Mounting plugin TcpMessaging
LogPluginManager: Mounting plugin UdpMessaging
LogPluginManager: Mounting plugin ActorSequence
LogPluginManager: Mounting plugin LevelSequenceEditor
LogPluginManager: Mounting plugin MatineeToLevelSequence
LogPluginManager: Mounting plugin NetcodeUnitTest
LogPluginManager: Mounting plugin NUTUnrealEngine4
LogPluginManager: Mounting plugin OnlineSubsystemGooglePlay
LogPluginManager: Mounting plugin OnlineSubsystemIOS
LogPluginManager: Mounting plugin OnlineSubsystem
LogPluginManager: Mounting plugin OnlineSubsystemNull
LogPluginManager: Mounting plugin OnlineSubsystemUtils
LogPluginManager: Mounting plugin LauncherChunkInstaller
LogPluginManager: Mounting plugin AndroidDeviceProfileSelector
LogPluginManager: Mounting plugin AndroidMoviePlayer
LogPluginManager: Mounting plugin AndroidPermission
LogPluginManager: Mounting plugin AppleMoviePlayer
LogPluginManager: Mounting plugin ArchVisCharacter
LogPluginManager: Mounting plugin AudioCapture
LogPluginManager: Mounting plugin CableComponent
LogPluginManager: Mounting plugin CustomMeshComponent
LogPluginManager: Mounting plugin EditableMesh
LogPluginManager: Mounting plugin ExampleDeviceProfileSelector
LogPluginManager: Mounting plugin GoogleCloudMessaging
LogPluginManager: Mounting plugin ImmediatePhysics
LogPluginManager: Mounting plugin IOSDeviceProfileSelector
LogPluginManager: Mounting plugin LinuxDeviceProfileSelector
LogPluginManager: Mounting plugin LocationServicesBPLibrary
LogPluginManager: Mounting plugin MobilePatchingUtils
LogPluginManager: Mounting plugin OculusVR
LogPluginManager: Plugin shader directory ../../../Engine/Plugins/Runtime/Oculus/OculusVR/Shaders found
LogPluginManager: Mapping shader source directory ../../../Engine/Plugins/Runtime/Oculus/OculusVR/Shaders to virtual directory /Plugin/OculusVR
LogPluginManager: Mounting plugin PhysXVehicles
LogPluginManager: Mounting plugin ProceduralMeshComponent
LogPluginManager: Mounting plugin RuntimePhysXCooking
LogPluginManager: Mounting plugin SteamVR
LogPluginManager: Mounting plugin WindowsMoviePlayer
LogStreaming: Display: Took  0.559s to configure plugins.
LogInit: Using libcurl 7.55.1-DEV
LogInit:  - built for x86_64-pc-win32
LogInit:  - supports SSL with OpenSSL/1.0.2h
LogInit:  - supports HTTP deflate (compression) using libz 1.2.8
LogInit:  - other features:
LogInit:      CURL_VERSION_SSL
LogInit:      CURL_VERSION_LIBZ
LogInit:      CURL_VERSION_IPV6
LogInit:      CURL_VERSION_ASYNCHDNS
LogInit:      CURL_VERSION_LARGEFILE
LogInit:      CURL_VERSION_IDN
LogInit:  CurlRequestOptions (configurable via config and command line):
LogInit:  - bVerifyPeer = false  - Libcurl will NOT verify peer certificate
LogInit:  - bUseHttpProxy = false  - Libcurl will NOT use HTTP proxy
LogInit:  - bDontReuseConnections = false  - Libcurl will reuse connections
LogInit:  - CertBundlePath = nullptr  - Libcurl will use whatever was configured at build time.
LogInit:  - MaxHostConnections = 16  - Libcurl will limit the number of connections to a host
LogInit:  - LocalHostAddr = Default
LogInit:  - BufferSize = 65536
LogInit: WinSock: version 1.1 (2.2), MaxSocks=32767, MaxUdp=65467
LogInit: Build: ++UE4+Release-4.20-CL-4369336
LogInit: Engine Version: 4.20.3-4369336+++UE4+Release-4.20
LogInit: Compatible Engine Version: 4.20.0-4212847+++UE4+Release-4.20
LogInit: Net CL: 4212847
LogInit: OS: Windows 10 (), CPU: AMD Ryzen 5 PRO 2500U w/ Radeon Vega Mobile Gfx, GPU: AMD Radeon(TM) Vega 8 Graphics
LogInit: Compiled (64-bit): Sep 17 2018 12:26:19
LogInit: Compiled with Visual C++: 19.13.26129.00
LogInit: Build Configuration: Development
LogInit: Branch Name: ++UE4+Release-4.20
LogInit: Command Line: 
LogInit: Base Directory: C:/Program Files/Epic Games/UE_4.20/Engine/Binaries/Win64/
LogInit: Installed Engine Build: 1
LogDevObjectVersion: Number of dev versions registered: 20
LogDevObjectVersion:   Dev-Blueprints (B0D832E4-1F89-4F0D-ACCF-7EB736FD4AA2): 10
LogDevObjectVersion:   Dev-Build (E1C64328-A22C-4D53-A36C-8E866417BD8C): 0
LogDevObjectVersion:   Dev-Core (375EC13C-06E4-48FB-B500-84F0262A717E): 2
LogDevObjectVersion:   Dev-Editor (E4B068ED-F494-42E9-A231-DA0B2E46BB41): 24
LogDevObjectVersion:   Dev-Framework (CFFC743F-43B0-4480-9391-14DF171D2073): 34
LogDevObjectVersion:   Dev-Mobile (B02B49B5-BB20-44E9-A304-32B752E40360): 2
LogDevObjectVersion:   Dev-Networking (A4E4105C-59A1-49B5-A7C5-40C4547EDFEE): 0
LogDevObjectVersion:   Dev-Online (39C831C9-5AE6-47DC-9A44-9C173E1C8E7C): 0
LogDevObjectVersion:   Dev-Physics (78F01B33-EBEA-4F98-B9B4-84EACCB95AA2): 0
LogDevObjectVersion:   Dev-Platform (6631380F-2D4D-43E0-8009-CF276956A95A): 0
LogDevObjectVersion:   Dev-Rendering (12F88B9F-8875-4AFC-A67C-D90C383ABD29): 26
LogDevObjectVersion:   Dev-Sequencer (7B5AE74C-D270-4C10-A958-57980B212A5A): 9
LogDevObjectVersion:   Dev-VR (D7296918-1DD6-4BDD-9DE2-64A83CC13884): 2
LogDevObjectVersion:   Dev-LoadTimes (C2A15278-BFE7-4AFE-6C17-90FF531DF755): 1
LogDevObjectVersion:   Private-Geometry (6EACA3D4-40EC-4CC1-B786-8BED09428FC5): 3
LogDevObjectVersion:   Dev-AnimPhys (29E575DD-E0A3-4627-9D10-D276232CDCEA): 17
LogDevObjectVersion:   Dev-ReflectionCapture (6B266CEC-1EC7-4B8F-A30B-E4D90942FC07): 1
LogDevObjectVersion:   Dev-Automation (0DF73D61-A23F-47EA-B727-89E90C41499A): 1
LogDevObjectVersion:   FortniteMain (601D1886-AC64-4F84-AA16-D3DE0DEAC7D6): 12
LogDevObjectVersion:   Dev-Enterprise (9DFFBCD6-494F-0158-E221-12823C92A888): 1
LogStreaming: Display: Took  0.018s to delete old logs.
LogInit: Presizing for max 8388607 objects, including 0 objects not considered by GC, pre-allocating 0 bytes for permanent pool.
LogInit: Object subsystem initialized
[2018.10.23-06.36.29:951][  0]LogInit: Selected Device Profile: [Windows]
[2018.10.23-06.36.29:951][  0]LogInit: Applying CVar settings loaded from the selected device profile: [Windows]
[2018.10.23-06.36.30:001][  0]LogHAL: Display: Platform has ~ 7 GB [7446487040 / 8589934592 / 7], which maps to Smaller [LargestMinGB=32, LargerMinGB=12, DefaultMinGB=8, SmallerMinGB=6, SmallestMinGB=0)
[2018.10.23-06.36.30:001][  0]LogInit: Setting Device Profile CVar: [[r.Vulkan.UseRealUBs:1]]
[2018.10.23-06.36.30:001][  0]LogInit: Going up to parent DeviceProfile []
[2018.10.23-06.36.30:002][  0]LogInit: Computer: DESKTOP-1FJKDH6
[2018.10.23-06.36.30:002][  0]LogInit: User: Shika
[2018.10.23-06.36.30:002][  0]LogInit: CPU Page size=4096, Cores=4
[2018.10.23-06.36.30:002][  0]LogInit: High frequency timer resolution =1.949462 MHz
[2018.10.23-06.36.30:002][  0]LogMemory: Memory total: Physical=6.9GB (7GB approx)
[2018.10.23-06.36.30:003][  0]LogMemory: Platform Memory Stats for Windows
[2018.10.23-06.36.30:003][  0]LogMemory: Process Physical Memory: 101.85 MB used, 101.85 MB peak
[2018.10.23-06.36.30:003][  0]LogMemory: Process Virtual Memory: 89.52 MB used, 89.52 MB peak
[2018.10.23-06.36.30:003][  0]LogMemory: Physical Memory: 3766.26 MB used,  3335.27 MB free, 7101.52 MB total
[2018.10.23-06.36.30:003][  0]LogMemory: Virtual Memory: 4643.43 MB used,  3335.27 MB free, 134217728.00 MB total
[2018.10.23-06.36.30:052][  0]LogInit: Using OS detected language (zh-CN).
[2018.10.23-06.36.30:052][  0]LogInit: Using OS detected locale (zh-CN).
[2018.10.23-06.36.30:888][  0]LogStreaming: Display: Took  0.836s to InitEngineTextLocalization.
[2018.10.23-06.36.30:972][  0]LogSlate: New Slate User Created.  User Index 0, Is Virtual User: 0
[2018.10.23-06.36.30:972][  0]LogSlate: Slate User Registered.  User Index 0, Is Virtual User: 0
[2018.10.23-06.36.31:456][  0]LogHMD: Failed to initialize OpenVR with code 110
[2018.10.23-06.36.31:456][  0]LogD3D11RHI: D3D11 adapters:
[2018.10.23-06.36.31:513][  0]LogD3D11RHI:    0. 'AMD Radeon(TM) Vega 8 Graphics' (Feature Level 11_0)
[2018.10.23-06.36.31:513][  0]LogD3D11RHI:       1009/0/3550 MB DedicatedVideo/DedicatedSystem/SharedSystem, Outputs:1, VendorId:0x1002
[2018.10.23-06.36.31:518][  0]LogD3D11RHI:    1. 'Microsoft Basic Render Driver' (Feature Level 11_0)
[2018.10.23-06.36.31:518][  0]LogD3D11RHI:       0/0/3550 MB DedicatedVideo/DedicatedSystem/SharedSystem, Outputs:0, VendorId:0x1414
[2018.10.23-06.36.31:518][  0]LogD3D11RHI: Chosen D3D11 Adapter: 0
[2018.10.23-06.36.31:536][  0]LogD3D11RHI: Creating new Direct3DDevice
[2018.10.23-06.36.31:536][  0]LogD3D11RHI:     GPU DeviceId: 0x15dd (for the marketing name, search the web for "GPU Device Id")
[2018.10.23-06.36.31:536][  0]LogWindows: EnumDisplayDevices:
[2018.10.23-06.36.31:537][  0]LogWindows:    0. 'AMD Radeon(TM) Vega 8 Graphics' (P:1 D:1)
[2018.10.23-06.36.31:538][  0]LogWindows:    1. 'AMD Radeon(TM) Vega 8 Graphics' (P:0 D:0)
[2018.10.23-06.36.31:540][  0]LogWindows:    2. 'AMD Radeon(TM) Vega 8 Graphics' (P:0 D:0)
[2018.10.23-06.36.31:541][  0]LogWindows:    3. 'AMD Radeon(TM) Vega 8 Graphics' (P:0 D:0)
[2018.10.23-06.36.31:543][  0]LogWindows: DebugString: FoundDriverCount:4 
[2018.10.23-06.36.31:543][  0]LogD3D11RHI:     Adapter Name: AMD Radeon(TM) Vega 8 Graphics
[2018.10.23-06.36.31:543][  0]LogD3D11RHI:   Driver Version: Crimson ReLive 17.7 (internal:23.20.841.1792, unified:23.20.841.1792)
[2018.10.23-06.36.31:543][  0]LogD3D11RHI:      Driver Date: 6-27-2018
[2018.10.23-06.36.31:543][  0]LogRHI: Texture pool is 706 MB (70% of 1009 MB)
[2018.10.23-06.36.31:606][  0]LogD3D11RHI: Async texture creation enabled
[2018.10.23-06.36.31:622][  0]LogD3D11RHI: GPU Timing Frequency: 25.000000 (Debug: 2 1)
[2018.10.23-06.36.31:627][  0]LogShaderCompilers: Guid format shader working directory is -4 characters bigger than the processId version (../../../../../../Users/Shika/Documents/GitHub/-2/Intermediate/Shaders/WorkingDirectory/19124/).
[2018.10.23-06.36.31:627][  0]LogShaderCompilers: Cleaned the shader compiler working directory 'C:/Users/Shika/AppData/Local/Temp/UnrealShaderWorkingDir/6617CB29416AEF22FEAF8D90A3FB1F6E/'.
[2018.10.23-06.36.32:338][  0]LogTemp: Display: Loaded TP AllDesktopTargetPlatform
[2018.10.23-06.36.32:376][  0]LogTemp: Display: Loaded TP MacClientTargetPlatform
[2018.10.23-06.36.32:410][  0]LogTemp: Display: Loaded TP MacNoEditorTargetPlatform
[2018.10.23-06.36.32:444][  0]LogTemp: Display: Loaded TP MacServerTargetPlatform
[2018.10.23-06.36.32:473][  0]LogTemp: Display: Loaded TP MacTargetPlatform
[2018.10.23-06.36.32:501][  0]LogTemp: Display: Loaded TP WindowsClientTargetPlatform
[2018.10.23-06.36.32:542][  0]LogTemp: Display: Loaded TP WindowsNoEditorTargetPlatform
[2018.10.23-06.36.32:581][  0]LogTemp: Display: Loaded TP WindowsServerTargetPlatform
[2018.10.23-06.36.32:595][  0]LogTemp: Display: Loaded TP WindowsTargetPlatform
[2018.10.23-06.36.32:766][  0]LogTemp: Display: Loaded TP AndroidTargetPlatform
[2018.10.23-06.36.32:766][  0]LogTemp: Display: Loaded TP AndroidTargetPlatform
[2018.10.23-06.36.32:766][  0]LogTemp: Display: Loaded TP AndroidTargetPlatform
[2018.10.23-06.36.32:766][  0]LogTemp: Display: Loaded TP AndroidTargetPlatform
[2018.10.23-06.36.32:766][  0]LogTemp: Display: Loaded TP AndroidTargetPlatform
[2018.10.23-06.36.32:766][  0]LogTemp: Display: Loaded TP AndroidTargetPlatform
[2018.10.23-06.36.32:766][  0]LogTemp: Display: Loaded TP AndroidTargetPlatform
[2018.10.23-06.36.32:766][  0]LogTemp: Display: Loaded TP AndroidTargetPlatform
[2018.10.23-06.36.32:766][  0]LogTemp: Display: Loaded TP AndroidTargetPlatform
[2018.10.23-06.36.32:766][  0]LogTemp: Display: Loaded TP AndroidTargetPlatform
[2018.10.23-06.36.32:766][  0]LogTemp: Display: Loaded TP AndroidTargetPlatform
[2018.10.23-06.36.32:766][  0]LogTemp: Display: Loaded TP AndroidTargetPlatform
[2018.10.23-06.36.32:766][  0]LogTemp: Display: Loaded TP AndroidTargetPlatform
[2018.10.23-06.36.32:766][  0]LogTemp: Display: Loaded TP AndroidTargetPlatform
[2018.10.23-06.36.32:766][  0]LogTemp: Display: Loaded TP AndroidTargetPlatform
[2018.10.23-06.36.32:766][  0]LogTemp: Display: Loaded TP AndroidTargetPlatform
[2018.10.23-06.36.32:766][  0]LogTemp: Display: Loaded TP AndroidTargetPlatform
[2018.10.23-06.36.32:766][  0]LogTemp: Display: Loaded TP AndroidTargetPlatform
[2018.10.23-06.36.32:769][  0]LogTemp: Display: Loaded TP HTML5TargetPlatform
[2018.10.23-06.36.32:858][  0]LogTemp: Display: Loaded TP IOSTargetPlatform
[2018.10.23-06.36.32:858][  0]LogTemp: Display: Loaded TP IOSTargetPlatform
[2018.10.23-06.36.32:904][  0]LogTemp: Display: Loaded TP TVOSTargetPlatform
[2018.10.23-06.36.32:904][  0]LogTemp: Display: Loaded TP TVOSTargetPlatform
[2018.10.23-06.36.32:928][  0]LogTemp: Display: Loaded TP LinuxClientTargetPlatform
[2018.10.23-06.36.32:958][  0]LogTemp: Display: Loaded TP LinuxNoEditorTargetPlatform
[2018.10.23-06.36.32:986][  0]LogTemp: Display: Loaded TP LinuxServerTargetPlatform
[2018.10.23-06.36.33:014][  0]LogTemp: Display: Loaded TP LinuxTargetPlatform
[2018.10.23-06.36.33:031][  0]LogTemp: Display: Loaded TP LuminTargetPlatform
[2018.10.23-06.36.33:032][  0]LogTargetPlatformManager: Display: Building Assets For Windows
[2018.10.23-06.36.33:175][  0]LogXGEController: Cannot use XGE Controller as Incredibuild is not installed on this machine.
[2018.10.23-06.36.33:175][  0]LogShaderCompilers: Cannot use XGE Shader Compiler as Incredibuild is not installed on this machine.
[2018.10.23-06.36.33:175][  0]LogShaderCompilers: Display: Using Local Shader Compiler.
[2018.10.23-06.36.34:661][  0]LogDerivedDataCache: Display: Max Cache Size: 512 MB
[2018.10.23-06.36.34:769][  0]LogDerivedDataCache: Loaded boot cache 0.11s 71MB C:/Users/Shika/AppData/Local/UnrealEngine/4.20/DerivedDataCache/Boot.ddc.
[2018.10.23-06.36.34:770][  0]LogDerivedDataCache: Display: Loaded Boot cache: C:/Users/Shika/AppData/Local/UnrealEngine/4.20/DerivedDataCache/Boot.ddc
[2018.10.23-06.36.34:770][  0]LogDerivedDataCache: FDerivedDataBackendGraph:  Pak pak cache file ../../../../../../Users/Shika/Documents/GitHub/-2/DerivedDataCache/DDC.ddp not found, will not use a pak cache.
[2018.10.23-06.36.34:770][  0]LogDerivedDataCache: Unable to find inner node Pak for hierarchical cache Hierarchy.
[2018.10.23-06.36.34:770][  0]LogDerivedDataCache: FDerivedDataBackendGraph:  CompressedPak pak cache file ../../../../../../Users/Shika/Documents/GitHub/-2/DerivedDataCache/Compressed.ddp not found, will not use a pak cache.
[2018.10.23-06.36.34:770][  0]LogDerivedDataCache: Unable to find inner node CompressedPak for hierarchical cache Hierarchy.
[2018.10.23-06.36.34:799][  0]LogDerivedDataCache: Display: Pak cache opened for reading ../../../Engine/DerivedDataCache/Compressed.ddp.
[2018.10.23-06.36.34:815][  0]LogDerivedDataCache: Using Local data cache path C:/Users/Shika/AppData/Local/UnrealEngine/Common/DerivedDataCache: Writable
[2018.10.23-06.36.34:815][  0]LogDerivedDataCache: Shared data cache path not found in *engine.ini, will not use an Shared cache.
[2018.10.23-06.36.34:815][  0]LogDerivedDataCache: Unable to find inner node Shared for hierarchical cache Hierarchy.
[2018.10.23-06.36.34:855][  0]LogMaterial: Verifying Global Shaders for PCD3D_SM5
[2018.10.23-06.36.34:858][  0]LogSlate: Using FreeType 2.6.0
[2018.10.23-06.36.34:859][  0]LogSlate: SlateFontServices - WITH_FREETYPE: 1, WITH_HARFBUZZ: 1
[2018.10.23-06.36.34:990][  0]LogAssetRegistry: FAssetRegistry took 0.0320 seconds to start up
[2018.10.23-06.36.35:705][  0]LogInit: Selected Device Profile: [Windows]
[2018.10.23-06.36.35:846][  0]LogSimplygon: Simplygon DLL not present - disabling.
[2018.10.23-06.36.35:857][  0]LogMeshReduction: Using SimplygonSwarm for distributed automatic mesh merging
[2018.10.23-06.36.35:857][  0]LogMeshReduction: Using ProxyLODMeshReduction for automatic mesh merging
[2018.10.23-06.36.35:857][  0]LogMeshReduction: Using QuadricMeshReduction for automatic static mesh reduction
[2018.10.23-06.36.35:857][  0]LogMeshReduction: No automatic skeletal mesh reduction module available
[2018.10.23-06.36.36:030][  0]LogNetVersion: 我的项目2 1.0.0, NetCL: 4212847, EngineNetVer: 5, GameNetVer: 0 (Checksum: 1753104541)
[2018.10.23-06.36.38:129][  0]LogPackageLocalizationCache: Processed 11 localized package path(s) for 4 prioritized culture(s) in 1.131407 seconds
[2018.10.23-06.36.38:150][  0]LogUObjectArray: 38425 objects as part of root set at end of initial load.
[2018.10.23-06.36.38:150][  0]LogUObjectAllocator: 6690864 out of 0 bytes used by permanent object pool.
[2018.10.23-06.36.38:150][  0]LogUObjectArray: CloseDisregardForGC: 0/0 objects in disregard for GC pool
[2018.10.23-06.36.40:035][  0]LogTcpMessaging: Initializing TcpMessaging bridge
[2018.10.23-06.36.40:052][  0]LogUdpMessaging: Initializing bridge on interface 0.0.0.0:0 to multicast group 230.0.0.1:6666.
[2018.10.23-06.36.40:060][  0]FUdpSocketBuilder: Failed to subscribe UdpMessageMulticastSocket to multicast group 230.0.0.1
[2018.10.23-06.36.40:060][  0]FUdpSocketBuilder: Failed to create and initialize socket UdpMessageMulticastSocket (last error: 0)
[2018.10.23-06.36.40:060][  0]LogUdpMessaging: Warning: StartTransport failed to create multicast socket on 0.0.0.0:0, joined to 230.0.0.1:6666 with TTL 1
[2018.10.23-06.36.40:334][  0]SourceControl: 源码管理已禁用
[2018.10.23-06.36.40:860][  0]LogSourceControl: Error: 'C:/Users/Shika/Documents/GitHub/-2' is not a valid Git repository
[2018.10.23-06.36.41:322][  0]LogAndroidPermission: UAndroidPermissionCallbackProxy::GetInstance
[2018.10.23-06.36.41:458][  0]LogOcInput: OculusInput pre-init called
[2018.10.23-06.36.41:587][  0]LogEngine: Initializing Engine...
[2018.10.23-06.36.41:589][  0]LogHMD: Failed to initialize OpenVR with code 110
[2018.10.23-06.36.41:594][  0]LogStats: UGameplayTagsManager::ConstructGameplayTagTree: ImportINI prefixes -  0.000 s
[2018.10.23-06.36.41:594][  0]LogStats: UGameplayTagsManager::ConstructGameplayTagTree: Construct from data asset -  0.000 s
[2018.10.23-06.36.41:594][  0]LogStats: UGameplayTagsManager::ConstructGameplayTagTree: ImportINI -  0.000 s
[2018.10.23-06.36.41:594][  0]LogStats: UGameplayTagsManager::ConstructGameplayTagTree: GameplayTagTreeChangedEvent.Broadcast -  0.000 s
[2018.10.23-06.36.42:020][  0]LogInit: Initializing FReadOnlyCVARCache
[2018.10.23-06.36.42:059][  0]LogAIModule: Creating AISystem for world Untitled
[2018.10.23-06.36.42:084][  0]LogInit: XAudio2 using '扬声器 (Conexant SmartAudio HD)' : 2 channels at 48 kHz using 32 bits per sample (channel mask 0x3)
[2018.10.23-06.36.42:355][  0]LogInit: FAudioDevice initialized.
[2018.10.23-06.36.42:355][  0]LogNetVersion: Set ProjectVersion to 1.0.0.0. Version Checksum will be recalculated on next use.
[2018.10.23-06.36.42:479][  0]LogDerivedDataCache: Saved boot cache 0.12s 71MB C:/Users/Shika/AppData/Local/UnrealEngine/4.20/DerivedDataCache/Boot.ddc.
[2018.10.23-06.36.42:502][  0]LogInit: Texture streaming: Enabled
[2018.10.23-06.36.42:550][  0]LogEngineSessionManager: EngineSessionManager initialized
[2018.10.23-06.36.42:587][  0]LogInit: Transaction tracking system initialized
[2018.10.23-06.36.42:651][  0]BlueprintLog: New page: 编辑器加载
[2018.10.23-06.36.42:856][  0]LocalizationService: 本地化服务已禁用
[2018.10.23-06.36.43:415][  0]LogCook: Display: Max memory allowance for cook 16384mb min free memory 0mb
[2018.10.23-06.36.43:415][  0]LogCook: Display: Mobile HDR setting 1
[2018.10.23-06.36.43:415][  0]LogGameplayTags: Display: UGameplayTagsManager::DoneAddingNativeTags. DelegateIsBound: 0
[2018.10.23-06.36.43:415][  0]LogStats: UGameplayTagsManager::ConstructGameplayTagTree: ImportINI prefixes -  0.000 s
[2018.10.23-06.36.43:415][  0]LogStats: UGameplayTagsManager::ConstructGameplayTagTree: Construct from data asset -  0.000 s
[2018.10.23-06.36.43:416][  0]LogStats: UGameplayTagsManager::ConstructGameplayTagTree: ImportINI -  0.000 s
[2018.10.23-06.36.43:416][  0]LogStats: UGameplayTagsManager::ConstructGameplayTagTree: GameplayTagTreeChangedEvent.Broadcast -  0.000 s
[2018.10.23-06.36.43:699][  0]LogFileCache: Scanning file cache for directory 'C:/Users/Shika/Documents/GitHub/-2/Content/' took 0.04s
[2018.10.23-06.36.43:717][  0]Cmd: MAP LOAD FILE="../../../../../../Users/Shika/Documents/GitHub/-2/Content/TopDownBP/Maps/TopDownExampleMap.umap" TEMPLATE=0 SHOWPROGRESS=1 FEATURELEVEL=3
[2018.10.23-06.36.43:732][  0]LightingResults: New page: 光照构建
[2018.10.23-06.36.43:739][  0]MapCheck: New page: 地图检测
[2018.10.23-06.36.43:740][  0]LightingResults: New page: 光照构建
[2018.10.23-06.36.47:970][  0]LogAIModule: Creating AISystem for world TopDownExampleMap
[2018.10.23-06.36.48:068][  0]LogEditorServer: Finished looking for orphan Actors (0.000 secs)
[2018.10.23-06.36.48:133][  0]Cmd: MAP CHECKDEP NOCLEARLOG
[2018.10.23-06.36.48:352][  0]MapCheck: 地图检测完成：0个错误，0 个警告，用时218.994毫秒完成。
[2018.10.23-06.36.48:353][  0]LogFileHelpers: Loading map 'TopDownExampleMap' took 4.636
[2018.10.23-06.36.48:568][  0]LogSlate: Updating window title bar state: overlay mode, drag disabled, window buttons hidden, title bar hidden
[2018.10.23-06.36.48:587][  0]LogSlate: Updating window title bar state: overlay mode, drag disabled, window buttons hidden, title bar hidden
[2018.10.23-06.36.48:605][  0]LogSlate: Updating window title bar state: overlay mode, drag disabled, window buttons hidden, title bar hidden
[2018.10.23-06.36.48:623][  0]LogSlate: Updating window title bar state: overlay mode, drag disabled, window buttons hidden, title bar hidden
[2018.10.23-06.36.48:653][  0]LogCollectionManager: Loaded 0 collections in 0.005752 seconds
[2018.10.23-06.36.48:721][  0]LogFileCache: Scanning file cache for directory 'C:/Users/Shika/Documents/GitHub/-2/Saved/Collections/' took 0.01s
[2018.10.23-06.36.48:721][  0]LogFileCache: Scanning file cache for directory 'C:/Users/Shika/Documents/GitHub/-2/Content/Developers/Shika/Collections/' took 0.01s
[2018.10.23-06.36.48:721][  0]LogFileCache: Scanning file cache for directory 'C:/Users/Shika/Documents/GitHub/-2/Content/Collections/' took 0.01s
[2018.10.23-06.36.48:721][  0]LogCollectionManager: Rebuilt the GUID cache for 0 collections in 0.000001 seconds
[2018.10.23-06.36.48:745][  0]LogContentBrowser: Native class hierarchy populated in 0.0234 seconds. Added 2572 classes and 603 folders.
[2018.10.23-06.36.48:767][  0]LogContentBrowser: Native class hierarchy updated for 'WidgetCarousel' in 0.0007 seconds. Added 0 classes and 0 folders.
[2018.10.23-06.36.49:720][  0]LogContentBrowser: Native class hierarchy updated for 'AddContentDialog' in 0.0006 seconds. Added 0 classes and 0 folders.
[2018.10.23-06.36.49:763][  0]LogContentBrowser: Native class hierarchy updated for 'SceneOutliner' in 0.0007 seconds. Added 1 classes and 2 folders.
[2018.10.23-06.36.49:881][  0]LogContentBrowser: Native class hierarchy updated for 'HierarchicalLODOutliner' in 0.0007 seconds. Added 0 classes and 0 folders.
[2018.10.23-06.36.49:881][  0]LogLoad: (Engine Initialization) Total time: 25.26 seconds
[2018.10.23-06.36.49:881][  0]LogLoad: (Engine Initialization) Total Blueprint compile time: 0.00 seconds
[2018.10.23-06.36.49:903][  0]LogWindowsTextInputMethodSystem: Display: IME system now deactivated.
[2018.10.23-06.36.49:936][  0]LogContentStreaming: Texture pool size now 1000 MB
[2018.10.23-06.36.49:940][  0]LogSlate: Took 0.000487 seconds to synchronously load lazily loaded font '../../../Engine/Content/Slate/Fonts/Roboto-Regular.ttf' (155K)
[2018.10.23-06.36.49:944][  0]LogSlate: Took 0.004412 seconds to synchronously load lazily loaded font '../../../Engine/Content/Slate/Fonts/DroidSansFallback.ttf' (3848K)
[2018.10.23-06.36.49:947][  0]LogSlate: Took 0.000474 seconds to synchronously load lazily loaded font '../../../Engine/Content/Slate/Fonts/Roboto-Bold.ttf' (160K)
[2018.10.23-06.36.49:969][  0]LogSlate: Took 0.013221 seconds to synchronously load lazily loaded font '../../../Engine/Content/Editor/Slate/Fonts/FontAwesome.ttf' (139K)
[2018.10.23-06.36.50:307][  0]LogRenderer: Reallocating scene render targets to support 800x360 Format 10 NumSamples 1 (Frame:1).
[2018.10.23-06.36.50:826][  2]LogSlate: Took 0.018039 seconds to synchronously load lazily loaded font '../../../Engine/Content/Slate/Fonts/Roboto-Light.ttf' (167K)
[2018.10.23-06.36.50:901][  3]LogAssetRegistry: Asset discovery search completed in 15.9348 seconds
[2018.10.23-06.36.50:905][  3]LogCollectionManager: Rebuilt the object cache for 0 collections in 0.000001 seconds (found 0 objects)
[2018.10.23-06.36.50:905][  3]LogCollectionManager: Fixed up redirectors for 0 collections in 0.000133 seconds (updated 0 objects)
[2018.10.23-06.36.55:857][288]LogSlate: FSceneViewport::OnFocusLost() reason 0
[2018.10.23-06.37.38:247][751]SourceControl: Error: Error: unknown shorthand flag: 'C' in -C
[2018.10.23-06.37.38:247][751]SourceControl: Error: Error: unknown shorthand flag: 'C' in -C
[2018.10.23-06.37.38:247][751]SourceControl: Error: 未能启用Git源码管理。需要首先将项目初始化为Git元库。
[2018.10.23-06.37.50:391][318]LogHttp: Warning: 0000021559F6AC00: request failed, libcurl error: 6 (Couldn't resolve host name)
[2018.10.23-06.37.50:392][318]LogHttp: Warning: 0000021559F6AC00: libcurl info message cache 0 (Could not resolve host: datarouter.ol.epicgames.com)
[2018.10.23-06.37.50:392][318]LogHttp: Warning: 0000021559F6AC00: libcurl info message cache 1 (Closing connection 0)
[2018.10.23-06.38.09:291][911]LogSourceControl: Error: 'C:/Users/Shika/Documents/GitHub/-2' is not a valid Git repository
[2018.10.23-06.39.50:919][796]LogHttp: Warning: 0000021559F6AD40: request failed, libcurl error: 6 (Couldn't resolve host name)
[2018.10.23-06.39.50:919][796]LogHttp: Warning: 0000021559F6AD40: libcurl info message cache 0 (Could not resolve host: datarouter.ol.epicgames.com)
[2018.10.23-06.39.50:920][796]LogHttp: Warning: 0000021559F6AD40: libcurl info message cache 1 (Closing connection 1)
[2018.10.23-06.41.51:258][141]LogHttp: Warning: 0000021559F6AD40: request failed, libcurl error: 6 (Couldn't resolve host name)
[2018.10.23-06.41.51:259][141]LogHttp: Warning: 0000021559F6AD40: libcurl info message cache 0 (Could not resolve host: datarouter.ol.epicgames.com)
[2018.10.23-06.41.51:259][141]LogHttp: Warning: 0000021559F6AD40: libcurl info message cache 1 (Closing connection 2)
[2018.10.23-06.43.51:640][500]LogHttp: Warning: 0000021559F6AD40: request failed, libcurl error: 6 (Couldn't resolve host name)
[2018.10.23-06.43.51:640][500]LogHttp: Warning: 0000021559F6AD40: libcurl info message cache 0 (Could not resolve host: datarouter.ol.epicgames.com)
[2018.10.23-06.43.51:640][500]LogHttp: Warning: 0000021559F6AD40: libcurl info message cache 1 (Closing connection 3)
[2018.10.23-06.44.24:058][887]LogSlate: Window '源码管理登陆' being destroyed
[2018.10.23-06.45.52:297][150]LogHttp: Warning: 0000021559F6B380: request failed, libcurl error: 6 (Couldn't resolve host name)
[2018.10.23-06.45.52:297][150]LogHttp: Warning: 0000021559F6B380: libcurl info message cache 0 (Could not resolve host: datarouter.ol.epicgames.com)
[2018.10.23-06.45.52:297][150]LogHttp: Warning: 0000021559F6B380: libcurl info message cache 1 (Closing connection 4)
