Log file open, 10/23/18 01:48:47
LogWindows: Failed to load 'aqProf.dll' (GetLastError=126)
LogWindows: File 'aqProf.dll' does not exist
LogWindows: Failed to load 'VSPerf140.dll' (GetLastError=126)
LogWindows: File 'VSPerf140.dll' does not exist
LogWindows: Failed to load 'VtuneApi.dll' (GetLastError=126)
LogWindows: File 'VtuneApi.dll' does not exist
LogWindows: Failed to load 'VtuneApi32e.dll' (GetLastError=126)
LogWindows: File 'VtuneApi32e.dll' does not exist
LogInit: Display: Running engine for game: 我的项目2
LogPlatformFile: Not using cached read wrapper
LogTaskGraph: Started task graph with 5 named threads and 23 total threads with 3 sets of task threads.
LogStats: Stats thread started at 0.315676
LogD3D11RHI: Loaded GFSDK_Aftermath_Lib.x64.dll
LogICUInternationalization: Display: ICU TimeZone Detection - Raw Offset: +8:00, Platform Override: ''
LogPluginManager: Mounting plugin Paper2D
LogPluginManager: Mounting plugin AISupport
LogPluginManager: Mounting plugin LightPropagationVolume
LogPluginManager: Mounting plugin CLionSourceCodeAccess
LogPluginManager: Mounting plugin CodeLiteSourceCodeAccess
LogPluginManager: Mounting plugin GitSourceControl
LogPluginManager: Mounting plugin KDevelopSourceCodeAccess
LogPluginManager: Mounting plugin NullSourceCodeAccess
LogPluginManager: Mounting plugin PerforceSourceControl
LogPluginManager: Mounting plugin SubversionSourceControl
LogPluginManager: Mounting plugin UObjectPlugin
LogPluginManager: Mounting plugin VisualStudioCodeSourceCodeAccess
LogPluginManager: Mounting plugin VisualStudioSourceCodeAccess
LogPluginManager: Mounting plugin XCodeSourceCodeAccess
LogPluginManager: Mounting plugin AssetManagerEditor
LogPluginManager: Mounting plugin CryptoKeys
LogPluginManager: Mounting plugin DataValidation
LogPluginManager: Mounting plugin FacialAnimation
LogPluginManager: Mounting plugin GameplayTagsEditor
LogPluginManager: Mounting plugin MacGraphicsSwitching
LogPluginManager: Mounting plugin MeshEditor
LogPluginManager: Mounting plugin MobileLauncherProfileWizard
LogPluginManager: Mounting plugin PluginBrowser
LogPluginManager: Mounting plugin SpeedTreeImporter
LogPluginManager: Mounting plugin DatasmithContent
LogPluginManager: Mounting plugin AlembicImporter
LogPluginManager: Mounting plugin AppleImageUtils
LogPluginManager: Mounting plugin AppleVision
LogPluginManager: Mounting plugin BackChannel
LogPluginManager: Mounting plugin CharacterAI
LogPluginManager: Mounting plugin GeometryCache
LogPluginManager: Mounting plugin HTML5Networking
LogPluginManager: Mounting plugin ProxyLODPlugin
LogPluginManager: Mounting plugin MagicLeap
LogPluginManager: Mounting plugin MagicLeapEmulator
LogPluginManager: Mounting plugin MagicLeapMedia
LogPluginManager: Mounting plugin UE4EditorCustomize
LogPluginManager: Mounting plugin AndroidMedia
LogPluginManager: Mounting plugin AvfMedia
LogPluginManager: Mounting plugin ImgMedia
LogPluginManager: Mounting plugin LinearTimecode
LogPluginManager: Mounting plugin MediaCompositing
LogPluginManager: Mounting plugin MediaPlayerEditor
LogPluginManager: Mounting plugin WmfMedia
LogPluginManager: Mounting plugin TcpMessaging
LogPluginManager: Mounting plugin UdpMessaging
LogPluginManager: Mounting plugin ActorSequence
LogPluginManager: Mounting plugin LevelSequenceEditor
LogPluginManager: Mounting plugin MatineeToLevelSequence
LogPluginManager: Mounting plugin NetcodeUnitTest
LogPluginManager: Mounting plugin NUTUnrealEngine4
LogPluginManager: Mounting plugin OnlineSubsystemGooglePlay
LogPluginManager: Mounting plugin OnlineSubsystemIOS
LogPluginManager: Mounting plugin OnlineSubsystem
LogPluginManager: Mounting plugin OnlineSubsystemNull
LogPluginManager: Mounting plugin OnlineSubsystemUtils
LogPluginManager: Mounting plugin LauncherChunkInstaller
LogPluginManager: Mounting plugin AndroidDeviceProfileSelector
LogPluginManager: Mounting plugin AndroidMoviePlayer
LogPluginManager: Mounting plugin AndroidPermission
LogPluginManager: Mounting plugin AppleMoviePlayer
LogPluginManager: Mounting plugin ArchVisCharacter
LogPluginManager: Mounting plugin AudioCapture
LogPluginManager: Mounting plugin CableComponent
LogPluginManager: Mounting plugin CustomMeshComponent
LogPluginManager: Mounting plugin EditableMesh
LogPluginManager: Mounting plugin ExampleDeviceProfileSelector
LogPluginManager: Mounting plugin GoogleCloudMessaging
LogPluginManager: Mounting plugin ImmediatePhysics
LogPluginManager: Mounting plugin IOSDeviceProfileSelector
LogPluginManager: Mounting plugin LinuxDeviceProfileSelector
LogPluginManager: Mounting plugin LocationServicesBPLibrary
LogPluginManager: Mounting plugin MobilePatchingUtils
LogPluginManager: Mounting plugin OculusVR
LogPluginManager: Plugin shader directory ../../../Engine/Plugins/Runtime/Oculus/OculusVR/Shaders found
LogPluginManager: Mapping shader source directory ../../../Engine/Plugins/Runtime/Oculus/OculusVR/Shaders to virtual directory /Plugin/OculusVR
LogPluginManager: Mounting plugin PhysXVehicles
LogPluginManager: Mounting plugin ProceduralMeshComponent
LogPluginManager: Mounting plugin RuntimePhysXCooking
LogPluginManager: Mounting plugin SteamVR
LogPluginManager: Mounting plugin WindowsMoviePlayer
LogStreaming: Display: Took  0.292s to configure plugins.
LogInit: Using libcurl 7.55.1-DEV
LogInit:  - built for x86_64-pc-win32
LogInit:  - supports SSL with OpenSSL/1.0.2h
LogInit:  - supports HTTP deflate (compression) using libz 1.2.8
LogInit:  - other features:
LogInit:      CURL_VERSION_SSL
LogInit:      CURL_VERSION_LIBZ
LogInit:      CURL_VERSION_IPV6
LogInit:      CURL_VERSION_ASYNCHDNS
LogInit:      CURL_VERSION_LARGEFILE
LogInit:      CURL_VERSION_IDN
LogInit:  CurlRequestOptions (configurable via config and command line):
LogInit:  - bVerifyPeer = false  - Libcurl will NOT verify peer certificate
LogInit:  - bUseHttpProxy = false  - Libcurl will NOT use HTTP proxy
LogInit:  - bDontReuseConnections = false  - Libcurl will reuse connections
LogInit:  - CertBundlePath = nullptr  - Libcurl will use whatever was configured at build time.
LogInit:  - MaxHostConnections = 16  - Libcurl will limit the number of connections to a host
LogInit:  - LocalHostAddr = Default
LogInit:  - BufferSize = 65536
LogInit: WinSock: version 1.1 (2.2), MaxSocks=32767, MaxUdp=65467
LogInit: Build: ++UE4+Release-4.20-CL-4369336
LogInit: Engine Version: 4.20.3-4369336+++UE4+Release-4.20
LogInit: Compatible Engine Version: 4.20.0-4212847+++UE4+Release-4.20
LogInit: Net CL: 4212847
LogInit: OS: Windows 10 (), CPU: AMD Ryzen 5 PRO 2500U w/ Radeon Vega Mobile Gfx, GPU: AMD Radeon(TM) Vega 8 Graphics
LogInit: Compiled (64-bit): Sep 17 2018 12:26:19
LogInit: Compiled with Visual C++: 19.13.26129.00
LogInit: Build Configuration: Development
LogInit: Branch Name: ++UE4+Release-4.20
LogInit: Command Line: 
LogInit: Base Directory: C:/Program Files/Epic Games/UE_4.20/Engine/Binaries/Win64/
LogInit: Installed Engine Build: 1
LogDevObjectVersion: Number of dev versions registered: 20
LogDevObjectVersion:   Dev-Blueprints (B0D832E4-1F89-4F0D-ACCF-7EB736FD4AA2): 10
LogDevObjectVersion:   Dev-Build (E1C64328-A22C-4D53-A36C-8E866417BD8C): 0
LogDevObjectVersion:   Dev-Core (375EC13C-06E4-48FB-B500-84F0262A717E): 2
LogDevObjectVersion:   Dev-Editor (E4B068ED-F494-42E9-A231-DA0B2E46BB41): 24
LogDevObjectVersion:   Dev-Framework (CFFC743F-43B0-4480-9391-14DF171D2073): 34
LogDevObjectVersion:   Dev-Mobile (B02B49B5-BB20-44E9-A304-32B752E40360): 2
LogDevObjectVersion:   Dev-Networking (A4E4105C-59A1-49B5-A7C5-40C4547EDFEE): 0
LogDevObjectVersion:   Dev-Online (39C831C9-5AE6-47DC-9A44-9C173E1C8E7C): 0
LogDevObjectVersion:   Dev-Physics (78F01B33-EBEA-4F98-B9B4-84EACCB95AA2): 0
LogDevObjectVersion:   Dev-Platform (6631380F-2D4D-43E0-8009-CF276956A95A): 0
LogDevObjectVersion:   Dev-Rendering (12F88B9F-8875-4AFC-A67C-D90C383ABD29): 26
LogDevObjectVersion:   Dev-Sequencer (7B5AE74C-D270-4C10-A958-57980B212A5A): 9
LogDevObjectVersion:   Dev-VR (D7296918-1DD6-4BDD-9DE2-64A83CC13884): 2
LogDevObjectVersion:   Dev-LoadTimes (C2A15278-BFE7-4AFE-6C17-90FF531DF755): 1
LogDevObjectVersion:   Private-Geometry (6EACA3D4-40EC-4CC1-B786-8BED09428FC5): 3
LogDevObjectVersion:   Dev-AnimPhys (29E575DD-E0A3-4627-9D10-D276232CDCEA): 17
LogDevObjectVersion:   Dev-ReflectionCapture (6B266CEC-1EC7-4B8F-A30B-E4D90942FC07): 1
LogDevObjectVersion:   Dev-Automation (0DF73D61-A23F-47EA-B727-89E90C41499A): 1
LogDevObjectVersion:   FortniteMain (601D1886-AC64-4F84-AA16-D3DE0DEAC7D6): 12
LogDevObjectVersion:   Dev-Enterprise (9DFFBCD6-494F-0158-E221-12823C92A888): 1
LogStreaming: Display: Took  0.007s to delete old logs.
LogInit: Presizing for max 8388607 objects, including 0 objects not considered by GC, pre-allocating 0 bytes for permanent pool.
LogInit: Object subsystem initialized
[2018.10.22-17.48.47:560][  0]LogInit: Selected Device Profile: [Windows]
[2018.10.22-17.48.47:560][  0]LogInit: Applying CVar settings loaded from the selected device profile: [Windows]
[2018.10.22-17.48.47:597][  0]LogHAL: Display: Platform has ~ 7 GB [7446487040 / 8589934592 / 7], which maps to Smaller [LargestMinGB=32, LargerMinGB=12, DefaultMinGB=8, SmallerMinGB=6, SmallestMinGB=0)
[2018.10.22-17.48.47:597][  0]LogInit: Setting Device Profile CVar: [[r.Vulkan.UseRealUBs:1]]
[2018.10.22-17.48.47:597][  0]LogInit: Going up to parent DeviceProfile []
[2018.10.22-17.48.47:598][  0]LogInit: Computer: DESKTOP-1FJKDH6
[2018.10.22-17.48.47:598][  0]LogInit: User: Shika
[2018.10.22-17.48.47:598][  0]LogInit: CPU Page size=4096, Cores=4
[2018.10.22-17.48.47:598][  0]LogInit: High frequency timer resolution =1.949462 MHz
[2018.10.22-17.48.47:598][  0]LogMemory: Memory total: Physical=6.9GB (7GB approx)
[2018.10.22-17.48.47:598][  0]LogMemory: Platform Memory Stats for Windows
[2018.10.22-17.48.47:598][  0]LogMemory: Process Physical Memory: 101.84 MB used, 101.84 MB peak
[2018.10.22-17.48.47:598][  0]LogMemory: Process Virtual Memory: 89.39 MB used, 89.39 MB peak
[2018.10.22-17.48.47:598][  0]LogMemory: Physical Memory: 4246.34 MB used,  2855.18 MB free, 7101.52 MB total
[2018.10.22-17.48.47:598][  0]LogMemory: Virtual Memory: 4643.43 MB used,  2855.18 MB free, 134217728.00 MB total
[2018.10.22-17.48.47:629][  0]LogInit: Using OS detected language (zh-CN).
[2018.10.22-17.48.47:629][  0]LogInit: Using OS detected locale (zh-CN).
[2018.10.22-17.48.48:065][  0]LogStreaming: Display: Took  0.436s to InitEngineTextLocalization.
[2018.10.22-17.48.48:131][  0]LogSlate: New Slate User Created.  User Index 0, Is Virtual User: 0
[2018.10.22-17.48.48:131][  0]LogSlate: Slate User Registered.  User Index 0, Is Virtual User: 0
[2018.10.22-17.48.48:436][  0]LogHMD: Failed to initialize OpenVR with code 110
[2018.10.22-17.48.48:436][  0]LogD3D11RHI: D3D11 adapters:
[2018.10.22-17.48.48:473][  0]LogD3D11RHI:    0. 'AMD Radeon(TM) Vega 8 Graphics' (Feature Level 11_0)
[2018.10.22-17.48.48:473][  0]LogD3D11RHI:       1009/0/3550 MB DedicatedVideo/DedicatedSystem/SharedSystem, Outputs:1, VendorId:0x1002
[2018.10.22-17.48.48:477][  0]LogD3D11RHI:    1. 'Microsoft Basic Render Driver' (Feature Level 11_0)
[2018.10.22-17.48.48:477][  0]LogD3D11RHI:       0/0/3550 MB DedicatedVideo/DedicatedSystem/SharedSystem, Outputs:0, VendorId:0x1414
[2018.10.22-17.48.48:477][  0]LogD3D11RHI: Chosen D3D11 Adapter: 0
[2018.10.22-17.48.48:496][  0]LogD3D11RHI: Creating new Direct3DDevice
[2018.10.22-17.48.48:496][  0]LogD3D11RHI:     GPU DeviceId: 0x15dd (for the marketing name, search the web for "GPU Device Id")
[2018.10.22-17.48.48:496][  0]LogWindows: EnumDisplayDevices:
[2018.10.22-17.48.48:496][  0]LogWindows:    0. 'AMD Radeon(TM) Vega 8 Graphics' (P:1 D:1)
[2018.10.22-17.48.48:498][  0]LogWindows:    1. 'AMD Radeon(TM) Vega 8 Graphics' (P:0 D:0)
[2018.10.22-17.48.48:499][  0]LogWindows:    2. 'AMD Radeon(TM) Vega 8 Graphics' (P:0 D:0)
[2018.10.22-17.48.48:500][  0]LogWindows:    3. 'AMD Radeon(TM) Vega 8 Graphics' (P:0 D:0)
[2018.10.22-17.48.48:502][  0]LogWindows: DebugString: FoundDriverCount:4 
[2018.10.22-17.48.48:502][  0]LogD3D11RHI:     Adapter Name: AMD Radeon(TM) Vega 8 Graphics
[2018.10.22-17.48.48:502][  0]LogD3D11RHI:   Driver Version: Crimson ReLive 17.7 (internal:23.20.841.1792, unified:23.20.841.1792)
[2018.10.22-17.48.48:502][  0]LogD3D11RHI:      Driver Date: 6-27-2018
[2018.10.22-17.48.48:502][  0]LogRHI: Texture pool is 706 MB (70% of 1009 MB)
[2018.10.22-17.48.48:559][  0]LogD3D11RHI: Async texture creation enabled
[2018.10.22-17.48.48:573][  0]LogD3D11RHI: GPU Timing Frequency: 25.000000 (Debug: 2 1)
[2018.10.22-17.48.48:576][  0]LogShaderCompilers: Guid format shader working directory is -4 characters bigger than the processId version (../../../../../../Users/Shika/Documents/GitHub/-2/Intermediate/Shaders/WorkingDirectory/30308/).
[2018.10.22-17.48.48:576][  0]LogShaderCompilers: Cleaned the shader compiler working directory 'C:/Users/Shika/AppData/Local/Temp/UnrealShaderWorkingDir/741306054FEB2D3A7CD616A9E1E5941F/'.
[2018.10.22-17.48.48:985][  0]LogTemp: Display: Loaded TP AllDesktopTargetPlatform
[2018.10.22-17.48.49:008][  0]LogTemp: Display: Loaded TP MacClientTargetPlatform
[2018.10.22-17.48.49:029][  0]LogTemp: Display: Loaded TP MacNoEditorTargetPlatform
[2018.10.22-17.48.49:049][  0]LogTemp: Display: Loaded TP MacServerTargetPlatform
[2018.10.22-17.48.49:070][  0]LogTemp: Display: Loaded TP MacTargetPlatform
[2018.10.22-17.48.49:090][  0]LogTemp: Display: Loaded TP WindowsClientTargetPlatform
[2018.10.22-17.48.49:112][  0]LogTemp: Display: Loaded TP WindowsNoEditorTargetPlatform
[2018.10.22-17.48.49:137][  0]LogTemp: Display: Loaded TP WindowsServerTargetPlatform
[2018.10.22-17.48.49:148][  0]LogTemp: Display: Loaded TP WindowsTargetPlatform
[2018.10.22-17.48.49:253][  0]LogTemp: Display: Loaded TP AndroidTargetPlatform
[2018.10.22-17.48.49:253][  0]LogTemp: Display: Loaded TP AndroidTargetPlatform
[2018.10.22-17.48.49:253][  0]LogTemp: Display: Loaded TP AndroidTargetPlatform
[2018.10.22-17.48.49:253][  0]LogTemp: Display: Loaded TP AndroidTargetPlatform
[2018.10.22-17.48.49:253][  0]LogTemp: Display: Loaded TP AndroidTargetPlatform
[2018.10.22-17.48.49:253][  0]LogTemp: Display: Loaded TP AndroidTargetPlatform
[2018.10.22-17.48.49:253][  0]LogTemp: Display: Loaded TP AndroidTargetPlatform
[2018.10.22-17.48.49:253][  0]LogTemp: Display: Loaded TP AndroidTargetPlatform
[2018.10.22-17.48.49:253][  0]LogTemp: Display: Loaded TP AndroidTargetPlatform
[2018.10.22-17.48.49:253][  0]LogTemp: Display: Loaded TP AndroidTargetPlatform
[2018.10.22-17.48.49:253][  0]LogTemp: Display: Loaded TP AndroidTargetPlatform
[2018.10.22-17.48.49:253][  0]LogTemp: Display: Loaded TP AndroidTargetPlatform
[2018.10.22-17.48.49:253][  0]LogTemp: Display: Loaded TP AndroidTargetPlatform
[2018.10.22-17.48.49:253][  0]LogTemp: Display: Loaded TP AndroidTargetPlatform
[2018.10.22-17.48.49:254][  0]LogTemp: Display: Loaded TP AndroidTargetPlatform
[2018.10.22-17.48.49:254][  0]LogTemp: Display: Loaded TP AndroidTargetPlatform
[2018.10.22-17.48.49:254][  0]LogTemp: Display: Loaded TP AndroidTargetPlatform
[2018.10.22-17.48.49:254][  0]LogTemp: Display: Loaded TP AndroidTargetPlatform
[2018.10.22-17.48.49:255][  0]LogTemp: Display: Loaded TP HTML5TargetPlatform
[2018.10.22-17.48.49:332][  0]LogTemp: Display: Loaded TP IOSTargetPlatform
[2018.10.22-17.48.49:332][  0]LogTemp: Display: Loaded TP IOSTargetPlatform
[2018.10.22-17.48.49:377][  0]LogTemp: Display: Loaded TP TVOSTargetPlatform
[2018.10.22-17.48.49:377][  0]LogTemp: Display: Loaded TP TVOSTargetPlatform
[2018.10.22-17.48.49:396][  0]LogTemp: Display: Loaded TP LinuxClientTargetPlatform
[2018.10.22-17.48.49:416][  0]LogTemp: Display: Loaded TP LinuxNoEditorTargetPlatform
[2018.10.22-17.48.49:434][  0]LogTemp: Display: Loaded TP LinuxServerTargetPlatform
[2018.10.22-17.48.49:452][  0]LogTemp: Display: Loaded TP LinuxTargetPlatform
[2018.10.22-17.48.49:464][  0]LogTemp: Display: Loaded TP LuminTargetPlatform
[2018.10.22-17.48.49:464][  0]LogTargetPlatformManager: Display: Building Assets For Windows
[2018.10.22-17.48.49:596][  0]LogXGEController: Cannot use XGE Controller as Incredibuild is not installed on this machine.
[2018.10.22-17.48.49:596][  0]LogShaderCompilers: Cannot use XGE Shader Compiler as Incredibuild is not installed on this machine.
[2018.10.22-17.48.49:596][  0]LogShaderCompilers: Display: Using Local Shader Compiler.
[2018.10.22-17.48.50:476][  0]LogDerivedDataCache: Display: Max Cache Size: 512 MB
[2018.10.22-17.48.50:549][  0]LogDerivedDataCache: Loaded boot cache 0.07s 71MB C:/Users/Shika/AppData/Local/UnrealEngine/4.20/DerivedDataCache/Boot.ddc.
[2018.10.22-17.48.50:550][  0]LogDerivedDataCache: Display: Loaded Boot cache: C:/Users/Shika/AppData/Local/UnrealEngine/4.20/DerivedDataCache/Boot.ddc
[2018.10.22-17.48.50:550][  0]LogDerivedDataCache: FDerivedDataBackendGraph:  Pak pak cache file ../../../../../../Users/Shika/Documents/GitHub/-2/DerivedDataCache/DDC.ddp not found, will not use a pak cache.
[2018.10.22-17.48.50:550][  0]LogDerivedDataCache: Unable to find inner node Pak for hierarchical cache Hierarchy.
[2018.10.22-17.48.50:550][  0]LogDerivedDataCache: FDerivedDataBackendGraph:  CompressedPak pak cache file ../../../../../../Users/Shika/Documents/GitHub/-2/DerivedDataCache/Compressed.ddp not found, will not use a pak cache.
[2018.10.22-17.48.50:550][  0]LogDerivedDataCache: Unable to find inner node CompressedPak for hierarchical cache Hierarchy.
[2018.10.22-17.48.50:572][  0]LogDerivedDataCache: Display: Pak cache opened for reading ../../../Engine/DerivedDataCache/Compressed.ddp.
[2018.10.22-17.48.50:586][  0]LogDerivedDataCache: Using Local data cache path C:/Users/Shika/AppData/Local/UnrealEngine/Common/DerivedDataCache: Writable
[2018.10.22-17.48.50:586][  0]LogDerivedDataCache: Shared data cache path not found in *engine.ini, will not use an Shared cache.
[2018.10.22-17.48.50:586][  0]LogDerivedDataCache: Unable to find inner node Shared for hierarchical cache Hierarchy.
[2018.10.22-17.48.50:609][  0]LogMaterial: Verifying Global Shaders for PCD3D_SM5
[2018.10.22-17.48.50:611][  0]LogSlate: Using FreeType 2.6.0
[2018.10.22-17.48.50:612][  0]LogSlate: SlateFontServices - WITH_FREETYPE: 1, WITH_HARFBUZZ: 1
[2018.10.22-17.48.50:706][  0]LogAssetRegistry: FAssetRegistry took 0.0290 seconds to start up
[2018.10.22-17.48.51:165][  0]LogInit: Selected Device Profile: [Windows]
[2018.10.22-17.48.51:366][  0]LogSimplygon: Simplygon DLL not present - disabling.
[2018.10.22-17.48.51:372][  0]LogMeshReduction: Using SimplygonSwarm for distributed automatic mesh merging
[2018.10.22-17.48.51:372][  0]LogMeshReduction: Using ProxyLODMeshReduction for automatic mesh merging
[2018.10.22-17.48.51:372][  0]LogMeshReduction: Using QuadricMeshReduction for automatic static mesh reduction
[2018.10.22-17.48.51:372][  0]LogMeshReduction: No automatic skeletal mesh reduction module available
[2018.10.22-17.48.51:391][  0]LogNetVersion: 我的项目2 1.0.0, NetCL: 4212847, EngineNetVer: 5, GameNetVer: 0 (Checksum: 1753104541)
[2018.10.22-17.48.52:622][  0]LogPackageLocalizationCache: Processed 12 localized package path(s) for 4 prioritized culture(s) in 0.624324 seconds
[2018.10.22-17.48.52:632][  0]LogUObjectArray: 38425 objects as part of root set at end of initial load.
[2018.10.22-17.48.52:632][  0]LogUObjectAllocator: 6690864 out of 0 bytes used by permanent object pool.
[2018.10.22-17.48.52:632][  0]LogUObjectArray: CloseDisregardForGC: 0/0 objects in disregard for GC pool
[2018.10.22-17.48.53:755][  0]LogTcpMessaging: Initializing TcpMessaging bridge
[2018.10.22-17.48.53:771][  0]LogUdpMessaging: Initializing bridge on interface 0.0.0.0:0 to multicast group 230.0.0.1:6666.
[2018.10.22-17.48.53:999][  0]SourceControl: 源码管理已禁用
[2018.10.22-17.48.54:000][  0]LogWindows: Warning: CreateProc failed: 系统找不到指定的文件。 (0x00000002)
[2018.10.22-17.48.54:000][  0]LogWindows: Warning: URL: C:/Program Files/Git/bin/git.exe version
[2018.10.22-17.48.54:000][  0]LogWindows: Warning: CreateProc failed: 系统找不到指定的文件。 (0x00000002)
[2018.10.22-17.48.54:000][  0]LogWindows: Warning: URL: C:/Program Files (x86)/Git/bin/git.exe version
[2018.10.22-17.48.54:000][  0]LogWindows: Warning: CreateProc failed: 系统找不到指定的文件。 (0x00000002)
[2018.10.22-17.48.54:000][  0]LogWindows: Warning: URL: C:\Users\Shika\AppData\Local/Programs/Git/cmd/git.exe version
[2018.10.22-17.48.54:000][  0]LogWindows: Warning: CreateProc failed: 系统找不到指定的文件。 (0x00000002)
[2018.10.22-17.48.54:000][  0]LogWindows: Warning: URL: C:/Program Files (x86)/SmartGit/git/bin/git.exe version
[2018.10.22-17.48.54:000][  0]LogWindows: Warning: CreateProc failed: 系统找不到指定的文件。 (0x00000002)
[2018.10.22-17.48.54:000][  0]LogWindows: Warning: URL: C:/Program Files (x86)/SmartGit/bin/git.exe version
[2018.10.22-17.48.54:001][  0]LogWindows: Warning: CreateProc failed: 系统找不到指定的文件。 (0x00000002)
[2018.10.22-17.48.54:001][  0]LogWindows: Warning: URL: C:\Users\Shika\AppData\Local/Atlassian/SourceTree/git_local/bin/git.exe version
[2018.10.22-17.48.54:001][  0]LogWindows: Warning: CreateProc failed: 系统找不到指定的文件。 (0x00000002)
[2018.10.22-17.48.54:001][  0]LogWindows: Warning: URL: C:/Program Files (x86)/fournova/Tower/vendor/Git/bin/git.exe version
[2018.10.22-17.48.54:003][  0]LogWindows: Warning: CreateProc failed: 系统找不到指定的文件。 (0x00000002)
[2018.10.22-17.48.54:003][  0]LogWindows: Warning: URL: C:/Program Files/Git/bin/git.exe version
[2018.10.22-17.48.54:003][  0]LogWindows: Warning: CreateProc failed: 系统找不到指定的文件。 (0x00000002)
[2018.10.22-17.48.54:003][  0]LogWindows: Warning: URL: C:/Program Files (x86)/Git/bin/git.exe version
[2018.10.22-17.48.54:003][  0]LogWindows: Warning: CreateProc failed: 系统找不到指定的文件。 (0x00000002)
[2018.10.22-17.48.54:003][  0]LogWindows: Warning: URL: C:\Users\Shika\AppData\Local/Programs/Git/cmd/git.exe version
[2018.10.22-17.48.54:004][  0]LogWindows: Warning: CreateProc failed: 系统找不到指定的文件。 (0x00000002)
[2018.10.22-17.48.54:004][  0]LogWindows: Warning: URL: C:/Program Files (x86)/SmartGit/git/bin/git.exe version
[2018.10.22-17.48.54:004][  0]LogWindows: Warning: CreateProc failed: 系统找不到指定的文件。 (0x00000002)
[2018.10.22-17.48.54:004][  0]LogWindows: Warning: URL: C:/Program Files (x86)/SmartGit/bin/git.exe version
[2018.10.22-17.48.54:004][  0]LogWindows: Warning: CreateProc failed: 系统找不到指定的文件。 (0x00000002)
[2018.10.22-17.48.54:004][  0]LogWindows: Warning: URL: C:\Users\Shika\AppData\Local/Atlassian/SourceTree/git_local/bin/git.exe version
[2018.10.22-17.48.54:004][  0]LogWindows: Warning: CreateProc failed: 系统找不到指定的文件。 (0x00000002)
[2018.10.22-17.48.54:004][  0]LogWindows: Warning: URL: C:/Program Files (x86)/fournova/Tower/vendor/Git/bin/git.exe version
[2018.10.22-17.48.54:006][  0]LogWindows: Warning: CreateProc failed: 系统找不到指定的文件。 (0x00000002)
[2018.10.22-17.48.54:006][  0]LogWindows: Warning: URL: C:/Program Files/Git/bin/git.exe version
[2018.10.22-17.48.54:006][  0]LogWindows: Warning: CreateProc failed: 系统找不到指定的文件。 (0x00000002)
[2018.10.22-17.48.54:006][  0]LogWindows: Warning: URL: C:/Program Files (x86)/Git/bin/git.exe version
[2018.10.22-17.48.54:006][  0]LogWindows: Warning: CreateProc failed: 系统找不到指定的文件。 (0x00000002)
[2018.10.22-17.48.54:006][  0]LogWindows: Warning: URL: C:\Users\Shika\AppData\Local/Programs/Git/cmd/git.exe version
[2018.10.22-17.48.54:006][  0]LogWindows: Warning: CreateProc failed: 系统找不到指定的文件。 (0x00000002)
[2018.10.22-17.48.54:006][  0]LogWindows: Warning: URL: C:/Program Files (x86)/SmartGit/git/bin/git.exe version
[2018.10.22-17.48.54:007][  0]LogWindows: Warning: CreateProc failed: 系统找不到指定的文件。 (0x00000002)
[2018.10.22-17.48.54:007][  0]LogWindows: Warning: URL: C:/Program Files (x86)/SmartGit/bin/git.exe version
[2018.10.22-17.48.54:007][  0]LogWindows: Warning: CreateProc failed: 系统找不到指定的文件。 (0x00000002)
[2018.10.22-17.48.54:007][  0]LogWindows: Warning: URL: C:\Users\Shika\AppData\Local/Atlassian/SourceTree/git_local/bin/git.exe version
[2018.10.22-17.48.54:007][  0]LogWindows: Warning: CreateProc failed: 系统找不到指定的文件。 (0x00000002)
[2018.10.22-17.48.54:007][  0]LogWindows: Warning: URL: C:/Program Files (x86)/fournova/Tower/vendor/Git/bin/git.exe version
[2018.10.22-17.48.54:105][  0]LogLinker: 无法找到文件 '/UE4EditorCustomize/PluginDefault/Hatsune_Miku_full_1191017'
[2018.10.22-17.48.54:105][  0]LogLinker: 无法找到文件 '/UE4EditorCustomize/PluginDefault/Hatsune_Miku_full_1191017'
[2018.10.22-17.48.54:113][  0]LogLinker: 无法找到文件 '/UE4EditorCustomize/PluginDefault/Miku'
[2018.10.22-17.48.54:113][  0]LogLinker: 无法找到文件 '/UE4EditorCustomize/PluginDefault/Miku'
[2018.10.22-17.48.54:121][  0]LogLinker: 无法找到文件 '/UE4EditorCustomize/PluginDefault/LHANDW_Font'
[2018.10.22-17.48.54:121][  0]LogLinker: 无法找到文件 '/UE4EditorCustomize/PluginDefault/LHANDW_Font'
[2018.10.22-17.48.54:251][  0]LogAndroidPermission: UAndroidPermissionCallbackProxy::GetInstance
[2018.10.22-17.48.54:353][  0]LogOcInput: OculusInput pre-init called
[2018.10.22-17.48.54:433][  0]LogEngine: Initializing Engine...
[2018.10.22-17.48.54:434][  0]LogHMD: Failed to initialize OpenVR with code 110
[2018.10.22-17.48.54:436][  0]LogStats: UGameplayTagsManager::ConstructGameplayTagTree: ImportINI prefixes -  0.000 s
[2018.10.22-17.48.54:436][  0]LogStats: UGameplayTagsManager::ConstructGameplayTagTree: Construct from data asset -  0.000 s
[2018.10.22-17.48.54:437][  0]LogStats: UGameplayTagsManager::ConstructGameplayTagTree: ImportINI -  0.000 s
[2018.10.22-17.48.54:437][  0]LogStats: UGameplayTagsManager::ConstructGameplayTagTree: GameplayTagTreeChangedEvent.Broadcast -  0.000 s
[2018.10.22-17.48.54:696][  0]LogInit: Initializing FReadOnlyCVARCache
[2018.10.22-17.48.54:718][  0]LogAIModule: Creating AISystem for world Untitled
[2018.10.22-17.48.54:757][  0]LogInit: XAudio2 using '耳机 (Conexant SmartAudio HD)' : 2 channels at 48 kHz using 32 bits per sample (channel mask 0x3)
[2018.10.22-17.48.54:966][  0]LogInit: FAudioDevice initialized.
[2018.10.22-17.48.54:967][  0]LogNetVersion: Set ProjectVersion to 1.0.0.0. Version Checksum will be recalculated on next use.
[2018.10.22-17.48.55:048][  0]LogDerivedDataCache: Saved boot cache 0.08s 71MB C:/Users/Shika/AppData/Local/UnrealEngine/4.20/DerivedDataCache/Boot.ddc.
[2018.10.22-17.48.55:065][  0]LogInit: Texture streaming: Enabled
[2018.10.22-17.48.55:096][  0]LogEngineSessionManager: EngineSessionManager initialized
[2018.10.22-17.48.55:126][  0]LogInit: Transaction tracking system initialized
[2018.10.22-17.48.55:164][  0]BlueprintLog: New page: 编辑器加载
[2018.10.22-17.48.55:291][  0]LocalizationService: 本地化服务已禁用
[2018.10.22-17.48.55:675][  0]LogCook: Display: Max memory allowance for cook 16384mb min free memory 0mb
[2018.10.22-17.48.55:675][  0]LogCook: Display: Mobile HDR setting 1
[2018.10.22-17.48.55:675][  0]LogGameplayTags: Display: UGameplayTagsManager::DoneAddingNativeTags. DelegateIsBound: 0
[2018.10.22-17.48.55:675][  0]LogStats: UGameplayTagsManager::ConstructGameplayTagTree: ImportINI prefixes -  0.000 s
[2018.10.22-17.48.55:675][  0]LogStats: UGameplayTagsManager::ConstructGameplayTagTree: Construct from data asset -  0.000 s
[2018.10.22-17.48.55:675][  0]LogStats: UGameplayTagsManager::ConstructGameplayTagTree: ImportINI -  0.000 s
[2018.10.22-17.48.55:675][  0]LogStats: UGameplayTagsManager::ConstructGameplayTagTree: GameplayTagTreeChangedEvent.Broadcast -  0.000 s
[2018.10.22-17.48.55:849][  0]LogFileCache: Scanning file cache for directory 'C:/Users/Shika/Documents/GitHub/-2/Content/' took 0.02s
[2018.10.22-17.48.55:849][  0]LogWindows: Warning: CreateProc failed: 系统找不到指定的文件。 (0x00000002)
[2018.10.22-17.48.55:849][  0]LogWindows: Warning: URL: C:/Program Files/Git/bin/git.exe version
[2018.10.22-17.48.55:850][  0]LogWindows: Warning: CreateProc failed: 系统找不到指定的文件。 (0x00000002)
[2018.10.22-17.48.55:850][  0]LogWindows: Warning: URL: C:/Program Files (x86)/Git/bin/git.exe version
[2018.10.22-17.48.55:850][  0]LogWindows: Warning: CreateProc failed: 系统找不到指定的文件。 (0x00000002)
[2018.10.22-17.48.55:850][  0]LogWindows: Warning: URL: C:\Users\Shika\AppData\Local/Programs/Git/cmd/git.exe version
[2018.10.22-17.48.55:850][  0]LogWindows: Warning: CreateProc failed: 系统找不到指定的文件。 (0x00000002)
[2018.10.22-17.48.55:850][  0]LogWindows: Warning: URL: C:/Program Files (x86)/SmartGit/git/bin/git.exe version
[2018.10.22-17.48.55:850][  0]LogWindows: Warning: CreateProc failed: 系统找不到指定的文件。 (0x00000002)
[2018.10.22-17.48.55:850][  0]LogWindows: Warning: URL: C:/Program Files (x86)/SmartGit/bin/git.exe version
[2018.10.22-17.48.55:851][  0]LogWindows: Warning: CreateProc failed: 系统找不到指定的文件。 (0x00000002)
[2018.10.22-17.48.55:851][  0]LogWindows: Warning: URL: C:\Users\Shika\AppData\Local/Atlassian/SourceTree/git_local/bin/git.exe version
[2018.10.22-17.48.55:851][  0]LogWindows: Warning: CreateProc failed: 系统找不到指定的文件。 (0x00000002)
[2018.10.22-17.48.55:851][  0]LogWindows: Warning: URL: C:/Program Files (x86)/fournova/Tower/vendor/Git/bin/git.exe version
[2018.10.22-17.48.55:851][  0]Cmd: MAP LOAD FILE="../../../../../../Users/Shika/Documents/GitHub/-2/Content/TopDownBP/Maps/TopDownExampleMap.umap" TEMPLATE=0 SHOWPROGRESS=1 FEATURELEVEL=3
[2018.10.22-17.48.55:852][  0]LightingResults: New page: 光照构建
[2018.10.22-17.48.55:857][  0]MapCheck: New page: 地图检测
[2018.10.22-17.48.55:857][  0]LightingResults: New page: 光照构建
[2018.10.22-17.48.57:711][  0]LogAIModule: Creating AISystem for world TopDownExampleMap
[2018.10.22-17.48.57:759][  0]LogEditorServer: Finished looking for orphan Actors (0.000 secs)
[2018.10.22-17.48.57:795][  0]Cmd: MAP CHECKDEP NOCLEARLOG
[2018.10.22-17.48.57:929][  0]MapCheck: 地图检测完成：0个错误，0 个警告，用时134.105毫秒完成。
[2018.10.22-17.48.57:929][  0]LogFileHelpers: Loading map 'TopDownExampleMap' took 2.078
[2018.10.22-17.48.58:069][  0]LogSlate: Updating window title bar state: overlay mode, drag disabled, window buttons hidden, title bar hidden
[2018.10.22-17.48.58:081][  0]LogSlate: Updating window title bar state: overlay mode, drag disabled, window buttons hidden, title bar hidden
[2018.10.22-17.48.58:093][  0]LogSlate: Updating window title bar state: overlay mode, drag disabled, window buttons hidden, title bar hidden
[2018.10.22-17.48.58:105][  0]LogSlate: Updating window title bar state: overlay mode, drag disabled, window buttons hidden, title bar hidden
[2018.10.22-17.48.58:117][  0]LogCollectionManager: Loaded 0 collections in 0.003635 seconds
[2018.10.22-17.48.58:166][  0]LogFileCache: Scanning file cache for directory 'C:/Users/Shika/Documents/GitHub/-2/Saved/Collections/' took 0.01s
[2018.10.22-17.48.58:166][  0]LogFileCache: Scanning file cache for directory 'C:/Users/Shika/Documents/GitHub/-2/Content/Developers/Shika/Collections/' took 0.01s
[2018.10.22-17.48.58:166][  0]LogFileCache: Scanning file cache for directory 'C:/Users/Shika/Documents/GitHub/-2/Content/Collections/' took 0.01s
[2018.10.22-17.48.58:166][  0]LogCollectionManager: Rebuilt the GUID cache for 0 collections in 0.000001 seconds
[2018.10.22-17.48.58:178][  0]LogContentBrowser: Native class hierarchy populated in 0.0117 seconds. Added 2573 classes and 606 folders.
[2018.10.22-17.48.58:187][  0]LogContentBrowser: Native class hierarchy updated for 'WidgetCarousel' in 0.0003 seconds. Added 0 classes and 0 folders.
[2018.10.22-17.48.58:301][  0]LogContentBrowser: Native class hierarchy updated for 'AddContentDialog' in 0.0003 seconds. Added 0 classes and 0 folders.
[2018.10.22-17.48.58:309][  0]LogContentBrowser: Native class hierarchy updated for 'SceneOutliner' in 0.0004 seconds. Added 1 classes and 2 folders.
[2018.10.22-17.48.58:327][  0]LogSlate: Took 0.000472 seconds to synchronously load lazily loaded font '../../../Engine/Content/Slate/Fonts/Roboto-Regular.ttf' (155K)
[2018.10.22-17.48.58:333][  0]LogSlate: Took 0.005358 seconds to synchronously load lazily loaded font '../../../Engine/Content/Slate/Fonts/DroidSansFallback.ttf' (3848K)
[2018.10.22-17.48.58:341][  0]LogSlate: Took 0.000523 seconds to synchronously load lazily loaded font '../../../Engine/Content/Slate/Fonts/Roboto-Bold.ttf' (160K)
[2018.10.22-17.48.58:345][  0]LogSlate: Took 0.000407 seconds to synchronously load lazily loaded font '../../../Engine/Content/Editor/Slate/Fonts/FontAwesome.ttf' (139K)
[2018.10.22-17.48.58:459][  0]LogRenderer: Reallocating scene render targets to support 972x440 Format 10 NumSamples 1 (Frame:1).
[2018.10.22-17.48.58:751][  0]LogContentBrowser: Native class hierarchy updated for 'HierarchicalLODOutliner' in 0.0006 seconds. Added 0 classes and 0 folders.
[2018.10.22-17.48.58:751][  0]LogLoad: (Engine Initialization) Total time: 14.06 seconds
[2018.10.22-17.48.58:751][  0]LogLoad: (Engine Initialization) Total Blueprint compile time: 0.00 seconds
[2018.10.22-17.48.58:773][  0]LogWindowsTextInputMethodSystem: Display: IME system now activated using TSF (微软拼音).
[2018.10.22-17.48.58:804][  0]LogContentStreaming: Texture pool size now 1000 MB
[2018.10.22-17.48.59:050][  2]LogAssetRegistry: Asset discovery search completed in 8.3670 seconds
[2018.10.22-17.48.59:052][  2]LogCollectionManager: Rebuilt the object cache for 0 collections in 0.000000 seconds (found 0 objects)
[2018.10.22-17.48.59:052][  2]LogCollectionManager: Fixed up redirectors for 0 collections in 0.000064 seconds (updated 0 objects)
[2018.10.22-17.49.02:645][213]LogSlate: FSceneViewport::OnFocusLost() reason 2
[2018.10.22-17.49.53:533][841]LogSlate: Took 0.007438 seconds to synchronously load lazily loaded font '../../../Engine/Content/Slate/Fonts/Roboto-Light.ttf' (167K)
[2018.10.22-17.49.53:553][841]LogAssetTools: Warning: 导入 'C:\Users\Shika\Desktop\美术\PolygonKnights415\data\Content\PolygonKnights\Meshes\Weapons\SM_Wep_Broadsword_01.uasset’ 失败。未知扩展名 'uasset'。
[2018.10.22-17.51.24:310][266]LogSlate: FSceneViewport::OnFocusLost() reason 0
[2018.10.22-17.51.33:602][821]LogLinker: Warning: 无法找到文件 '/Game/PolygonKnights/Materials/Mat_PolyKnights_01'
[2018.10.22-17.51.33:602][821]LogLinker: Warning: 无法在加载 ../../../../../../Users/Shika/Documents/GitHub/-2/Content/weapons/SM_Wep_Broadsword_01.uasset 时找到资源 '/Game/PolygonKnights/Materials/Mat_PolyKnights_01’ 的文件。
[2018.10.22-17.51.33:602][821]LoadErrors: Error: /Game/weapons/SM_Wep_Broadsword_01 : 无法找到资源的文件。 /Game/PolygonKnights/Materials/Mat_PolyKnights_01
[2018.10.22-17.51.33:602][821]LogLinker: Warning: 无法找到文件 '/Game/PolygonKnights/Materials/Mat_PolyKnights_01'
[2018.10.22-17.51.33:603][821]LogLinker: Warning: 无法在加载 ../../../../../../Users/Shika/Documents/GitHub/-2/Content/weapons/SM_Wep_Broadsword_01.uasset 时找到资源 '/Game/PolygonKnights/Materials/Mat_PolyKnights_01’ 的文件。
[2018.10.22-17.51.33:604][821]LogLinker: Warning: 无法找到文件 '/Game/PolygonKnights/Materials/Mat_PolyKnights_01'
[2018.10.22-17.51.33:605][821]LoadErrors: 加载失败 /Game/PolygonKnights/Materials/Mat_PolyKnights_01.Mat_PolyKnights_01 引用者 SM_Wep_Broadsword_01
[2018.10.22-17.51.33:605][821]LogLinker: Warning: 无法在加载 NULL 时找到资源 '/Game/PolygonKnights/Materials/Mat_PolyKnights_01’ 的文件。
[2018.10.22-17.51.33:618][821]LogStaticMesh: 正在构建静态网格体 SM_Wep_Broadsword_01……
[2018.10.22-17.51.33:648][821]LogStaticMesh: Built static mesh [0.03s] /Game/weapons/SM_Wep_Broadsword_01.SM_Wep_Broadsword_01
[2018.10.22-17.51.34:015][836]LogActorFactory: Actor Factory created SM_Wep_Broadsword_01
[2018.10.22-17.51.34:832][873]LogActorFactory: Actor Factory created SM_Wep_Broadsword_01
[2018.10.22-17.51.42:338][278]LogEditorViewport: Clicking on Actor (LMB): StaticMeshActor (Floor)
[2018.10.22-17.51.42:883][302]LogEditorViewport: Clicking on Actor (LMB): StaticMeshActor (Floor)
[2018.10.22-17.51.43:672][345]LogEditorViewport: Clicking on Actor (LMB): StaticMeshActor (Floor)
[2018.10.22-17.51.44:638][399]LogEditorViewport: Clicking on Actor (LMB): StaticMeshActor (SM_Wep_Broadsword_01)
[2018.10.22-17.51.47:996][589]LogSlate: FSceneViewport::OnFocusLost() reason 0
[2018.10.22-17.51.50:764][738]LogEditorViewport: Clicking on Actor (LMB): StaticMeshActor (Floor)
[2018.10.22-17.51.51:391][768]LogEditorViewport: Clicking on Actor (LMB): StaticMeshActor (SM_Wep_Broadsword_01)
[2018.10.22-17.51.52:147][804]LogSlate: FSceneViewport::OnFocusLost() reason 0
[2018.10.22-17.51.53:731][896]LogEditorViewport: Clicking on Actor (LMB): StaticMeshActor (SM_Wep_Broadsword_01)
[2018.10.22-17.51.54:168][917]LogEditorViewport: Clicking on Actor (LMB): StaticMeshActor (SM_Wep_Broadsword_01)
[2018.10.22-17.51.54:628][939]LogEditorViewport: Clicking on Actor (LMB): StaticMeshActor (SM_Wep_Broadsword_01)
[2018.10.22-17.51.56:711][ 60]Cmd: DELETE
[2018.10.22-17.51.56:712][ 60]Cmd: ACTOR DELETE
[2018.10.22-17.51.56:733][ 60]LogEditorActor: Deleted Actor: StaticMeshActor
[2018.10.22-17.51.56:774][ 60]LogEditorActor: Deleted 1 Actors (0.056 secs)
[2018.10.22-17.51.59:024][156]LogSlate: FSceneViewport::OnFocusLost() reason 0
[2018.10.22-17.52.52:214][123]LogSlate: FSceneViewport::OnFocusLost() reason 0
[2018.10.22-17.52.59:803][215]LogSlate: FSceneViewport::OnFocusLost() reason 0
[2018.10.22-17.53.39:128][365]LogTexture: Display: 正在编译纹理：maincharactor（BGRA8、256X1）
[2018.10.22-17.53.39:128][365]LogMaterial: Display: Missing cached shader map for material palettemat, compiling. 
[2018.10.22-17.53.39:286][365]LogShaderCompilers: Display: Shaders left to compile 60
[2018.10.22-17.53.39:286][365]LogShaderCompilers: Display: Shaders left to compile 50
[2018.10.22-17.53.39:286][365]LogShaderCompilers: Display: Shaders left to compile 40
[2018.10.22-17.53.39:286][365]LogShaderCompilers: Display: Shaders left to compile 30
[2018.10.22-17.53.43:928][609]LogShaderCompilers: Display: Shaders left to compile 20
[2018.10.22-17.53.44:883][662]LogShaderCompilers: Display: Shaders left to compile 10
[2018.10.22-17.53.45:602][695]LogAssetEditorManager: Opening Asset editor for Material /Game/TopDownBP/Blueprints/SKandMA/palettemat.palettemat
[2018.10.22-17.53.45:611][695]LogMaterial: Display: Missing cached shader map for material palettemat, compiling. 
[2018.10.22-17.53.46:286][695]LogMaterial: Display: Missing cached shader map for material palettemat, compiling. 
[2018.10.22-17.53.46:346][695]LogShaderCompilers: Display: Shaders left to compile 59
[2018.10.22-17.53.46:353][695]LogMaterial: Display: Missing cached shader map for material palettemat, compiling. 
[2018.10.22-17.53.46:459][695]LogMaterial: Display: Missing cached shader map for material FMatExpressionPreview MaterialExpressionTextureSample_0, compiling. 
[2018.10.22-17.53.46:594][695]LogSlate: Took 0.012291 seconds to synchronously load lazily loaded font '../../../Engine/Content/Slate/Fonts/Roboto-BoldCondensed.ttf' (158K)
[2018.10.22-17.53.46:903][695]LogShaderCompilers: Display: Shaders left to compile 61
[2018.10.22-17.53.46:903][695]LogShaderCompilers: Display: Shaders left to compile 60
[2018.10.22-17.53.47:042][699]LogShaderCompilers: Display: Shaders left to compile 59
[2018.10.22-17.53.47:167][704]LogShaderCompilers: Display: Shaders left to compile 58
[2018.10.22-17.53.47:546][720]LogShaderCompilers: Display: Shaders left to compile 57
[2018.10.22-17.53.47:567][721]LogShaderCompilers: Display: Shaders left to compile 56
[2018.10.22-17.53.47:944][735]LogShaderCompilers: Display: Shaders left to compile 55
[2018.10.22-17.53.47:971][735]LogShaderCompilers: Display: Shaders left to compile 54
[2018.10.22-17.53.47:980][735]LogShaderCompilers: Display: Shaders left to compile 53
[2018.10.22-17.53.48:295][749]LogShaderCompilers: Display: Shaders left to compile 52
[2018.10.22-17.53.48:317][750]LogShaderCompilers: Display: Shaders left to compile 51
[2018.10.22-17.53.48:395][752]LogShaderCompilers: Display: Shaders left to compile 50
[2018.10.22-17.53.48:904][772]LogShaderCompilers: Display: Shaders left to compile 49
[2018.10.22-17.53.49:256][785]LogShaderCompilers: Display: Shaders left to compile 48
[2018.10.22-17.53.49:352][789]LogShaderCompilers: Display: Shaders left to compile 47
[2018.10.22-17.53.49:780][805]LogShaderCompilers: Display: Shaders left to compile 46
[2018.10.22-17.53.49:864][808]LogShaderCompilers: Display: Shaders left to compile 45
[2018.10.22-17.53.50:208][822]LogShaderCompilers: Display: Shaders left to compile 44
[2018.10.22-17.53.50:845][846]LogShaderCompilers: Display: Shaders left to compile 43
[2018.10.22-17.53.50:869][847]LogShaderCompilers: Display: Shaders left to compile 42
[2018.10.22-17.53.50:913][849]LogShaderCompilers: Display: Shaders left to compile 41
[2018.10.22-17.53.50:958][849]LogShaderCompilers: Display: Shaders left to compile 40
[2018.10.22-17.53.51:428][867]LogShaderCompilers: Display: Shaders left to compile 39
[2018.10.22-17.53.51:477][869]LogShaderCompilers: Display: Shaders left to compile 38
[2018.10.22-17.53.51:591][874]LogShaderCompilers: Display: Shaders left to compile 37
[2018.10.22-17.53.51:658][877]LogShaderCompilers: Display: Shaders left to compile 36
[2018.10.22-17.53.51:929][888]LogShaderCompilers: Display: Shaders left to compile 35
[2018.10.22-17.53.51:980][890]LogShaderCompilers: Display: Shaders left to compile 34
[2018.10.22-17.53.52:176][898]LogShaderCompilers: Display: Shaders left to compile 33
[2018.10.22-17.53.52:223][900]LogShaderCompilers: Display: Shaders left to compile 32
[2018.10.22-17.53.52:363][906]LogShaderCompilers: Display: Shaders left to compile 31
[2018.10.22-17.53.52:385][907]LogShaderCompilers: Display: Shaders left to compile 30
[2018.10.22-17.53.52:952][928]LogShaderCompilers: Display: Shaders left to compile 29
[2018.10.22-17.53.53:086][934]LogShaderCompilers: Display: Shaders left to compile 28
[2018.10.22-17.53.53:174][938]LogShaderCompilers: Display: Shaders left to compile 27
[2018.10.22-17.53.53:282][943]LogShaderCompilers: Display: Shaders left to compile 26
[2018.10.22-17.53.53:651][958]LogShaderCompilers: Display: Shaders left to compile 25
[2018.10.22-17.53.53:903][968]LogShaderCompilers: Display: Shaders left to compile 24
[2018.10.22-17.53.54:146][978]LogShaderCompilers: Display: Shaders left to compile 23
[2018.10.22-17.53.54:216][981]LogShaderCompilers: Display: Shaders left to compile 22
[2018.10.22-17.53.54:282][984]LogShaderCompilers: Display: Shaders left to compile 21
[2018.10.22-17.53.54:691][  1]LogShaderCompilers: Display: Shaders left to compile 20
[2018.10.22-17.53.54:808][  6]LogShaderCompilers: Display: Shaders left to compile 19
[2018.10.22-17.53.54:848][  8]LogShaderCompilers: Display: Shaders left to compile 18
[2018.10.22-17.53.55:035][ 16]LogShaderCompilers: Display: Shaders left to compile 17
[2018.10.22-17.53.55:235][ 24]LogShaderCompilers: Display: Shaders left to compile 16
[2018.10.22-17.53.55:303][ 27]LogShaderCompilers: Display: Shaders left to compile 15
[2018.10.22-17.53.55:332][ 28]LogShaderCompilers: Display: Shaders left to compile 14
[2018.10.22-17.53.55:462][ 34]LogShaderCompilers: Display: Shaders left to compile 13
[2018.10.22-17.53.55:638][ 41]LogShaderCompilers: Display: Shaders left to compile 12
[2018.10.22-17.53.55:682][ 43]LogShaderCompilers: Display: Shaders left to compile 11
[2018.10.22-17.53.56:184][ 62]LogShaderCompilers: Display: Shaders left to compile 10
[2018.10.22-17.53.56:209][ 63]LogShaderCompilers: Display: Shaders left to compile 9
[2018.10.22-17.53.56:387][ 71]LogShaderCompilers: Display: Shaders left to compile 8
[2018.10.22-17.53.56:559][ 77]LogShaderCompilers: Display: Shaders left to compile 7
[2018.10.22-17.53.56:759][ 85]LogShaderCompilers: Display: Shaders left to compile 6
[2018.10.22-17.53.57:088][ 98]LogShaderCompilers: Display: Shaders left to compile 5
[2018.10.22-17.53.57:293][106]LogShaderCompilers: Display: Shaders left to compile 4
[2018.10.22-17.53.57:338][108]LogShaderCompilers: Display: Shaders left to compile 3
[2018.10.22-17.53.57:542][116]LogShaderCompilers: Display: Shaders left to compile 2
[2018.10.22-17.53.57:862][128]LogShaderCompilers: Display: Shaders left to compile 1
[2018.10.22-17.53.58:087][138]LogSlate: Window 'palettemat' being destroyed
[2018.10.22-17.54.00:989][282]LogSkeletalMesh: Building Skeletal Mesh sk_MainSK...
[2018.10.22-17.54.00:991][282]LogSkeletalMesh: Built Skeletal Mesh [0.00s] /Game/TopDownBP/Blueprints/SKandMA/sk_MainSK.sk_MainSK
[2018.10.22-17.54.09:058][721]Cmd: DELETE
[2018.10.22-17.54.09:058][721]Cmd: ACTOR DELETE
[2018.10.22-17.54.09:070][721]LogEditorActor: Deleted Actor: SkeletalMeshActor
[2018.10.22-17.54.09:112][721]LogEditorActor: Deleted 1 Actors (0.053 secs)
[2018.10.22-17.54.20:724][375]LogSlate: FSceneViewport::OnFocusLost() reason 0
[2018.10.22-17.54.21:942][443]LogSlate: FSceneViewport::OnFocusLost() reason 0
[2018.10.22-17.54.30:447][919]LogSlate: FSceneViewport::OnFocusLost() reason 0
[2018.10.22-17.54.33:117][ 69]LogSlate: FSceneViewport::OnFocusLost() reason 0
[2018.10.22-17.54.46:905][581]LogSlate: Window '保存内容' being destroyed
[2018.10.22-17.55.33:456][256]LogDirectoryWatcher: Warning: Failed to begin reading directory changes for ../../../../../../Users/Shika/Documents/GitHub/-2/Plugins/. Error: 系统找不到指定的文件。 (0x00000002)
[2018.10.22-17.55.40:973][699]LogSlate: Window '插件' being destroyed
[2018.10.22-17.55.40:980][699]LogSlate: Window '插件' being destroyed
[2018.10.22-17.55.40:980][699]LogDirectoryWatcher: A directory notification for '../../../Engine/Plugins/' was aborted.
[2018.10.22-17.55.43:644][858]LogWindows: Warning: CreateProc failed: 系统找不到指定的文件。 (0x00000002)
[2018.10.22-17.55.43:644][858]LogWindows: Warning: URL: C:/Program Files/Epic Games/UE_4.20/Engine/Binaries/Win64/ version
[2018.10.22-17.58.59:521][514]LogSavePackage: Moving '../../../../../../Users/Shika/Documents/GitHub/-2/Saved/TopDownExampleMap_Auto1FE0268514C9095FF559C77AEB5A62DD2.tmp' to '../../../../../../Users/Shika/Documents/GitHub/-2/Saved/Autosaves/Game/TopDownBP/Maps/TopDownExampleMap_Auto1.umap'
[2018.10.22-17.58.59:539][514]LogFileHelpers: Editor autosave (incl. sublevels) for '/Game/TopDownBP/Maps/TopDownExampleMap' took 0.544
[2018.10.22-17.58.59:540][514]LogFileHelpers: Editor autosave (incl. sublevels) for all levels took 0.544
[2018.10.22-17.59.52:479][975]LogSourceControl: Error: 'C:/Users/Shika/Documents/GitHub/-2' is not a valid Git repository
[2018.10.22-18.06.23:709][456]LogSlate: Window '源码管理登陆' being destroyed
[2018.10.22-18.07.45:517][858]LogSlate: Window '源码管理登陆' being destroyed
[2018.10.22-18.09.01:747][770]Cmd: OBJ SAVEPACKAGE PACKAGE="/Game/weapons/Broadsword_01" FILE="../../../../../../Users/Shika/Documents/GitHub/-2/Content/weapons/Broadsword_01.uasset" SILENT=true
[2018.10.22-18.09.01:777][770]LogSavePackage: Moving '../../../../../../Users/Shika/Documents/GitHub/-2/Saved/Broadsword_01DB070261490F24496A357391FE3F593B.tmp' to '../../../../../../Users/Shika/Documents/GitHub/-2/Content/weapons/Broadsword_01.uasset'
[2018.10.22-18.09.10:771][284]LogLinker: Warning: 无法找到文件 '/Game/PolygonKnights/Materials/Mat_PolyKnights_01'
[2018.10.22-18.09.10:772][284]LogLinker: Warning: 无法在加载 ../../../../../../Users/Shika/Documents/GitHub/-2/Content/weapons/SM_Wep_Shield_04.uasset 时找到资源 '/Game/PolygonKnights/Materials/Mat_PolyKnights_01’ 的文件。
[2018.10.22-18.09.10:772][284]LoadErrors: Error: /Game/weapons/SM_Wep_Shield_04 : 无法找到资源的文件。 /Game/PolygonKnights/Materials/Mat_PolyKnights_01
[2018.10.22-18.09.10:772][284]LogLinker: Warning: 无法找到文件 '/Game/PolygonKnights/Materials/Mat_PolyKnights_01'
[2018.10.22-18.09.10:772][284]LogLinker: Warning: 无法在加载 ../../../../../../Users/Shika/Documents/GitHub/-2/Content/weapons/SM_Wep_Shield_04.uasset 时找到资源 '/Game/PolygonKnights/Materials/Mat_PolyKnights_01’ 的文件。
[2018.10.22-18.09.10:773][284]LogLinker: Warning: 无法找到文件 '/Game/PolygonKnights/Materials/Mat_PolyKnights_01'
[2018.10.22-18.09.10:774][284]LoadErrors: 加载失败 /Game/PolygonKnights/Materials/Mat_PolyKnights_01.Mat_PolyKnights_01 引用者 SM_Wep_Shield_04
[2018.10.22-18.09.10:774][284]LogLinker: Warning: 无法在加载 NULL 时找到资源 '/Game/PolygonKnights/Materials/Mat_PolyKnights_01’ 的文件。
[2018.10.22-18.09.10:781][284]LogStaticMesh: 正在构建静态网格体 SM_Wep_Shield_04……
[2018.10.22-18.09.10:804][284]LogStaticMesh: Built static mesh [0.02s] /Game/weapons/SM_Wep_Shield_04.SM_Wep_Shield_04
[2018.10.22-18.09.10:891][284]Cmd: OBJ SAVEPACKAGE PACKAGE="/Game/weapons/Shield_04" FILE="../../../../../../Users/Shika/Documents/GitHub/-2/Content/weapons/Shield_04.uasset" SILENT=true
[2018.10.22-18.09.10:922][284]LogSavePackage: Moving '../../../../../../Users/Shika/Documents/GitHub/-2/Saved/Shield_04F25F72BE42A1C4339699F7827FCC486C.tmp' to '../../../../../../Users/Shika/Documents/GitHub/-2/Content/weapons/Shield_04.uasset'
[2018.10.22-18.09.20:763][675]Cmd: OBJ SAVEPACKAGE PACKAGE="/Game/weapons/Shield_01" FILE="../../../../../../Users/Shika/Documents/GitHub/-2/Content/weapons/Shield_01.uasset" SILENT=true
[2018.10.22-18.09.20:792][675]LogSavePackage: Moving '../../../../../../Users/Shika/Documents/GitHub/-2/Saved/Shield_01DA4DDAC945462C991DFA969D3B20FB93.tmp' to '../../../../../../Users/Shika/Documents/GitHub/-2/Content/weapons/Shield_01.uasset'
[2018.10.22-18.09.25:710][884]LogAssetEditorManager: Opening Asset editor for StaticMesh /Game/weapons/Shield_01.Shield_01
[2018.10.22-18.09.26:296][884]LogRenderer: Reallocating scene render targets to support 1156x716 Format 10 NumSamples 1 (Frame:1).
[2018.10.22-18.09.28:917][962]LogSlate: FSceneViewport::OnFocusLost() reason 0
[2018.10.22-18.09.35:463][165]LogSlate: FSceneViewport::OnFocusLost() reason 0
[2018.10.22-18.09.35:626][174]LogSlate: Window 'Shield_01' being destroyed
[2018.10.22-18.09.39:158][313]Cmd: TRANSACTION UNDO
[2018.10.22-18.09.39:158][313]LogEditorTransaction: Undo 删除Actor
[2018.10.22-18.09.47:668][673]LogEditorViewport: Clicking on Actor (LMB): StaticMeshActor (Floor)
[2018.10.22-18.09.49:492][774]Cmd: DELETE
[2018.10.22-18.09.49:492][774]Cmd: ACTOR DELETE
[2018.10.22-18.09.49:504][774]LogEditorActor: Deleted Actor: StaticMeshActor
[2018.10.22-18.09.49:549][774]LogEditorActor: Deleted 1 Actors (0.056 secs)
[2018.10.22-18.09.51:032][863]Cmd: TRANSACTION UNDO
[2018.10.22-18.09.51:032][863]LogEditorTransaction: Undo 删除Actor
[2018.10.22-18.09.53:724][  3]LogEditorViewport: Clicking on Actor (LMB): StaticMeshActor (Floor)
[2018.10.22-18.09.54:142][ 24]LogEditorViewport: Clicking on Actor (LMB): StaticMeshActor (Floor)
[2018.10.22-18.09.54:519][ 42]LogEditorViewport: Clicking on Actor (LMB): SkeletalMeshActor (sk_MainSK)
[2018.10.22-18.09.58:571][254]LogEditorViewport: Clicking on Actor (LMB): StaticMeshActor (Floor)
[2018.10.22-18.09.59:970][331]LogEditorViewport: Clicking on Actor (LMB): SkeletalMeshActor (sk_MainSK)
[2018.10.22-18.10.03:581][527]Cmd: DELETE
[2018.10.22-18.10.03:581][527]Cmd: ACTOR DELETE
[2018.10.22-18.10.03:592][527]LogEditorActor: Deleted Actor: SkeletalMeshActor
[2018.10.22-18.10.03:635][527]LogEditorActor: Deleted 1 Actors (0.054 secs)
[2018.10.22-18.10.05:244][609]LogSlate: FSceneViewport::OnFocusLost() reason 0
[2018.10.22-18.10.32:712][784]LogSavePackage: Moving '../../../../../../Users/Shika/Documents/GitHub/-2/Saved/TopDownExampleMap_Auto2C7FFDC8942944A35C03587A88D22E877.tmp' to '../../../../../../Users/Shika/Documents/GitHub/-2/Saved/Autosaves/Game/TopDownBP/Maps/TopDownExampleMap_Auto2.umap'
[2018.10.22-18.10.32:722][784]LogFileHelpers: Editor autosave (incl. sublevels) for '/Game/TopDownBP/Maps/TopDownExampleMap' took 0.533
[2018.10.22-18.10.32:722][784]LogFileHelpers: Editor autosave (incl. sublevels) for all levels took 0.533
[2018.10.22-18.12.59:203][172]LogDirectoryWatcher: Warning: Failed to begin reading directory changes for ../../../../../../Users/Shika/Documents/GitHub/-2/Plugins/. Error: 系统找不到指定的文件。 (0x00000002)
[2018.10.22-18.13.01:805][328]Cmd: CLOSE_SLATE_MAINFRAME
[2018.10.22-18.13.11:163][328]LogSlate: Window '保存内容' being destroyed
[2018.10.22-18.13.11:343][328]LogSlate: Window '插件' being destroyed
[2018.10.22-18.13.11:345][328]LogDirectoryWatcher: A directory notification for '../../../Engine/Plugins/' was aborted.
[2018.10.22-18.13.11:346][328]LogSlate: Window '我的项目2 - 虚幻编辑器' being destroyed
[2018.10.22-18.13.11:605][329]Cmd: QUIT_EDITOR
[2018.10.22-18.13.11:691][329]LogWindowsTextInputMethodSystem: Display: IME system now activated using TSF (微软拼音).
[2018.10.22-18.13.11:711][329]LogExit: Preparing to exit.
[2018.10.22-18.13.12:413][329]LogExit: Editor shut down
[2018.10.22-18.13.12:413][329]LogExit: Transaction tracking system shut down
[2018.10.22-18.13.13:246][329]LogExit: Object subsystem successfully closed.
[2018.10.22-18.13.13:277][329]LogShaderCompilers: Display: Shaders left to compile 0
[2018.10.22-18.13.13:283][329]LogD3D11RHI: Shutdown
[2018.10.22-18.13.13:283][329]LogD3D11RHI: CleanupD3DDevice
[2018.10.22-18.13.13:287][329]LogD3D11RHI: ~FD3D11DynamicRHI
[2018.10.22-18.13.13:326][329]LogModuleManager: Shutting down and abandoning module StaticMeshEditor (616)
[2018.10.22-18.13.13:326][329]LogModuleManager: Shutting down and abandoning module MeshBuilder (614)
[2018.10.22-18.13.13:326][329]LogModuleManager: Shutting down and abandoning module HierarchicalLODOutliner (612)
[2018.10.22-18.13.13:326][329]LogModuleManager: Shutting down and abandoning module SceneOutliner (610)
[2018.10.22-18.13.13:326][329]LogModuleManager: Shutting down and abandoning module AddContentDialog (608)
[2018.10.22-18.13.13:327][329]LogModuleManager: Shutting down and abandoning module WidgetCarousel (607)
[2018.10.22-18.13.13:327][329]LogModuleManager: Shutting down and abandoning module EditorWidgets (604)
[2018.10.22-18.13.13:327][329]LogModuleManager: Shutting down and abandoning module CollectionManager (602)
[2018.10.22-18.13.13:327][329]LogModuleManager: Shutting down and abandoning module StatsViewer (600)
[2018.10.22-18.13.13:327][329]LogModuleManager: Shutting down and abandoning module FoliageEdit (598)
[2018.10.22-18.13.13:327][329]LogModuleManager: Shutting down and abandoning module LandscapeEditor (596)
[2018.10.22-18.13.13:327][329]LogModuleManager: Shutting down and abandoning module MeshPaintMode (594)
[2018.10.22-18.13.13:327][329]LogModuleManager: Shutting down and abandoning module SceneDepthPickerMode (592)
[2018.10.22-18.13.13:327][329]LogModuleManager: Shutting down and abandoning module ActorPickerMode (590)
[2018.10.22-18.13.13:327][329]LogModuleManager: Shutting down and abandoning module GeometryMode (588)
[2018.10.22-18.13.13:327][329]LogModuleManager: Shutting down and abandoning module TextureAlignMode (586)
[2018.10.22-18.13.13:328][329]LogModuleManager: Shutting down and abandoning module BspMode (584)
[2018.10.22-18.13.13:328][329]LogModuleManager: Shutting down and abandoning module PIEPreviewDeviceProfileSelector (582)
[2018.10.22-18.13.13:328][329]LogModuleManager: Shutting down and abandoning module SequenceRecorderSections (580)
[2018.10.22-18.13.13:328][329]LogModuleManager: Shutting down and abandoning module AutomationWorker (578)
[2018.10.22-18.13.13:328][329]LogModuleManager: Shutting down and abandoning module AudioCaptureEditor (576)
[2018.10.22-18.13.13:328][329]LogModuleManager: Shutting down and abandoning module SequenceRecorder (575)
[2018.10.22-18.13.13:328][329]LogModuleManager: Shutting down and abandoning module MatineeToLevelSequence (572)
[2018.10.22-18.13.13:328][329]LogModuleManager: Shutting down and abandoning module LevelSequenceEditor (570)
[2018.10.22-18.13.13:328][329]LogModuleManager: Shutting down and abandoning module PlacementMode (569)
[2018.10.22-18.13.13:328][329]LogModuleManager: Shutting down and abandoning module MaterialEditor (568)
[2018.10.22-18.13.13:328][329]LogModuleManager: Shutting down and abandoning module WmfMediaFactory (564)
[2018.10.22-18.13.13:328][329]LogModuleManager: Shutting down and abandoning module WmfMediaEditor (562)
[2018.10.22-18.13.13:328][329]LogModuleManager: Shutting down and abandoning module MediaPlayerEditor (560)
[2018.10.22-18.13.13:328][329]LogModuleManager: Shutting down and abandoning module OpenExrWrapper (558)
[2018.10.22-18.13.13:328][329]LogModuleManager: Shutting down and abandoning module ImgMediaFactory (556)
[2018.10.22-18.13.13:328][329]LogModuleManager: Shutting down and abandoning module ImgMediaEditor (554)
[2018.10.22-18.13.13:328][329]LogModuleManager: Shutting down and abandoning module AvfMediaFactory (552)
[2018.10.22-18.13.13:328][329]LogModuleManager: Shutting down and abandoning module AvfMediaEditor (550)
[2018.10.22-18.13.13:328][329]LogModuleManager: Shutting down and abandoning module AndroidMediaFactory (548)
[2018.10.22-18.13.13:328][329]LogModuleManager: Shutting down and abandoning module AndroidMediaEditor (546)
[2018.10.22-18.13.13:328][329]LogModuleManager: Shutting down and abandoning module MagicLeapCameraPreviewFactory (544)
[2018.10.22-18.13.13:328][329]LogModuleManager: Shutting down and abandoning module MagicLeapMediaFactory (542)
[2018.10.22-18.13.13:328][329]LogModuleManager: Shutting down and abandoning module MagicLeapMediaEditor (540)
[2018.10.22-18.13.13:328][329]LogModuleManager: Shutting down and abandoning module CharacterAI (538)
[2018.10.22-18.13.13:328][329]LogModuleManager: Shutting down and abandoning module SmartSnapping (536)
[2018.10.22-18.13.13:328][329]LogModuleManager: Shutting down and abandoning module SessionServices (534)
[2018.10.22-18.13.13:328][329]LogModuleManager: Shutting down and abandoning module ViewportSnapping (532)
[2018.10.22-18.13.13:328][329]LogModuleManager: Shutting down and abandoning module ViewportInteraction (530)
[2018.10.22-18.13.13:328][329]LogModuleManager: Shutting down and abandoning module ClothPainter (528)
[2018.10.22-18.13.13:328][329]LogModuleManager: Shutting down and abandoning module SkeletalMeshEditor (527)
[2018.10.22-18.13.13:328][329]LogModuleManager: Shutting down and abandoning module LogVisualizer (524)
[2018.10.22-18.13.13:329][329]LogModuleManager: Shutting down and abandoning module IntroTutorials (522)
[2018.10.22-18.13.13:329][329]LogModuleManager: Shutting down and abandoning module GameProjectGeneration (521)
[2018.10.22-18.13.13:329][329]LogModuleManager: Shutting down and abandoning module LuminPlatformEditor (518)
[2018.10.22-18.13.13:329][329]LogModuleManager: Shutting down and abandoning module IOSPlatformEditor (516)
[2018.10.22-18.13.13:329][329]LogModuleManager: Shutting down and abandoning module HTML5PlatformEditor (514)
[2018.10.22-18.13.13:329][329]LogModuleManager: Shutting down and abandoning module AndroidPlatformEditor (512)
[2018.10.22-18.13.13:329][329]LogModuleManager: Shutting down and abandoning module AndroidDeviceDetection (511)
[2018.10.22-18.13.13:839][329]LogModuleManager: Shutting down and abandoning module WindowsPlatformEditor (508)
[2018.10.22-18.13.13:839][329]LogModuleManager: Shutting down and abandoning module LuminRuntimeSettings (506)
[2018.10.22-18.13.13:839][329]LogModuleManager: Shutting down and abandoning module IOSRuntimeSettings (504)
[2018.10.22-18.13.13:839][329]LogModuleManager: Shutting down and abandoning module AndroidRuntimeSettings (502)
[2018.10.22-18.13.13:839][329]LogModuleManager: Shutting down and abandoning module InputBindingEditor (500)
[2018.10.22-18.13.13:839][329]LogModuleManager: Shutting down and abandoning module MergeActors (498)
[2018.10.22-18.13.13:839][329]LogModuleManager: Shutting down and abandoning module LocalizationDashboard (496)
[2018.10.22-18.13.13:839][329]LogModuleManager: Shutting down and abandoning module LocalizationService (495)
[2018.10.22-18.13.13:839][329]LogModuleManager: Shutting down and abandoning module HardwareTargeting (492)
[2018.10.22-18.13.13:839][329]LogModuleManager: Shutting down and abandoning module DeviceProfileEditor (490)
[2018.10.22-18.13.13:839][329]LogModuleManager: Shutting down and abandoning module UndoHistory (488)
[2018.10.22-18.13.13:839][329]LogModuleManager: Shutting down and abandoning module XmlParser (486)
[2018.10.22-18.13.13:839][329]LogModuleManager: Shutting down and abandoning module Blutility (484)
[2018.10.22-18.13.13:839][329]LogModuleManager: Shutting down and abandoning module ProjectSettingsViewer (482)
[2018.10.22-18.13.13:839][329]LogModuleManager: Shutting down and abandoning module ProjectTargetPlatformEditor (481)
[2018.10.22-18.13.13:840][329]LogModuleManager: Shutting down and abandoning module EditorSettingsViewer (478)
[2018.10.22-18.13.13:840][329]LogModuleManager: Shutting down and abandoning module SettingsEditor (476)
[2018.10.22-18.13.13:840][329]LogModuleManager: Shutting down and abandoning module ProjectLauncher (474)
[2018.10.22-18.13.13:840][329]LogModuleManager: Shutting down and abandoning module SessionFrontend (472)
[2018.10.22-18.13.13:840][329]LogModuleManager: Shutting down and abandoning module ProfilerClient (470)
[2018.10.22-18.13.13:840][329]LogModuleManager: Shutting down and abandoning module DeviceManager (468)
[2018.10.22-18.13.13:840][329]LogModuleManager: Shutting down and abandoning module TargetDeviceServices (467)
[2018.10.22-18.13.13:893][329]LogModuleManager: Shutting down and abandoning module AutomationController (464)
[2018.10.22-18.13.13:893][329]LogModuleManager: Shutting down and abandoning module AutomationWindow (462)
[2018.10.22-18.13.13:893][329]LogModuleManager: Shutting down and abandoning module Layers (460)
[2018.10.22-18.13.13:893][329]LogModuleManager: Shutting down and abandoning module ComponentVisualizers (458)
[2018.10.22-18.13.13:893][329]LogModuleManager: Shutting down and abandoning module DetailCustomizations (456)
[2018.10.22-18.13.13:894][329]LogModuleManager: Shutting down and abandoning module PackagesDialog (454)
[2018.10.22-18.13.13:894][329]LogModuleManager: Shutting down and abandoning module Persona (452)
[2018.10.22-18.13.13:894][329]LogModuleManager: Shutting down and abandoning module AdvancedPreviewScene (451)
[2018.10.22-18.13.13:894][329]LogModuleManager: Shutting down and abandoning module AnimGraph (449)
[2018.10.22-18.13.13:894][329]LogModuleManager: Shutting down and abandoning module Kismet (446)
[2018.10.22-18.13.13:896][329]LogModuleManager: Shutting down and abandoning module GraphEditor (444)
[2018.10.22-18.13.13:896][329]LogModuleManager: Shutting down and abandoning module ClassViewer (442)
[2018.10.22-18.13.13:896][329]LogModuleManager: Shutting down and abandoning module Toolbox (440)
[2018.10.22-18.13.13:896][329]LogModuleManager: Shutting down and abandoning module ModuleUI (438)
[2018.10.22-18.13.13:896][329]LogModuleManager: Shutting down and abandoning module MovieSceneTools (436)
[2018.10.22-18.13.13:896][329]LogModuleManager: Shutting down and abandoning module OutputLog (434)
[2018.10.22-18.13.13:896][329]LogModuleManager: Shutting down and abandoning module GammaUI (432)
[2018.10.22-18.13.13:897][329]LogModuleManager: Shutting down and abandoning module Documentation (430)
[2018.10.22-18.13.13:897][329]LogModuleManager: Shutting down and abandoning module MovieSceneTracks (428)
[2018.10.22-18.13.13:897][329]LogModuleManager: Shutting down and abandoning module MovieScene (426)
[2018.10.22-18.13.13:897][329]LogModuleManager: Shutting down and abandoning module StreamingPauseRendering (424)
[2018.10.22-18.13.13:897][329]LogModuleManager: Shutting down and abandoning module LauncherPlatform (422)
[2018.10.22-18.13.13:897][329]LogModuleManager: Shutting down and abandoning module AnalyticsET (420)
[2018.10.22-18.13.13:897][329]LogModuleManager: Shutting down and abandoning module PortalServices (418)
[2018.10.22-18.13.13:897][329]LogModuleManager: Shutting down and abandoning module PortalRpc (416)
[2018.10.22-18.13.13:897][329]LogModuleManager: Shutting down and abandoning module MessagingRpc (414)
[2018.10.22-18.13.13:897][329]LogModuleManager: Shutting down and abandoning module AIModule (412)
[2018.10.22-18.13.13:897][329]LogModuleManager: Shutting down and abandoning module GameplayDebugger (411)
[2018.10.22-18.13.13:897][329]LogModuleManager: Shutting down and abandoning module AITestSuite (409)
[2018.10.22-18.13.13:897][329]LogModuleManager: Shutting down and abandoning module NavigationSystem (407)
[2018.10.22-18.13.13:897][329]LogModuleManager: Shutting down and abandoning module DesktopPlatform (404)
[2018.10.22-18.13.13:897][329]LogModuleManager: Shutting down and abandoning module ProfilerService (402)
[2018.10.22-18.13.13:993][329]LogModuleManager: Shutting down and abandoning module TaskGraph (400)
[2018.10.22-18.13.13:993][329]LogModuleManager: Shutting down and abandoning module SteamVRController (398)
[2018.10.22-18.13.13:993][329]LogModuleManager: Shutting down and abandoning module ProceduralMeshComponentEditor (396)
[2018.10.22-18.13.13:993][329]LogModuleManager: Shutting down and abandoning module ProceduralMeshComponent (394)
[2018.10.22-18.13.13:993][329]LogModuleManager: Shutting down and abandoning module OculusInput (392)
[2018.10.22-18.13.13:993][329]LogModuleManager: Shutting down and abandoning module MobilePatchingUtils (390)
[2018.10.22-18.13.13:993][329]LogModuleManager: Shutting down and abandoning module EditableMesh (388)
[2018.10.22-18.13.13:993][329]LogModuleManager: Shutting down and abandoning module CustomMeshComponent (386)
[2018.10.22-18.13.13:993][329]LogModuleManager: Shutting down and abandoning module CableComponent (384)
[2018.10.22-18.13.13:993][329]LogModuleManager: Shutting down and abandoning module AudioCapture (382)
[2018.10.22-18.13.13:993][329]LogModuleManager: Shutting down and abandoning module ArchVisCharacter (380)
[2018.10.22-18.13.13:993][329]LogModuleManager: Shutting down and abandoning module AndroidPermission (378)
[2018.10.22-18.13.13:993][329]LogModuleManager: Shutting down and abandoning module NUTUnrealEngine4 (376)
[2018.10.22-18.13.13:993][329]LogModuleManager: Shutting down and abandoning module NetcodeUnitTest (374)
[2018.10.22-18.13.13:993][329]LogModuleManager: Shutting down and abandoning module MediaCompositingEditor (372)
[2018.10.22-18.13.13:993][329]LogModuleManager: Shutting down and abandoning module MediaCompositing (370)
[2018.10.22-18.13.13:993][329]LogModuleManager: Shutting down and abandoning module LinearTimecode (368)
[2018.10.22-18.13.13:993][329]LogModuleManager: Shutting down and abandoning module ImgMedia (366)
[2018.10.22-18.13.14:001][329]LogModuleManager: Shutting down and abandoning module UE4EditorCustomize (364)
[2018.10.22-18.13.14:001][329]LogModuleManager: Shutting down and abandoning module HTML5Networking (362)
[2018.10.22-18.13.14:001][329]LogModuleManager: Shutting down and abandoning module GeometryCacheTracks (360)
[2018.10.22-18.13.14:001][329]LogModuleManager: Shutting down and abandoning module GeometryCacheSequencer (358)
[2018.10.22-18.13.14:001][329]LogModuleManager: Shutting down and abandoning module BackChannel (356)
[2018.10.22-18.13.14:001][329]LogModuleManager: Shutting down and abandoning module AppleVision (354)
[2018.10.22-18.13.14:001][329]LogModuleManager: Shutting down and abandoning module AppleImageUtils (352)
[2018.10.22-18.13.14:001][329]LogModuleManager: Shutting down and abandoning module AlembicImporter (350)
[2018.10.22-18.13.14:002][329]LogModuleManager: Shutting down and abandoning module AlembicLibrary (349)
[2018.10.22-18.13.14:002][329]LogModuleManager: Shutting down and abandoning module GeometryCache (348)
[2018.10.22-18.13.14:002][329]LogModuleManager: Shutting down and abandoning module GeometryCacheEd (347)
[2018.10.22-18.13.14:002][329]LogModuleManager: Shutting down and abandoning module DatasmithContentEditor (342)
[2018.10.22-18.13.14:002][329]LogModuleManager: Shutting down and abandoning module DatasmithContent (340)
[2018.10.22-18.13.14:003][329]LogModuleManager: Shutting down and abandoning module SpeedTreeImporter (338)
[2018.10.22-18.13.14:003][329]LogModuleManager: Shutting down and abandoning module PluginBrowser (336)
[2018.10.22-18.13.14:003][329]LogModuleManager: Shutting down and abandoning module MobileLauncherProfileWizard (334)
[2018.10.22-18.13.14:003][329]LogModuleManager: Shutting down and abandoning module PolygonModeling (332)
[2018.10.22-18.13.14:003][329]LogModuleManager: Shutting down and abandoning module MeshEditor (330)
[2018.10.22-18.13.14:003][329]LogModuleManager: Shutting down and abandoning module CryptoKeysOpenSSL (328)
[2018.10.22-18.13.14:003][329]LogModuleManager: Shutting down and abandoning module CryptoKeys (326)
[2018.10.22-18.13.14:003][329]LogModuleManager: Shutting down and abandoning module VisualStudioSourceCodeAccess (324)
[2018.10.22-18.13.14:003][329]LogModuleManager: Shutting down and abandoning module VisualStudioCodeSourceCodeAccess (322)
[2018.10.22-18.13.14:003][329]LogModuleManager: Shutting down and abandoning module UObjectPlugin (320)
[2018.10.22-18.13.14:003][329]LogModuleManager: Shutting down and abandoning module SubversionSourceControl (318)
[2018.10.22-18.13.14:003][329]LogModuleManager: Shutting down and abandoning module PerforceSourceControl (316)
[2018.10.22-18.13.14:003][329]LogModuleManager: Shutting down and abandoning module GitSourceControl (314)
[2018.10.22-18.13.14:003][329]LogModuleManager: Shutting down and abandoning module SourceControl (313)
[2018.10.22-18.13.14:003][329]LogModuleManager: Shutting down and abandoning module CLionSourceCodeAccess (310)
[2018.10.22-18.13.14:003][329]LogModuleManager: Shutting down and abandoning module LightPropagationVolumeEditor (308)
[2018.10.22-18.13.14:003][329]LogModuleManager: Shutting down and abandoning module PaperTiledImporter (306)
[2018.10.22-18.13.14:003][329]LogModuleManager: Shutting down and abandoning module PaperSpriteSheetImporter (304)
[2018.10.22-18.13.14:003][329]LogModuleManager: Shutting down and abandoning module Paper2DEditor (302)
[2018.10.22-18.13.14:004][329]LogModuleManager: Shutting down and abandoning module MeshPaint (301)
[2018.10.22-18.13.14:004][329]LogModuleManager: Shutting down and abandoning module RuntimePhysXCooking (298)
[2018.10.22-18.13.14:004][329]LogModuleManager: Shutting down and abandoning module PhysXVehiclesEditor (296)
[2018.10.22-18.13.14:004][329]LogModuleManager: Shutting down and abandoning module PhysXVehicles (294)
[2018.10.22-18.13.14:004][329]LogModuleManager: Shutting down and abandoning module OculusEditor (292)
[2018.10.22-18.13.14:004][329]LogModuleManager: Shutting down and abandoning module LocationServicesBPLibrary (290)
[2018.10.22-18.13.14:004][329]LogModuleManager: Shutting down and abandoning module ImmediatePhysicsEditor (288)
[2018.10.22-18.13.14:004][329]LogModuleManager: Shutting down and abandoning module ImmediatePhysics (286)
[2018.10.22-18.13.14:004][329]LogModuleManager: Shutting down and abandoning module ActorSequence (284)
[2018.10.22-18.13.14:004][329]LogModuleManager: Shutting down and abandoning module UdpMessaging (282)
[2018.10.22-18.13.14:104][329]LogModuleManager: Shutting down and abandoning module TcpMessaging (280)
[2018.10.22-18.13.14:205][329]LogModuleManager: Shutting down and abandoning module MagicLeapAudio (278)
[2018.10.22-18.13.14:205][329]LogModuleManager: Shutting down and abandoning module GameplayTagsEditor (276)
[2018.10.22-18.13.14:205][329]LogModuleManager: Shutting down and abandoning module FacialAnimationEditor (274)
[2018.10.22-18.13.14:205][329]LogModuleManager: Shutting down and abandoning module FacialAnimation (272)
[2018.10.22-18.13.14:205][329]LogModuleManager: Shutting down and abandoning module DataValidation (270)
[2018.10.22-18.13.14:205][329]LogModuleManager: Shutting down and abandoning module AssetManagerEditor (268)
[2018.10.22-18.13.14:205][329]LogModuleManager: Shutting down and abandoning module LevelEditor (267)
[2018.10.22-18.13.14:206][329]LogModuleManager: Shutting down and abandoning module PixelInspectorModule (266)
[2018.10.22-18.13.14:206][329]LogModuleManager: Shutting down and abandoning module CommonMenuExtensions (264)
[2018.10.22-18.13.14:206][329]LogModuleManager: Shutting down and abandoning module MainFrame (262)
[2018.10.22-18.13.14:206][329]LogModuleManager: Shutting down and abandoning module HotReload (261)
[2018.10.22-18.13.14:207][329]LogModuleManager: Shutting down and abandoning module ContentBrowser (257)
[2018.10.22-18.13.14:208][329]LogModuleManager: Shutting down and abandoning module TreeMap (255)
[2018.10.22-18.13.14:208][329]LogModuleManager: Shutting down and abandoning module LightPropagationVolumeRuntime (252)
[2018.10.22-18.13.14:208][329]LogModuleManager: Shutting down and abandoning module AISupportModule (250)
[2018.10.22-18.13.14:208][329]LogModuleManager: Shutting down and abandoning module Paper2D (248)
[2018.10.22-18.13.14:208][329]LogModuleManager: Shutting down and abandoning module WindowsMoviePlayer (246)
[2018.10.22-18.13.14:209][329]LogModuleManager: Shutting down and abandoning module WmfMedia (244)
[2018.10.22-18.13.14:216][329]LogModuleManager: Shutting down and abandoning module Media (243)
[2018.10.22-18.13.14:222][329]LogModuleManager: Shutting down and abandoning module PacketHandler (240)
[2018.10.22-18.13.14:223][329]LogModuleManager: Shutting down and abandoning module ClothingSystemEditor (238)
[2018.10.22-18.13.14:223][329]LogModuleManager: Shutting down and abandoning module ClothingSystemRuntime (236)
[2018.10.22-18.13.14:223][329]LogModuleManager: Shutting down and abandoning module MediaAssets (234)
[2018.10.22-18.13.14:223][329]LogModuleManager: Shutting down and abandoning module Overlay (232)
[2018.10.22-18.13.14:223][329]LogModuleManager: Shutting down and abandoning module OverlayEditor (231)
[2018.10.22-18.13.14:223][329]LogModuleManager: Shutting down and abandoning module VREditor (228)
[2018.10.22-18.13.14:223][329]LogModuleManager: Shutting down and abandoning module StringTableEditor (226)
[2018.10.22-18.13.14:223][329]LogModuleManager: Shutting down and abandoning module GameplayTasksEditor (224)
[2018.10.22-18.13.14:223][329]LogModuleManager: Shutting down and abandoning module BehaviorTreeEditor (222)
[2018.10.22-18.13.14:223][329]LogModuleManager: Shutting down and abandoning module FunctionalTesting (220)
[2018.10.22-18.13.14:223][329]LogModuleManager: Shutting down and abandoning module CollisionAnalyzer (218)
[2018.10.22-18.13.14:223][329]LogModuleManager: Shutting down and abandoning module WorkspaceMenuStructure (217)
[2018.10.22-18.13.14:223][329]LogModuleManager: Shutting down and abandoning module UMG (214)
[2018.10.22-18.13.14:223][329]LogModuleManager: Shutting down and abandoning module UMGEditor (213)
[2018.10.22-18.13.14:223][329]LogModuleManager: Shutting down and abandoning module Sequencer (212)
[2018.10.22-18.13.14:224][329]LogModuleManager: Shutting down and abandoning module MessageLog (209)
[2018.10.22-18.13.14:224][329]LogModuleManager: Shutting down and abandoning module SlateReflector (204)
[2018.10.22-18.13.14:224][329]LogModuleManager: Shutting down and abandoning module Slate (202)
[2018.10.22-18.13.14:224][329]LogModuleManager: Shutting down and abandoning module EditorStyle (200)
[2018.10.22-18.13.14:227][329]LogModuleManager: Shutting down and abandoning module MRMesh (198)
[2018.10.22-18.13.14:227][329]LogModuleManager: Shutting down and abandoning module SourceCodeAccess (196)
[2018.10.22-18.13.14:228][329]LogModuleManager: Shutting down and abandoning module HeadMountedDisplay (194)
[2018.10.22-18.13.14:228][329]LogModuleManager: Shutting down and abandoning module XAudio2 (192)
[2018.10.22-18.13.14:228][329]LogModuleManager: Shutting down and abandoning module Networking (190)
[2018.10.22-18.13.14:228][329]LogModuleManager: Shutting down and abandoning module Core (188)
[2018.10.22-18.13.14:228][329]LogModuleManager: Shutting down and abandoning module LevelSequence (186)
[2018.10.22-18.13.14:228][329]LogModuleManager: Shutting down and abandoning module KismetCompiler (184)
[2018.10.22-18.13.14:228][329]LogModuleManager: Shutting down and abandoning module MeshUtilities (182)
[2018.10.22-18.13.14:228][329]LogModuleManager: Shutting down and abandoning module MeshMergeUtilities (181)
[2018.10.22-18.13.14:228][329]LogModuleManager: Shutting down and abandoning module MeshReductionInterface (180)
[2018.10.22-18.13.14:228][329]LogModuleManager: Shutting down and abandoning module SimplygonSwarm (179)
[2018.10.22-18.13.14:228][329]LogModuleManager: Shutting down and abandoning module ProxyLODMeshReduction (177)
[2018.10.22-18.13.14:228][329]LogModuleManager: Shutting down and abandoning module SimplygonMeshReduction (175)
[2018.10.22-18.13.14:228][329]LogModuleManager: Shutting down and abandoning module QuadricMeshReduction (173)
[2018.10.22-18.13.14:228][329]LogModuleManager: Shutting down and abandoning module MaterialBaking (169)
[2018.10.22-18.13.14:228][329]LogModuleManager: Shutting down and abandoning module DirectoryWatcher (165)
[2018.10.22-18.13.14:228][329]LogModuleManager: Shutting down and abandoning module DerivedDataCache (162)
[2018.10.22-18.13.14:317][329]LogDerivedDataCache: Shutdown
[2018.10.22-18.13.14:317][329]LogModuleManager: Shutting down and abandoning module XGEController (160)
[2018.10.22-18.13.14:317][329]LogModuleManager: Shutting down and abandoning module TargetPlatform (158)
[2018.10.22-18.13.14:318][329]LogModuleManager: Shutting down and abandoning module VulkanShaderFormat (157)
[2018.10.22-18.13.14:318][329]LogModuleManager: Shutting down and abandoning module ShaderFormatVectorVM (155)
[2018.10.22-18.13.14:318][329]LogModuleManager: Shutting down and abandoning module ShaderFormatOpenGL (153)
[2018.10.22-18.13.14:318][329]LogModuleManager: Shutting down and abandoning module ShaderFormatD3D (151)
[2018.10.22-18.13.14:318][329]LogModuleManager: Shutting down and abandoning module MetalShaderFormat (149)
[2018.10.22-18.13.14:318][329]LogModuleManager: Shutting down and abandoning module TextureFormatUncompressed (147)
[2018.10.22-18.13.14:318][329]LogModuleManager: Shutting down and abandoning module TextureFormatPVR (145)
[2018.10.22-18.13.14:318][329]LogModuleManager: Shutting down and abandoning module TextureFormatDXT (143)
[2018.10.22-18.13.14:318][329]LogModuleManager: Shutting down and abandoning module TextureFormatIntelISPCTexComp (141)
[2018.10.22-18.13.14:318][329]LogModuleManager: Shutting down and abandoning module TextureFormatASTC (139)
[2018.10.22-18.13.14:318][329]LogModuleManager: Shutting down and abandoning module ImageWrapper (138)
[2018.10.22-18.13.14:318][329]LogModuleManager: Shutting down and abandoning module TextureFormatAndroid (135)
[2018.10.22-18.13.14:318][329]LogModuleManager: Shutting down and abandoning module AudioFormatOpus (133)
[2018.10.22-18.13.14:318][329]LogModuleManager: Shutting down and abandoning module AudioFormatOgg (131)
[2018.10.22-18.13.14:318][329]LogModuleManager: Shutting down and abandoning module AudioFormatADPCM (129)
[2018.10.22-18.13.14:318][329]LogModuleManager: Shutting down and abandoning module LuminTargetPlatform (127)
[2018.10.22-18.13.14:318][329]LogModuleManager: Shutting down and abandoning module LinuxTargetPlatform (125)
[2018.10.22-18.13.14:318][329]LogModuleManager: Shutting down and abandoning module LinuxServerTargetPlatform (123)
[2018.10.22-18.13.14:318][329]LogModuleManager: Shutting down and abandoning module LinuxNoEditorTargetPlatform (121)
[2018.10.22-18.13.14:319][329]LogModuleManager: Shutting down and abandoning module LinuxClientTargetPlatform (119)
[2018.10.22-18.13.14:319][329]LogModuleManager: Shutting down and abandoning module TVOSTargetPlatform (117)
[2018.10.22-18.13.14:320][329]LogModuleManager: Shutting down and abandoning module Messaging (115)
[2018.10.22-18.13.14:320][329]LogModuleManager: Shutting down and abandoning module IOSTargetPlatform (113)
[2018.10.22-18.13.14:321][329]LogModuleManager: Shutting down and abandoning module HTML5TargetPlatform (111)
[2018.10.22-18.13.14:321][329]LogModuleManager: Shutting down and abandoning module AndroidTargetPlatform (109)
[2018.10.22-18.13.14:328][329]LogModuleManager: Shutting down and abandoning module WindowsTargetPlatform (107)
[2018.10.22-18.13.14:328][329]LogModuleManager: Shutting down and abandoning module WindowsServerTargetPlatform (105)
[2018.10.22-18.13.14:328][329]LogModuleManager: Shutting down and abandoning module WindowsNoEditorTargetPlatform (103)
[2018.10.22-18.13.14:328][329]LogModuleManager: Shutting down and abandoning module WindowsClientTargetPlatform (101)
[2018.10.22-18.13.14:328][329]LogModuleManager: Shutting down and abandoning module MacTargetPlatform (99)
[2018.10.22-18.13.14:328][329]LogModuleManager: Shutting down and abandoning module MacServerTargetPlatform (97)
[2018.10.22-18.13.14:328][329]LogModuleManager: Shutting down and abandoning module MacNoEditorTargetPlatform (95)
[2018.10.22-18.13.14:328][329]LogModuleManager: Shutting down and abandoning module MacClientTargetPlatform (93)
[2018.10.22-18.13.14:328][329]LogModuleManager: Shutting down and abandoning module AllDesktopTargetPlatform (91)
[2018.10.22-18.13.14:328][329]LogModuleManager: Shutting down and abandoning module InputCore (88)
[2018.10.22-18.13.14:328][329]LogModuleManager: Shutting down and abandoning module Settings (86)
[2018.10.22-18.13.14:328][329]LogModuleManager: Shutting down and abandoning module PhysXCooking (84)
[2018.10.22-18.13.14:328][329]LogModuleManager: Shutting down and abandoning module SteamVR (82)
[2018.10.22-18.13.14:328][329]LogModuleManager: Shutting down and abandoning module OculusHMD (80)
[2018.10.22-18.13.14:328][329]LogModuleManager: Shutting down and abandoning module ExampleDeviceProfileSelector (78)
[2018.10.22-18.13.14:328][329]LogModuleManager: Shutting down and abandoning module LauncherChunkInstaller (76)
[2018.10.22-18.13.14:328][329]LogModuleManager: Shutting down and abandoning module OnlineBlueprintSupport (74)
[2018.10.22-18.13.14:328][329]LogModuleManager: Shutting down and abandoning module OnlineSubsystem (70)
[2018.10.22-18.13.14:329][329]LogModuleManager: Shutting down and abandoning module XMPP (65)
[2018.10.22-18.13.14:329][329]LogModuleManager: Shutting down and abandoning module WebSockets (64)
[2018.10.22-18.13.14:357][329]LogModuleManager: Shutting down and abandoning module HTTP (61)
[2018.10.22-18.13.14:357][329]LogHttp: Display: Http module shutting down, but needs to wait on 1 outstanding Http requests:
[2018.10.22-18.13.14:357][329]LogHttp: Display: 	verb=[POST] url=[https://datarouter.ol.epicgames.com/datarouter/api/v1/public/data?SessionID=%7BC3C403B6-48DD-89FA-CEDB-878D1A359181%7D&AppID=UEEditor.Rocket.Release&AppVersion=4.20.3-4369336%2B%2B%2BUE4%2BRelease-4.20&UserID=dac40d244fe305c659a6a1b492f07415%7Cfa194064d9254c46ad5c9b279637ef1d%7C9d8ab9f4-c073-4548-a278-49847fd1e972&AppEnvironment=datacollector-binary&UploadType=eteventstream] status=Processing
[2018.10.22-18.13.14:386][329]LogModuleManager: Shutting down and abandoning module SSL (60)
[2018.10.22-18.13.14:388][329]LogModuleManager: Shutting down and abandoning module MagicLeapEmulator (56)
[2018.10.22-18.13.14:388][329]LogModuleManager: Shutting down and abandoning module MagicLeapPrivileges (54)
[2018.10.22-18.13.14:388][329]LogModuleManager: Shutting down and abandoning module MagicLeapIdentity (52)
[2018.10.22-18.13.14:388][329]LogModuleManager: Shutting down and abandoning module MagicLeapHelperVulkan (50)
[2018.10.22-18.13.14:388][329]LogModuleManager: Shutting down and abandoning module MagicLeapHelperOpenGL (48)
[2018.10.22-18.13.14:389][329]LogModuleManager: Shutting down and abandoning module MagicLeapSecureStorage (46)
[2018.10.22-18.13.14:389][329]LogModuleManager: Shutting down and abandoning module MagicLeapGestures (44)
[2018.10.22-18.13.14:389][329]LogModuleManager: Shutting down and abandoning module MagicLeapEyeTracker (42)
[2018.10.22-18.13.14:389][329]LogModuleManager: Shutting down and abandoning module MagicLeapController (40)
[2018.10.22-18.13.14:389][329]LogSlate: Slate User Destroyed.  User Index 0, Is Virtual User: 0
[2018.10.22-18.13.14:389][329]LogModuleManager: Shutting down and abandoning module MagicLeap (38)
[2018.10.22-18.13.14:389][329]LogModuleManager: Shutting down and abandoning module AnimationModifiers (36)
[2018.10.22-18.13.14:389][329]LogModuleManager: Shutting down and abandoning module PropertyEditor (35)
[2018.10.22-18.13.14:389][329]LogModuleManager: Shutting down and abandoning module AudioEditor (32)
[2018.10.22-18.13.14:389][329]LogModuleManager: Shutting down and abandoning module TextureCompressor (30)
[2018.10.22-18.13.14:390][329]LogModuleManager: Shutting down and abandoning module ShaderCore (28)
[2018.10.22-18.13.14:390][329]LogModuleManager: Shutting down and abandoning module Landscape (26)
[2018.10.22-18.13.14:390][329]LogModuleManager: Shutting down and abandoning module SlateRHIRenderer (24)
[2018.10.22-18.13.14:392][329]LogModuleManager: Shutting down and abandoning module OpenGLDrv (22)
[2018.10.22-18.13.14:392][329]LogModuleManager: Shutting down and abandoning module D3D11RHI (20)
[2018.10.22-18.13.14:392][329]LogModuleManager: Shutting down and abandoning module AnimGraphRuntime (18)
[2018.10.22-18.13.14:392][329]LogModuleManager: Shutting down and abandoning module Renderer (16)
[2018.10.22-18.13.14:392][329]LogModuleManager: Shutting down and abandoning module Engine (14)
[2018.10.22-18.13.14:392][329]LogModuleManager: Shutting down and abandoning module CoreUObject (12)
[2018.10.22-18.13.14:392][329]LogModuleManager: Shutting down and abandoning module NetworkFile (10)
[2018.10.22-18.13.14:392][329]LogModuleManager: Shutting down and abandoning module CookedIterativeFile (8)
[2018.10.22-18.13.14:392][329]LogModuleManager: Shutting down and abandoning module StreamingFile (6)
[2018.10.22-18.13.14:392][329]LogModuleManager: Shutting down and abandoning module SandboxFile (4)
[2018.10.22-18.13.14:392][329]LogModuleManager: Shutting down and abandoning module PakFile (2)
[2018.10.22-18.13.14:407][329]LogExit: Exiting.
[2018.10.22-18.13.14:464][329]Log file closed, 10/23/18 02:13:14
