Log file open, 09/08/18 23:49:05
LogWindows: Failed to load 'aqProf.dll' (GetLastError=126)
LogWindows: File 'aqProf.dll' does not exist
LogWindows: Failed to load 'VSPerf140.dll' (GetLastError=126)
LogWindows: File 'VSPerf140.dll' does not exist
LogWindows: Failed to load 'VtuneApi.dll' (GetLastError=126)
LogWindows: File 'VtuneApi.dll' does not exist
LogWindows: Failed to load 'VtuneApi32e.dll' (GetLastError=126)
LogWindows: File 'VtuneApi32e.dll' does not exist
LogInit: Display: Running engine for game: 我的项目2
LogPlatformFile: Not using cached read wrapper
LogTaskGraph: Started task graph with 5 named threads and 23 total threads with 3 sets of task threads.
LogStats: Stats thread started at 0.306056
LogD3D11RHI: Loaded GFSDK_Aftermath_Lib.x64.dll
LogICUInternationalization: Display: ICU TimeZone Detection - Raw Offset: +8:00, Platform Override: ''
LogPluginManager: Mounting plugin Paper2D
LogPluginManager: Mounting plugin AISupport
LogPluginManager: Mounting plugin LightPropagationVolume
LogPluginManager: Mounting plugin CLionSourceCodeAccess
LogPluginManager: Mounting plugin CodeLiteSourceCodeAccess
LogPluginManager: Mounting plugin GitSourceControl
LogPluginManager: Mounting plugin KDevelopSourceCodeAccess
LogPluginManager: Mounting plugin NullSourceCodeAccess
LogPluginManager: Mounting plugin PerforceSourceControl
LogPluginManager: Mounting plugin SubversionSourceControl
LogPluginManager: Mounting plugin UObjectPlugin
LogPluginManager: Mounting plugin VisualStudioCodeSourceCodeAccess
LogPluginManager: Mounting plugin VisualStudioSourceCodeAccess
LogPluginManager: Mounting plugin XCodeSourceCodeAccess
LogPluginManager: Mounting plugin AssetManagerEditor
LogPluginManager: Mounting plugin CryptoKeys
LogPluginManager: Mounting plugin DataValidation
LogPluginManager: Mounting plugin FacialAnimation
LogPluginManager: Mounting plugin GameplayTagsEditor
LogPluginManager: Mounting plugin MacGraphicsSwitching
LogPluginManager: Mounting plugin MeshEditor
LogPluginManager: Mounting plugin MobileLauncherProfileWizard
LogPluginManager: Mounting plugin PluginBrowser
LogPluginManager: Mounting plugin SpeedTreeImporter
LogPluginManager: Mounting plugin DatasmithContent
LogPluginManager: Mounting plugin AlembicImporter
LogPluginManager: Mounting plugin AppleImageUtils
LogPluginManager: Mounting plugin AppleVision
LogPluginManager: Mounting plugin BackChannel
LogPluginManager: Mounting plugin CharacterAI
LogPluginManager: Mounting plugin GeometryCache
LogPluginManager: Mounting plugin HTML5Networking
LogPluginManager: Mounting plugin ProxyLODPlugin
LogPluginManager: Mounting plugin MagicLeap
LogPluginManager: Mounting plugin MagicLeapEmulator
LogPluginManager: Mounting plugin MagicLeapMedia
LogPluginManager: Mounting plugin UE4EditorCustomize
LogPluginManager: Mounting plugin AndroidMedia
LogPluginManager: Mounting plugin AvfMedia
LogPluginManager: Mounting plugin ImgMedia
LogPluginManager: Mounting plugin LinearTimecode
LogPluginManager: Mounting plugin MediaCompositing
LogPluginManager: Mounting plugin MediaPlayerEditor
LogPluginManager: Mounting plugin WmfMedia
LogPluginManager: Mounting plugin TcpMessaging
LogPluginManager: Mounting plugin UdpMessaging
LogPluginManager: Mounting plugin ActorSequence
LogPluginManager: Mounting plugin LevelSequenceEditor
LogPluginManager: Mounting plugin MatineeToLevelSequence
LogPluginManager: Mounting plugin NetcodeUnitTest
LogPluginManager: Mounting plugin NUTUnrealEngine4
LogPluginManager: Mounting plugin OnlineSubsystemGooglePlay
LogPluginManager: Mounting plugin OnlineSubsystemIOS
LogPluginManager: Mounting plugin OnlineSubsystem
LogPluginManager: Mounting plugin OnlineSubsystemNull
LogPluginManager: Mounting plugin OnlineSubsystemUtils
LogPluginManager: Mounting plugin LauncherChunkInstaller
LogPluginManager: Mounting plugin AndroidDeviceProfileSelector
LogPluginManager: Mounting plugin AndroidMoviePlayer
LogPluginManager: Mounting plugin AndroidPermission
LogPluginManager: Mounting plugin AppleMoviePlayer
LogPluginManager: Mounting plugin ArchVisCharacter
LogPluginManager: Mounting plugin AudioCapture
LogPluginManager: Mounting plugin CableComponent
LogPluginManager: Mounting plugin CustomMeshComponent
LogPluginManager: Mounting plugin EditableMesh
LogPluginManager: Mounting plugin ExampleDeviceProfileSelector
LogPluginManager: Mounting plugin GoogleCloudMessaging
LogPluginManager: Mounting plugin ImmediatePhysics
LogPluginManager: Mounting plugin IOSDeviceProfileSelector
LogPluginManager: Mounting plugin LinuxDeviceProfileSelector
LogPluginManager: Mounting plugin LocationServicesBPLibrary
LogPluginManager: Mounting plugin MobilePatchingUtils
LogPluginManager: Mounting plugin OculusVR
LogPluginManager: Plugin shader directory ../../../Engine/Plugins/Runtime/Oculus/OculusVR/Shaders found
LogPluginManager: Mapping shader source directory ../../../Engine/Plugins/Runtime/Oculus/OculusVR/Shaders to virtual directory /Plugin/OculusVR
LogPluginManager: Mounting plugin PhysXVehicles
LogPluginManager: Mounting plugin ProceduralMeshComponent
LogPluginManager: Mounting plugin RuntimePhysXCooking
LogPluginManager: Mounting plugin SteamVR
LogPluginManager: Mounting plugin WindowsMoviePlayer
LogStreaming: Display: Took  0.352s to configure plugins.
LogInit: Using libcurl 7.55.1-DEV
LogInit:  - built for x86_64-pc-win32
LogInit:  - supports SSL with OpenSSL/1.0.2h
LogInit:  - supports HTTP deflate (compression) using libz 1.2.8
LogInit:  - other features:
LogInit:      CURL_VERSION_SSL
LogInit:      CURL_VERSION_LIBZ
LogInit:      CURL_VERSION_IPV6
LogInit:      CURL_VERSION_ASYNCHDNS
LogInit:      CURL_VERSION_LARGEFILE
LogInit:      CURL_VERSION_IDN
LogInit:  CurlRequestOptions (configurable via config and command line):
LogInit:  - bVerifyPeer = false  - Libcurl will NOT verify peer certificate
LogInit:  - bUseHttpProxy = false  - Libcurl will NOT use HTTP proxy
LogInit:  - bDontReuseConnections = false  - Libcurl will reuse connections
LogInit:  - CertBundlePath = nullptr  - Libcurl will use whatever was configured at build time.
LogInit:  - MaxHostConnections = 16  - Libcurl will limit the number of connections to a host
LogInit:  - LocalHostAddr = Default
LogInit:  - BufferSize = 65536
LogInit: WinSock: version 1.1 (2.2), MaxSocks=32767, MaxUdp=65467
LogInit: Build: ++UE4+Release-4.20-CL-4302132
LogInit: Engine Version: 4.20.2-4302132+++UE4+Release-4.20
LogInit: Compatible Engine Version: 4.20.0-4212847+++UE4+Release-4.20
LogInit: Net CL: 4212847
LogInit: OS: Windows 10 (), CPU: Intel(R) Core(TM) i7-6700HQ CPU @ 2.60GHz, GPU: Intel(R) HD Graphics 530
LogInit: Compiled (64-bit): Aug 21 2018 02:06:06
LogInit: Compiled with Visual C++: 19.13.26129.00
LogInit: Build Configuration: Development
LogInit: Branch Name: ++UE4+Release-4.20
LogInit: Command Line: -EpicPortal 
LogInit: Base Directory: D:/Program Files/UE_4.20/Engine/Binaries/Win64/
LogInit: Installed Engine Build: 1
LogDevObjectVersion: Number of dev versions registered: 20
LogDevObjectVersion:   Dev-Blueprints (B0D832E4-1F89-4F0D-ACCF-7EB736FD4AA2): 10
LogDevObjectVersion:   Dev-Build (E1C64328-A22C-4D53-A36C-8E866417BD8C): 0
LogDevObjectVersion:   Dev-Core (375EC13C-06E4-48FB-B500-84F0262A717E): 2
LogDevObjectVersion:   Dev-Editor (E4B068ED-F494-42E9-A231-DA0B2E46BB41): 24
LogDevObjectVersion:   Dev-Framework (CFFC743F-43B0-4480-9391-14DF171D2073): 34
LogDevObjectVersion:   Dev-Mobile (B02B49B5-BB20-44E9-A304-32B752E40360): 2
LogDevObjectVersion:   Dev-Networking (A4E4105C-59A1-49B5-A7C5-40C4547EDFEE): 0
LogDevObjectVersion:   Dev-Online (39C831C9-5AE6-47DC-9A44-9C173E1C8E7C): 0
LogDevObjectVersion:   Dev-Physics (78F01B33-EBEA-4F98-B9B4-84EACCB95AA2): 0
LogDevObjectVersion:   Dev-Platform (6631380F-2D4D-43E0-8009-CF276956A95A): 0
LogDevObjectVersion:   Dev-Rendering (12F88B9F-8875-4AFC-A67C-D90C383ABD29): 26
LogDevObjectVersion:   Dev-Sequencer (7B5AE74C-D270-4C10-A958-57980B212A5A): 9
LogDevObjectVersion:   Dev-VR (D7296918-1DD6-4BDD-9DE2-64A83CC13884): 2
LogDevObjectVersion:   Dev-LoadTimes (C2A15278-BFE7-4AFE-6C17-90FF531DF755): 1
LogDevObjectVersion:   Private-Geometry (6EACA3D4-40EC-4CC1-B786-8BED09428FC5): 3
LogDevObjectVersion:   Dev-AnimPhys (29E575DD-E0A3-4627-9D10-D276232CDCEA): 17
LogDevObjectVersion:   Dev-ReflectionCapture (6B266CEC-1EC7-4B8F-A30B-E4D90942FC07): 1
LogDevObjectVersion:   Dev-Automation (0DF73D61-A23F-47EA-B727-89E90C41499A): 1
LogDevObjectVersion:   FortniteMain (601D1886-AC64-4F84-AA16-D3DE0DEAC7D6): 12
LogDevObjectVersion:   Dev-Enterprise (9DFFBCD6-494F-0158-E221-12823C92A888): 1
LogStreaming: Display: Took  0.002s to delete old logs.
LogInit: Presizing for max 8388607 objects, including 0 objects not considered by GC, pre-allocating 0 bytes for permanent pool.
LogInit: Object subsystem initialized
[2018.09.08-15.49.05:933][  0]LogInit: Selected Device Profile: [Windows]
[2018.09.08-15.49.05:933][  0]LogInit: Applying CVar settings loaded from the selected device profile: [Windows]
[2018.09.08-15.49.05:953][  0]LogHAL: Display: Platform has ~ 16 GB [17058086912 / 17179869184 / 16], which maps to Larger [LargestMinGB=32, LargerMinGB=12, DefaultMinGB=8, SmallerMinGB=6, SmallestMinGB=0)
[2018.09.08-15.49.05:954][  0]LogInit: Setting Device Profile CVar: [[r.Vulkan.UseRealUBs:1]]
[2018.09.08-15.49.05:954][  0]LogInit: Going up to parent DeviceProfile []
[2018.09.08-15.49.05:954][  0]LogInit: Computer: DESKTOP-47DQBJE
[2018.09.08-15.49.05:954][  0]LogInit: User: 86230
[2018.09.08-15.49.05:954][  0]LogInit: CPU Page size=4096, Cores=4
[2018.09.08-15.49.05:954][  0]LogInit: High frequency timer resolution =2.531246 MHz
[2018.09.08-15.49.05:954][  0]LogMemory: Memory total: Physical=15.9GB (16GB approx)
[2018.09.08-15.49.05:954][  0]LogMemory: Platform Memory Stats for Windows
[2018.09.08-15.49.05:954][  0]LogMemory: Process Physical Memory: 101.47 MB used, 101.47 MB peak
[2018.09.08-15.49.05:954][  0]LogMemory: Process Virtual Memory: 89.30 MB used, 89.30 MB peak
[2018.09.08-15.49.05:954][  0]LogMemory: Physical Memory: 6222.14 MB used,  10045.71 MB free, 16267.86 MB total
[2018.09.08-15.49.05:954][  0]LogMemory: Virtual Memory: 4638.66 MB used,  10045.71 MB free, 134217728.00 MB total
[2018.09.08-15.49.06:011][  0]LogInit: Using OS detected language (zh-CN).
[2018.09.08-15.49.06:011][  0]LogInit: Using OS detected locale (zh-CN).
[2018.09.08-15.49.06:415][  0]LogStreaming: Display: Took  0.404s to InitEngineTextLocalization.
[2018.09.08-15.49.06:415][  0]LogInit: Setting process to per monitor DPI aware
[2018.09.08-15.49.06:483][  0]LogSlate: New Slate User Created.  User Index 0, Is Virtual User: 0
[2018.09.08-15.49.06:483][  0]LogSlate: Slate User Registered.  User Index 0, Is Virtual User: 0
[2018.09.08-15.49.06:902][  0]LogHMD: Failed to initialize OpenVR with code 110
[2018.09.08-15.49.06:902][  0]LogD3D11RHI: D3D11 adapters:
[2018.09.08-15.49.07:065][  0]LogD3D11RHI:    0. 'NVIDIA GeForce GTX 1060' (Feature Level 11_0)
[2018.09.08-15.49.07:065][  0]LogD3D11RHI:       6052/0/8133 MB DedicatedVideo/DedicatedSystem/SharedSystem, Outputs:1, VendorId:0x10de
[2018.09.08-15.49.07:081][  0]LogD3D11RHI:    1. 'Intel(R) HD Graphics 530' (Feature Level 11_0)
[2018.09.08-15.49.07:081][  0]LogD3D11RHI:       128/0/8133 MB DedicatedVideo/DedicatedSystem/SharedSystem, Outputs:0, VendorId:0x8086
[2018.09.08-15.49.07:084][  0]LogD3D11RHI:    2. 'Microsoft Basic Render Driver' (Feature Level 11_0)
[2018.09.08-15.49.07:085][  0]LogD3D11RHI:       0/0/8133 MB DedicatedVideo/DedicatedSystem/SharedSystem, Outputs:0, VendorId:0x1414
[2018.09.08-15.49.07:085][  0]LogD3D11RHI: Chosen D3D11 Adapter: 0
[2018.09.08-15.49.07:116][  0]LogD3D11RHI: Creating new Direct3DDevice
[2018.09.08-15.49.07:116][  0]LogD3D11RHI:     GPU DeviceId: 0x1c20 (for the marketing name, search the web for "GPU Device Id")
[2018.09.08-15.49.07:116][  0]LogWindows: EnumDisplayDevices:
[2018.09.08-15.49.07:117][  0]LogWindows:    0. 'Intel(R) HD Graphics 530' (P:1 D:1)
[2018.09.08-15.49.07:119][  0]LogWindows:    1. 'Intel(R) HD Graphics 530' (P:0 D:0)
[2018.09.08-15.49.07:122][  0]LogWindows:    2. 'Intel(R) HD Graphics 530' (P:0 D:0)
[2018.09.08-15.49.07:125][  0]LogWindows:    3. 'NVIDIA GeForce GTX 1060' (P:0 D:0)
[2018.09.08-15.49.07:127][  0]LogWindows:    4. 'NVIDIA GeForce GTX 1060' (P:0 D:0)
[2018.09.08-15.49.07:129][  0]LogWindows:    5. 'NVIDIA GeForce GTX 1060' (P:0 D:0)
[2018.09.08-15.49.07:131][  0]LogWindows:    6. 'NVIDIA GeForce GTX 1060' (P:0 D:0)
[2018.09.08-15.49.07:133][  0]LogWindows: DebugString: PrimaryIsNotTheChoosenAdapter PrimaryIsNotTheChoosenAdapter PrimaryIsNotTheChoosenAdapter FoundDriverCount:4 
[2018.09.08-15.49.07:133][  0]LogD3D11RHI:     Adapter Name: NVIDIA GeForce GTX 1060
[2018.09.08-15.49.07:133][  0]LogD3D11RHI:   Driver Version: 391.35 (internal:23.21.13.9135, unified:391.35)
[2018.09.08-15.49.07:133][  0]LogD3D11RHI:      Driver Date: 3-23-2018
[2018.09.08-15.49.07:133][  0]LogRHI: Texture pool is 4236 MB (70% of 6052 MB)
[2018.09.08-15.49.07:195][  0]LogD3D11RHI: Async texture creation enabled
[2018.09.08-15.49.07:229][  0]LogD3D11RHI: GPU Timing Frequency: 1000.000000 (Debug: 2 2)
[2018.09.08-15.49.07:233][  0]LogShaderCompilers: Guid format shader working directory is -1 characters bigger than the processId version (C:/Users/86230/Documents/Unreal Projects/我的项目2/Intermediate/Shaders/WorkingDirectory/18548/).
[2018.09.08-15.49.07:233][  0]LogShaderCompilers: Cleaned the shader compiler working directory 'C:/Users/86230/AppData/Local/Temp/UnrealShaderWorkingDir/C8DB0FEE449132D4228A3698489B210E/'.
[2018.09.08-15.49.07:895][  0]LogTemp: Display: Loaded TP AllDesktopTargetPlatform
[2018.09.08-15.49.07:916][  0]LogTemp: Display: Loaded TP MacClientTargetPlatform
[2018.09.08-15.49.07:938][  0]LogTemp: Display: Loaded TP MacNoEditorTargetPlatform
[2018.09.08-15.49.07:960][  0]LogTemp: Display: Loaded TP MacServerTargetPlatform
[2018.09.08-15.49.07:982][  0]LogTemp: Display: Loaded TP MacTargetPlatform
[2018.09.08-15.49.08:002][  0]LogTemp: Display: Loaded TP WindowsClientTargetPlatform
[2018.09.08-15.49.08:025][  0]LogTemp: Display: Loaded TP WindowsNoEditorTargetPlatform
[2018.09.08-15.49.08:046][  0]LogTemp: Display: Loaded TP WindowsServerTargetPlatform
[2018.09.08-15.49.08:055][  0]LogTemp: Display: Loaded TP WindowsTargetPlatform
[2018.09.08-15.49.08:168][  0]LogTemp: Display: Loaded TP AndroidTargetPlatform
[2018.09.08-15.49.08:168][  0]LogTemp: Display: Loaded TP AndroidTargetPlatform
[2018.09.08-15.49.08:168][  0]LogTemp: Display: Loaded TP AndroidTargetPlatform
[2018.09.08-15.49.08:168][  0]LogTemp: Display: Loaded TP AndroidTargetPlatform
[2018.09.08-15.49.08:168][  0]LogTemp: Display: Loaded TP AndroidTargetPlatform
[2018.09.08-15.49.08:168][  0]LogTemp: Display: Loaded TP AndroidTargetPlatform
[2018.09.08-15.49.08:168][  0]LogTemp: Display: Loaded TP AndroidTargetPlatform
[2018.09.08-15.49.08:168][  0]LogTemp: Display: Loaded TP AndroidTargetPlatform
[2018.09.08-15.49.08:168][  0]LogTemp: Display: Loaded TP AndroidTargetPlatform
[2018.09.08-15.49.08:168][  0]LogTemp: Display: Loaded TP AndroidTargetPlatform
[2018.09.08-15.49.08:168][  0]LogTemp: Display: Loaded TP AndroidTargetPlatform
[2018.09.08-15.49.08:168][  0]LogTemp: Display: Loaded TP AndroidTargetPlatform
[2018.09.08-15.49.08:168][  0]LogTemp: Display: Loaded TP AndroidTargetPlatform
[2018.09.08-15.49.08:168][  0]LogTemp: Display: Loaded TP AndroidTargetPlatform
[2018.09.08-15.49.08:168][  0]LogTemp: Display: Loaded TP AndroidTargetPlatform
[2018.09.08-15.49.08:168][  0]LogTemp: Display: Loaded TP AndroidTargetPlatform
[2018.09.08-15.49.08:168][  0]LogTemp: Display: Loaded TP AndroidTargetPlatform
[2018.09.08-15.49.08:168][  0]LogTemp: Display: Loaded TP AndroidTargetPlatform
[2018.09.08-15.49.08:169][  0]LogTemp: Display: Loaded TP HTML5TargetPlatform
[2018.09.08-15.49.08:241][  0]LogTemp: Display: Loaded TP IOSTargetPlatform
[2018.09.08-15.49.08:241][  0]LogTemp: Display: Loaded TP IOSTargetPlatform
[2018.09.08-15.49.08:274][  0]LogTemp: Display: Loaded TP TVOSTargetPlatform
[2018.09.08-15.49.08:274][  0]LogTemp: Display: Loaded TP TVOSTargetPlatform
[2018.09.08-15.49.08:293][  0]LogTemp: Display: Loaded TP LinuxClientTargetPlatform
[2018.09.08-15.49.08:311][  0]LogTemp: Display: Loaded TP LinuxNoEditorTargetPlatform
[2018.09.08-15.49.08:330][  0]LogTemp: Display: Loaded TP LinuxServerTargetPlatform
[2018.09.08-15.49.08:349][  0]LogTemp: Display: Loaded TP LinuxTargetPlatform
[2018.09.08-15.49.08:365][  0]LogTemp: Display: Loaded TP LuminTargetPlatform
[2018.09.08-15.49.08:365][  0]LogTargetPlatformManager: Display: Building Assets For Windows
[2018.09.08-15.49.08:455][  0]LogXGEController: Cannot use XGE Controller as Incredibuild is not installed on this machine.
[2018.09.08-15.49.08:455][  0]LogShaderCompilers: Cannot use XGE Shader Compiler as Incredibuild is not installed on this machine.
[2018.09.08-15.49.08:456][  0]LogShaderCompilers: Display: Using Local Shader Compiler.
[2018.09.08-15.49.09:508][  0]LogDerivedDataCache: Display: Max Cache Size: 512 MB
[2018.09.08-15.49.09:590][  0]LogDerivedDataCache: Loaded boot cache 0.08s 87MB C:/Users/86230/AppData/Local/UnrealEngine/4.20/DerivedDataCache/Boot.ddc.
[2018.09.08-15.49.09:590][  0]LogDerivedDataCache: Display: Loaded Boot cache: C:/Users/86230/AppData/Local/UnrealEngine/4.20/DerivedDataCache/Boot.ddc
[2018.09.08-15.49.09:590][  0]LogDerivedDataCache: FDerivedDataBackendGraph:  Pak pak cache file C:/Users/86230/Documents/Unreal Projects/我的项目2/DerivedDataCache/DDC.ddp not found, will not use a pak cache.
[2018.09.08-15.49.09:590][  0]LogDerivedDataCache: Unable to find inner node Pak for hierarchical cache Hierarchy.
[2018.09.08-15.49.09:590][  0]LogDerivedDataCache: FDerivedDataBackendGraph:  CompressedPak pak cache file C:/Users/86230/Documents/Unreal Projects/我的项目2/DerivedDataCache/Compressed.ddp not found, will not use a pak cache.
[2018.09.08-15.49.09:590][  0]LogDerivedDataCache: Unable to find inner node CompressedPak for hierarchical cache Hierarchy.
[2018.09.08-15.49.09:609][  0]LogDerivedDataCache: Display: Pak cache opened for reading ../../../Engine/DerivedDataCache/Compressed.ddp.
[2018.09.08-15.49.09:624][  0]LogDerivedDataCache: Using Local data cache path C:/Users/86230/AppData/Local/UnrealEngine/Common/DerivedDataCache: Writable
[2018.09.08-15.49.09:624][  0]LogDerivedDataCache: Shared data cache path not found in *engine.ini, will not use an Shared cache.
[2018.09.08-15.49.09:624][  0]LogDerivedDataCache: Unable to find inner node Shared for hierarchical cache Hierarchy.
[2018.09.08-15.49.09:647][  0]LogMaterial: Verifying Global Shaders for PCD3D_SM5
[2018.09.08-15.49.09:649][  0]LogSlate: Using FreeType 2.6.0
[2018.09.08-15.49.09:650][  0]LogSlate: SlateFontServices - WITH_FREETYPE: 1, WITH_HARFBUZZ: 1
[2018.09.08-15.49.09:740][  0]LogAssetRegistry: FAssetRegistry took 0.0270 seconds to start up
[2018.09.08-15.49.10:195][  0]LogInit: Selected Device Profile: [Windows]
[2018.09.08-15.49.10:377][  0]LogSimplygon: Simplygon DLL not present - disabling.
[2018.09.08-15.49.10:384][  0]LogMeshReduction: Using SimplygonSwarm for distributed automatic mesh merging
[2018.09.08-15.49.10:384][  0]LogMeshReduction: Using ProxyLODMeshReduction for automatic mesh merging
[2018.09.08-15.49.10:384][  0]LogMeshReduction: Using QuadricMeshReduction for automatic static mesh reduction
[2018.09.08-15.49.10:384][  0]LogMeshReduction: No automatic skeletal mesh reduction module available
[2018.09.08-15.49.10:407][  0]LogNetVersion: 我的项目2 1.0.0, NetCL: 4212847, EngineNetVer: 5, GameNetVer: 0 (Checksum: 1753104541)
[2018.09.08-15.49.11:609][  0]LogPackageLocalizationCache: Processed 12 localized package path(s) for 4 prioritized culture(s) in 0.542528 seconds
[2018.09.08-15.49.11:618][  0]LogUObjectArray: 38425 objects as part of root set at end of initial load.
[2018.09.08-15.49.11:618][  0]LogUObjectAllocator: 6690864 out of 0 bytes used by permanent object pool.
[2018.09.08-15.49.11:618][  0]LogUObjectArray: CloseDisregardForGC: 0/0 objects in disregard for GC pool
[2018.09.08-15.49.12:915][  0]LogTcpMessaging: Initializing TcpMessaging bridge
[2018.09.08-15.49.12:929][  0]LogUdpMessaging: Initializing bridge on interface 0.0.0.0:0 to multicast group 230.0.0.1:6666.
[2018.09.08-15.49.13:120][  0]SourceControl: 源码控制已禁用
[2018.09.08-15.49.13:120][  0]SourceControl: 源码控制已禁用
[2018.09.08-15.49.13:123][  0]SourceControl: 源码控制已禁用
[2018.09.08-15.49.13:124][  0]SourceControl: 源码控制已禁用
[2018.09.08-15.49.13:511][  0]LogAndroidPermission: UAndroidPermissionCallbackProxy::GetInstance
[2018.09.08-15.49.13:805][  0]LogOcInput: OculusInput pre-init called
[2018.09.08-15.49.13:884][  0]LogEngine: Initializing Engine...
[2018.09.08-15.49.13:888][  0]LogHMD: Failed to initialize OpenVR with code 110
[2018.09.08-15.49.13:891][  0]LogStats: UGameplayTagsManager::ConstructGameplayTagTree: ImportINI prefixes -  0.000 s
[2018.09.08-15.49.13:891][  0]LogStats: UGameplayTagsManager::ConstructGameplayTagTree: Construct from data asset -  0.000 s
[2018.09.08-15.49.13:892][  0]LogStats: UGameplayTagsManager::ConstructGameplayTagTree: ImportINI -  0.000 s
[2018.09.08-15.49.13:892][  0]LogStats: UGameplayTagsManager::ConstructGameplayTagTree: GameplayTagTreeChangedEvent.Broadcast -  0.000 s
[2018.09.08-15.49.14:212][  0]LogInit: Initializing FReadOnlyCVARCache
[2018.09.08-15.49.14:231][  0]LogAIModule: Creating AISystem for world Untitled
[2018.09.08-15.49.14:378][  0]LogInit: XAudio2 using 'Realtek HD Audio 2nd output (Realtek High Definition Audio)' : 2 channels at 48 kHz using 32 bits per sample (channel mask 0x3)
[2018.09.08-15.49.14:499][  0]LogInit: FAudioDevice initialized.
[2018.09.08-15.49.14:500][  0]LogNetVersion: Set ProjectVersion to 1.0.0.0. Version Checksum will be recalculated on next use.
[2018.09.08-15.49.14:625][  0]LogDerivedDataCache: Saved boot cache 0.13s 87MB C:/Users/86230/AppData/Local/UnrealEngine/4.20/DerivedDataCache/Boot.ddc.
[2018.09.08-15.49.14:634][  0]LogInit: Texture streaming: Enabled
[2018.09.08-15.49.14:661][  0]LogEngineSessionManager: EngineSessionManager initialized
[2018.09.08-15.49.14:682][  0]LogInit: Transaction tracking system initialized
[2018.09.08-15.49.14:708][  0]BlueprintLog: New page: 编辑器加载
[2018.09.08-15.49.14:809][  0]LocalizationService: 本地化服务已被禁用
[2018.09.08-15.49.15:151][  0]LogCook: Display: Max memory allowance for cook 16384mb min free memory 0mb
[2018.09.08-15.49.15:151][  0]LogCook: Display: Mobile HDR setting 1
[2018.09.08-15.49.15:153][  0]LogGameplayTags: Display: UGameplayTagsManager::DoneAddingNativeTags. DelegateIsBound: 0
[2018.09.08-15.49.15:153][  0]LogStats: UGameplayTagsManager::ConstructGameplayTagTree: ImportINI prefixes -  0.000 s
[2018.09.08-15.49.15:153][  0]LogStats: UGameplayTagsManager::ConstructGameplayTagTree: Construct from data asset -  0.000 s
[2018.09.08-15.49.15:153][  0]LogStats: UGameplayTagsManager::ConstructGameplayTagTree: ImportINI -  0.000 s
[2018.09.08-15.49.15:153][  0]LogStats: UGameplayTagsManager::ConstructGameplayTagTree: GameplayTagTreeChangedEvent.Broadcast -  0.000 s
[2018.09.08-15.49.15:299][  0]LogFileCache: Scanning file cache for directory 'C:/Users/86230/Documents/Unreal Projects/我的项目2/Content/' took 0.02s
[2018.09.08-15.49.15:299][  0]SourceControl: 源码控制已禁用
[2018.09.08-15.49.15:299][  0]Cmd: MAP LOAD FILE="../../../Engine/Content/Maps/Templates/Template_Default.umap" TEMPLATE=1 SHOWPROGRESS=1 FEATURELEVEL=3
[2018.09.08-15.49.15:299][  0]LightingResults: New page: 光照构建
[2018.09.08-15.49.15:304][  0]MapCheck: New page: 地图检测
[2018.09.08-15.49.15:304][  0]LightingResults: New page: 光照构建
[2018.09.08-15.49.15:575][  0]LogAIModule: Creating AISystem for world Untitled_1
[2018.09.08-15.49.15:587][  0]LogEditorServer: Finished looking for orphan Actors (0.000 secs)
[2018.09.08-15.49.15:618][  0]Cmd: MAP CHECKDEP NOCLEARLOG
[2018.09.08-15.49.15:685][  0]MapCheck: 地图检测完成：0个错误，0 个警告，用时66.638毫秒完成。
[2018.09.08-15.49.15:685][  0]LogFileHelpers: Loading map 'Template_Default' took 0.387
[2018.09.08-15.49.16:051][  0]LogSlate: Updating window title bar state: overlay mode, drag disabled, window buttons hidden, title bar hidden
[2018.09.08-15.49.16:066][  0]LogSlate: Updating window title bar state: overlay mode, drag disabled, window buttons hidden, title bar hidden
[2018.09.08-15.49.16:076][  0]LogSlate: Updating window title bar state: overlay mode, drag disabled, window buttons hidden, title bar hidden
[2018.09.08-15.49.16:088][  0]LogSlate: Updating window title bar state: overlay mode, drag disabled, window buttons hidden, title bar hidden
[2018.09.08-15.49.16:154][  0]LogCollectionManager: Loaded 0 collections in 0.002384 seconds
[2018.09.08-15.49.16:242][  0]LogFileCache: Scanning file cache for directory 'C:/Users/86230/Documents/Unreal Projects/我的项目2/Saved/Collections/' took 0.01s
[2018.09.08-15.49.16:242][  0]LogFileCache: Scanning file cache for directory 'C:/Users/86230/Documents/Unreal Projects/我的项目2/Content/Developers/86230/Collections/' took 0.01s
[2018.09.08-15.49.16:242][  0]LogFileCache: Scanning file cache for directory 'C:/Users/86230/Documents/Unreal Projects/我的项目2/Content/Collections/' took 0.01s
[2018.09.08-15.49.16:242][  0]LogCollectionManager: Rebuilt the GUID cache for 0 collections in 0.000001 seconds
[2018.09.08-15.49.16:261][  0]LogContentBrowser: Native class hierarchy populated in 0.0151 seconds. Added 2573 classes and 606 folders.
[2018.09.08-15.49.16:285][  0]LogContentBrowser: Native class hierarchy updated for 'WidgetCarousel' in 0.0006 seconds. Added 0 classes and 0 folders.
[2018.09.08-15.49.16:489][  0]LogContentBrowser: Native class hierarchy updated for 'AddContentDialog' in 0.0004 seconds. Added 0 classes and 0 folders.
[2018.09.08-15.49.16:507][  0]LogContentBrowser: Native class hierarchy updated for 'SceneOutliner' in 0.0004 seconds. Added 1 classes and 2 folders.
[2018.09.08-15.49.18:553][  0]LogSlate: Only BGRA pngs, bmps or icos are supported in by External Image Picker
[2018.09.08-15.49.21:168][  0]LogTemp: IPP ERROR: Illegal character in bundle ID
[2018.09.08-15.49.21:168][  0]LogTemp: Usage: iPhonePackager <Command> <GameName> [RPCCommand &| Switch]
[2018.09.08-15.49.21:168][  0]LogTemp: 
[2018.09.08-15.49.21:168][  0]LogTemp: Common commands:
[2018.09.08-15.49.21:168][  0]LogTemp:  ... RepackageIPA GameName
[2018.09.08-15.49.21:168][  0]LogTemp:  ... PackageIPA GameName
[2018.09.08-15.49.21:168][  0]LogTemp:  ... PackageApp GameName
[2018.09.08-15.49.21:168][  0]LogTemp:  ... Deploy PathToIPA
[2018.09.08-15.49.21:168][  0]LogTemp:  ... RepackageFromStage GameName
[2018.09.08-15.49.21:168][  0]LogTemp:  ... Devices
[2018.09.08-15.49.21:168][  0]LogTemp:  ... Validate
[2018.09.08-15.49.21:168][  0]LogTemp:  ... Install
[2018.09.08-15.49.21:168][  0]LogTemp: 
[2018.09.08-15.49.21:168][  0]LogTemp: Configuration switches:
[2018.09.08-15.49.21:168][  0]LogTemp: 	 -stagedir <path>		  sets the directory to copy staged files from (defaults to none)
[2018.09.08-15.49.21:168][  0]LogTemp: 	 -project <path>		  path to the project being packaged
[2018.09.08-15.49.21:168][  0]LogTemp: 	 -provisioning <uuid>	  uuid of the provisioning selected
[2018.09.08-15.49.21:168][  0]LogTemp: 	 -compress=fast|best|none  packaging compression level (defaults to none)
[2018.09.08-15.49.21:168][  0]LogTemp: 	 -strip					strip symbols during packaging
[2018.09.08-15.49.21:168][  0]LogTemp: 	 -config				   game configuration (e.g., Shipping, Development, etc...)
[2018.09.08-15.49.21:168][  0]LogTemp: 	 -distribution			 packaging for final distribution
[2018.09.08-15.49.21:168][  0]LogTemp: 	 -codebased				   packaging a c++ code based project
[2018.09.08-15.49.21:168][  0]LogTemp: 	 -createstub			   packaging stub IPA for later repackaging
[2018.09.08-15.49.21:169][  0]LogTemp: 	 -mac <MacName>			overrides the machine to use for any Mac operations
[2018.09.08-15.49.21:169][  0]LogTemp: 	 -arch <Architecture>	  sets the architecture to use (blank for default, -simulator for simulator builds)
[2018.09.08-15.49.21:169][  0]LogTemp: 	 -device <DeviceID>		sets the device to install the IPA on
[2018.09.08-15.49.21:169][  0]LogTemp: 
[2018.09.08-15.49.21:169][  0]LogTemp: Commands: RPC, Clean
[2018.09.08-15.49.21:169][  0]LogTemp:   StageMacFiles, GetIPA, Deploy, Install, Uninstall
[2018.09.08-15.49.21:169][  0]LogTemp: 
[2018.09.08-15.49.21:169][  0]LogTemp: RPC Commands: SetExec, InstallProvision, MakeApp, DeleteIPA, Copy, Kill, Strip, Zip, GenDSYM
[2018.09.08-15.49.21:169][  0]LogTemp: 
[2018.09.08-15.49.21:169][  0]LogTemp: Sample commandlines:
[2018.09.08-15.49.21:169][  0]LogTemp:  ... iPhonePackager Deploy UDKGame Release
[2018.09.08-15.49.21:169][  0]LogTemp:  ... iPhonePackager RPC SwordGame Shipping MakeApp
[2018.09.08-15.49.21:169][  0]LogSlate: Took 0.000289 seconds to synchronously load lazily loaded font '../../../Engine/Content/Slate/Fonts/Roboto-Regular.ttf' (155K)
[2018.09.08-15.49.21:172][  0]LogSlate: Took 0.002912 seconds to synchronously load lazily loaded font '../../../Engine/Content/Slate/Fonts/DroidSansFallback.ttf' (3848K)
[2018.09.08-15.49.21:182][  0]LogSlate: Took 0.000318 seconds to synchronously load lazily loaded font '../../../Engine/Content/Slate/Fonts/Roboto-Bold.ttf' (160K)
[2018.09.08-15.49.21:189][  0]LogSlate: Took 0.002078 seconds to synchronously load lazily loaded font '../../../Engine/Content/Editor/Slate/Fonts/FontAwesome.ttf' (139K)
[2018.09.08-15.49.21:342][  0]LogRenderer: Reallocating scene render targets to support 964x540 Format 10 NumSamples 1 (Frame:1).
[2018.09.08-15.49.21:696][  0]LogContentBrowser: Native class hierarchy updated for 'HierarchicalLODOutliner' in 0.0003 seconds. Added 0 classes and 0 folders.
[2018.09.08-15.49.21:696][  0]LogLoad: (Engine Initialization) Total time: 18.32 seconds
[2018.09.08-15.49.21:696][  0]LogLoad: (Engine Initialization) Total Blueprint compile time: 0.00 seconds
[2018.09.08-15.49.21:788][  0]LogWindowsTextInputMethodSystem: Display: IME system now activated using TSF (中文 - QQ拼音输入法).
[2018.09.08-15.49.21:832][  0]LogContentStreaming: Texture pool size now 1000 MB
[2018.09.08-15.49.22:032][  2]LogAssetRegistry: Asset discovery search completed in 12.3143 seconds
[2018.09.08-15.49.22:033][  2]LogCollectionManager: Rebuilt the object cache for 0 collections in 0.000000 seconds (found 0 objects)
[2018.09.08-15.49.22:034][  2]LogCollectionManager: Fixed up redirectors for 0 collections in 0.000060 seconds (updated 0 objects)
[2018.09.08-15.49.25:111][186]LogSlate: FSceneViewport::OnFocusLost() reason 0
[2018.09.08-15.49.31:096][496]LogSlate: Took 0.001893 seconds to synchronously load lazily loaded font '../../../Engine/Content/Slate/Fonts/Roboto-Light.ttf' (167K)
[2018.09.08-15.49.32:009][496]LogAIModule: Creating AISystem for world TopDownExampleMap
[2018.09.08-15.49.32:077][496]LogAssetEditorManager: Opening Asset editor for World /Game/TopDownBP/Maps/TopDownExampleMap.TopDownExampleMap
[2018.09.08-15.49.32:107][496]Cmd: MAP LOAD FILE="C:/Users/86230/Documents/Unreal Projects/我的项目2/Content/TopDownBP/Maps/TopDownExampleMap.umap" TEMPLATE=0 SHOWPROGRESS=1 FEATURELEVEL=3
[2018.09.08-15.49.32:107][496]LightingResults: New page: 光照构建
[2018.09.08-15.49.32:108][496]LoadErrors: New page: 正在加载地图： TopDownExampleMap.umap
[2018.09.08-15.49.32:108][496]MapCheck: New page: 地图检测
[2018.09.08-15.49.32:108][496]LightingResults: New page: 光照构建
[2018.09.08-15.49.32:189][496]LogEditorServer: Finished looking for orphan Actors (0.000 secs)
[2018.09.08-15.49.32:242][496]Cmd: MAP CHECKDEP NOCLEARLOG
[2018.09.08-15.49.32:322][496]MapCheck: 地图检测完成：0个错误，0 个警告，用时80.07毫秒完成。
[2018.09.08-15.49.32:324][496]LogFileHelpers: Loading map 'TopDownExampleMap' took 0.219
[2018.09.08-15.49.34:688][615]LogRenderer: Reallocating scene render targets to support 964x544 Format 10 NumSamples 1 (Frame:124).
[2018.09.08-15.49.34:743][616]LogRenderer: Reallocating scene render targets to support 964x560 Format 10 NumSamples 1 (Frame:126).
[2018.09.08-15.49.34:795][617]LogRenderer: Reallocating scene render targets to support 964x584 Format 10 NumSamples 1 (Frame:128).
[2018.09.08-15.49.34:847][618]LogRenderer: Reallocating scene render targets to support 964x600 Format 10 NumSamples 1 (Frame:130).
[2018.09.08-15.49.34:898][619]LogRenderer: Reallocating scene render targets to support 964x604 Format 10 NumSamples 1 (Frame:132).
[2018.09.08-15.49.34:949][620]LogRenderer: Reallocating scene render targets to support 964x620 Format 10 NumSamples 1 (Frame:134).
[2018.09.08-15.49.34:997][621]LogRenderer: Reallocating scene render targets to support 964x632 Format 10 NumSamples 1 (Frame:136).
[2018.09.08-15.49.35:096][624]LogRenderer: Reallocating scene render targets to support 964x640 Format 10 NumSamples 1 (Frame:140).
[2018.09.08-15.49.35:144][625]LogRenderer: Reallocating scene render targets to support 964x644 Format 10 NumSamples 1 (Frame:142).
[2018.09.08-15.49.36:223][689]LogTemp: Repeating last play command: 选中的视口
[2018.09.08-15.49.36:242][689]LogBlueprintUserMessages: Early PlayInEditor Detection: Level '/Game/TopDownBP/Maps/TopDownExampleMap.TopDownExampleMap:PersistentLevel' has LevelScriptBlueprint '/Game/TopDownBP/Maps/TopDownExampleMap.TopDownExampleMap:PersistentLevel.TopDownExampleMap' with GeneratedClass '/Game/TopDownBP/Maps/TopDownExampleMap.TopDownExampleMap_C' with ClassGeneratedBy '/Game/TopDownBP/Maps/TopDownExampleMap.TopDownExampleMap:PersistentLevel.TopDownExampleMap'
[2018.09.08-15.49.36:243][689]LogPlayLevel: PlayLevel: No blueprints needed recompiling
[2018.09.08-15.49.36:262][689]PIE: New page: PIE会话: TopDownExampleMap (2018年9月9日 上午7:49:36)
[2018.09.08-15.49.36:262][689]LogPlayLevel: Creating play world package: /Game/TopDownBP/Maps/UEDPIE_0_TopDownExampleMap
[2018.09.08-15.49.36:303][689]LogPlayLevel: PIE: StaticDuplicateObject took: (0.040711s)
[2018.09.08-15.49.36:304][689]LogAIModule: Creating AISystem for world TopDownExampleMap
[2018.09.08-15.49.36:305][689]LogPlayLevel: PIE: World Init took: (0.001952s)
[2018.09.08-15.49.36:305][689]LogPlayLevel: PIE: Created PIE world by copying editor world from /Game/TopDownBP/Maps/TopDownExampleMap.TopDownExampleMap to /Game/TopDownBP/Maps/UEDPIE_0_TopDownExampleMap.TopDownExampleMap (0.043270s)
[2018.09.08-15.49.36:402][689]LogInit: XAudio2 using 'Realtek HD Audio 2nd output (Realtek High Definition Audio)' : 2 channels at 48 kHz using 32 bits per sample (channel mask 0x3)
[2018.09.08-15.49.36:495][689]LogInit: FAudioDevice initialized.
[2018.09.08-15.49.36:549][689]LogLoad: Game class is 'TopDownGameMode_C'
[2018.09.08-15.49.36:566][689]LogWorld: Bringing World /Game/TopDownBP/Maps/UEDPIE_0_TopDownExampleMap.TopDownExampleMap up for play (max tick rate 60) at 2018.09.08-23.49.36
[2018.09.08-15.49.36:582][689]LogWorld: Bringing up level for play took: 0.028813
[2018.09.08-15.49.36:615][689]LogContentBrowser: Native class hierarchy updated for 'MovieSceneCapture' in 0.0006 seconds. Added 10 classes and 0 folders.
[2018.09.08-15.49.36:633][689]PIE: /Game/TopDownBP/Maps/UEDPIE_0_TopDownExampleMap的‘在编辑器中播放’的起始时间0.653
[2018.09.08-15.49.36:633][689]LogBlueprintUserMessages: Late PlayInEditor Detection: Level '/Game/TopDownBP/Maps/TopDownExampleMap.TopDownExampleMap:PersistentLevel' has LevelScriptBlueprint '/Game/TopDownBP/Maps/TopDownExampleMap.TopDownExampleMap:PersistentLevel.TopDownExampleMap' with GeneratedClass '/Game/TopDownBP/Maps/TopDownExampleMap.TopDownExampleMap_C' with ClassGeneratedBy '/Game/TopDownBP/Maps/TopDownExampleMap.TopDownExampleMap:PersistentLevel.TopDownExampleMap'
[2018.09.08-15.49.37:183][718]LogBlueprintUserMessages: [monster_2] monster death
[2018.09.08-15.49.40:681][928]LogBlueprintUserMessages: [monster2_5] monster death
[2018.09.08-15.49.41:748][992]LogCharacterMovement: monster3_8 is stuck and failed to move! Velocity: X=240.65 Y=44.46 Z=0.00 Location: X=-536.40 Y=-386.44 Z=275.05 Normal: X=-0.53 Y=-0.61 Z=-0.59 PenetrationDepth:0.000 Actor:TopDownCharacter Component:rw BoneName:None (0 other events since notify)
[2018.09.08-15.49.41:882][  0]LogCharacterMovement: monster6 is stuck and failed to move! Velocity: X=-96.60 Y=20.31 Z=0.00 Location: X=-329.77 Y=-183.17 Z=275.20 Normal: X=0.26 Y=0.96 Z=0.00 PenetrationDepth:12.543 Actor:TopDownCharacter Component:rw BoneName:None (0 other events since notify)
[2018.09.08-15.49.41:882][  0]LogBlueprintUserMessages: [monster6] monster death
[2018.09.08-15.49.45:298][205]LogBlueprintUserMessages: [TopDownCharacter] 40.0
[2018.09.08-15.49.47:366][329]LogBlueprintUserMessages: [monster_2] monster death
[2018.09.08-15.49.47:366][329]LogBlueprintUserMessages: [TopDownCharacter] 1
[2018.09.08-15.49.47:448][334]LogBlueprintUserMessages: [monster_2] monster death
[2018.09.08-15.49.47:448][334]LogBlueprintUserMessages: [TopDownCharacter] 2
[2018.09.08-15.49.47:516][338]LogBlueprintUserMessages: [TopDownCharacter] 3
[2018.09.08-15.49.47:532][339]LogCharacterMovement: monster4_11 is stuck and failed to move! Velocity: X=-4.00 Y=33.90 Z=0.00 Location: X=-409.11 Y=-289.34 Z=275.20 Normal: X=0.48 Y=-0.88 Z=0.00 PenetrationDepth:0.000 Actor:TopDownCharacter Component:rw BoneName:None (0 other events since notify)
[2018.09.08-15.49.47:549][340]LogBlueprintUserMessages: [TopDownCharacter] 4
[2018.09.08-15.49.47:565][341]LogBlueprintUserMessages: [monster6] monster death
[2018.09.08-15.49.47:565][341]LogBlueprintUserMessages: [TopDownCharacter] 5
[2018.09.08-15.49.47:798][355]LogBlueprintUserMessages: [monster6] monster death
[2018.09.08-15.49.47:798][355]LogBlueprintUserMessages: [TopDownCharacter] 6
[2018.09.08-15.49.47:832][357]LogBlueprintUserMessages: [monster_2] monster death
[2018.09.08-15.49.47:832][357]LogBlueprintUserMessages: [TopDownCharacter] 7
[2018.09.08-15.49.47:865][359]LogBlueprintUserMessages: [monster6] monster death
[2018.09.08-15.49.47:865][359]LogBlueprintUserMessages: [TopDownCharacter] 8
[2018.09.08-15.49.48:048][370]LogBlueprintUserMessages: [monster6] monster death
[2018.09.08-15.49.48:049][370]LogBlueprintUserMessages: [TopDownCharacter] 9
[2018.09.08-15.49.48:100][373]LogBlueprintUserMessages: [monster_2] monster death
[2018.09.08-15.49.48:100][373]LogBlueprintUserMessages: [TopDownCharacter] 10
[2018.09.08-15.49.48:100][373]LogBlueprintUserMessages: [TopDownCharacter] 11
[2018.09.08-15.49.48:133][375]LogBlueprintUserMessages: [monster6] monster death
[2018.09.08-15.49.48:133][375]LogBlueprintUserMessages: [TopDownCharacter] 12
[2018.09.08-15.49.48:282][384]LogBlueprintUserMessages: [monster6] monster death
[2018.09.08-15.49.48:283][384]LogBlueprintUserMessages: [TopDownCharacter] 13
[2018.09.08-15.49.48:332][387]LogBlueprintUserMessages: [monster_2] monster death
[2018.09.08-15.49.48:332][387]LogBlueprintUserMessages: [TopDownCharacter] 14
[2018.09.08-15.49.48:332][387]LogBlueprintUserMessages: [TopDownCharacter] 15
[2018.09.08-15.49.48:349][388]LogCharacterMovement: monster5_14 is stuck and failed to move! Velocity: X=-48.39 Y=48.30 Z=0.00 Location: X=-361.39 Y=-273.32 Z=275.19 Normal: X=0.23 Y=-0.97 Z=0.00 PenetrationDepth:0.000 Actor:TopDownCharacter Component:rw BoneName:None (0 other events since notify)
[2018.09.08-15.49.48:432][393]LogBlueprintUserMessages: [TopDownCharacter] 16
[2018.09.08-15.49.48:465][395]LogBlueprintUserMessages: [monster6] monster death
[2018.09.08-15.49.48:465][395]LogBlueprintUserMessages: [TopDownCharacter] 17
[2018.09.08-15.49.48:533][399]LogBlueprintUserMessages: [TopDownCharacter] 18
[2018.09.08-15.49.48:549][400]LogBlueprintUserMessages: [monster_2] monster death
[2018.09.08-15.49.48:549][400]LogBlueprintUserMessages: [TopDownCharacter] 19
[2018.09.08-15.49.48:698][409]LogBlueprintUserMessages: [TopDownCharacter] 20
[2018.09.08-15.49.48:732][411]LogBlueprintUserMessages: [monster6] monster death
[2018.09.08-15.49.48:732][411]LogBlueprintUserMessages: [TopDownCharacter] 21
[2018.09.08-15.49.48:816][416]LogBlueprintUserMessages: [monster6] monster death
[2018.09.08-15.49.48:816][416]LogBlueprintUserMessages: [TopDownCharacter] 22
[2018.09.08-15.49.48:849][418]LogBlueprintUserMessages: [TopDownCharacter] 23
[2018.09.08-15.49.48:866][419]LogBlueprintUserMessages: [monster_2] monster death
[2018.09.08-15.49.48:866][419]LogBlueprintUserMessages: [TopDownCharacter] 24
[2018.09.08-15.49.48:966][425]LogBlueprintUserMessages: [TopDownCharacter] 25
[2018.09.08-15.49.49:016][428]LogBlueprintUserMessages: [monster6] monster death
[2018.09.08-15.49.49:016][428]LogBlueprintUserMessages: [TopDownCharacter] 26
[2018.09.08-15.49.49:099][433]LogBlueprintUserMessages: [monster_2] monster death
[2018.09.08-15.49.49:099][433]LogBlueprintUserMessages: [TopDownCharacter] 27
[2018.09.08-15.49.49:099][433]LogBlueprintUserMessages: [monster5_14] monster death
[2018.09.08-15.49.49:099][433]LogBlueprintUserMessages: [TopDownCharacter] 28
[2018.09.08-15.49.49:266][443]LogBlueprintUserMessages: [monster5_14] monster death
[2018.09.08-15.49.49:266][443]LogBlueprintUserMessages: [TopDownCharacter] 29
[2018.09.08-15.49.49:298][445]LogBlueprintUserMessages: [monster6] monster death
[2018.09.08-15.49.49:298][445]LogBlueprintUserMessages: [TopDownCharacter] 30
[2018.09.08-15.49.49:348][448]LogBlueprintUserMessages: [monster5_14] monster death
[2018.09.08-15.49.49:349][448]LogBlueprintUserMessages: [TopDownCharacter] 31
[2018.09.08-15.49.49:349][448]LogBlueprintUserMessages: [monster_2] monster death
[2018.09.08-15.49.49:349][448]LogBlueprintUserMessages: [TopDownCharacter] 32
[2018.09.08-15.49.49:532][459]LogBlueprintUserMessages: [monster5_14] monster death
[2018.09.08-15.49.49:532][459]LogBlueprintUserMessages: [TopDownCharacter] 33
[2018.09.08-15.49.49:566][461]LogBlueprintUserMessages: [monster6] monster death
[2018.09.08-15.49.49:566][461]LogBlueprintUserMessages: [TopDownCharacter] 34
[2018.09.08-15.49.49:665][467]LogBlueprintUserMessages: [monster6] monster death
[2018.09.08-15.49.49:665][467]LogBlueprintUserMessages: [TopDownCharacter] 35
[2018.09.08-15.49.49:715][470]LogBlueprintUserMessages: [monster5_14] monster death
[2018.09.08-15.49.49:715][470]LogBlueprintUserMessages: [TopDownCharacter] 36
[2018.09.08-15.49.49:715][470]LogBlueprintUserMessages: [monster_2] monster death
[2018.09.08-15.49.49:715][470]LogBlueprintUserMessages: [TopDownCharacter] 37
[2018.09.08-15.49.51:719][590]LogBlueprintUserMessages: [TopDownCharacter] 连击中断
[2018.09.08-15.49.59:168][ 37]LogBlueprintUserMessages: [TopDownCharacter] 60.0
[2018.09.08-15.49.59:218][ 40]LogBlueprintUserMessages: [monster4_11] monster death
[2018.09.08-15.50.01:601][183]LogBlueprintUserMessages: [TopDownCharacter] 50.0
[2018.09.08-15.50.01:952][204]LogCharacterMovement: monster3_8 is stuck and failed to move! Velocity: X=-209.06 Y=215.16 Z=0.00 Location: X=-78.50 Y=853.09 Z=275.06 Normal: X=0.62 Y=-0.56 Z=-0.55 PenetrationDepth:0.000 Actor:TopDownCharacter Component:rw BoneName:None (0 other events since notify)
[2018.09.08-15.50.03:318][286]LogBlueprintUserMessages: [TopDownCharacter] 40.0
[2018.09.08-15.50.06:419][472]LogBlueprintUserMessages: [TopDownCharacter] 30.0
[2018.09.08-15.50.09:353][648]LogBlueprintUserMessages: [TopDownCharacter] 20.0
[2018.09.08-15.50.10:837][737]LogBlueprintUserMessages: [TopDownCharacter] 10.0
[2018.09.08-15.50.11:787][794]LogBlueprintUserMessages: [TopDownCharacter] you are death
[2018.09.08-15.50.11:787][794]LogBlueprintUserMessages: [TopDownCharacter] 0.0
[2018.09.08-15.50.20:824][336]LogBlueprintUserMessages: [TopDownCharacter] 20.0
[2018.09.08-15.50.22:561][439]LogBlueprintUserMessages: [TopDownCharacter] 40.0
[2018.09.08-15.50.23:356][476]LogBlueprintUserMessages: [TopDownCharacter] you are death
[2018.09.08-15.50.23:357][476]LogBlueprintUserMessages: [TopDownCharacter] 0.0
[2018.09.08-15.50.27:657][734]LogBlueprintUserMessages: [monster4_11] monster death
[2018.09.08-15.50.27:657][734]LogBlueprintUserMessages: [TopDownCharacter] 1
[2018.09.08-15.50.28:407][779]LogBlueprintUserMessages: [monster4_11] monster death
[2018.09.08-15.50.28:407][779]LogBlueprintUserMessages: [TopDownCharacter] 2
[2018.09.08-15.50.29:074][819]LogBlueprintUserMessages: [monster4_11] monster death
[2018.09.08-15.50.29:074][819]LogBlueprintUserMessages: [TopDownCharacter] 3
[2018.09.08-15.50.29:791][862]LogBlueprintUserMessages: [monster4_11] monster death
[2018.09.08-15.50.29:791][862]LogBlueprintUserMessages: [TopDownCharacter] 4
[2018.09.08-15.50.31:107][941]LogBlueprintUserMessages: [monster4_11] monster death
[2018.09.08-15.50.31:107][941]LogBlueprintUserMessages: [TopDownCharacter] 5
[2018.09.08-15.50.31:764][980]LogBlueprintUserMessages: [monster4_11] monster death
[2018.09.08-15.50.31:764][980]LogBlueprintUserMessages: [TopDownCharacter] 6
[2018.09.08-15.50.32:458][ 22]LogBlueprintUserMessages: [monster4_11] monster death
[2018.09.08-15.50.32:458][ 22]LogBlueprintUserMessages: [TopDownCharacter] 7
[2018.09.08-15.50.33:041][ 57]LogBlueprintUserMessages: [monster4_11] monster death
[2018.09.08-15.50.33:041][ 57]LogBlueprintUserMessages: [TopDownCharacter] 8
[2018.09.08-15.50.33:641][ 93]LogBlueprintUserMessages: [monster4_11] monster death
[2018.09.08-15.50.33:641][ 93]LogBlueprintUserMessages: [TopDownCharacter] 9
[2018.09.08-15.50.34:241][129]LogBlueprintUserMessages: [monster4_11] monster death
[2018.09.08-15.50.34:242][129]LogBlueprintUserMessages: [TopDownCharacter] 10
[2018.09.08-15.50.34:857][166]LogBlueprintUserMessages: [monster4_11] monster death
[2018.09.08-15.50.34:858][166]LogBlueprintUserMessages: [TopDownCharacter] 11
[2018.09.08-15.50.35:391][198]LogBlueprintUserMessages: [monster4_11] monster death
[2018.09.08-15.50.35:391][198]LogBlueprintUserMessages: [TopDownCharacter] 12
[2018.09.08-15.50.35:808][223]LogBlueprintUserMessages: [monster4_11] monster death
[2018.09.08-15.50.35:808][223]LogBlueprintUserMessages: [TopDownCharacter] 13
[2018.09.08-15.50.36:024][236]LogBlueprintUserMessages: [monster4_11] monster death
[2018.09.08-15.50.36:024][236]LogBlueprintUserMessages: [TopDownCharacter] 14
[2018.09.08-15.50.36:257][250]LogBlueprintUserMessages: [monster4_11] monster death
[2018.09.08-15.50.36:257][250]LogBlueprintUserMessages: [TopDownCharacter] 15
[2018.09.08-15.50.36:391][258]LogBlueprintUserMessages: [monster4_11] monster death
[2018.09.08-15.50.36:391][258]LogBlueprintUserMessages: [TopDownCharacter] 16
[2018.09.08-15.50.36:542][267]LogBlueprintUserMessages: [monster4_11] monster death
[2018.09.08-15.50.36:542][267]LogBlueprintUserMessages: [TopDownCharacter] 17
[2018.09.08-15.50.36:708][277]LogBlueprintUserMessages: [monster4_11] monster death
[2018.09.08-15.50.36:708][277]LogBlueprintUserMessages: [TopDownCharacter] 18
[2018.09.08-15.50.36:782][281]LogBlueprintUserMessages: [monster4_11] monster death
[2018.09.08-15.50.36:782][281]LogBlueprintUserMessages: [TopDownCharacter] 19
[2018.09.08-15.50.36:975][293]LogBlueprintUserMessages: [monster4_11] monster death
[2018.09.08-15.50.36:976][293]LogBlueprintUserMessages: [TopDownCharacter] 20
[2018.09.08-15.50.37:057][298]LogBlueprintUserMessages: [monster4_11] monster death
[2018.09.08-15.50.37:057][298]LogBlueprintUserMessages: [TopDownCharacter] 21
[2018.09.08-15.50.37:225][308]LogBlueprintUserMessages: [monster4_11] monster death
[2018.09.08-15.50.37:225][308]LogBlueprintUserMessages: [TopDownCharacter] 22
[2018.09.08-15.50.37:325][314]LogBlueprintUserMessages: [monster4_11] monster death
[2018.09.08-15.50.37:326][314]LogBlueprintUserMessages: [TopDownCharacter] 23
[2018.09.08-15.50.37:511][324]LogBlueprintUserMessages: [monster4_11] monster death
[2018.09.08-15.50.37:511][324]LogBlueprintUserMessages: [TopDownCharacter] 24
[2018.09.08-15.50.37:611][330]LogBlueprintUserMessages: [monster4_11] monster death
[2018.09.08-15.50.37:611][330]LogBlueprintUserMessages: [TopDownCharacter] 25
[2018.09.08-15.50.37:727][337]LogBlueprintUserMessages: [monster4_11] monster death
[2018.09.08-15.50.37:727][337]LogBlueprintUserMessages: [TopDownCharacter] 26
[2018.09.08-15.50.37:944][350]LogBlueprintUserMessages: [monster4_11] monster death
[2018.09.08-15.50.37:944][350]LogBlueprintUserMessages: [TopDownCharacter] 27
[2018.09.08-15.50.38:044][356]LogBlueprintUserMessages: [monster4_11] monster death
[2018.09.08-15.50.38:044][356]LogBlueprintUserMessages: [TopDownCharacter] 28
[2018.09.08-15.50.38:244][368]LogBlueprintUserMessages: [monster4_11] monster death
[2018.09.08-15.50.38:244][368]LogBlueprintUserMessages: [TopDownCharacter] 29
[2018.09.08-15.50.38:560][387]LogBlueprintUserMessages: [monster4_11] monster death
[2018.09.08-15.50.38:560][387]LogBlueprintUserMessages: [TopDownCharacter] 30
[2018.09.08-15.50.38:627][391]LogBlueprintUserMessages: [monster4_11] monster death
[2018.09.08-15.50.38:627][391]LogBlueprintUserMessages: [TopDownCharacter] 31
[2018.09.08-15.50.38:845][404]LogBlueprintUserMessages: [monster4_11] monster death
[2018.09.08-15.50.38:845][404]LogBlueprintUserMessages: [TopDownCharacter] 32
[2018.09.08-15.50.38:912][408]LogBlueprintUserMessages: [monster4_11] monster death
[2018.09.08-15.50.38:912][408]LogBlueprintUserMessages: [TopDownCharacter] 33
[2018.09.08-15.50.39:161][423]LogBlueprintUserMessages: [monster4_11] monster death
[2018.09.08-15.50.39:162][423]LogBlueprintUserMessages: [TopDownCharacter] 34
[2018.09.08-15.50.39:245][428]LogBlueprintUserMessages: [monster4_11] monster death
[2018.09.08-15.50.39:245][428]LogBlueprintUserMessages: [TopDownCharacter] 35
[2018.09.08-15.50.39:446][440]LogBlueprintUserMessages: [monster4_11] monster death
[2018.09.08-15.50.39:446][440]LogBlueprintUserMessages: [TopDownCharacter] 36
[2018.09.08-15.50.39:578][448]LogBlueprintUserMessages: [monster4_11] monster death
[2018.09.08-15.50.39:578][448]LogBlueprintUserMessages: [TopDownCharacter] 37
[2018.09.08-15.50.41:580][568]LogBlueprintUserMessages: [TopDownCharacter] 连击中断
[2018.09.08-15.50.42:063][597]LogBlueprintUserMessages: [monster4_11] monster death
[2018.09.08-15.50.42:063][597]LogBlueprintUserMessages: [TopDownCharacter] 1
[2018.09.08-15.50.42:664][633]LogBlueprintUserMessages: [monster4_11] monster death
[2018.09.08-15.50.42:664][633]LogBlueprintUserMessages: [TopDownCharacter] 2
[2018.09.08-15.50.42:879][646]LogBlueprintUserMessages: [monster4_11] monster death
[2018.09.08-15.50.42:879][646]LogBlueprintUserMessages: [TopDownCharacter] 3
[2018.09.08-15.50.43:163][663]LogBlueprintUserMessages: [monster4_11] monster death
[2018.09.08-15.50.43:163][663]LogBlueprintUserMessages: [TopDownCharacter] 4
[2018.09.08-15.50.43:746][698]LogBlueprintUserMessages: [monster4_11] monster death
[2018.09.08-15.50.43:746][698]LogBlueprintUserMessages: [TopDownCharacter] 5
[2018.09.08-15.50.44:414][738]LogBlueprintUserMessages: [monster4_11] monster death
[2018.09.08-15.50.44:414][738]LogBlueprintUserMessages: [TopDownCharacter] 6
[2018.09.08-15.50.44:746][758]LogBlueprintUserMessages: [monster4_11] monster death
[2018.09.08-15.50.44:746][758]LogBlueprintUserMessages: [TopDownCharacter] 7
[2018.09.08-15.50.44:863][765]LogBlueprintUserMessages: [monster4_11] monster death
[2018.09.08-15.50.44:863][765]LogBlueprintUserMessages: [TopDownCharacter] 8
[2018.09.08-15.50.45:080][778]LogBlueprintUserMessages: [monster4_11] monster death
[2018.09.08-15.50.45:080][778]LogBlueprintUserMessages: [TopDownCharacter] 9
[2018.09.08-15.50.45:297][791]LogBlueprintUserMessages: [monster4_11] monster death
[2018.09.08-15.50.45:297][791]LogBlueprintUserMessages: [TopDownCharacter] 10
[2018.09.08-15.50.45:446][800]LogBlueprintUserMessages: [monster4_11] monster death
[2018.09.08-15.50.45:446][800]LogBlueprintUserMessages: [TopDownCharacter] 11
[2018.09.08-15.50.45:579][808]LogBlueprintUserMessages: [monster4_11] monster death
[2018.09.08-15.50.45:580][808]LogBlueprintUserMessages: [TopDownCharacter] 12
[2018.09.08-15.50.45:769][819]LogBlueprintUserMessages: [monster4_11] monster death
[2018.09.08-15.50.45:769][819]LogBlueprintUserMessages: [TopDownCharacter] 13
[2018.09.08-15.50.45:846][824]LogBlueprintUserMessages: [monster4_11] monster death
[2018.09.08-15.50.45:846][824]LogBlueprintUserMessages: [TopDownCharacter] 14
[2018.09.08-15.50.46:079][838]LogBlueprintUserMessages: [monster4_11] monster death
[2018.09.08-15.50.46:079][838]LogBlueprintUserMessages: [TopDownCharacter] 15
[2018.09.08-15.50.46:413][858]LogBlueprintUserMessages: [monster4_11] monster death
[2018.09.08-15.50.46:413][858]LogBlueprintUserMessages: [TopDownCharacter] 16
[2018.09.08-15.50.46:664][873]LogBlueprintUserMessages: [monster4_11] monster death
[2018.09.08-15.50.46:664][873]LogBlueprintUserMessages: [TopDownCharacter] 17
[2018.09.08-15.50.46:963][891]LogBlueprintUserMessages: [monster4_11] monster death
[2018.09.08-15.50.46:963][891]LogBlueprintUserMessages: [TopDownCharacter] 18
[2018.09.08-15.50.47:080][898]LogBlueprintUserMessages: [monster4_11] monster death
[2018.09.08-15.50.47:080][898]LogBlueprintUserMessages: [TopDownCharacter] 19
[2018.09.08-15.50.47:229][907]LogBlueprintUserMessages: [monster4_11] monster death
[2018.09.08-15.50.47:229][907]LogBlueprintUserMessages: [TopDownCharacter] 20
[2018.09.08-15.50.47:330][913]LogBlueprintUserMessages: [monster4_11] monster death
[2018.09.08-15.50.47:330][913]LogBlueprintUserMessages: [TopDownCharacter] 21
[2018.09.08-15.50.47:463][921]LogBlueprintUserMessages: [monster4_11] monster death
[2018.09.08-15.50.47:463][921]LogBlueprintUserMessages: [TopDownCharacter] 22
[2018.09.08-15.50.48:715][996]LogBlueprintUserMessages: [monster4_11] monster death
[2018.09.08-15.50.48:715][996]LogBlueprintUserMessages: [TopDownCharacter] 23
[2018.09.08-15.50.48:782][  0]LogBlueprintUserMessages: [monster4_11] monster death
[2018.09.08-15.50.48:782][  0]LogBlueprintUserMessages: [TopDownCharacter] 24
[2018.09.08-15.50.49:049][ 16]LogBlueprintUserMessages: [monster4_11] monster death
[2018.09.08-15.50.49:049][ 16]LogBlueprintUserMessages: [TopDownCharacter] 25
[2018.09.08-15.50.49:149][ 22]LogBlueprintUserMessages: [monster4_11] monster death
[2018.09.08-15.50.49:149][ 22]LogBlueprintUserMessages: [TopDownCharacter] 26
[2018.09.08-15.50.49:348][ 34]LogBlueprintUserMessages: [monster4_11] monster death
[2018.09.08-15.50.49:348][ 34]LogBlueprintUserMessages: [TopDownCharacter] 27
[2018.09.08-15.50.49:433][ 39]LogBlueprintUserMessages: [monster4_11] monster death
[2018.09.08-15.50.49:433][ 39]LogBlueprintUserMessages: [TopDownCharacter] 28
[2018.09.08-15.50.51:434][159]LogBlueprintUserMessages: [TopDownCharacter] 连击中断
[2018.09.08-15.50.52:033][195]LogBlueprintUserMessages: [monster4_11] monster death
[2018.09.08-15.50.52:033][195]LogBlueprintUserMessages: [TopDownCharacter] 1
[2018.09.08-15.50.52:483][222]LogBlueprintUserMessages: [monster4_11] monster death
[2018.09.08-15.50.52:483][222]LogBlueprintUserMessages: [TopDownCharacter] 2
[2018.09.08-15.50.54:150][322]LogBlueprintUserMessages: [TopDownCharacter] 20.0
[2018.09.08-15.50.54:485][342]LogBlueprintUserMessages: [TopDownCharacter] 连击中断
[2018.09.08-15.51.00:023][674]LogBlueprintUserMessages: Early EndPlayMap Detection: Level '/Game/TopDownBP/Maps/TopDownExampleMap.TopDownExampleMap:PersistentLevel' has LevelScriptBlueprint '/Game/TopDownBP/Maps/TopDownExampleMap.TopDownExampleMap:PersistentLevel.TopDownExampleMap' with GeneratedClass '/Game/TopDownBP/Maps/TopDownExampleMap.TopDownExampleMap_C' with ClassGeneratedBy '/Game/TopDownBP/Maps/TopDownExampleMap.TopDownExampleMap:PersistentLevel.TopDownExampleMap'
[2018.09.08-15.51.00:026][674]LogSlate: Updating window title bar state: overlay mode, drag disabled, window buttons hidden, title bar hidden
[2018.09.08-15.51.00:065][674]LogPlayLevel: Display: Shutting down PIE online subsystems
[2018.09.08-15.51.00:066][674]LogBlueprintUserMessages: Late EndPlayMap Detection: Level '/Game/TopDownBP/Maps/TopDownExampleMap.TopDownExampleMap:PersistentLevel' has LevelScriptBlueprint '/Game/TopDownBP/Maps/TopDownExampleMap.TopDownExampleMap:PersistentLevel.TopDownExampleMap' with GeneratedClass '/Game/TopDownBP/Maps/TopDownExampleMap.TopDownExampleMap_C' with ClassGeneratedBy '/Game/TopDownBP/Maps/TopDownExampleMap.TopDownExampleMap:PersistentLevel.TopDownExampleMap'
[2018.09.08-15.51.00:098][674]LogSlate: Updating window title bar state: overlay mode, drag disabled, window buttons hidden, title bar hidden
[2018.09.08-15.51.00:132][676]LogPlayLevel: Display: Destroying online subsystem :Context_2
[2018.09.08-15.51.02:939][844]LogSlate: FSceneViewport::OnFocusLost() reason 0
[2018.09.08-15.51.12:320][376]LogAssetEditorManager: Opening Asset editor for Blueprint /Game/TopDownBP/Blueprints/monster.monster
[2018.09.08-15.51.13:075][376]LogContentBrowser: Native class hierarchy updated for 'BlueprintGraph' in 0.0007 seconds. Added 116 classes and 0 folders.
[2018.09.08-15.51.14:196][376]LogSlate: Took 0.001958 seconds to synchronously load lazily loaded font '../../../Engine/Content/Slate/Fonts/Roboto-BoldCondensed.ttf' (158K)
[2018.09.08-15.51.19:151][662]LogAssetEditorManager: Opening Asset editor for Blueprint /Game/TopDownBP/Blueprints/TopDownCharacter.TopDownCharacter
[2018.09.08-15.51.21:920][780]LogSlate: Window 'TopDownCharacter' being destroyed
[2018.09.08-15.51.27:259][ 99]LogSlate: Took 0.003912 seconds to synchronously load lazily loaded font '../../../Engine/Content/Slate/Fonts/Roboto-Italic.ttf' (157K)
[2018.09.08-15.51.55:474][753]LogActorComponent: UnregisterComponent: (/Engine/Transient.EditorFloorComp) Not registered. Aborting.
[2018.09.08-15.51.55:537][753]LogSlate: Window '我的项目2 - Unreal Editor' being destroyed
[2018.09.08-15.51.55:544][753]LogWindowsTextInputMethodSystem: Display: IME system now activated using TSF (中文 - QQ拼音输入法).
[2018.09.08-15.51.55:963][754]Cmd: QUIT_EDITOR
[2018.09.08-15.51.56:669][754]LogExit: Preparing to exit.
[2018.09.08-15.51.57:092][754]LogExit: Editor shut down
[2018.09.08-15.51.57:092][754]LogExit: Transaction tracking system shut down
[2018.09.08-15.51.57:825][754]LogExit: Object subsystem successfully closed.
[2018.09.08-15.51.57:860][754]LogShaderCompilers: Display: Shaders left to compile 0
[2018.09.08-15.51.57:865][754]LogD3D11RHI: Shutdown
[2018.09.08-15.51.57:865][754]LogD3D11RHI: CleanupD3DDevice
[2018.09.08-15.51.57:869][754]LogD3D11RHI: ~FD3D11DynamicRHI
[2018.09.08-15.51.57:889][754]LogModuleManager: Shutting down and abandoning module BlueprintGraph (622)
[2018.09.08-15.51.57:889][754]LogModuleManager: Shutting down and abandoning module MovieSceneCapture (620)
[2018.09.08-15.51.57:889][754]LogModuleManager: Shutting down and abandoning module Voice (618)
[2018.09.08-15.51.57:889][754]LogModuleManager: Shutting down and abandoning module HierarchicalLODOutliner (616)
[2018.09.08-15.51.57:889][754]LogModuleManager: Shutting down and abandoning module ExternalImagePicker (614)
[2018.09.08-15.51.57:889][754]LogModuleManager: Shutting down and abandoning module SceneOutliner (612)
[2018.09.08-15.51.57:889][754]LogModuleManager: Shutting down and abandoning module AddContentDialog (610)
[2018.09.08-15.51.57:890][754]LogModuleManager: Shutting down and abandoning module WidgetCarousel (609)
[2018.09.08-15.51.57:891][754]LogModuleManager: Shutting down and abandoning module EditorWidgets (606)
[2018.09.08-15.51.57:891][754]LogModuleManager: Shutting down and abandoning module CollectionManager (604)
[2018.09.08-15.51.57:891][754]LogModuleManager: Shutting down and abandoning module HierarchicalLODUtilities (602)
[2018.09.08-15.51.57:891][754]LogModuleManager: Shutting down and abandoning module StatsViewer (600)
[2018.09.08-15.51.57:891][754]LogModuleManager: Shutting down and abandoning module FoliageEdit (598)
[2018.09.08-15.51.57:891][754]LogModuleManager: Shutting down and abandoning module LandscapeEditor (596)
[2018.09.08-15.51.57:891][754]LogModuleManager: Shutting down and abandoning module MeshPaintMode (594)
[2018.09.08-15.51.57:891][754]LogModuleManager: Shutting down and abandoning module SceneDepthPickerMode (592)
[2018.09.08-15.51.57:891][754]LogModuleManager: Shutting down and abandoning module ActorPickerMode (590)
[2018.09.08-15.51.57:891][754]LogModuleManager: Shutting down and abandoning module GeometryMode (588)
[2018.09.08-15.51.57:891][754]LogModuleManager: Shutting down and abandoning module TextureAlignMode (586)
[2018.09.08-15.51.57:891][754]LogModuleManager: Shutting down and abandoning module BspMode (584)
[2018.09.08-15.51.57:892][754]LogModuleManager: Shutting down and abandoning module PIEPreviewDeviceProfileSelector (582)
[2018.09.08-15.51.57:892][754]LogModuleManager: Shutting down and abandoning module SequenceRecorderSections (580)
[2018.09.08-15.51.57:892][754]LogModuleManager: Shutting down and abandoning module AutomationWorker (578)
[2018.09.08-15.51.57:892][754]LogModuleManager: Shutting down and abandoning module AudioCaptureEditor (576)
[2018.09.08-15.51.57:892][754]LogModuleManager: Shutting down and abandoning module SequenceRecorder (575)
[2018.09.08-15.51.57:892][754]LogModuleManager: Shutting down and abandoning module MatineeToLevelSequence (572)
[2018.09.08-15.51.57:892][754]LogModuleManager: Shutting down and abandoning module LevelSequenceEditor (570)
[2018.09.08-15.51.57:892][754]LogModuleManager: Shutting down and abandoning module PlacementMode (569)
[2018.09.08-15.51.57:892][754]LogModuleManager: Shutting down and abandoning module MaterialEditor (568)
[2018.09.08-15.51.57:892][754]LogModuleManager: Shutting down and abandoning module WmfMediaFactory (564)
[2018.09.08-15.51.57:892][754]LogModuleManager: Shutting down and abandoning module WmfMediaEditor (562)
[2018.09.08-15.51.57:892][754]LogModuleManager: Shutting down and abandoning module MediaPlayerEditor (560)
[2018.09.08-15.51.57:892][754]LogModuleManager: Shutting down and abandoning module OpenExrWrapper (558)
[2018.09.08-15.51.57:893][754]LogModuleManager: Shutting down and abandoning module ImgMediaFactory (556)
[2018.09.08-15.51.57:893][754]LogModuleManager: Shutting down and abandoning module ImgMediaEditor (554)
[2018.09.08-15.51.57:893][754]LogModuleManager: Shutting down and abandoning module AvfMediaFactory (552)
[2018.09.08-15.51.57:893][754]LogModuleManager: Shutting down and abandoning module AvfMediaEditor (550)
[2018.09.08-15.51.57:893][754]LogModuleManager: Shutting down and abandoning module AndroidMediaFactory (548)
[2018.09.08-15.51.57:893][754]LogModuleManager: Shutting down and abandoning module AndroidMediaEditor (546)
[2018.09.08-15.51.57:893][754]LogModuleManager: Shutting down and abandoning module MagicLeapCameraPreviewFactory (544)
[2018.09.08-15.51.57:893][754]LogModuleManager: Shutting down and abandoning module MagicLeapMediaFactory (542)
[2018.09.08-15.51.57:893][754]LogModuleManager: Shutting down and abandoning module MagicLeapMediaEditor (540)
[2018.09.08-15.51.57:893][754]LogModuleManager: Shutting down and abandoning module CharacterAI (538)
[2018.09.08-15.51.57:893][754]LogModuleManager: Shutting down and abandoning module SmartSnapping (536)
[2018.09.08-15.51.57:893][754]LogModuleManager: Shutting down and abandoning module SessionServices (534)
[2018.09.08-15.51.57:893][754]LogModuleManager: Shutting down and abandoning module ViewportSnapping (532)
[2018.09.08-15.51.57:893][754]LogModuleManager: Shutting down and abandoning module ViewportInteraction (530)
[2018.09.08-15.51.57:893][754]LogModuleManager: Shutting down and abandoning module ClothPainter (528)
[2018.09.08-15.51.57:893][754]LogModuleManager: Shutting down and abandoning module SkeletalMeshEditor (527)
[2018.09.08-15.51.57:893][754]LogModuleManager: Shutting down and abandoning module LogVisualizer (524)
[2018.09.08-15.51.57:893][754]LogModuleManager: Shutting down and abandoning module IntroTutorials (522)
[2018.09.08-15.51.57:893][754]LogModuleManager: Shutting down and abandoning module GameProjectGeneration (521)
[2018.09.08-15.51.57:893][754]LogModuleManager: Shutting down and abandoning module LuminPlatformEditor (518)
[2018.09.08-15.51.57:893][754]LogModuleManager: Shutting down and abandoning module IOSPlatformEditor (516)
[2018.09.08-15.51.57:894][754]LogModuleManager: Shutting down and abandoning module HTML5PlatformEditor (514)
[2018.09.08-15.51.57:894][754]LogModuleManager: Shutting down and abandoning module AndroidPlatformEditor (512)
[2018.09.08-15.51.57:894][754]LogModuleManager: Shutting down and abandoning module AndroidDeviceDetection (511)
[2018.09.08-15.51.57:947][754]LogModuleManager: Shutting down and abandoning module WindowsPlatformEditor (508)
[2018.09.08-15.51.57:947][754]LogModuleManager: Shutting down and abandoning module LuminRuntimeSettings (506)
[2018.09.08-15.51.57:947][754]LogModuleManager: Shutting down and abandoning module IOSRuntimeSettings (504)
[2018.09.08-15.51.57:947][754]LogModuleManager: Shutting down and abandoning module AndroidRuntimeSettings (502)
[2018.09.08-15.51.57:948][754]LogModuleManager: Shutting down and abandoning module InputBindingEditor (500)
[2018.09.08-15.51.57:948][754]LogModuleManager: Shutting down and abandoning module MergeActors (498)
[2018.09.08-15.51.57:948][754]LogModuleManager: Shutting down and abandoning module LocalizationDashboard (496)
[2018.09.08-15.51.57:948][754]LogModuleManager: Shutting down and abandoning module LocalizationService (495)
[2018.09.08-15.51.57:948][754]LogModuleManager: Shutting down and abandoning module HardwareTargeting (492)
[2018.09.08-15.51.57:948][754]LogModuleManager: Shutting down and abandoning module DeviceProfileEditor (490)
[2018.09.08-15.51.57:948][754]LogModuleManager: Shutting down and abandoning module UndoHistory (488)
[2018.09.08-15.51.57:948][754]LogModuleManager: Shutting down and abandoning module XmlParser (486)
[2018.09.08-15.51.57:948][754]LogModuleManager: Shutting down and abandoning module Blutility (484)
[2018.09.08-15.51.57:948][754]LogModuleManager: Shutting down and abandoning module ProjectSettingsViewer (482)
[2018.09.08-15.51.57:948][754]LogModuleManager: Shutting down and abandoning module ProjectTargetPlatformEditor (481)
[2018.09.08-15.51.57:948][754]LogModuleManager: Shutting down and abandoning module EditorSettingsViewer (478)
[2018.09.08-15.51.57:949][754]LogModuleManager: Shutting down and abandoning module SettingsEditor (476)
[2018.09.08-15.51.57:949][754]LogModuleManager: Shutting down and abandoning module ProjectLauncher (474)
[2018.09.08-15.51.57:949][754]LogModuleManager: Shutting down and abandoning module SessionFrontend (472)
[2018.09.08-15.51.57:949][754]LogModuleManager: Shutting down and abandoning module ProfilerClient (470)
[2018.09.08-15.51.57:949][754]LogModuleManager: Shutting down and abandoning module DeviceManager (468)
[2018.09.08-15.51.57:949][754]LogModuleManager: Shutting down and abandoning module TargetDeviceServices (467)
[2018.09.08-15.51.57:993][754]LogModuleManager: Shutting down and abandoning module AutomationController (464)
[2018.09.08-15.51.57:993][754]LogModuleManager: Shutting down and abandoning module AutomationWindow (462)
[2018.09.08-15.51.57:993][754]LogModuleManager: Shutting down and abandoning module Layers (460)
[2018.09.08-15.51.57:993][754]LogModuleManager: Shutting down and abandoning module ComponentVisualizers (458)
[2018.09.08-15.51.57:993][754]LogModuleManager: Shutting down and abandoning module DetailCustomizations (456)
[2018.09.08-15.51.57:993][754]LogModuleManager: Shutting down and abandoning module PackagesDialog (454)
[2018.09.08-15.51.57:993][754]LogModuleManager: Shutting down and abandoning module Persona (452)
[2018.09.08-15.51.57:994][754]LogModuleManager: Shutting down and abandoning module AdvancedPreviewScene (451)
[2018.09.08-15.51.57:994][754]LogModuleManager: Shutting down and abandoning module AnimGraph (449)
[2018.09.08-15.51.57:994][754]LogModuleManager: Shutting down and abandoning module Kismet (446)
[2018.09.08-15.51.58:000][754]LogModuleManager: Shutting down and abandoning module GraphEditor (444)
[2018.09.08-15.51.58:000][754]LogModuleManager: Shutting down and abandoning module ClassViewer (442)
[2018.09.08-15.51.58:000][754]LogModuleManager: Shutting down and abandoning module Toolbox (440)
[2018.09.08-15.51.58:000][754]LogModuleManager: Shutting down and abandoning module ModuleUI (438)
[2018.09.08-15.51.58:000][754]LogModuleManager: Shutting down and abandoning module MovieSceneTools (436)
[2018.09.08-15.51.58:000][754]LogModuleManager: Shutting down and abandoning module OutputLog (434)
[2018.09.08-15.51.58:000][754]LogModuleManager: Shutting down and abandoning module GammaUI (432)
[2018.09.08-15.51.58:000][754]LogModuleManager: Shutting down and abandoning module Documentation (430)
[2018.09.08-15.51.58:001][754]LogModuleManager: Shutting down and abandoning module MovieSceneTracks (428)
[2018.09.08-15.51.58:001][754]LogModuleManager: Shutting down and abandoning module MovieScene (426)
[2018.09.08-15.51.58:001][754]LogModuleManager: Shutting down and abandoning module StreamingPauseRendering (424)
[2018.09.08-15.51.58:001][754]LogModuleManager: Shutting down and abandoning module LauncherPlatform (422)
[2018.09.08-15.51.58:001][754]LogModuleManager: Shutting down and abandoning module AnalyticsET (420)
[2018.09.08-15.51.58:001][754]LogModuleManager: Shutting down and abandoning module PortalServices (418)
[2018.09.08-15.51.58:001][754]LogModuleManager: Shutting down and abandoning module PortalRpc (416)
[2018.09.08-15.51.58:001][754]LogModuleManager: Shutting down and abandoning module MessagingRpc (414)
[2018.09.08-15.51.58:001][754]LogModuleManager: Shutting down and abandoning module AIModule (412)
[2018.09.08-15.51.58:001][754]LogModuleManager: Shutting down and abandoning module GameplayDebugger (411)
[2018.09.08-15.51.58:001][754]LogModuleManager: Shutting down and abandoning module AITestSuite (409)
[2018.09.08-15.51.58:001][754]LogModuleManager: Shutting down and abandoning module NavigationSystem (407)
[2018.09.08-15.51.58:001][754]LogModuleManager: Shutting down and abandoning module DesktopPlatform (404)
[2018.09.08-15.51.58:001][754]LogModuleManager: Shutting down and abandoning module ProfilerService (402)
[2018.09.08-15.51.58:119][754]LogModuleManager: Shutting down and abandoning module TaskGraph (400)
[2018.09.08-15.51.58:119][754]LogModuleManager: Shutting down and abandoning module SteamVRController (398)
[2018.09.08-15.51.58:119][754]LogModuleManager: Shutting down and abandoning module ProceduralMeshComponentEditor (396)
[2018.09.08-15.51.58:120][754]LogModuleManager: Shutting down and abandoning module ProceduralMeshComponent (394)
[2018.09.08-15.51.58:120][754]LogModuleManager: Shutting down and abandoning module OculusInput (392)
[2018.09.08-15.51.58:120][754]LogModuleManager: Shutting down and abandoning module MobilePatchingUtils (390)
[2018.09.08-15.51.58:120][754]LogModuleManager: Shutting down and abandoning module EditableMesh (388)
[2018.09.08-15.51.58:120][754]LogModuleManager: Shutting down and abandoning module CustomMeshComponent (386)
[2018.09.08-15.51.58:120][754]LogModuleManager: Shutting down and abandoning module CableComponent (384)
[2018.09.08-15.51.58:120][754]LogModuleManager: Shutting down and abandoning module AudioCapture (382)
[2018.09.08-15.51.58:120][754]LogModuleManager: Shutting down and abandoning module ArchVisCharacter (380)
[2018.09.08-15.51.58:120][754]LogModuleManager: Shutting down and abandoning module AndroidPermission (378)
[2018.09.08-15.51.58:120][754]LogModuleManager: Shutting down and abandoning module NUTUnrealEngine4 (376)
[2018.09.08-15.51.58:120][754]LogModuleManager: Shutting down and abandoning module NetcodeUnitTest (374)
[2018.09.08-15.51.58:120][754]LogModuleManager: Shutting down and abandoning module MediaCompositingEditor (372)
[2018.09.08-15.51.58:120][754]LogModuleManager: Shutting down and abandoning module MediaCompositing (370)
[2018.09.08-15.51.58:120][754]LogModuleManager: Shutting down and abandoning module LinearTimecode (368)
[2018.09.08-15.51.58:120][754]LogModuleManager: Shutting down and abandoning module ImgMedia (366)
[2018.09.08-15.51.58:127][754]LogModuleManager: Shutting down and abandoning module UE4EditorCustomize (364)
[2018.09.08-15.51.58:127][754]LogModuleManager: Shutting down and abandoning module HTML5Networking (362)
[2018.09.08-15.51.58:127][754]LogModuleManager: Shutting down and abandoning module GeometryCacheTracks (360)
[2018.09.08-15.51.58:127][754]LogModuleManager: Shutting down and abandoning module GeometryCacheSequencer (358)
[2018.09.08-15.51.58:127][754]LogModuleManager: Shutting down and abandoning module BackChannel (356)
[2018.09.08-15.51.58:127][754]LogModuleManager: Shutting down and abandoning module AppleVision (354)
[2018.09.08-15.51.58:127][754]LogModuleManager: Shutting down and abandoning module AppleImageUtils (352)
[2018.09.08-15.51.58:127][754]LogModuleManager: Shutting down and abandoning module AlembicImporter (350)
[2018.09.08-15.51.58:127][754]LogModuleManager: Shutting down and abandoning module AlembicLibrary (349)
[2018.09.08-15.51.58:127][754]LogModuleManager: Shutting down and abandoning module GeometryCache (348)
[2018.09.08-15.51.58:127][754]LogModuleManager: Shutting down and abandoning module GeometryCacheEd (347)
[2018.09.08-15.51.58:127][754]LogModuleManager: Shutting down and abandoning module DatasmithContentEditor (342)
[2018.09.08-15.51.58:127][754]LogModuleManager: Shutting down and abandoning module DatasmithContent (340)
[2018.09.08-15.51.58:128][754]LogModuleManager: Shutting down and abandoning module SpeedTreeImporter (338)
[2018.09.08-15.51.58:128][754]LogModuleManager: Shutting down and abandoning module PluginBrowser (336)
[2018.09.08-15.51.58:128][754]LogModuleManager: Shutting down and abandoning module MobileLauncherProfileWizard (334)
[2018.09.08-15.51.58:128][754]LogModuleManager: Shutting down and abandoning module PolygonModeling (332)
[2018.09.08-15.51.58:128][754]LogModuleManager: Shutting down and abandoning module MeshEditor (330)
[2018.09.08-15.51.58:128][754]LogModuleManager: Shutting down and abandoning module CryptoKeysOpenSSL (328)
[2018.09.08-15.51.58:128][754]LogModuleManager: Shutting down and abandoning module CryptoKeys (326)
[2018.09.08-15.51.58:128][754]LogModuleManager: Shutting down and abandoning module VisualStudioSourceCodeAccess (324)
[2018.09.08-15.51.58:128][754]LogModuleManager: Shutting down and abandoning module VisualStudioCodeSourceCodeAccess (322)
[2018.09.08-15.51.58:128][754]LogModuleManager: Shutting down and abandoning module UObjectPlugin (320)
[2018.09.08-15.51.58:129][754]LogModuleManager: Shutting down and abandoning module SubversionSourceControl (318)
[2018.09.08-15.51.58:129][754]LogModuleManager: Shutting down and abandoning module PerforceSourceControl (316)
[2018.09.08-15.51.58:129][754]LogModuleManager: Shutting down and abandoning module GitSourceControl (314)
[2018.09.08-15.51.58:129][754]LogModuleManager: Shutting down and abandoning module SourceControl (313)
[2018.09.08-15.51.58:129][754]LogModuleManager: Shutting down and abandoning module CLionSourceCodeAccess (310)
[2018.09.08-15.51.58:129][754]LogModuleManager: Shutting down and abandoning module LightPropagationVolumeEditor (308)
[2018.09.08-15.51.58:129][754]LogModuleManager: Shutting down and abandoning module PaperTiledImporter (306)
[2018.09.08-15.51.58:129][754]LogModuleManager: Shutting down and abandoning module PaperSpriteSheetImporter (304)
[2018.09.08-15.51.58:129][754]LogModuleManager: Shutting down and abandoning module Paper2DEditor (302)
[2018.09.08-15.51.58:129][754]LogModuleManager: Shutting down and abandoning module MeshPaint (301)
[2018.09.08-15.51.58:129][754]LogModuleManager: Shutting down and abandoning module RuntimePhysXCooking (298)
[2018.09.08-15.51.58:129][754]LogModuleManager: Shutting down and abandoning module PhysXVehiclesEditor (296)
[2018.09.08-15.51.58:129][754]LogModuleManager: Shutting down and abandoning module PhysXVehicles (294)
[2018.09.08-15.51.58:129][754]LogModuleManager: Shutting down and abandoning module OculusEditor (292)
[2018.09.08-15.51.58:129][754]LogModuleManager: Shutting down and abandoning module LocationServicesBPLibrary (290)
[2018.09.08-15.51.58:129][754]LogModuleManager: Shutting down and abandoning module ImmediatePhysicsEditor (288)
[2018.09.08-15.51.58:129][754]LogModuleManager: Shutting down and abandoning module ImmediatePhysics (286)
[2018.09.08-15.51.58:129][754]LogModuleManager: Shutting down and abandoning module ActorSequence (284)
[2018.09.08-15.51.58:129][754]LogModuleManager: Shutting down and abandoning module UdpMessaging (282)
[2018.09.08-15.51.58:230][754]LogModuleManager: Shutting down and abandoning module TcpMessaging (280)
[2018.09.08-15.51.58:331][754]LogModuleManager: Shutting down and abandoning module MagicLeapAudio (278)
[2018.09.08-15.51.58:331][754]LogModuleManager: Shutting down and abandoning module GameplayTagsEditor (276)
[2018.09.08-15.51.58:331][754]LogModuleManager: Shutting down and abandoning module FacialAnimationEditor (274)
[2018.09.08-15.51.58:331][754]LogModuleManager: Shutting down and abandoning module FacialAnimation (272)
[2018.09.08-15.51.58:331][754]LogModuleManager: Shutting down and abandoning module DataValidation (270)
[2018.09.08-15.51.58:331][754]LogModuleManager: Shutting down and abandoning module AssetManagerEditor (268)
[2018.09.08-15.51.58:331][754]LogModuleManager: Shutting down and abandoning module LevelEditor (267)
[2018.09.08-15.51.58:332][754]LogModuleManager: Shutting down and abandoning module PixelInspectorModule (266)
[2018.09.08-15.51.58:332][754]LogModuleManager: Shutting down and abandoning module CommonMenuExtensions (264)
[2018.09.08-15.51.58:332][754]LogModuleManager: Shutting down and abandoning module MainFrame (262)
[2018.09.08-15.51.58:332][754]LogModuleManager: Shutting down and abandoning module HotReload (261)
[2018.09.08-15.51.58:333][754]LogModuleManager: Shutting down and abandoning module ContentBrowser (257)
[2018.09.08-15.51.58:334][754]LogModuleManager: Shutting down and abandoning module TreeMap (255)
[2018.09.08-15.51.58:334][754]LogModuleManager: Shutting down and abandoning module LightPropagationVolumeRuntime (252)
[2018.09.08-15.51.58:334][754]LogModuleManager: Shutting down and abandoning module AISupportModule (250)
[2018.09.08-15.51.58:334][754]LogModuleManager: Shutting down and abandoning module Paper2D (248)
[2018.09.08-15.51.58:334][754]LogModuleManager: Shutting down and abandoning module WindowsMoviePlayer (246)
[2018.09.08-15.51.58:334][754]LogModuleManager: Shutting down and abandoning module WmfMedia (244)
[2018.09.08-15.51.58:336][754]LogModuleManager: Shutting down and abandoning module Media (243)
[2018.09.08-15.51.58:342][754]LogModuleManager: Shutting down and abandoning module PacketHandler (240)
[2018.09.08-15.51.58:342][754]LogModuleManager: Shutting down and abandoning module ClothingSystemEditor (238)
[2018.09.08-15.51.58:342][754]LogModuleManager: Shutting down and abandoning module ClothingSystemRuntime (236)
[2018.09.08-15.51.58:342][754]LogModuleManager: Shutting down and abandoning module MediaAssets (234)
[2018.09.08-15.51.58:342][754]LogModuleManager: Shutting down and abandoning module Overlay (232)
[2018.09.08-15.51.58:342][754]LogModuleManager: Shutting down and abandoning module OverlayEditor (231)
[2018.09.08-15.51.58:342][754]LogModuleManager: Shutting down and abandoning module VREditor (228)
[2018.09.08-15.51.58:342][754]LogModuleManager: Shutting down and abandoning module StringTableEditor (226)
[2018.09.08-15.51.58:342][754]LogModuleManager: Shutting down and abandoning module GameplayTasksEditor (224)
[2018.09.08-15.51.58:342][754]LogModuleManager: Shutting down and abandoning module BehaviorTreeEditor (222)
[2018.09.08-15.51.58:343][754]LogModuleManager: Shutting down and abandoning module FunctionalTesting (220)
[2018.09.08-15.51.58:343][754]LogModuleManager: Shutting down and abandoning module CollisionAnalyzer (218)
[2018.09.08-15.51.58:343][754]LogModuleManager: Shutting down and abandoning module WorkspaceMenuStructure (217)
[2018.09.08-15.51.58:343][754]LogModuleManager: Shutting down and abandoning module UMG (214)
[2018.09.08-15.51.58:343][754]LogModuleManager: Shutting down and abandoning module UMGEditor (213)
[2018.09.08-15.51.58:343][754]LogModuleManager: Shutting down and abandoning module Sequencer (212)
[2018.09.08-15.51.58:343][754]LogModuleManager: Shutting down and abandoning module MessageLog (209)
[2018.09.08-15.51.58:343][754]LogModuleManager: Shutting down and abandoning module SlateReflector (204)
[2018.09.08-15.51.58:343][754]LogModuleManager: Shutting down and abandoning module Slate (202)
[2018.09.08-15.51.58:343][754]LogModuleManager: Shutting down and abandoning module EditorStyle (200)
[2018.09.08-15.51.58:344][754]LogModuleManager: Shutting down and abandoning module MRMesh (198)
[2018.09.08-15.51.58:344][754]LogModuleManager: Shutting down and abandoning module SourceCodeAccess (196)
[2018.09.08-15.51.58:344][754]LogModuleManager: Shutting down and abandoning module HeadMountedDisplay (194)
[2018.09.08-15.51.58:344][754]LogModuleManager: Shutting down and abandoning module XAudio2 (192)
[2018.09.08-15.51.58:344][754]LogModuleManager: Shutting down and abandoning module Networking (190)
[2018.09.08-15.51.58:344][754]LogModuleManager: Shutting down and abandoning module Core (188)
[2018.09.08-15.51.58:344][754]LogModuleManager: Shutting down and abandoning module LevelSequence (186)
[2018.09.08-15.51.58:344][754]LogModuleManager: Shutting down and abandoning module KismetCompiler (184)
[2018.09.08-15.51.58:344][754]LogModuleManager: Shutting down and abandoning module MeshUtilities (182)
[2018.09.08-15.51.58:344][754]LogModuleManager: Shutting down and abandoning module MeshMergeUtilities (181)
[2018.09.08-15.51.58:344][754]LogModuleManager: Shutting down and abandoning module MeshReductionInterface (180)
[2018.09.08-15.51.58:344][754]LogModuleManager: Shutting down and abandoning module SimplygonSwarm (179)
[2018.09.08-15.51.58:344][754]LogModuleManager: Shutting down and abandoning module ProxyLODMeshReduction (177)
[2018.09.08-15.51.58:344][754]LogModuleManager: Shutting down and abandoning module SimplygonMeshReduction (175)
[2018.09.08-15.51.58:344][754]LogModuleManager: Shutting down and abandoning module QuadricMeshReduction (173)
[2018.09.08-15.51.58:344][754]LogModuleManager: Shutting down and abandoning module MaterialBaking (169)
[2018.09.08-15.51.58:344][754]LogModuleManager: Shutting down and abandoning module DirectoryWatcher (165)
[2018.09.08-15.51.58:344][754]LogModuleManager: Shutting down and abandoning module DerivedDataCache (162)
[2018.09.08-15.51.58:395][754]LogDerivedDataCache: Shutdown
[2018.09.08-15.51.58:396][754]LogModuleManager: Shutting down and abandoning module XGEController (160)
[2018.09.08-15.51.58:396][754]LogModuleManager: Shutting down and abandoning module TargetPlatform (158)
[2018.09.08-15.51.58:396][754]LogModuleManager: Shutting down and abandoning module VulkanShaderFormat (157)
[2018.09.08-15.51.58:396][754]LogModuleManager: Shutting down and abandoning module ShaderFormatVectorVM (155)
[2018.09.08-15.51.58:396][754]LogModuleManager: Shutting down and abandoning module ShaderFormatOpenGL (153)
[2018.09.08-15.51.58:396][754]LogModuleManager: Shutting down and abandoning module ShaderFormatD3D (151)
[2018.09.08-15.51.58:396][754]LogModuleManager: Shutting down and abandoning module MetalShaderFormat (149)
[2018.09.08-15.51.58:396][754]LogModuleManager: Shutting down and abandoning module TextureFormatUncompressed (147)
[2018.09.08-15.51.58:396][754]LogModuleManager: Shutting down and abandoning module TextureFormatPVR (145)
[2018.09.08-15.51.58:396][754]LogModuleManager: Shutting down and abandoning module TextureFormatDXT (143)
[2018.09.08-15.51.58:396][754]LogModuleManager: Shutting down and abandoning module TextureFormatIntelISPCTexComp (141)
[2018.09.08-15.51.58:396][754]LogModuleManager: Shutting down and abandoning module TextureFormatASTC (139)
[2018.09.08-15.51.58:396][754]LogModuleManager: Shutting down and abandoning module ImageWrapper (138)
[2018.09.08-15.51.58:396][754]LogModuleManager: Shutting down and abandoning module TextureFormatAndroid (135)
[2018.09.08-15.51.58:396][754]LogModuleManager: Shutting down and abandoning module AudioFormatOpus (133)
[2018.09.08-15.51.58:396][754]LogModuleManager: Shutting down and abandoning module AudioFormatOgg (131)
[2018.09.08-15.51.58:396][754]LogModuleManager: Shutting down and abandoning module AudioFormatADPCM (129)
[2018.09.08-15.51.58:396][754]LogModuleManager: Shutting down and abandoning module LuminTargetPlatform (127)
[2018.09.08-15.51.58:396][754]LogModuleManager: Shutting down and abandoning module LinuxTargetPlatform (125)
[2018.09.08-15.51.58:396][754]LogModuleManager: Shutting down and abandoning module LinuxServerTargetPlatform (123)
[2018.09.08-15.51.58:396][754]LogModuleManager: Shutting down and abandoning module LinuxNoEditorTargetPlatform (121)
[2018.09.08-15.51.58:396][754]LogModuleManager: Shutting down and abandoning module LinuxClientTargetPlatform (119)
[2018.09.08-15.51.58:397][754]LogModuleManager: Shutting down and abandoning module TVOSTargetPlatform (117)
[2018.09.08-15.51.58:397][754]LogModuleManager: Shutting down and abandoning module Messaging (115)
[2018.09.08-15.51.58:397][754]LogModuleManager: Shutting down and abandoning module IOSTargetPlatform (113)
[2018.09.08-15.51.58:398][754]LogModuleManager: Shutting down and abandoning module HTML5TargetPlatform (111)
[2018.09.08-15.51.58:398][754]LogModuleManager: Shutting down and abandoning module AndroidTargetPlatform (109)
[2018.09.08-15.51.58:405][754]LogModuleManager: Shutting down and abandoning module WindowsTargetPlatform (107)
[2018.09.08-15.51.58:405][754]LogModuleManager: Shutting down and abandoning module WindowsServerTargetPlatform (105)
[2018.09.08-15.51.58:405][754]LogModuleManager: Shutting down and abandoning module WindowsNoEditorTargetPlatform (103)
[2018.09.08-15.51.58:405][754]LogModuleManager: Shutting down and abandoning module WindowsClientTargetPlatform (101)
[2018.09.08-15.51.58:406][754]LogModuleManager: Shutting down and abandoning module MacTargetPlatform (99)
[2018.09.08-15.51.58:406][754]LogModuleManager: Shutting down and abandoning module MacServerTargetPlatform (97)
[2018.09.08-15.51.58:406][754]LogModuleManager: Shutting down and abandoning module MacNoEditorTargetPlatform (95)
[2018.09.08-15.51.58:406][754]LogModuleManager: Shutting down and abandoning module MacClientTargetPlatform (93)
[2018.09.08-15.51.58:406][754]LogModuleManager: Shutting down and abandoning module AllDesktopTargetPlatform (91)
[2018.09.08-15.51.58:406][754]LogModuleManager: Shutting down and abandoning module InputCore (88)
[2018.09.08-15.51.58:406][754]LogModuleManager: Shutting down and abandoning module Settings (86)
[2018.09.08-15.51.58:406][754]LogModuleManager: Shutting down and abandoning module PhysXCooking (84)
[2018.09.08-15.51.58:406][754]LogModuleManager: Shutting down and abandoning module SteamVR (82)
[2018.09.08-15.51.58:406][754]LogModuleManager: Shutting down and abandoning module OculusHMD (80)
[2018.09.08-15.51.58:406][754]LogModuleManager: Shutting down and abandoning module ExampleDeviceProfileSelector (78)
[2018.09.08-15.51.58:406][754]LogModuleManager: Shutting down and abandoning module LauncherChunkInstaller (76)
[2018.09.08-15.51.58:406][754]LogModuleManager: Shutting down and abandoning module OnlineBlueprintSupport (74)
[2018.09.08-15.51.58:406][754]LogModuleManager: Shutting down and abandoning module OnlineSubsystem (70)
[2018.09.08-15.51.58:407][754]LogModuleManager: Shutting down and abandoning module XMPP (65)
[2018.09.08-15.51.58:407][754]LogModuleManager: Shutting down and abandoning module WebSockets (64)
[2018.09.08-15.51.58:431][754]LogModuleManager: Shutting down and abandoning module HTTP (61)
[2018.09.08-15.51.58:431][754]LogHttp: Display: Http module shutting down, but needs to wait on 1 outstanding Http requests:
[2018.09.08-15.51.58:431][754]LogHttp: Display: 	verb=[POST] url=[https://datarouter.ol.epicgames.com/datarouter/api/v1/public/data?SessionID=%7B10BE94EA-4949-E4ED-FAEE-56AFF64D57B9%7D&AppID=UEEditor.Rocket.Release&AppVersion=4.20.2-4302132%2B%2B%2BUE4%2BRelease-4.20&UserID=4d3014f34a11e50f8209209bebcd79db%7C571c407eebd54669ab852a27e27f3459%7C0c88f9b3-1fc6-4cef-86ef-a0d375e905af&AppEnvironment=datacollector-binary&UploadType=eteventstream] status=Processing
[2018.09.08-15.51.58:452][754]LogModuleManager: Shutting down and abandoning module SSL (60)
[2018.09.08-15.51.58:453][754]LogModuleManager: Shutting down and abandoning module MagicLeapEmulator (56)
[2018.09.08-15.51.58:453][754]LogModuleManager: Shutting down and abandoning module MagicLeapPrivileges (54)
[2018.09.08-15.51.58:453][754]LogModuleManager: Shutting down and abandoning module MagicLeapIdentity (52)
[2018.09.08-15.51.58:453][754]LogModuleManager: Shutting down and abandoning module MagicLeapHelperVulkan (50)
[2018.09.08-15.51.58:453][754]LogModuleManager: Shutting down and abandoning module MagicLeapHelperOpenGL (48)
[2018.09.08-15.51.58:453][754]LogModuleManager: Shutting down and abandoning module MagicLeapSecureStorage (46)
[2018.09.08-15.51.58:453][754]LogModuleManager: Shutting down and abandoning module MagicLeapGestures (44)
[2018.09.08-15.51.58:453][754]LogModuleManager: Shutting down and abandoning module MagicLeapEyeTracker (42)
[2018.09.08-15.51.58:453][754]LogModuleManager: Shutting down and abandoning module MagicLeapController (40)
[2018.09.08-15.51.58:453][754]LogSlate: Slate User Destroyed.  User Index 0, Is Virtual User: 0
[2018.09.08-15.51.58:453][754]LogModuleManager: Shutting down and abandoning module MagicLeap (38)
[2018.09.08-15.51.58:453][754]LogModuleManager: Shutting down and abandoning module AnimationModifiers (36)
[2018.09.08-15.51.58:453][754]LogModuleManager: Shutting down and abandoning module PropertyEditor (35)
[2018.09.08-15.51.58:453][754]LogModuleManager: Shutting down and abandoning module AudioEditor (32)
[2018.09.08-15.51.58:453][754]LogModuleManager: Shutting down and abandoning module TextureCompressor (30)
[2018.09.08-15.51.58:454][754]LogModuleManager: Shutting down and abandoning module ShaderCore (28)
[2018.09.08-15.51.58:454][754]LogModuleManager: Shutting down and abandoning module Landscape (26)
[2018.09.08-15.51.58:454][754]LogModuleManager: Shutting down and abandoning module SlateRHIRenderer (24)
[2018.09.08-15.51.58:454][754]LogModuleManager: Shutting down and abandoning module OpenGLDrv (22)
[2018.09.08-15.51.58:454][754]LogModuleManager: Shutting down and abandoning module D3D11RHI (20)
[2018.09.08-15.51.58:454][754]LogModuleManager: Shutting down and abandoning module AnimGraphRuntime (18)
[2018.09.08-15.51.58:454][754]LogModuleManager: Shutting down and abandoning module Renderer (16)
[2018.09.08-15.51.58:454][754]LogModuleManager: Shutting down and abandoning module Engine (14)
[2018.09.08-15.51.58:454][754]LogModuleManager: Shutting down and abandoning module CoreUObject (12)
[2018.09.08-15.51.58:454][754]LogModuleManager: Shutting down and abandoning module NetworkFile (10)
[2018.09.08-15.51.58:454][754]LogModuleManager: Shutting down and abandoning module CookedIterativeFile (8)
[2018.09.08-15.51.58:454][754]LogModuleManager: Shutting down and abandoning module StreamingFile (6)
[2018.09.08-15.51.58:454][754]LogModuleManager: Shutting down and abandoning module SandboxFile (4)
[2018.09.08-15.51.58:454][754]LogModuleManager: Shutting down and abandoning module PakFile (2)
[2018.09.08-15.51.58:465][754]LogExit: Exiting.
[2018.09.08-15.51.58:476][754]Log file closed, 09/08/18 23:51:58
