Log file open, 11/30/18 09:53:00
LogWindows: Failed to load 'aqProf.dll' (GetLastError=126)
LogWindows: File 'aqProf.dll' does not exist
LogWindows: Failed to load 'VSPerf140.dll' (GetLastError=126)
LogWindows: File 'VSPerf140.dll' does not exist
LogWindows: Failed to load 'VtuneApi.dll' (GetLastError=126)
LogWindows: File 'VtuneApi.dll' does not exist
LogWindows: Failed to load 'VtuneApi32e.dll' (GetLastError=126)
LogWindows: File 'VtuneApi32e.dll' does not exist
LogInit: Display: Running engine for game: 我的项目2
LogPlatformFile: Not using cached read wrapper
LogTaskGraph: Started task graph with 5 named threads and 23 total threads with 3 sets of task threads.
LogStats: Stats thread started at 0.412918
LogD3D11RHI: Loaded GFSDK_Aftermath_Lib.x64.dll
LogICUInternationalization: Display: ICU TimeZone Detection - Raw Offset: +8:00, Platform Override: ''
LogPluginManager: Mounting plugin Paper2D
LogPluginManager: Mounting plugin AISupport
LogPluginManager: Mounting plugin LightPropagationVolume
LogPluginManager: Mounting plugin CLionSourceCodeAccess
LogPluginManager: Mounting plugin CodeLiteSourceCodeAccess
LogPluginManager: Mounting plugin GitSourceControl
LogPluginManager: Mounting plugin KDevelopSourceCodeAccess
LogPluginManager: Mounting plugin NullSourceCodeAccess
LogPluginManager: Mounting plugin PerforceSourceControl
LogPluginManager: Mounting plugin SubversionSourceControl
LogPluginManager: Mounting plugin UObjectPlugin
LogPluginManager: Mounting plugin VisualStudioCodeSourceCodeAccess
LogPluginManager: Mounting plugin VisualStudioSourceCodeAccess
LogPluginManager: Mounting plugin XCodeSourceCodeAccess
LogPluginManager: Mounting plugin AssetManagerEditor
LogPluginManager: Mounting plugin CryptoKeys
LogPluginManager: Mounting plugin DataValidation
LogPluginManager: Mounting plugin FacialAnimation
LogPluginManager: Mounting plugin GameplayTagsEditor
LogPluginManager: Mounting plugin MacGraphicsSwitching
LogPluginManager: Mounting plugin MeshEditor
LogPluginManager: Mounting plugin MobileLauncherProfileWizard
LogPluginManager: Mounting plugin PluginBrowser
LogPluginManager: Mounting plugin SpeedTreeImporter
LogPluginManager: Mounting plugin DatasmithContent
LogPluginManager: Mounting plugin AlembicImporter
LogPluginManager: Mounting plugin AppleImageUtils
LogPluginManager: Mounting plugin AppleVision
LogPluginManager: Mounting plugin BackChannel
LogPluginManager: Mounting plugin CharacterAI
LogPluginManager: Mounting plugin GeometryCache
LogPluginManager: Mounting plugin HTML5Networking
LogPluginManager: Mounting plugin ProxyLODPlugin
LogPluginManager: Mounting plugin MagicLeap
LogPluginManager: Mounting plugin MagicLeapEmulator
LogPluginManager: Mounting plugin MagicLeapMedia
LogPluginManager: Mounting plugin AndroidMedia
LogPluginManager: Mounting plugin AvfMedia
LogPluginManager: Mounting plugin ImgMedia
LogPluginManager: Mounting plugin LinearTimecode
LogPluginManager: Mounting plugin MediaCompositing
LogPluginManager: Mounting plugin MediaPlayerEditor
LogPluginManager: Mounting plugin WmfMedia
LogPluginManager: Mounting plugin TcpMessaging
LogPluginManager: Mounting plugin UdpMessaging
LogPluginManager: Mounting plugin ActorSequence
LogPluginManager: Mounting plugin LevelSequenceEditor
LogPluginManager: Mounting plugin MatineeToLevelSequence
LogPluginManager: Mounting plugin NetcodeUnitTest
LogPluginManager: Mounting plugin NUTUnrealEngine4
LogPluginManager: Mounting plugin OnlineSubsystemGooglePlay
LogPluginManager: Mounting plugin OnlineSubsystemIOS
LogPluginManager: Mounting plugin OnlineSubsystem
LogPluginManager: Mounting plugin OnlineSubsystemNull
LogPluginManager: Mounting plugin OnlineSubsystemUtils
LogPluginManager: Mounting plugin LauncherChunkInstaller
LogPluginManager: Mounting plugin AndroidDeviceProfileSelector
LogPluginManager: Mounting plugin AndroidMoviePlayer
LogPluginManager: Mounting plugin AndroidPermission
LogPluginManager: Mounting plugin AppleMoviePlayer
LogPluginManager: Mounting plugin ArchVisCharacter
LogPluginManager: Mounting plugin AudioCapture
LogPluginManager: Mounting plugin CableComponent
LogPluginManager: Mounting plugin CustomMeshComponent
LogPluginManager: Mounting plugin EditableMesh
LogPluginManager: Mounting plugin ExampleDeviceProfileSelector
LogPluginManager: Mounting plugin GoogleCloudMessaging
LogPluginManager: Mounting plugin ImmediatePhysics
LogPluginManager: Mounting plugin IOSDeviceProfileSelector
LogPluginManager: Mounting plugin LinuxDeviceProfileSelector
LogPluginManager: Mounting plugin LocationServicesBPLibrary
LogPluginManager: Mounting plugin MobilePatchingUtils
LogPluginManager: Mounting plugin OculusVR
LogPluginManager: Plugin shader directory ../../../Engine/Plugins/Runtime/Oculus/OculusVR/Shaders found
LogPluginManager: Mapping shader source directory ../../../Engine/Plugins/Runtime/Oculus/OculusVR/Shaders to virtual directory /Plugin/OculusVR
LogPluginManager: Mounting plugin PhysXVehicles
LogPluginManager: Mounting plugin ProceduralMeshComponent
LogPluginManager: Mounting plugin RuntimePhysXCooking
LogPluginManager: Mounting plugin SteamVR
LogPluginManager: Mounting plugin WindowsMoviePlayer
LogStreaming: Display: Took  0.414s to configure plugins.
LogInit: Using libcurl 7.55.1-DEV
LogInit:  - built for x86_64-pc-win32
LogInit:  - supports SSL with OpenSSL/1.0.2h
LogInit:  - supports HTTP deflate (compression) using libz 1.2.8
LogInit:  - other features:
LogInit:      CURL_VERSION_SSL
LogInit:      CURL_VERSION_LIBZ
LogInit:      CURL_VERSION_IPV6
LogInit:      CURL_VERSION_ASYNCHDNS
LogInit:      CURL_VERSION_LARGEFILE
LogInit:      CURL_VERSION_IDN
LogInit:  CurlRequestOptions (configurable via config and command line):
LogInit:  - bVerifyPeer = false  - Libcurl will NOT verify peer certificate
LogInit:  - bUseHttpProxy = false  - Libcurl will NOT use HTTP proxy
LogInit:  - bDontReuseConnections = false  - Libcurl will reuse connections
LogInit:  - CertBundlePath = nullptr  - Libcurl will use whatever was configured at build time.
LogInit:  - MaxHostConnections = 16  - Libcurl will limit the number of connections to a host
LogInit:  - LocalHostAddr = Default
LogInit:  - BufferSize = 65536
LogInit: WinSock: version 1.1 (2.2), MaxSocks=32767, MaxUdp=65467
LogInit: Build: ++UE4+Release-4.20-CL-4369336
LogInit: Engine Version: 4.20.3-4369336+++UE4+Release-4.20
LogInit: Compatible Engine Version: 4.20.0-4212847+++UE4+Release-4.20
LogInit: Net CL: 4212847
LogInit: OS: Windows 10 (), CPU: AMD Ryzen 5 PRO 2500U w/ Radeon Vega Mobile Gfx, GPU: AMD Radeon(TM) Vega 8 Graphics
LogInit: Compiled (64-bit): Sep 17 2018 12:26:19
LogInit: Compiled with Visual C++: 19.13.26129.00
LogInit: Build Configuration: Development
LogInit: Branch Name: ++UE4+Release-4.20
LogInit: Command Line: 
LogInit: Base Directory: C:/Program Files/Epic Games/UE_4.20/Engine/Binaries/Win64/
LogInit: Installed Engine Build: 1
LogDevObjectVersion: Number of dev versions registered: 20
LogDevObjectVersion:   Dev-Blueprints (B0D832E4-1F89-4F0D-ACCF-7EB736FD4AA2): 10
LogDevObjectVersion:   Dev-Build (E1C64328-A22C-4D53-A36C-8E866417BD8C): 0
LogDevObjectVersion:   Dev-Core (375EC13C-06E4-48FB-B500-84F0262A717E): 2
LogDevObjectVersion:   Dev-Editor (E4B068ED-F494-42E9-A231-DA0B2E46BB41): 24
LogDevObjectVersion:   Dev-Framework (CFFC743F-43B0-4480-9391-14DF171D2073): 34
LogDevObjectVersion:   Dev-Mobile (B02B49B5-BB20-44E9-A304-32B752E40360): 2
LogDevObjectVersion:   Dev-Networking (A4E4105C-59A1-49B5-A7C5-40C4547EDFEE): 0
LogDevObjectVersion:   Dev-Online (39C831C9-5AE6-47DC-9A44-9C173E1C8E7C): 0
LogDevObjectVersion:   Dev-Physics (78F01B33-EBEA-4F98-B9B4-84EACCB95AA2): 0
LogDevObjectVersion:   Dev-Platform (6631380F-2D4D-43E0-8009-CF276956A95A): 0
LogDevObjectVersion:   Dev-Rendering (12F88B9F-8875-4AFC-A67C-D90C383ABD29): 26
LogDevObjectVersion:   Dev-Sequencer (7B5AE74C-D270-4C10-A958-57980B212A5A): 9
LogDevObjectVersion:   Dev-VR (D7296918-1DD6-4BDD-9DE2-64A83CC13884): 2
LogDevObjectVersion:   Dev-LoadTimes (C2A15278-BFE7-4AFE-6C17-90FF531DF755): 1
LogDevObjectVersion:   Private-Geometry (6EACA3D4-40EC-4CC1-B786-8BED09428FC5): 3
LogDevObjectVersion:   Dev-AnimPhys (29E575DD-E0A3-4627-9D10-D276232CDCEA): 17
LogDevObjectVersion:   Dev-ReflectionCapture (6B266CEC-1EC7-4B8F-A30B-E4D90942FC07): 1
LogDevObjectVersion:   Dev-Automation (0DF73D61-A23F-47EA-B727-89E90C41499A): 1
LogDevObjectVersion:   FortniteMain (601D1886-AC64-4F84-AA16-D3DE0DEAC7D6): 12
LogDevObjectVersion:   Dev-Enterprise (9DFFBCD6-494F-0158-E221-12823C92A888): 1
LogStreaming: Display: Took  0.007s to delete old logs.
LogInit: Presizing for max 8388607 objects, including 0 objects not considered by GC, pre-allocating 0 bytes for permanent pool.
LogInit: Object subsystem initialized
[2018.11.30-01.53.01:213][  0]LogInit: Selected Device Profile: [Windows]
[2018.11.30-01.53.01:213][  0]LogInit: Applying CVar settings loaded from the selected device profile: [Windows]
[2018.11.30-01.53.01:241][  0]LogHAL: Display: Platform has ~ 7 GB [7446487040 / 8589934592 / 7], which maps to Smaller [LargestMinGB=32, LargerMinGB=12, DefaultMinGB=8, SmallerMinGB=6, SmallestMinGB=0)
[2018.11.30-01.53.01:241][  0]LogInit: Setting Device Profile CVar: [[r.Vulkan.UseRealUBs:1]]
[2018.11.30-01.53.01:241][  0]LogInit: Going up to parent DeviceProfile []
[2018.11.30-01.53.01:242][  0]LogInit: Computer: DESKTOP-1FJKDH6
[2018.11.30-01.53.01:242][  0]LogInit: User: Shika
[2018.11.30-01.53.01:242][  0]LogInit: CPU Page size=4096, Cores=4
[2018.11.30-01.53.01:242][  0]LogInit: High frequency timer resolution =1.949468 MHz
[2018.11.30-01.53.01:242][  0]LogMemory: Memory total: Physical=6.9GB (7GB approx)
[2018.11.30-01.53.01:242][  0]LogMemory: Platform Memory Stats for Windows
[2018.11.30-01.53.01:242][  0]LogMemory: Process Physical Memory: 101.41 MB used, 101.41 MB peak
[2018.11.30-01.53.01:243][  0]LogMemory: Process Virtual Memory: 85.15 MB used, 85.15 MB peak
[2018.11.30-01.53.01:243][  0]LogMemory: Physical Memory: 4193.25 MB used,  2908.27 MB free, 7101.52 MB total
[2018.11.30-01.53.01:243][  0]LogMemory: Virtual Memory: 4639.07 MB used,  2908.27 MB free, 134217728.00 MB total
[2018.11.30-01.53.01:293][  0]LogInit: Using OS detected language (zh-CN).
[2018.11.30-01.53.01:293][  0]LogInit: Using OS detected locale (zh-CN).
[2018.11.30-01.53.02:038][  0]LogStreaming: Display: Took  0.746s to InitEngineTextLocalization.
[2018.11.30-01.53.02:144][  0]LogSlate: New Slate User Created.  User Index 0, Is Virtual User: 0
[2018.11.30-01.53.02:144][  0]LogSlate: Slate User Registered.  User Index 0, Is Virtual User: 0
[2018.11.30-01.53.02:585][  0]LogHMD: Failed to initialize OpenVR with code 110
[2018.11.30-01.53.02:585][  0]LogD3D11RHI: D3D11 adapters:
[2018.11.30-01.53.02:624][  0]LogD3D11RHI:    0. 'AMD Radeon(TM) Vega 8 Graphics' (Feature Level 11_0)
[2018.11.30-01.53.02:625][  0]LogD3D11RHI:       1009/0/3550 MB DedicatedVideo/DedicatedSystem/SharedSystem, Outputs:1, VendorId:0x1002
[2018.11.30-01.53.02:629][  0]LogD3D11RHI:    1. 'Microsoft Basic Render Driver' (Feature Level 11_0)
[2018.11.30-01.53.02:629][  0]LogD3D11RHI:       0/0/3550 MB DedicatedVideo/DedicatedSystem/SharedSystem, Outputs:0, VendorId:0x1414
[2018.11.30-01.53.02:629][  0]LogD3D11RHI: Chosen D3D11 Adapter: 0
[2018.11.30-01.53.02:654][  0]LogD3D11RHI: Creating new Direct3DDevice
[2018.11.30-01.53.02:655][  0]LogD3D11RHI:     GPU DeviceId: 0x15dd (for the marketing name, search the web for "GPU Device Id")
[2018.11.30-01.53.02:655][  0]LogWindows: EnumDisplayDevices:
[2018.11.30-01.53.02:655][  0]LogWindows:    0. 'AMD Radeon(TM) Vega 8 Graphics' (P:1 D:1)
[2018.11.30-01.53.02:656][  0]LogWindows:    1. 'AMD Radeon(TM) Vega 8 Graphics' (P:0 D:0)
[2018.11.30-01.53.02:658][  0]LogWindows:    2. 'AMD Radeon(TM) Vega 8 Graphics' (P:0 D:0)
[2018.11.30-01.53.02:659][  0]LogWindows:    3. 'AMD Radeon(TM) Vega 8 Graphics' (P:0 D:0)
[2018.11.30-01.53.02:661][  0]LogWindows: DebugString: FoundDriverCount:4 
[2018.11.30-01.53.02:661][  0]LogD3D11RHI:     Adapter Name: AMD Radeon(TM) Vega 8 Graphics
[2018.11.30-01.53.02:661][  0]LogD3D11RHI:   Driver Version: Crimson ReLive 17.7 (internal:23.20.841.1792, unified:23.20.841.1792)
[2018.11.30-01.53.02:661][  0]LogD3D11RHI:      Driver Date: 6-27-2018
[2018.11.30-01.53.02:661][  0]LogRHI: Texture pool is 706 MB (70% of 1009 MB)
[2018.11.30-01.53.02:735][  0]LogD3D11RHI: Async texture creation enabled
[2018.11.30-01.53.02:755][  0]LogD3D11RHI: GPU Timing Frequency: 25.000000 (Debug: 2 1)
[2018.11.30-01.53.02:759][  0]LogShaderCompilers: Guid format shader working directory is -3 characters bigger than the processId version (../../../../../../Users/Shika/Documents/GitHub/-2/Intermediate/Shaders/WorkingDirectory/4076/).
[2018.11.30-01.53.02:759][  0]LogShaderCompilers: Cleaned the shader compiler working directory 'C:/Users/Shika/AppData/Local/Temp/UnrealShaderWorkingDir/9D1DC55E44A2EF52A70A71811C486CE6/'.
[2018.11.30-01.53.03:513][  0]LogTemp: Display: Loaded TP AllDesktopTargetPlatform
[2018.11.30-01.53.03:540][  0]LogTemp: Display: Loaded TP MacClientTargetPlatform
[2018.11.30-01.53.03:579][  0]LogTemp: Display: Loaded TP MacNoEditorTargetPlatform
[2018.11.30-01.53.03:619][  0]LogTemp: Display: Loaded TP MacServerTargetPlatform
[2018.11.30-01.53.03:659][  0]LogTemp: Display: Loaded TP MacTargetPlatform
[2018.11.30-01.53.03:688][  0]LogTemp: Display: Loaded TP WindowsClientTargetPlatform
[2018.11.30-01.53.03:722][  0]LogTemp: Display: Loaded TP WindowsNoEditorTargetPlatform
[2018.11.30-01.53.03:758][  0]LogTemp: Display: Loaded TP WindowsServerTargetPlatform
[2018.11.30-01.53.03:772][  0]LogTemp: Display: Loaded TP WindowsTargetPlatform
[2018.11.30-01.53.03:974][  0]LogTemp: Display: Loaded TP AndroidTargetPlatform
[2018.11.30-01.53.03:974][  0]LogTemp: Display: Loaded TP AndroidTargetPlatform
[2018.11.30-01.53.03:974][  0]LogTemp: Display: Loaded TP AndroidTargetPlatform
[2018.11.30-01.53.03:974][  0]LogTemp: Display: Loaded TP AndroidTargetPlatform
[2018.11.30-01.53.03:974][  0]LogTemp: Display: Loaded TP AndroidTargetPlatform
[2018.11.30-01.53.03:974][  0]LogTemp: Display: Loaded TP AndroidTargetPlatform
[2018.11.30-01.53.03:974][  0]LogTemp: Display: Loaded TP AndroidTargetPlatform
[2018.11.30-01.53.03:974][  0]LogTemp: Display: Loaded TP AndroidTargetPlatform
[2018.11.30-01.53.03:975][  0]LogTemp: Display: Loaded TP AndroidTargetPlatform
[2018.11.30-01.53.03:975][  0]LogTemp: Display: Loaded TP AndroidTargetPlatform
[2018.11.30-01.53.03:975][  0]LogTemp: Display: Loaded TP AndroidTargetPlatform
[2018.11.30-01.53.03:975][  0]LogTemp: Display: Loaded TP AndroidTargetPlatform
[2018.11.30-01.53.03:975][  0]LogTemp: Display: Loaded TP AndroidTargetPlatform
[2018.11.30-01.53.03:975][  0]LogTemp: Display: Loaded TP AndroidTargetPlatform
[2018.11.30-01.53.03:975][  0]LogTemp: Display: Loaded TP AndroidTargetPlatform
[2018.11.30-01.53.03:975][  0]LogTemp: Display: Loaded TP AndroidTargetPlatform
[2018.11.30-01.53.03:975][  0]LogTemp: Display: Loaded TP AndroidTargetPlatform
[2018.11.30-01.53.03:975][  0]LogTemp: Display: Loaded TP AndroidTargetPlatform
[2018.11.30-01.53.03:984][  0]LogTemp: Display: Loaded TP HTML5TargetPlatform
[2018.11.30-01.53.04:092][  0]LogTemp: Display: Loaded TP IOSTargetPlatform
[2018.11.30-01.53.04:092][  0]LogTemp: Display: Loaded TP IOSTargetPlatform
[2018.11.30-01.53.04:160][  0]LogTemp: Display: Loaded TP TVOSTargetPlatform
[2018.11.30-01.53.04:160][  0]LogTemp: Display: Loaded TP TVOSTargetPlatform
[2018.11.30-01.53.04:194][  0]LogTemp: Display: Loaded TP LinuxClientTargetPlatform
[2018.11.30-01.53.04:230][  0]LogTemp: Display: Loaded TP LinuxNoEditorTargetPlatform
[2018.11.30-01.53.04:268][  0]LogTemp: Display: Loaded TP LinuxServerTargetPlatform
[2018.11.30-01.53.04:295][  0]LogTemp: Display: Loaded TP LinuxTargetPlatform
[2018.11.30-01.53.04:313][  0]LogTemp: Display: Loaded TP LuminTargetPlatform
[2018.11.30-01.53.04:313][  0]LogTargetPlatformManager: Display: Building Assets For Windows
[2018.11.30-01.53.04:473][  0]LogXGEController: Cannot use XGE Controller as Incredibuild is not installed on this machine.
[2018.11.30-01.53.04:473][  0]LogShaderCompilers: Cannot use XGE Shader Compiler as Incredibuild is not installed on this machine.
[2018.11.30-01.53.04:473][  0]LogShaderCompilers: Display: Using Local Shader Compiler.
[2018.11.30-01.53.06:142][  0]LogDerivedDataCache: Display: Max Cache Size: 512 MB
[2018.11.30-01.53.06:255][  0]LogDerivedDataCache: Loaded boot cache 0.11s 71MB C:/Users/Shika/AppData/Local/UnrealEngine/4.20/DerivedDataCache/Boot.ddc.
[2018.11.30-01.53.06:256][  0]LogDerivedDataCache: Display: Loaded Boot cache: C:/Users/Shika/AppData/Local/UnrealEngine/4.20/DerivedDataCache/Boot.ddc
[2018.11.30-01.53.06:256][  0]LogDerivedDataCache: FDerivedDataBackendGraph:  Pak pak cache file ../../../../../../Users/Shika/Documents/GitHub/-2/DerivedDataCache/DDC.ddp not found, will not use a pak cache.
[2018.11.30-01.53.06:256][  0]LogDerivedDataCache: Unable to find inner node Pak for hierarchical cache Hierarchy.
[2018.11.30-01.53.06:256][  0]LogDerivedDataCache: FDerivedDataBackendGraph:  CompressedPak pak cache file ../../../../../../Users/Shika/Documents/GitHub/-2/DerivedDataCache/Compressed.ddp not found, will not use a pak cache.
[2018.11.30-01.53.06:256][  0]LogDerivedDataCache: Unable to find inner node CompressedPak for hierarchical cache Hierarchy.
[2018.11.30-01.53.06:285][  0]LogDerivedDataCache: Display: Pak cache opened for reading ../../../Engine/DerivedDataCache/Compressed.ddp.
[2018.11.30-01.53.06:302][  0]LogDerivedDataCache: Using Local data cache path C:/Users/Shika/AppData/Local/UnrealEngine/Common/DerivedDataCache: Writable
[2018.11.30-01.53.06:302][  0]LogDerivedDataCache: Shared data cache path not found in *engine.ini, will not use an Shared cache.
[2018.11.30-01.53.06:302][  0]LogDerivedDataCache: Unable to find inner node Shared for hierarchical cache Hierarchy.
[2018.11.30-01.53.06:343][  0]LogMaterial: Verifying Global Shaders for PCD3D_SM5
[2018.11.30-01.53.06:345][  0]LogSlate: Using FreeType 2.6.0
[2018.11.30-01.53.06:346][  0]LogSlate: SlateFontServices - WITH_FREETYPE: 1, WITH_HARFBUZZ: 1
[2018.11.30-01.53.06:479][  0]LogAssetRegistry: FAssetRegistry took 0.0350 seconds to start up
[2018.11.30-01.53.07:240][  0]LogInit: Selected Device Profile: [Windows]
[2018.11.30-01.53.07:378][  0]LogSimplygon: Simplygon DLL not present - disabling.
[2018.11.30-01.53.07:389][  0]LogMeshReduction: Using SimplygonSwarm for distributed automatic mesh merging
[2018.11.30-01.53.07:389][  0]LogMeshReduction: Using ProxyLODMeshReduction for automatic mesh merging
[2018.11.30-01.53.07:389][  0]LogMeshReduction: Using QuadricMeshReduction for automatic static mesh reduction
[2018.11.30-01.53.07:389][  0]LogMeshReduction: No automatic skeletal mesh reduction module available
[2018.11.30-01.53.07:591][  0]LogNetVersion: 我的项目2 1.0.0, NetCL: 4212847, EngineNetVer: 5, GameNetVer: 0 (Checksum: 1753104541)
[2018.11.30-01.53.09:325][  0]LogPackageLocalizationCache: Processed 11 localized package path(s) for 4 prioritized culture(s) in 0.730516 seconds
[2018.11.30-01.53.09:344][  0]LogUObjectArray: 38425 objects as part of root set at end of initial load.
[2018.11.30-01.53.09:344][  0]LogUObjectAllocator: 6690872 out of 0 bytes used by permanent object pool.
[2018.11.30-01.53.09:344][  0]LogUObjectArray: CloseDisregardForGC: 0/0 objects in disregard for GC pool
[2018.11.30-01.53.11:090][  0]LogTcpMessaging: Initializing TcpMessaging bridge
[2018.11.30-01.53.11:108][  0]LogUdpMessaging: Initializing bridge on interface 0.0.0.0:0 to multicast group 230.0.0.1:6666.
[2018.11.30-01.53.11:404][  0]SourceControl: 源码管理已禁用
[2018.11.30-01.53.13:169][  0]LogAndroidPermission: UAndroidPermissionCallbackProxy::GetInstance
[2018.11.30-01.53.13:303][  0]LogOcInput: OculusInput pre-init called
[2018.11.30-01.53.13:431][  0]LogEngine: Initializing Engine...
[2018.11.30-01.53.13:435][  0]LogHMD: Failed to initialize OpenVR with code 110
[2018.11.30-01.53.13:439][  0]LogStats: UGameplayTagsManager::ConstructGameplayTagTree: ImportINI prefixes -  0.000 s
[2018.11.30-01.53.13:439][  0]LogStats: UGameplayTagsManager::ConstructGameplayTagTree: Construct from data asset -  0.000 s
[2018.11.30-01.53.13:439][  0]LogStats: UGameplayTagsManager::ConstructGameplayTagTree: ImportINI -  0.000 s
[2018.11.30-01.53.13:439][  0]LogStats: UGameplayTagsManager::ConstructGameplayTagTree: GameplayTagTreeChangedEvent.Broadcast -  0.000 s
[2018.11.30-01.53.13:970][  0]LogInit: Initializing FReadOnlyCVARCache
[2018.11.30-01.53.14:002][  0]LogAIModule: Creating AISystem for world Untitled
[2018.11.30-01.53.14:029][  0]LogInit: XAudio2 using '扬声器 (Conexant SmartAudio HD)' : 2 channels at 48 kHz using 32 bits per sample (channel mask 0x3)
[2018.11.30-01.53.14:298][  0]LogInit: FAudioDevice initialized.
[2018.11.30-01.53.14:299][  0]LogNetVersion: Set ProjectVersion to 1.0.0.0. Version Checksum will be recalculated on next use.
[2018.11.30-01.53.14:421][  0]LogDerivedDataCache: Saved boot cache 0.12s 71MB C:/Users/Shika/AppData/Local/UnrealEngine/4.20/DerivedDataCache/Boot.ddc.
[2018.11.30-01.53.14:438][  0]LogInit: Texture streaming: Enabled
[2018.11.30-01.53.14:489][  0]LogEngineSessionManager: EngineSessionManager initialized
[2018.11.30-01.53.14:534][  0]LogInit: Transaction tracking system initialized
[2018.11.30-01.53.14:602][  0]BlueprintLog: New page: 编辑器加载
[2018.11.30-01.53.14:827][  0]LocalizationService: 本地化服务已禁用
[2018.11.30-01.53.15:414][  0]LogCook: Display: Max memory allowance for cook 16384mb min free memory 0mb
[2018.11.30-01.53.15:414][  0]LogCook: Display: Mobile HDR setting 1
[2018.11.30-01.53.15:415][  0]LogGameplayTags: Display: UGameplayTagsManager::DoneAddingNativeTags. DelegateIsBound: 0
[2018.11.30-01.53.15:415][  0]LogStats: UGameplayTagsManager::ConstructGameplayTagTree: ImportINI prefixes -  0.000 s
[2018.11.30-01.53.15:415][  0]LogStats: UGameplayTagsManager::ConstructGameplayTagTree: Construct from data asset -  0.000 s
[2018.11.30-01.53.15:415][  0]LogStats: UGameplayTagsManager::ConstructGameplayTagTree: ImportINI -  0.000 s
[2018.11.30-01.53.15:415][  0]LogStats: UGameplayTagsManager::ConstructGameplayTagTree: GameplayTagTreeChangedEvent.Broadcast -  0.000 s
[2018.11.30-01.53.15:718][  0]LogFileCache: Scanning file cache for directory 'C:/Users/Shika/Documents/GitHub/-2/Content/' took 0.04s
[2018.11.30-01.53.15:718][  0]Cmd: MAP LOAD FILE="../../../../../../Users/Shika/Documents/GitHub/-2/Content/TopDownBP/Maps/TopDownExampleMap.umap" TEMPLATE=0 SHOWPROGRESS=1 FEATURELEVEL=3
[2018.11.30-01.53.15:719][  0]LightingResults: New page: 光照构建
[2018.11.30-01.53.15:724][  0]MapCheck: New page: 地图检测
[2018.11.30-01.53.15:725][  0]LightingResults: New page: 光照构建
[2018.11.30-01.53.19:056][  0]LogTexture: Display: 正在编译纹理：药水2（AutoDXT、200X200）
[2018.11.30-01.53.19:056][  0]LogTexture: Display: 正在编译纹理：盾牌（AutoDXT、200X200）
[2018.11.30-01.53.19:057][  0]LogTexture: Display: 正在编译纹理：技能3（AutoDXT、200X200）
[2018.11.30-01.53.19:057][  0]LogTexture: Display: 正在编译纹理：技能1（AutoDXT、200X200）
[2018.11.30-01.53.19:057][  0]LogTexture: Display: 正在编译纹理：单血条（AutoDXT、500X200）
[2018.11.30-01.53.19:057][  0]LogTexture: Display: 正在编译纹理：技能2（AutoDXT、200X200）
[2018.11.30-01.53.19:057][  0]LogTexture: Display: 正在编译纹理：大保健（AutoDXT、200X200）
[2018.11.30-01.53.19:057][  0]LogTexture: Display: 正在编译纹理：药水（AutoDXT、200X200）
[2018.11.30-01.53.19:057][  0]LogAnimationCompression: Building Anim DDC data for AnimSequence /Game/TopDownBP/Character/animation/NewestAni/AN_Sword_Attack_REMAKE_TransverseCut_Anim.AN_Sword_Attack_REMAKE_TransverseCut_Anim
[2018.11.30-01.53.19:057][  0]LogAnimationCompression: Recompressing (AnimSequence /Game/TopDownBP/Character/animation/NewestAni/AN_Sword_Attack_REMAKE_TransverseCut_Anim.AN_Sword_Attack_REMAKE_TransverseCut_Anim) using current/default (AnimCompress_BitwiseCompressOnly_0) bFirstRecompressUsingCurrentOrDefault(1) bTryAlternateCompressor(0) IsCompressedDataValid(0)
[2018.11.30-01.53.19:061][  0]LogAnimationCompression: Building Anim DDC data for AnimSequence /Game/TopDownBP/Character/animation/NewestAni/AN_Sword_Attack_REMAKE_2_Anim.AN_Sword_Attack_REMAKE_2_Anim
[2018.11.30-01.53.19:061][  0]LogAnimationCompression: Recompressing (AnimSequence /Game/TopDownBP/Character/animation/NewestAni/AN_Sword_Attack_REMAKE_2_Anim.AN_Sword_Attack_REMAKE_2_Anim) using current/default (AnimCompress_BitwiseCompressOnly_0) bFirstRecompressUsingCurrentOrDefault(1) bTryAlternateCompressor(0) IsCompressedDataValid(0)
[2018.11.30-01.53.19:062][  0]LogAnimationCompression: Building Anim DDC data for AnimSequence /Game/TopDownBP/Character/animation/NewestAni/AN_Sword_Attack_REMAKE_1_Anim.AN_Sword_Attack_REMAKE_1_Anim
[2018.11.30-01.53.19:062][  0]LogAnimationCompression: Recompressing (AnimSequence /Game/TopDownBP/Character/animation/NewestAni/AN_Sword_Attack_REMAKE_1_Anim.AN_Sword_Attack_REMAKE_1_Anim) using current/default (AnimCompress_BitwiseCompressOnly_0) bFirstRecompressUsingCurrentOrDefault(1) bTryAlternateCompressor(0) IsCompressedDataValid(0)
[2018.11.30-01.53.19:064][  0]LogAnimationCompression: Building Anim DDC data for AnimSequence /Game/TopDownBP/Character/animation/NewestAni/AN_Sword_BUFF_Anim.AN_Sword_BUFF_Anim
[2018.11.30-01.53.19:064][  0]LogAnimationCompression: Recompressing (AnimSequence /Game/TopDownBP/Character/animation/NewestAni/AN_Sword_BUFF_Anim.AN_Sword_BUFF_Anim) using current/default (AnimCompress_BitwiseCompressOnly_0) bFirstRecompressUsingCurrentOrDefault(1) bTryAlternateCompressor(0) IsCompressedDataValid(0)
[2018.11.30-01.53.20:932][  0]LogAIModule: Creating AISystem for world TopDownExampleMap
[2018.11.30-01.53.21:045][  0]LogEditorServer: Finished looking for orphan Actors (0.000 secs)
[2018.11.30-01.53.21:117][  0]Cmd: MAP CHECKDEP NOCLEARLOG
[2018.11.30-01.53.21:346][  0]MapCheck: 地图检测完成：0个错误，0 个警告，用时229.129毫秒完成。
[2018.11.30-01.53.21:346][  0]LogFileHelpers: Loading map 'TopDownExampleMap' took 5.629
[2018.11.30-01.53.21:615][  0]LogSlate: Updating window title bar state: overlay mode, drag disabled, window buttons hidden, title bar hidden
[2018.11.30-01.53.21:635][  0]LogSlate: Updating window title bar state: overlay mode, drag disabled, window buttons hidden, title bar hidden
[2018.11.30-01.53.21:654][  0]LogSlate: Updating window title bar state: overlay mode, drag disabled, window buttons hidden, title bar hidden
[2018.11.30-01.53.21:672][  0]LogSlate: Updating window title bar state: overlay mode, drag disabled, window buttons hidden, title bar hidden
[2018.11.30-01.53.21:697][  0]LogCollectionManager: Loaded 0 collections in 0.004626 seconds
[2018.11.30-01.53.21:783][  0]LogFileCache: Scanning file cache for directory 'C:/Users/Shika/Documents/GitHub/-2/Saved/Collections/' took 0.01s
[2018.11.30-01.53.21:783][  0]LogFileCache: Scanning file cache for directory 'C:/Users/Shika/Documents/GitHub/-2/Content/Developers/Shika/Collections/' took 0.01s
[2018.11.30-01.53.21:783][  0]LogFileCache: Scanning file cache for directory 'C:/Users/Shika/Documents/GitHub/-2/Content/Collections/' took 0.01s
[2018.11.30-01.53.21:783][  0]LogCollectionManager: Rebuilt the GUID cache for 0 collections in 0.000001 seconds
[2018.11.30-01.53.21:807][  0]LogContentBrowser: Native class hierarchy populated in 0.0225 seconds. Added 2572 classes and 603 folders.
[2018.11.30-01.53.21:833][  0]LogContentBrowser: Native class hierarchy updated for 'WidgetCarousel' in 0.0005 seconds. Added 0 classes and 0 folders.
[2018.11.30-01.53.22:077][  0]LogContentBrowser: Native class hierarchy updated for 'AddContentDialog' in 0.0005 seconds. Added 0 classes and 0 folders.
[2018.11.30-01.53.22:098][  0]LogContentBrowser: Native class hierarchy updated for 'SceneOutliner' in 0.0007 seconds. Added 1 classes and 2 folders.
[2018.11.30-01.53.22:188][  0]LogSlate: Took 0.000530 seconds to synchronously load lazily loaded font '../../../Engine/Content/Slate/Fonts/Roboto-Regular.ttf' (155K)
[2018.11.30-01.53.22:196][  0]LogSlate: Took 0.007481 seconds to synchronously load lazily loaded font '../../../Engine/Content/Slate/Fonts/DroidSansFallback.ttf' (3848K)
[2018.11.30-01.53.22:202][  0]LogSlate: Took 0.000541 seconds to synchronously load lazily loaded font '../../../Engine/Content/Slate/Fonts/Roboto-Bold.ttf' (160K)
[2018.11.30-01.53.22:215][  0]LogSlate: Took 0.001807 seconds to synchronously load lazily loaded font '../../../Engine/Content/Editor/Slate/Fonts/FontAwesome.ttf' (139K)
[2018.11.30-01.53.22:411][  0]LogRenderer: Reallocating scene render targets to support 972x472 Format 10 NumSamples 1 (Frame:1).
[2018.11.30-01.53.22:853][  0]LogContentBrowser: Native class hierarchy updated for 'HierarchicalLODOutliner' in 0.0007 seconds. Added 0 classes and 0 folders.
[2018.11.30-01.53.22:854][  0]LogLoad: (Engine Initialization) Total time: 26.01 seconds
[2018.11.30-01.53.22:854][  0]LogLoad: (Engine Initialization) Total Blueprint compile time: 0.00 seconds
[2018.11.30-01.53.22:878][  0]LogWindowsTextInputMethodSystem: Display: IME system now activated using TSF (微软拼音).
[2018.11.30-01.53.22:921][  0]LogContentStreaming: Texture pool size now 1000 MB
[2018.11.30-01.53.22:993][  0]LogSlate: Took 0.001929 seconds to synchronously load lazily loaded font '../../../Engine/Content/Slate/Fonts/Roboto-Light.ttf' (167K)
[2018.11.30-01.53.23:662][  5]LogAssetRegistry: Asset discovery search completed in 17.2060 seconds
[2018.11.30-01.53.23:667][  5]LogCollectionManager: Rebuilt the object cache for 0 collections in 0.000001 seconds (found 0 objects)
[2018.11.30-01.53.23:667][  5]LogCollectionManager: Fixed up redirectors for 0 collections in 0.000193 seconds (updated 0 objects)
[2018.11.30-01.53.23:919][ 10]LogSlate: Took 0.000585 seconds to synchronously load lazily loaded font '../../../Engine/Content/Slate/Fonts/Roboto-Light.ttf' (167K)
[2018.11.30-01.53.39:548][859]LogSlate: FSceneViewport::OnFocusLost() reason 0
[2018.11.30-01.53.42:701][997]LogAIModule: Creating AISystem for world DesertTemplate
[2018.11.30-01.53.42:762][997]LogAssetEditorManager: Opening Asset editor for World /Game/TopDownBP/Maps/DesertTemplate.DesertTemplate
[2018.11.30-01.53.42:811][997]Cmd: MAP LOAD FILE="../../../../../../Users/Shika/Documents/GitHub/-2/Content/TopDownBP/Maps/DesertTemplate.umap" TEMPLATE=0 SHOWPROGRESS=1 FEATURELEVEL=3
[2018.11.30-01.53.42:811][997]LightingResults: New page: 光照构建
[2018.11.30-01.53.42:812][997]LoadErrors: New page: 正在加载地图： DesertTemplate.umap
[2018.11.30-01.53.42:816][997]MapCheck: New page: 地图检测
[2018.11.30-01.53.42:816][997]LightingResults: New page: 光照构建
[2018.11.30-01.53.42:914][997]LogEditorServer: Finished looking for orphan Actors (0.000 secs)
[2018.11.30-01.53.43:039][997]Cmd: MAP CHECKDEP NOCLEARLOG
[2018.11.30-01.53.43:276][997]MapCheck: 地图检测完成：0个错误，0 个警告，用时236.535毫秒完成。
[2018.11.30-01.53.43:279][997]LogFileHelpers: Loading map 'DesertTemplate' took 0.470
[2018.11.30-01.53.54:327][612]LogSlate: Window '源码管理登陆' being destroyed
[2018.11.30-01.54.05:960][264]SourceControl: fatal: C:/Program Files/Epic Games/UE_4.20/Engine/Content: 'C:/Program Files/Epic Games/UE_4.20/Engine/Content' is outside repository
[2018.11.30-01.54.13:646][264]LogSlate: Window '提交文件' being destroyed
[2018.11.30-01.55.24:568][190]LogSlate: FSceneViewport::OnFocusLost() reason 0
[2018.11.30-01.55.32:930][529]LogSlate: FSceneViewport::OnFocusLost() reason 0
[2018.11.30-01.55.38:110][670]LogSlate: FSceneViewport::OnFocusLost() reason 0
[2018.11.30-01.55.38:261][679]LogTemp: Repeating last play command: 新建编辑器窗口（在编辑器中运行）
[2018.11.30-01.55.38:307][679]LogPlayLevel: PlayLevel: No blueprints needed recompiling
[2018.11.30-01.55.38:325][679]PIE: New page: PIE会话: DesertTemplate (2018年11月30日 下午5:55:38)
[2018.11.30-01.55.38:326][679]LogPlayLevel: Creating play world package: /Game/TopDownBP/Maps/UEDPIE_0_DesertTemplate
[2018.11.30-01.55.38:349][679]LogPlayLevel: PIE: StaticDuplicateObject took: (0.023602s)
[2018.11.30-01.55.38:352][679]LogAIModule: Creating AISystem for world DesertTemplate
[2018.11.30-01.55.38:353][679]LogPlayLevel: PIE: World Init took: (0.003120s)
[2018.11.30-01.55.38:353][679]LogPlayLevel: PIE: Created PIE world by copying editor world from /Game/TopDownBP/Maps/DesertTemplate.DesertTemplate to /Game/TopDownBP/Maps/UEDPIE_0_DesertTemplate.DesertTemplate (0.027468s)
[2018.11.30-01.55.38:415][679]LogInit: XAudio2 using '扬声器 (Conexant SmartAudio HD)' : 2 channels at 48 kHz using 32 bits per sample (channel mask 0x3)
[2018.11.30-01.55.38:434][679]LogInit: FAudioDevice initialized.
[2018.11.30-01.55.38:455][679]LogSlate: Updating window title bar state: overlay mode, drag disabled, window buttons hidden, title bar hidden
[2018.11.30-01.55.38:603][679]LogLoad: Game class is 'GameModeBase'
[2018.11.30-01.55.38:636][679]LogWorld: Bringing World /Game/TopDownBP/Maps/UEDPIE_0_DesertTemplate.DesertTemplate up for play (max tick rate 60) at 2018.11.30-09.55.38
[2018.11.30-01.55.38:638][679]LogWorld: Bringing up level for play took: 0.025933
[2018.11.30-01.55.38:682][679]LogContentBrowser: Native class hierarchy updated for 'MovieSceneCapture' in 0.0012 seconds. Added 10 classes and 0 folders.
[2018.11.30-01.55.38:698][679]PIE: /Game/TopDownBP/Maps/UEDPIE_0_DesertTemplate的‘在编辑器中播放’的起始时间0.056
[2018.11.30-01.55.38:806][679]LogRenderer: Reallocating scene render targets to support 1036x584 Format 10 NumSamples 1 (Frame:1).
[2018.11.30-01.55.40:588][708]LogSlate: Window '我的项目2 游戏预览 Standalone (64-bit/PCD3D_SM5)' being destroyed
[2018.11.30-01.55.40:679][708]LogPlayLevel: Display: Shutting down PIE online subsystems
[2018.11.30-01.55.40:917][709]LogPlayLevel: Display: Destroying online subsystem :Context_7
[2018.11.30-01.55.48:857][119]LogEditorActor: Deleted Actor: SkeletalMeshActor
[2018.11.30-01.55.48:899][119]LogEditorActor: Deleted 1 Actors (0.060 secs)
[2018.11.30-01.55.53:507][287]LogSlate: FSceneViewport::OnFocusLost() reason 0
[2018.11.30-01.55.53:645][295]LogTemp: Repeating last play command: 新建编辑器窗口（在编辑器中运行）
[2018.11.30-01.55.53:677][295]LogPlayLevel: PlayLevel: No blueprints needed recompiling
[2018.11.30-01.55.53:678][295]PIE: New page: PIE会话: DesertTemplate (2018年11月30日 下午5:55:53)
[2018.11.30-01.55.53:678][295]LogPlayLevel: Creating play world package: /Game/TopDownBP/Maps/UEDPIE_0_DesertTemplate
[2018.11.30-01.55.53:696][295]LogPlayLevel: PIE: StaticDuplicateObject took: (0.018123s)
[2018.11.30-01.55.53:697][295]LogAIModule: Creating AISystem for world DesertTemplate
[2018.11.30-01.55.53:698][295]LogPlayLevel: PIE: World Init took: (0.001650s)
[2018.11.30-01.55.53:698][295]LogPlayLevel: PIE: Created PIE world by copying editor world from /Game/TopDownBP/Maps/DesertTemplate.DesertTemplate to /Game/TopDownBP/Maps/UEDPIE_0_DesertTemplate.DesertTemplate (0.020118s)
[2018.11.30-01.55.53:753][295]LogInit: XAudio2 using '扬声器 (Conexant SmartAudio HD)' : 2 channels at 48 kHz using 32 bits per sample (channel mask 0x3)
[2018.11.30-01.55.53:769][295]LogInit: FAudioDevice initialized.
[2018.11.30-01.55.53:791][295]LogSlate: Updating window title bar state: overlay mode, drag disabled, window buttons hidden, title bar hidden
[2018.11.30-01.55.53:897][295]LogLoad: Game class is 'GameModeBase'
[2018.11.30-01.55.53:920][295]LogWorld: Bringing World /Game/TopDownBP/Maps/UEDPIE_0_DesertTemplate.DesertTemplate up for play (max tick rate 60) at 2018.11.30-09.55.53
[2018.11.30-01.55.53:922][295]LogWorld: Bringing up level for play took: 0.022813
[2018.11.30-01.55.53:947][295]PIE: /Game/TopDownBP/Maps/UEDPIE_0_DesertTemplate的‘在编辑器中播放’的起始时间-0.695
[2018.11.30-01.55.55:397][320]LogSlate: Window '我的项目2 游戏预览 Standalone (64-bit/PCD3D_SM5)' being destroyed
[2018.11.30-01.55.55:486][320]LogPlayLevel: Display: Shutting down PIE online subsystems
[2018.11.30-01.55.55:766][321]LogPlayLevel: Display: Destroying online subsystem :Context_8
[2018.11.30-01.55.58:823][468]LogEditorActor: Deleted Actor: SkeletalMeshActor
[2018.11.30-01.55.58:867][468]LogEditorActor: Deleted 1 Actors (0.063 secs)
[2018.11.30-01.56.19:524][488]LogAssetEditorManager: Opening Asset editor for SkeletalMesh /Game/TopDownBP/Character/main-charactor/SK_MainCharactor.SK_MainCharactor
[2018.11.30-01.56.19:554][488]LogContentBrowser: Native class hierarchy updated for 'SkeletonEditor' in 0.0007 seconds. Added 1 classes and 2 folders.
[2018.11.30-01.56.20:005][488]LogActorComponent: RegisterComponentWithWorld: (/Engine/Transient.World_6:PersistentLevel.AnimationEditorPreviewActor_0.DebugSkelMeshComponent_0) Already registered. Aborting.
[2018.11.30-01.56.20:022][488]LogContentBrowser: Native class hierarchy updated for 'PinnedCommandList' in 0.0008 seconds. Added 1 classes and 0 folders.
[2018.11.30-01.56.20:152][488]LogSkeletalMesh: USkeletalMeshComponent::InitArticulated : Bodies already created (/Engine/Transient.World_6:PersistentLevel.AnimationEditorPreviewActor_0.DebugSkelMeshComponent_0) - call TermArticulated first.
[2018.11.30-01.56.20:898][488]LogSlate: Took 0.002020 seconds to synchronously load lazily loaded font '../../../Engine/Content/Slate/Fonts/Roboto-Italic.ttf' (157K)
[2018.11.30-01.56.20:984][488]LogContentBrowser: Native class hierarchy updated for 'ClothingSystemEditorInterface' in 0.0006 seconds. Added 1 classes and 0 folders.
[2018.11.30-01.56.20:996][488]LogRenderer: Reallocating scene render targets to support 1036x680 Format 10 NumSamples 1 (Frame:1).
[2018.11.30-01.56.45:518][408]LogMaterial: Display: Missing cached shader map for material Material_0, compiling. 
[2018.11.30-01.56.45:732][409]LogShaderCompilers: Display: Shaders left to compile 44
[2018.11.30-01.56.45:732][409]LogShaderCompilers: Display: Shaders left to compile 34
[2018.11.30-01.56.45:732][409]LogShaderCompilers: Display: Shaders left to compile 24
[2018.11.30-01.56.45:732][409]LogShaderCompilers: Display: Shaders left to compile 14
[2018.11.30-01.56.45:885][409]LogMaterial: Display: Missing cached shader map for material Material_1, compiling. 
[2018.11.30-01.56.46:023][410]LogMaterial: Display: Missing cached shader map for material Material_2, compiling. 
[2018.11.30-01.56.46:115][411]LogMaterial: Display: Missing cached shader map for material Material_3, compiling. 
[2018.11.30-01.56.51:400][620]LogShaderCompilers: Display: Shaders left to compile 136
[2018.11.30-01.56.51:725][637]LogShaderCompilers: Display: Shaders left to compile 126
[2018.11.30-01.56.52:131][661]LogShaderCompilers: Display: Shaders left to compile 116
[2018.11.30-01.56.55:815][794]LogShaderCompilers: Display: Shaders left to compile 106
[2018.11.30-01.56.56:490][827]LogShaderCompilers: Display: Shaders left to compile 96
[2018.11.30-01.56.56:617][831]LogShaderCompilers: Display: Shaders left to compile 86
[2018.11.30-01.56.56:773][834]LogShaderCompilers: Display: Shaders left to compile 76
[2018.11.30-01.56.59:860][955]LogShaderCompilers: Display: Shaders left to compile 66
[2018.11.30-01.57.00:321][971]LogShaderCompilers: Display: Shaders left to compile 56
[2018.11.30-01.57.01:476][ 24]LogShaderCompilers: Display: Shaders left to compile 46
[2018.11.30-01.57.02:824][ 71]LogShaderCompilers: Display: Shaders left to compile 36
[2018.11.30-01.57.04:653][150]LogShaderCompilers: Display: Shaders left to compile 26
[2018.11.30-01.57.05:031][165]LogShaderCompilers: Display: Shaders left to compile 16
[2018.11.30-01.57.06:396][217]LogShaderCompilers: Display: Shaders left to compile 6
[2018.11.30-01.57.52:991][477]LogAIModule: Creating AISystem for world TopDownExampleMap
[2018.11.30-01.57.53:043][477]LogAssetEditorManager: Opening Asset editor for World /Game/TopDownBP/Maps/TopDownExampleMap.TopDownExampleMap
[2018.11.30-01.57.55:032][477]LogSlate: Window '保存内容' being destroyed
[2018.11.30-01.57.55:044][477]Cmd: MAP LOAD FILE="../../../../../../Users/Shika/Documents/GitHub/-2/Content/TopDownBP/Maps/TopDownExampleMap.umap" TEMPLATE=0 SHOWPROGRESS=1 FEATURELEVEL=3
[2018.11.30-01.57.55:047][477]LightingResults: New page: 光照构建
[2018.11.30-01.57.55:049][477]LoadErrors: New page: 正在加载地图： TopDownExampleMap.umap
[2018.11.30-01.57.55:078][477]MapCheck: New page: 地图检测
[2018.11.30-01.57.55:078][477]LightingResults: New page: 光照构建
[2018.11.30-01.57.55:213][477]LogEditorServer: Finished looking for orphan Actors (0.000 secs)
[2018.11.30-01.57.55:365][477]Cmd: MAP CHECKDEP NOCLEARLOG
[2018.11.30-01.57.55:594][477]MapCheck: 地图检测完成：0个错误，0 个警告，用时228.518毫秒完成。
[2018.11.30-01.57.55:607][477]LogFileHelpers: Loading map 'TopDownExampleMap' took 0.566
[2018.11.30-01.57.58:844][648]LogEditorViewport: Clicking on Actor (LMB): BP_hero_C (TopDownCharacter)
[2018.11.30-01.58.05:382][955]LogSlate: FSceneViewport::OnFocusLost() reason 0
[2018.11.30-02.00.20:916][732]Cmd: EDIT COPY
[2018.11.30-02.00.22:953][822]LogAIModule: Creating AISystem for world DesertTemplate
[2018.11.30-02.00.22:973][822]LogAssetEditorManager: Opening Asset editor for World /Game/TopDownBP/Maps/DesertTemplate.DesertTemplate
[2018.11.30-02.00.23:018][822]Cmd: MAP LOAD FILE="../../../../../../Users/Shika/Documents/GitHub/-2/Content/TopDownBP/Maps/DesertTemplate.umap" TEMPLATE=0 SHOWPROGRESS=1 FEATURELEVEL=3
[2018.11.30-02.00.23:019][822]LightingResults: New page: 光照构建
[2018.11.30-02.00.23:020][822]LoadErrors: New page: 正在加载地图： DesertTemplate.umap
[2018.11.30-02.00.23:025][822]MapCheck: New page: 地图检测
[2018.11.30-02.00.23:025][822]LightingResults: New page: 光照构建
[2018.11.30-02.00.23:092][822]LogEditorServer: Finished looking for orphan Actors (0.000 secs)
[2018.11.30-02.00.23:186][822]Cmd: MAP CHECKDEP NOCLEARLOG
[2018.11.30-02.00.23:455][822]MapCheck: 地图检测完成：0个错误，0 个警告，用时268.755毫秒完成。
[2018.11.30-02.00.23:457][822]LogFileHelpers: Loading map 'DesertTemplate' took 0.440
[2018.11.30-02.00.26:154][961]Cmd: EDIT PASTE
[2018.11.30-02.00.44:935][619]LogEditorViewport: Clicking on Actor (LMB): BP_Sky_Sphere_C (Sky Sphere)
[2018.11.30-02.00.53:984][954]LogEditorViewport: Clicking on Actor (LMB): StaticMeshActor (Mountain)
[2018.11.30-02.00.54:875][995]LogEditorViewport: Clicking on Actor (LMB): StaticMeshActor (Mountain)
[2018.11.30-02.00.55:731][ 40]LogEditorViewport: Clicking on Actor (LMB): StaticMeshActor (Mountain)
[2018.11.30-02.01.00:513][311]LogSlate: FSceneViewport::OnFocusLost() reason 0
[2018.11.30-02.01.53:226][153]LogSlate: FSceneViewport::OnFocusLost() reason 0
[2018.11.30-02.01.55:528][270]LogTemp: Repeating last play command: 新建编辑器窗口（在编辑器中运行）
[2018.11.30-02.01.55:560][270]LogPlayLevel: PlayLevel: No blueprints needed recompiling
[2018.11.30-02.01.55:568][270]PIE: New page: PIE会话: DesertTemplate (2018年11月30日 下午6:01:55)
[2018.11.30-02.01.55:568][270]LogPlayLevel: Creating play world package: /Game/TopDownBP/Maps/UEDPIE_0_DesertTemplate
[2018.11.30-02.01.55:600][270]LogPlayLevel: PIE: StaticDuplicateObject took: (0.031812s)
[2018.11.30-02.01.55:601][270]LogAIModule: Creating AISystem for world DesertTemplate
[2018.11.30-02.01.55:602][270]LogPlayLevel: PIE: World Init took: (0.001612s)
[2018.11.30-02.01.55:602][270]LogPlayLevel: PIE: Created PIE world by copying editor world from /Game/TopDownBP/Maps/DesertTemplate.DesertTemplate to /Game/TopDownBP/Maps/UEDPIE_0_DesertTemplate.DesertTemplate (0.033751s)
[2018.11.30-02.01.55:691][270]LogInit: XAudio2 using '扬声器 (Conexant SmartAudio HD)' : 2 channels at 48 kHz using 32 bits per sample (channel mask 0x3)
[2018.11.30-02.01.55:709][270]LogInit: FAudioDevice initialized.
[2018.11.30-02.01.55:729][270]LogSlate: Updating window title bar state: overlay mode, drag disabled, window buttons hidden, title bar hidden
[2018.11.30-02.01.55:865][270]LogLoad: Game class is 'GameModeBase'
[2018.11.30-02.01.55:890][270]LogWorld: Bringing World /Game/TopDownBP/Maps/UEDPIE_0_DesertTemplate.DesertTemplate up for play (max tick rate 60) at 2018.11.30-10.01.55
[2018.11.30-02.01.55:893][270]LogWorld: Bringing up level for play took: 0.026239
[2018.11.30-02.01.55:925][270]PIE: /Game/TopDownBP/Maps/UEDPIE_0_DesertTemplate的‘在编辑器中播放’的起始时间1.283
[2018.11.30-02.02.01:967][401]LogSlate: Updating window title bar state: overlay mode, drag disabled, window buttons hidden, title bar hidden
[2018.11.30-02.02.02:015][401]LogSlate: Window '我的项目2 游戏预览 Standalone (64-bit/PCD3D_SM5)' being destroyed
[2018.11.30-02.02.02:076][401]LogPlayLevel: Display: Shutting down PIE online subsystems
[2018.11.30-02.02.02:167][402]LogPlayLevel: Display: Destroying online subsystem :Context_12
[2018.11.30-02.02.10:566][490]LogSavePackage: Moving '../../../../../../Users/Shika/Documents/GitHub/-2/Saved/DesertTemplateE65010B042BB3DDF370707B79D7B9BA9.tmp' to '../../../../../../Users/Shika/Documents/GitHub/-2/Content/TopDownBP/Maps/DesertTemplate.umap'
[2018.11.30-02.02.17:825][622]SourceControl: fatal: C:/Program Files/Epic Games/UE_4.20/Engine/Content: 'C:/Program Files/Epic Games/UE_4.20/Engine/Content' is outside repository
[2018.11.30-02.02.22:972][622]LogSlate: Window '提交文件' being destroyed
[2018.11.30-02.02.24:413][695]LogSlate: Window '我的项目2 - 虚幻编辑器' being destroyed
[2018.11.30-02.02.24:770][696]Cmd: QUIT_EDITOR
[2018.11.30-02.02.25:193][696]LogWindowsTextInputMethodSystem: Display: IME system now activated using TSF (微软拼音).
[2018.11.30-02.02.25:228][696]LogExit: Preparing to exit.
[2018.11.30-02.02.26:436][696]LogExit: Editor shut down
[2018.11.30-02.02.26:437][696]LogExit: Transaction tracking system shut down
[2018.11.30-02.02.26:876][696]LogExit: Object subsystem successfully closed.
[2018.11.30-02.02.26:922][696]LogShaderCompilers: Display: Shaders left to compile 0
[2018.11.30-02.02.26:931][696]LogD3D11RHI: Shutdown
[2018.11.30-02.02.26:931][696]LogD3D11RHI: CleanupD3DDevice
[2018.11.30-02.02.26:940][696]LogD3D11RHI: ~FD3D11DynamicRHI
[2018.11.30-02.02.27:021][696]LogModuleManager: Shutting down and abandoning module ClothingSystemEditorInterface (620)
[2018.11.30-02.02.27:022][696]LogModuleManager: Shutting down and abandoning module PinnedCommandList (618)
[2018.11.30-02.02.27:022][696]LogModuleManager: Shutting down and abandoning module SkeletonEditor (616)
[2018.11.30-02.02.27:022][696]LogModuleManager: Shutting down and abandoning module MovieSceneCapture (614)
[2018.11.30-02.02.27:022][696]LogModuleManager: Shutting down and abandoning module Voice (612)
[2018.11.30-02.02.27:022][696]LogModuleManager: Shutting down and abandoning module HierarchicalLODOutliner (610)
[2018.11.30-02.02.27:022][696]LogModuleManager: Shutting down and abandoning module SceneOutliner (608)
[2018.11.30-02.02.27:022][696]LogModuleManager: Shutting down and abandoning module AddContentDialog (606)
[2018.11.30-02.02.27:024][696]LogModuleManager: Shutting down and abandoning module WidgetCarousel (605)
[2018.11.30-02.02.27:024][696]LogModuleManager: Shutting down and abandoning module EditorWidgets (602)
[2018.11.30-02.02.27:024][696]LogModuleManager: Shutting down and abandoning module CollectionManager (600)
[2018.11.30-02.02.27:025][696]LogModuleManager: Shutting down and abandoning module StatsViewer (598)
[2018.11.30-02.02.27:025][696]LogModuleManager: Shutting down and abandoning module FoliageEdit (596)
[2018.11.30-02.02.27:025][696]LogModuleManager: Shutting down and abandoning module LandscapeEditor (594)
[2018.11.30-02.02.27:026][696]LogModuleManager: Shutting down and abandoning module MeshPaintMode (592)
[2018.11.30-02.02.27:026][696]LogModuleManager: Shutting down and abandoning module SceneDepthPickerMode (590)
[2018.11.30-02.02.27:026][696]LogModuleManager: Shutting down and abandoning module ActorPickerMode (588)
[2018.11.30-02.02.27:026][696]LogModuleManager: Shutting down and abandoning module GeometryMode (586)
[2018.11.30-02.02.27:026][696]LogModuleManager: Shutting down and abandoning module TextureAlignMode (584)
[2018.11.30-02.02.27:026][696]LogModuleManager: Shutting down and abandoning module BspMode (582)
[2018.11.30-02.02.27:026][696]LogModuleManager: Shutting down and abandoning module PIEPreviewDeviceProfileSelector (580)
[2018.11.30-02.02.27:027][696]LogModuleManager: Shutting down and abandoning module SequenceRecorderSections (578)
[2018.11.30-02.02.27:027][696]LogModuleManager: Shutting down and abandoning module AutomationWorker (576)
[2018.11.30-02.02.27:027][696]LogModuleManager: Shutting down and abandoning module AudioCaptureEditor (574)
[2018.11.30-02.02.27:027][696]LogModuleManager: Shutting down and abandoning module SequenceRecorder (573)
[2018.11.30-02.02.27:027][696]LogModuleManager: Shutting down and abandoning module MatineeToLevelSequence (570)
[2018.11.30-02.02.27:027][696]LogModuleManager: Shutting down and abandoning module LevelSequenceEditor (568)
[2018.11.30-02.02.27:027][696]LogModuleManager: Shutting down and abandoning module PlacementMode (567)
[2018.11.30-02.02.27:027][696]LogModuleManager: Shutting down and abandoning module MaterialEditor (566)
[2018.11.30-02.02.27:029][696]LogModuleManager: Shutting down and abandoning module WmfMediaFactory (562)
[2018.11.30-02.02.27:029][696]LogModuleManager: Shutting down and abandoning module WmfMediaEditor (560)
[2018.11.30-02.02.27:029][696]LogModuleManager: Shutting down and abandoning module MediaPlayerEditor (558)
[2018.11.30-02.02.27:029][696]LogModuleManager: Shutting down and abandoning module OpenExrWrapper (556)
[2018.11.30-02.02.27:030][696]LogModuleManager: Shutting down and abandoning module ImgMediaFactory (554)
[2018.11.30-02.02.27:030][696]LogModuleManager: Shutting down and abandoning module ImgMediaEditor (552)
[2018.11.30-02.02.27:030][696]LogModuleManager: Shutting down and abandoning module AvfMediaFactory (550)
[2018.11.30-02.02.27:030][696]LogModuleManager: Shutting down and abandoning module AvfMediaEditor (548)
[2018.11.30-02.02.27:030][696]LogModuleManager: Shutting down and abandoning module AndroidMediaFactory (546)
[2018.11.30-02.02.27:030][696]LogModuleManager: Shutting down and abandoning module AndroidMediaEditor (544)
[2018.11.30-02.02.27:030][696]LogModuleManager: Shutting down and abandoning module MagicLeapCameraPreviewFactory (542)
[2018.11.30-02.02.27:030][696]LogModuleManager: Shutting down and abandoning module MagicLeapMediaFactory (540)
[2018.11.30-02.02.27:030][696]LogModuleManager: Shutting down and abandoning module MagicLeapMediaEditor (538)
[2018.11.30-02.02.27:030][696]LogModuleManager: Shutting down and abandoning module CharacterAI (536)
[2018.11.30-02.02.27:030][696]LogModuleManager: Shutting down and abandoning module SmartSnapping (534)
[2018.11.30-02.02.27:030][696]LogModuleManager: Shutting down and abandoning module SessionServices (532)
[2018.11.30-02.02.27:030][696]LogModuleManager: Shutting down and abandoning module ViewportSnapping (530)
[2018.11.30-02.02.27:030][696]LogModuleManager: Shutting down and abandoning module ViewportInteraction (528)
[2018.11.30-02.02.27:030][696]LogModuleManager: Shutting down and abandoning module ClothPainter (526)
[2018.11.30-02.02.27:031][696]LogModuleManager: Shutting down and abandoning module SkeletalMeshEditor (525)
[2018.11.30-02.02.27:031][696]LogModuleManager: Shutting down and abandoning module LogVisualizer (522)
[2018.11.30-02.02.27:031][696]LogModuleManager: Shutting down and abandoning module IntroTutorials (520)
[2018.11.30-02.02.27:032][696]LogModuleManager: Shutting down and abandoning module GameProjectGeneration (519)
[2018.11.30-02.02.27:032][696]LogModuleManager: Shutting down and abandoning module LuminPlatformEditor (516)
[2018.11.30-02.02.27:032][696]LogModuleManager: Shutting down and abandoning module IOSPlatformEditor (514)
[2018.11.30-02.02.27:032][696]LogModuleManager: Shutting down and abandoning module HTML5PlatformEditor (512)
[2018.11.30-02.02.27:032][696]LogModuleManager: Shutting down and abandoning module AndroidPlatformEditor (510)
[2018.11.30-02.02.27:032][696]LogModuleManager: Shutting down and abandoning module AndroidDeviceDetection (509)
[2018.11.30-02.02.27:130][696]LogModuleManager: Shutting down and abandoning module WindowsPlatformEditor (506)
[2018.11.30-02.02.27:130][696]LogModuleManager: Shutting down and abandoning module LuminRuntimeSettings (504)
[2018.11.30-02.02.27:130][696]LogModuleManager: Shutting down and abandoning module IOSRuntimeSettings (502)
[2018.11.30-02.02.27:130][696]LogModuleManager: Shutting down and abandoning module AndroidRuntimeSettings (500)
[2018.11.30-02.02.27:130][696]LogModuleManager: Shutting down and abandoning module InputBindingEditor (498)
[2018.11.30-02.02.27:130][696]LogModuleManager: Shutting down and abandoning module MergeActors (496)
[2018.11.30-02.02.27:130][696]LogModuleManager: Shutting down and abandoning module LocalizationDashboard (494)
[2018.11.30-02.02.27:130][696]LogModuleManager: Shutting down and abandoning module LocalizationService (493)
[2018.11.30-02.02.27:130][696]LogModuleManager: Shutting down and abandoning module HardwareTargeting (490)
[2018.11.30-02.02.27:131][696]LogModuleManager: Shutting down and abandoning module DeviceProfileEditor (488)
[2018.11.30-02.02.27:131][696]LogModuleManager: Shutting down and abandoning module UndoHistory (486)
[2018.11.30-02.02.27:131][696]LogModuleManager: Shutting down and abandoning module XmlParser (484)
[2018.11.30-02.02.27:131][696]LogModuleManager: Shutting down and abandoning module Blutility (482)
[2018.11.30-02.02.27:131][696]LogModuleManager: Shutting down and abandoning module ProjectSettingsViewer (480)
[2018.11.30-02.02.27:131][696]LogModuleManager: Shutting down and abandoning module ProjectTargetPlatformEditor (479)
[2018.11.30-02.02.27:131][696]LogModuleManager: Shutting down and abandoning module EditorSettingsViewer (476)
[2018.11.30-02.02.27:131][696]LogModuleManager: Shutting down and abandoning module SettingsEditor (474)
[2018.11.30-02.02.27:131][696]LogModuleManager: Shutting down and abandoning module ProjectLauncher (472)
[2018.11.30-02.02.27:132][696]LogModuleManager: Shutting down and abandoning module SessionFrontend (470)
[2018.11.30-02.02.27:132][696]LogModuleManager: Shutting down and abandoning module ProfilerClient (468)
[2018.11.30-02.02.27:132][696]LogModuleManager: Shutting down and abandoning module DeviceManager (466)
[2018.11.30-02.02.27:132][696]LogModuleManager: Shutting down and abandoning module TargetDeviceServices (465)
[2018.11.30-02.02.27:187][696]LogModuleManager: Shutting down and abandoning module AutomationController (462)
[2018.11.30-02.02.27:187][696]LogModuleManager: Shutting down and abandoning module AutomationWindow (460)
[2018.11.30-02.02.27:187][696]LogModuleManager: Shutting down and abandoning module Layers (458)
[2018.11.30-02.02.27:187][696]LogModuleManager: Shutting down and abandoning module ComponentVisualizers (456)
[2018.11.30-02.02.27:187][696]LogModuleManager: Shutting down and abandoning module DetailCustomizations (454)
[2018.11.30-02.02.27:188][696]LogModuleManager: Shutting down and abandoning module PackagesDialog (452)
[2018.11.30-02.02.27:188][696]LogModuleManager: Shutting down and abandoning module Persona (450)
[2018.11.30-02.02.27:189][696]LogModuleManager: Shutting down and abandoning module AdvancedPreviewScene (449)
[2018.11.30-02.02.27:189][696]LogModuleManager: Shutting down and abandoning module AnimGraph (447)
[2018.11.30-02.02.27:189][696]LogModuleManager: Shutting down and abandoning module Kismet (444)
[2018.11.30-02.02.27:195][696]LogModuleManager: Shutting down and abandoning module GraphEditor (442)
[2018.11.30-02.02.27:197][696]LogModuleManager: Shutting down and abandoning module ClassViewer (440)
[2018.11.30-02.02.27:197][696]LogModuleManager: Shutting down and abandoning module Toolbox (438)
[2018.11.30-02.02.27:197][696]LogModuleManager: Shutting down and abandoning module ModuleUI (436)
[2018.11.30-02.02.27:197][696]LogModuleManager: Shutting down and abandoning module MovieSceneTools (434)
[2018.11.30-02.02.27:197][696]LogModuleManager: Shutting down and abandoning module OutputLog (432)
[2018.11.30-02.02.27:198][696]LogModuleManager: Shutting down and abandoning module GammaUI (430)
[2018.11.30-02.02.27:198][696]LogModuleManager: Shutting down and abandoning module Documentation (428)
[2018.11.30-02.02.27:198][696]LogModuleManager: Shutting down and abandoning module MovieSceneTracks (426)
[2018.11.30-02.02.27:198][696]LogModuleManager: Shutting down and abandoning module MovieScene (424)
[2018.11.30-02.02.27:198][696]LogModuleManager: Shutting down and abandoning module StreamingPauseRendering (422)
[2018.11.30-02.02.27:198][696]LogModuleManager: Shutting down and abandoning module LauncherPlatform (420)
[2018.11.30-02.02.27:198][696]LogModuleManager: Shutting down and abandoning module AnalyticsET (418)
[2018.11.30-02.02.27:198][696]LogModuleManager: Shutting down and abandoning module PortalServices (416)
[2018.11.30-02.02.27:198][696]LogModuleManager: Shutting down and abandoning module PortalRpc (414)
[2018.11.30-02.02.27:198][696]LogModuleManager: Shutting down and abandoning module MessagingRpc (412)
[2018.11.30-02.02.27:198][696]LogModuleManager: Shutting down and abandoning module AIModule (410)
[2018.11.30-02.02.27:199][696]LogModuleManager: Shutting down and abandoning module GameplayDebugger (409)
[2018.11.30-02.02.27:199][696]LogModuleManager: Shutting down and abandoning module AITestSuite (407)
[2018.11.30-02.02.27:199][696]LogModuleManager: Shutting down and abandoning module NavigationSystem (405)
[2018.11.30-02.02.27:199][696]LogModuleManager: Shutting down and abandoning module DesktopPlatform (402)
[2018.11.30-02.02.27:200][696]LogModuleManager: Shutting down and abandoning module ProfilerService (400)
[2018.11.30-02.02.27:326][696]LogModuleManager: Shutting down and abandoning module TaskGraph (398)
[2018.11.30-02.02.27:326][696]LogModuleManager: Shutting down and abandoning module SteamVRController (396)
[2018.11.30-02.02.27:326][696]LogModuleManager: Shutting down and abandoning module ProceduralMeshComponentEditor (394)
[2018.11.30-02.02.27:326][696]LogModuleManager: Shutting down and abandoning module ProceduralMeshComponent (392)
[2018.11.30-02.02.27:329][696]LogModuleManager: Shutting down and abandoning module OculusInput (390)
[2018.11.30-02.02.27:329][696]LogModuleManager: Shutting down and abandoning module MobilePatchingUtils (388)
[2018.11.30-02.02.27:329][696]LogModuleManager: Shutting down and abandoning module EditableMesh (386)
[2018.11.30-02.02.27:329][696]LogModuleManager: Shutting down and abandoning module CustomMeshComponent (384)
[2018.11.30-02.02.27:329][696]LogModuleManager: Shutting down and abandoning module CableComponent (382)
[2018.11.30-02.02.27:329][696]LogModuleManager: Shutting down and abandoning module AudioCapture (380)
[2018.11.30-02.02.27:329][696]LogModuleManager: Shutting down and abandoning module ArchVisCharacter (378)
[2018.11.30-02.02.27:329][696]LogModuleManager: Shutting down and abandoning module AndroidPermission (376)
[2018.11.30-02.02.27:329][696]LogModuleManager: Shutting down and abandoning module NUTUnrealEngine4 (374)
[2018.11.30-02.02.27:329][696]LogModuleManager: Shutting down and abandoning module NetcodeUnitTest (372)
[2018.11.30-02.02.27:330][696]LogModuleManager: Shutting down and abandoning module MediaCompositingEditor (370)
[2018.11.30-02.02.27:330][696]LogModuleManager: Shutting down and abandoning module MediaCompositing (368)
[2018.11.30-02.02.27:330][696]LogModuleManager: Shutting down and abandoning module LinearTimecode (366)
[2018.11.30-02.02.27:330][696]LogModuleManager: Shutting down and abandoning module ImgMedia (364)
[2018.11.30-02.02.27:337][696]LogModuleManager: Shutting down and abandoning module HTML5Networking (362)
[2018.11.30-02.02.27:337][696]LogModuleManager: Shutting down and abandoning module GeometryCacheTracks (360)
[2018.11.30-02.02.27:337][696]LogModuleManager: Shutting down and abandoning module GeometryCacheSequencer (358)
[2018.11.30-02.02.27:337][696]LogModuleManager: Shutting down and abandoning module BackChannel (356)
[2018.11.30-02.02.27:337][696]LogModuleManager: Shutting down and abandoning module AppleVision (354)
[2018.11.30-02.02.27:337][696]LogModuleManager: Shutting down and abandoning module AppleImageUtils (352)
[2018.11.30-02.02.27:337][696]LogModuleManager: Shutting down and abandoning module AlembicImporter (350)
[2018.11.30-02.02.27:337][696]LogModuleManager: Shutting down and abandoning module AlembicLibrary (349)
[2018.11.30-02.02.27:337][696]LogModuleManager: Shutting down and abandoning module GeometryCache (348)
[2018.11.30-02.02.27:337][696]LogModuleManager: Shutting down and abandoning module GeometryCacheEd (347)
[2018.11.30-02.02.27:337][696]LogModuleManager: Shutting down and abandoning module DatasmithContentEditor (342)
[2018.11.30-02.02.27:338][696]LogModuleManager: Shutting down and abandoning module DatasmithContent (340)
[2018.11.30-02.02.27:339][696]LogModuleManager: Shutting down and abandoning module SpeedTreeImporter (338)
[2018.11.30-02.02.27:339][696]LogModuleManager: Shutting down and abandoning module PluginBrowser (336)
[2018.11.30-02.02.27:339][696]LogModuleManager: Shutting down and abandoning module MobileLauncherProfileWizard (334)
[2018.11.30-02.02.27:339][696]LogModuleManager: Shutting down and abandoning module PolygonModeling (332)
[2018.11.30-02.02.27:339][696]LogModuleManager: Shutting down and abandoning module MeshEditor (330)
[2018.11.30-02.02.27:339][696]LogModuleManager: Shutting down and abandoning module CryptoKeysOpenSSL (328)
[2018.11.30-02.02.27:339][696]LogModuleManager: Shutting down and abandoning module CryptoKeys (326)
[2018.11.30-02.02.27:339][696]LogModuleManager: Shutting down and abandoning module VisualStudioSourceCodeAccess (324)
[2018.11.30-02.02.27:340][696]LogModuleManager: Shutting down and abandoning module VisualStudioCodeSourceCodeAccess (322)
[2018.11.30-02.02.27:340][696]LogModuleManager: Shutting down and abandoning module UObjectPlugin (320)
[2018.11.30-02.02.27:340][696]LogModuleManager: Shutting down and abandoning module SubversionSourceControl (318)
[2018.11.30-02.02.27:340][696]LogModuleManager: Shutting down and abandoning module PerforceSourceControl (316)
[2018.11.30-02.02.27:340][696]LogModuleManager: Shutting down and abandoning module GitSourceControl (314)
[2018.11.30-02.02.27:340][696]LogModuleManager: Shutting down and abandoning module SourceControl (313)
[2018.11.30-02.02.27:340][696]LogModuleManager: Shutting down and abandoning module CLionSourceCodeAccess (310)
[2018.11.30-02.02.27:340][696]LogModuleManager: Shutting down and abandoning module LightPropagationVolumeEditor (308)
[2018.11.30-02.02.27:340][696]LogModuleManager: Shutting down and abandoning module PaperTiledImporter (306)
[2018.11.30-02.02.27:340][696]LogModuleManager: Shutting down and abandoning module PaperSpriteSheetImporter (304)
[2018.11.30-02.02.27:340][696]LogModuleManager: Shutting down and abandoning module Paper2DEditor (302)
[2018.11.30-02.02.27:340][696]LogModuleManager: Shutting down and abandoning module MeshPaint (301)
[2018.11.30-02.02.27:340][696]LogModuleManager: Shutting down and abandoning module RuntimePhysXCooking (298)
[2018.11.30-02.02.27:340][696]LogModuleManager: Shutting down and abandoning module PhysXVehiclesEditor (296)
[2018.11.30-02.02.27:340][696]LogModuleManager: Shutting down and abandoning module PhysXVehicles (294)
[2018.11.30-02.02.27:341][696]LogModuleManager: Shutting down and abandoning module OculusEditor (292)
[2018.11.30-02.02.27:341][696]LogModuleManager: Shutting down and abandoning module LocationServicesBPLibrary (290)
[2018.11.30-02.02.27:341][696]LogModuleManager: Shutting down and abandoning module ImmediatePhysicsEditor (288)
[2018.11.30-02.02.27:341][696]LogModuleManager: Shutting down and abandoning module ImmediatePhysics (286)
[2018.11.30-02.02.27:341][696]LogModuleManager: Shutting down and abandoning module ActorSequence (284)
[2018.11.30-02.02.27:341][696]LogModuleManager: Shutting down and abandoning module UdpMessaging (282)
[2018.11.30-02.02.27:442][696]LogModuleManager: Shutting down and abandoning module TcpMessaging (280)
[2018.11.30-02.02.27:543][696]LogModuleManager: Shutting down and abandoning module MagicLeapAudio (278)
[2018.11.30-02.02.27:543][696]LogModuleManager: Shutting down and abandoning module GameplayTagsEditor (276)
[2018.11.30-02.02.27:543][696]LogModuleManager: Shutting down and abandoning module FacialAnimationEditor (274)
[2018.11.30-02.02.27:543][696]LogModuleManager: Shutting down and abandoning module FacialAnimation (272)
[2018.11.30-02.02.27:543][696]LogModuleManager: Shutting down and abandoning module DataValidation (270)
[2018.11.30-02.02.27:543][696]LogModuleManager: Shutting down and abandoning module AssetManagerEditor (268)
[2018.11.30-02.02.27:546][696]LogModuleManager: Shutting down and abandoning module LevelEditor (267)
[2018.11.30-02.02.27:548][696]LogModuleManager: Shutting down and abandoning module PixelInspectorModule (266)
[2018.11.30-02.02.27:548][696]LogModuleManager: Shutting down and abandoning module CommonMenuExtensions (264)
[2018.11.30-02.02.27:548][696]LogModuleManager: Shutting down and abandoning module MainFrame (262)
[2018.11.30-02.02.27:549][696]LogModuleManager: Shutting down and abandoning module HotReload (261)
[2018.11.30-02.02.27:550][696]LogModuleManager: Shutting down and abandoning module ContentBrowser (257)
[2018.11.30-02.02.27:552][696]LogModuleManager: Shutting down and abandoning module TreeMap (255)
[2018.11.30-02.02.27:552][696]LogModuleManager: Shutting down and abandoning module LightPropagationVolumeRuntime (252)
[2018.11.30-02.02.27:553][696]LogModuleManager: Shutting down and abandoning module AISupportModule (250)
[2018.11.30-02.02.27:553][696]LogModuleManager: Shutting down and abandoning module Paper2D (248)
[2018.11.30-02.02.27:553][696]LogModuleManager: Shutting down and abandoning module WindowsMoviePlayer (246)
[2018.11.30-02.02.27:553][696]LogModuleManager: Shutting down and abandoning module WmfMedia (244)
[2018.11.30-02.02.27:557][696]LogModuleManager: Shutting down and abandoning module Media (243)
[2018.11.30-02.02.27:564][696]LogModuleManager: Shutting down and abandoning module PacketHandler (240)
[2018.11.30-02.02.27:565][696]LogModuleManager: Shutting down and abandoning module ClothingSystemEditor (238)
[2018.11.30-02.02.27:565][696]LogModuleManager: Shutting down and abandoning module ClothingSystemRuntime (236)
[2018.11.30-02.02.27:565][696]LogModuleManager: Shutting down and abandoning module MediaAssets (234)
[2018.11.30-02.02.27:565][696]LogModuleManager: Shutting down and abandoning module Overlay (232)
[2018.11.30-02.02.27:565][696]LogModuleManager: Shutting down and abandoning module OverlayEditor (231)
[2018.11.30-02.02.27:566][696]LogModuleManager: Shutting down and abandoning module VREditor (228)
[2018.11.30-02.02.27:566][696]LogModuleManager: Shutting down and abandoning module StringTableEditor (226)
[2018.11.30-02.02.27:566][696]LogModuleManager: Shutting down and abandoning module GameplayTasksEditor (224)
[2018.11.30-02.02.27:567][696]LogModuleManager: Shutting down and abandoning module BehaviorTreeEditor (222)
[2018.11.30-02.02.27:568][696]LogModuleManager: Shutting down and abandoning module FunctionalTesting (220)
[2018.11.30-02.02.27:569][696]LogModuleManager: Shutting down and abandoning module CollisionAnalyzer (218)
[2018.11.30-02.02.27:570][696]LogModuleManager: Shutting down and abandoning module WorkspaceMenuStructure (217)
[2018.11.30-02.02.27:570][696]LogModuleManager: Shutting down and abandoning module UMG (214)
[2018.11.30-02.02.27:570][696]LogModuleManager: Shutting down and abandoning module UMGEditor (213)
[2018.11.30-02.02.27:571][696]LogModuleManager: Shutting down and abandoning module Sequencer (212)
[2018.11.30-02.02.27:573][696]LogModuleManager: Shutting down and abandoning module MessageLog (209)
[2018.11.30-02.02.27:573][696]LogModuleManager: Shutting down and abandoning module SlateReflector (204)
[2018.11.30-02.02.27:575][696]LogModuleManager: Shutting down and abandoning module Slate (202)
[2018.11.30-02.02.27:575][696]LogModuleManager: Shutting down and abandoning module EditorStyle (200)
[2018.11.30-02.02.27:579][696]LogModuleManager: Shutting down and abandoning module MRMesh (198)
[2018.11.30-02.02.27:579][696]LogModuleManager: Shutting down and abandoning module SourceCodeAccess (196)
[2018.11.30-02.02.27:579][696]LogModuleManager: Shutting down and abandoning module HeadMountedDisplay (194)
[2018.11.30-02.02.27:579][696]LogModuleManager: Shutting down and abandoning module XAudio2 (192)
[2018.11.30-02.02.27:579][696]LogModuleManager: Shutting down and abandoning module Networking (190)
[2018.11.30-02.02.27:579][696]LogModuleManager: Shutting down and abandoning module Core (188)
[2018.11.30-02.02.27:579][696]LogModuleManager: Shutting down and abandoning module LevelSequence (186)
[2018.11.30-02.02.27:579][696]LogModuleManager: Shutting down and abandoning module KismetCompiler (184)
[2018.11.30-02.02.27:579][696]LogModuleManager: Shutting down and abandoning module MeshUtilities (182)
[2018.11.30-02.02.27:580][696]LogModuleManager: Shutting down and abandoning module MeshMergeUtilities (181)
[2018.11.30-02.02.27:580][696]LogModuleManager: Shutting down and abandoning module MeshReductionInterface (180)
[2018.11.30-02.02.27:580][696]LogModuleManager: Shutting down and abandoning module SimplygonSwarm (179)
[2018.11.30-02.02.27:581][696]LogModuleManager: Shutting down and abandoning module ProxyLODMeshReduction (177)
[2018.11.30-02.02.27:581][696]LogModuleManager: Shutting down and abandoning module SimplygonMeshReduction (175)
[2018.11.30-02.02.27:581][696]LogModuleManager: Shutting down and abandoning module QuadricMeshReduction (173)
[2018.11.30-02.02.27:582][696]LogModuleManager: Shutting down and abandoning module MaterialBaking (169)
[2018.11.30-02.02.27:582][696]LogModuleManager: Shutting down and abandoning module DirectoryWatcher (165)
[2018.11.30-02.02.27:582][696]LogModuleManager: Shutting down and abandoning module DerivedDataCache (162)
[2018.11.30-02.02.27:588][696]LogDerivedDataCache: Shutdown
[2018.11.30-02.02.27:588][696]LogModuleManager: Shutting down and abandoning module XGEController (160)
[2018.11.30-02.02.27:588][696]LogModuleManager: Shutting down and abandoning module TargetPlatform (158)
[2018.11.30-02.02.27:588][696]LogModuleManager: Shutting down and abandoning module VulkanShaderFormat (157)
[2018.11.30-02.02.27:589][696]LogModuleManager: Shutting down and abandoning module ShaderFormatVectorVM (155)
[2018.11.30-02.02.27:589][696]LogModuleManager: Shutting down and abandoning module ShaderFormatOpenGL (153)
[2018.11.30-02.02.27:589][696]LogModuleManager: Shutting down and abandoning module ShaderFormatD3D (151)
[2018.11.30-02.02.27:589][696]LogModuleManager: Shutting down and abandoning module MetalShaderFormat (149)
[2018.11.30-02.02.27:590][696]LogModuleManager: Shutting down and abandoning module TextureFormatUncompressed (147)
[2018.11.30-02.02.27:590][696]LogModuleManager: Shutting down and abandoning module TextureFormatPVR (145)
[2018.11.30-02.02.27:590][696]LogModuleManager: Shutting down and abandoning module TextureFormatDXT (143)
[2018.11.30-02.02.27:590][696]LogModuleManager: Shutting down and abandoning module TextureFormatIntelISPCTexComp (141)
[2018.11.30-02.02.27:590][696]LogModuleManager: Shutting down and abandoning module TextureFormatASTC (139)
[2018.11.30-02.02.27:590][696]LogModuleManager: Shutting down and abandoning module ImageWrapper (138)
[2018.11.30-02.02.27:590][696]LogModuleManager: Shutting down and abandoning module TextureFormatAndroid (135)
[2018.11.30-02.02.27:591][696]LogModuleManager: Shutting down and abandoning module AudioFormatOpus (133)
[2018.11.30-02.02.27:591][696]LogModuleManager: Shutting down and abandoning module AudioFormatOgg (131)
[2018.11.30-02.02.27:591][696]LogModuleManager: Shutting down and abandoning module AudioFormatADPCM (129)
[2018.11.30-02.02.27:591][696]LogModuleManager: Shutting down and abandoning module LuminTargetPlatform (127)
[2018.11.30-02.02.27:591][696]LogModuleManager: Shutting down and abandoning module LinuxTargetPlatform (125)
[2018.11.30-02.02.27:591][696]LogModuleManager: Shutting down and abandoning module LinuxServerTargetPlatform (123)
[2018.11.30-02.02.27:591][696]LogModuleManager: Shutting down and abandoning module LinuxNoEditorTargetPlatform (121)
[2018.11.30-02.02.27:591][696]LogModuleManager: Shutting down and abandoning module LinuxClientTargetPlatform (119)
[2018.11.30-02.02.27:591][696]LogModuleManager: Shutting down and abandoning module TVOSTargetPlatform (117)
[2018.11.30-02.02.27:593][696]LogModuleManager: Shutting down and abandoning module Messaging (115)
[2018.11.30-02.02.27:593][696]LogModuleManager: Shutting down and abandoning module IOSTargetPlatform (113)
[2018.11.30-02.02.27:594][696]LogModuleManager: Shutting down and abandoning module HTML5TargetPlatform (111)
[2018.11.30-02.02.27:594][696]LogModuleManager: Shutting down and abandoning module AndroidTargetPlatform (109)
[2018.11.30-02.02.27:605][696]LogModuleManager: Shutting down and abandoning module WindowsTargetPlatform (107)
[2018.11.30-02.02.27:605][696]LogModuleManager: Shutting down and abandoning module WindowsServerTargetPlatform (105)
[2018.11.30-02.02.27:605][696]LogModuleManager: Shutting down and abandoning module WindowsNoEditorTargetPlatform (103)
[2018.11.30-02.02.27:605][696]LogModuleManager: Shutting down and abandoning module WindowsClientTargetPlatform (101)
[2018.11.30-02.02.27:605][696]LogModuleManager: Shutting down and abandoning module MacTargetPlatform (99)
[2018.11.30-02.02.27:605][696]LogModuleManager: Shutting down and abandoning module MacServerTargetPlatform (97)
[2018.11.30-02.02.27:605][696]LogModuleManager: Shutting down and abandoning module MacNoEditorTargetPlatform (95)
[2018.11.30-02.02.27:605][696]LogModuleManager: Shutting down and abandoning module MacClientTargetPlatform (93)
[2018.11.30-02.02.27:605][696]LogModuleManager: Shutting down and abandoning module AllDesktopTargetPlatform (91)
[2018.11.30-02.02.27:605][696]LogModuleManager: Shutting down and abandoning module InputCore (88)
[2018.11.30-02.02.27:605][696]LogModuleManager: Shutting down and abandoning module Settings (86)
[2018.11.30-02.02.27:605][696]LogModuleManager: Shutting down and abandoning module PhysXCooking (84)
[2018.11.30-02.02.27:605][696]LogModuleManager: Shutting down and abandoning module SteamVR (82)
[2018.11.30-02.02.27:605][696]LogModuleManager: Shutting down and abandoning module OculusHMD (80)
[2018.11.30-02.02.27:606][696]LogModuleManager: Shutting down and abandoning module ExampleDeviceProfileSelector (78)
[2018.11.30-02.02.27:606][696]LogModuleManager: Shutting down and abandoning module LauncherChunkInstaller (76)
[2018.11.30-02.02.27:606][696]LogModuleManager: Shutting down and abandoning module OnlineBlueprintSupport (74)
[2018.11.30-02.02.27:606][696]LogModuleManager: Shutting down and abandoning module OnlineSubsystem (70)
[2018.11.30-02.02.27:608][696]LogModuleManager: Shutting down and abandoning module XMPP (65)
[2018.11.30-02.02.27:609][696]LogModuleManager: Shutting down and abandoning module WebSockets (64)
[2018.11.30-02.02.27:626][696]LogModuleManager: Shutting down and abandoning module HTTP (61)
[2018.11.30-02.02.27:627][696]LogHttp: Display: Http module shutting down, but needs to wait on 1 outstanding Http requests:
[2018.11.30-02.02.27:627][696]LogHttp: Display: 	verb=[POST] url=[https://datarouter.ol.epicgames.com/datarouter/api/v1/public/data?SessionID=%7B2DD4A44F-4577-BD48-1432-B6B9BDA40AD8%7D&AppID=UEEditor.Rocket.Release&AppVersion=4.20.3-4369336%2B%2B%2BUE4%2BRelease-4.20&UserID=dac40d244fe305c659a6a1b492f07415%7Cfa194064d9254c46ad5c9b279637ef1d%7C9d8ab9f4-c073-4548-a278-49847fd1e972&AppEnvironment=datacollector-binary&UploadType=eteventstream] status=Processing
[2018.11.30-02.02.27:661][696]LogModuleManager: Shutting down and abandoning module SSL (60)
[2018.11.30-02.02.27:664][696]LogModuleManager: Shutting down and abandoning module MagicLeapEmulator (56)
[2018.11.30-02.02.27:664][696]LogModuleManager: Shutting down and abandoning module MagicLeapPrivileges (54)
[2018.11.30-02.02.27:664][696]LogModuleManager: Shutting down and abandoning module MagicLeapIdentity (52)
[2018.11.30-02.02.27:664][696]LogModuleManager: Shutting down and abandoning module MagicLeapHelperVulkan (50)
[2018.11.30-02.02.27:664][696]LogModuleManager: Shutting down and abandoning module MagicLeapHelperOpenGL (48)
[2018.11.30-02.02.27:664][696]LogModuleManager: Shutting down and abandoning module MagicLeapSecureStorage (46)
[2018.11.30-02.02.27:664][696]LogModuleManager: Shutting down and abandoning module MagicLeapGestures (44)
[2018.11.30-02.02.27:664][696]LogModuleManager: Shutting down and abandoning module MagicLeapEyeTracker (42)
[2018.11.30-02.02.27:665][696]LogModuleManager: Shutting down and abandoning module MagicLeapController (40)
[2018.11.30-02.02.27:665][696]LogSlate: Slate User Destroyed.  User Index 0, Is Virtual User: 0
[2018.11.30-02.02.27:665][696]LogModuleManager: Shutting down and abandoning module MagicLeap (38)
[2018.11.30-02.02.27:665][696]LogModuleManager: Shutting down and abandoning module AnimationModifiers (36)
[2018.11.30-02.02.27:666][696]LogModuleManager: Shutting down and abandoning module PropertyEditor (35)
[2018.11.30-02.02.27:666][696]LogModuleManager: Shutting down and abandoning module AudioEditor (32)
[2018.11.30-02.02.27:666][696]LogModuleManager: Shutting down and abandoning module TextureCompressor (30)
[2018.11.30-02.02.27:666][696]LogModuleManager: Shutting down and abandoning module ShaderCore (28)
[2018.11.30-02.02.27:666][696]LogModuleManager: Shutting down and abandoning module Landscape (26)
[2018.11.30-02.02.27:666][696]LogModuleManager: Shutting down and abandoning module SlateRHIRenderer (24)
[2018.11.30-02.02.27:669][696]LogModuleManager: Shutting down and abandoning module OpenGLDrv (22)
[2018.11.30-02.02.27:669][696]LogModuleManager: Shutting down and abandoning module D3D11RHI (20)
[2018.11.30-02.02.27:669][696]LogModuleManager: Shutting down and abandoning module AnimGraphRuntime (18)
[2018.11.30-02.02.27:669][696]LogModuleManager: Shutting down and abandoning module Renderer (16)
[2018.11.30-02.02.27:669][696]LogModuleManager: Shutting down and abandoning module Engine (14)
[2018.11.30-02.02.27:670][696]LogModuleManager: Shutting down and abandoning module CoreUObject (12)
[2018.11.30-02.02.27:670][696]LogModuleManager: Shutting down and abandoning module NetworkFile (10)
[2018.11.30-02.02.27:670][696]LogModuleManager: Shutting down and abandoning module CookedIterativeFile (8)
[2018.11.30-02.02.27:670][696]LogModuleManager: Shutting down and abandoning module StreamingFile (6)
[2018.11.30-02.02.27:670][696]LogModuleManager: Shutting down and abandoning module SandboxFile (4)
[2018.11.30-02.02.27:670][696]LogModuleManager: Shutting down and abandoning module PakFile (2)
[2018.11.30-02.02.27:686][696]LogExit: Exiting.
[2018.11.30-02.02.27:728][696]Log file closed, 11/30/18 10:02:27
