Log file open, 11/29/18 17:05:57
LogWindows: Failed to load 'aqProf.dll' (GetLastError=126)
LogWindows: File 'aqProf.dll' does not exist
LogWindows: Failed to load 'VSPerf140.dll' (GetLastError=126)
LogWindows: File 'VSPerf140.dll' does not exist
LogWindows: Failed to load 'VtuneApi.dll' (GetLastError=126)
LogWindows: File 'VtuneApi.dll' does not exist
LogWindows: Failed to load 'VtuneApi32e.dll' (GetLastError=126)
LogWindows: File 'VtuneApi32e.dll' does not exist
LogInit: Display: Running engine for game: 我的项目2
LogPlatformFile: Not using cached read wrapper
LogTaskGraph: Started task graph with 5 named threads and 23 total threads with 3 sets of task threads.
LogStats: Stats thread started at 0.788451
LogD3D11RHI: Loaded GFSDK_Aftermath_Lib.x64.dll
LogICUInternationalization: Display: ICU TimeZone Detection - Raw Offset: +8:00, Platform Override: ''
LogPluginManager: Mounting plugin Paper2D
LogPluginManager: Mounting plugin AISupport
LogPluginManager: Mounting plugin LightPropagationVolume
LogPluginManager: Mounting plugin CLionSourceCodeAccess
LogPluginManager: Mounting plugin CodeLiteSourceCodeAccess
LogPluginManager: Mounting plugin GitSourceControl
LogPluginManager: Mounting plugin KDevelopSourceCodeAccess
LogPluginManager: Mounting plugin NullSourceCodeAccess
LogPluginManager: Mounting plugin PerforceSourceControl
LogPluginManager: Mounting plugin SubversionSourceControl
LogPluginManager: Mounting plugin UObjectPlugin
LogPluginManager: Mounting plugin VisualStudioCodeSourceCodeAccess
LogPluginManager: Mounting plugin VisualStudioSourceCodeAccess
LogPluginManager: Mounting plugin XCodeSourceCodeAccess
LogPluginManager: Mounting plugin AssetManagerEditor
LogPluginManager: Mounting plugin CryptoKeys
LogPluginManager: Mounting plugin DataValidation
LogPluginManager: Mounting plugin FacialAnimation
LogPluginManager: Mounting plugin GameplayTagsEditor
LogPluginManager: Mounting plugin MacGraphicsSwitching
LogPluginManager: Mounting plugin MeshEditor
LogPluginManager: Mounting plugin MobileLauncherProfileWizard
LogPluginManager: Mounting plugin PluginBrowser
LogPluginManager: Mounting plugin SpeedTreeImporter
LogPluginManager: Mounting plugin DatasmithContent
LogPluginManager: Mounting plugin AlembicImporter
LogPluginManager: Mounting plugin AppleImageUtils
LogPluginManager: Mounting plugin AppleVision
LogPluginManager: Mounting plugin BackChannel
LogPluginManager: Mounting plugin CharacterAI
LogPluginManager: Mounting plugin GeometryCache
LogPluginManager: Mounting plugin HTML5Networking
LogPluginManager: Mounting plugin ProxyLODPlugin
LogPluginManager: Mounting plugin MagicLeap
LogPluginManager: Mounting plugin MagicLeapEmulator
LogPluginManager: Mounting plugin MagicLeapMedia
LogPluginManager: Mounting plugin AndroidMedia
LogPluginManager: Mounting plugin AvfMedia
LogPluginManager: Mounting plugin ImgMedia
LogPluginManager: Mounting plugin LinearTimecode
LogPluginManager: Mounting plugin MediaCompositing
LogPluginManager: Mounting plugin MediaPlayerEditor
LogPluginManager: Mounting plugin WmfMedia
LogPluginManager: Mounting plugin TcpMessaging
LogPluginManager: Mounting plugin UdpMessaging
LogPluginManager: Mounting plugin ActorSequence
LogPluginManager: Mounting plugin LevelSequenceEditor
LogPluginManager: Mounting plugin MatineeToLevelSequence
LogPluginManager: Mounting plugin NetcodeUnitTest
LogPluginManager: Mounting plugin NUTUnrealEngine4
LogPluginManager: Mounting plugin OnlineSubsystemGooglePlay
LogPluginManager: Mounting plugin OnlineSubsystemIOS
LogPluginManager: Mounting plugin OnlineSubsystem
LogPluginManager: Mounting plugin OnlineSubsystemNull
LogPluginManager: Mounting plugin OnlineSubsystemUtils
LogPluginManager: Mounting plugin LauncherChunkInstaller
LogPluginManager: Mounting plugin AndroidDeviceProfileSelector
LogPluginManager: Mounting plugin AndroidMoviePlayer
LogPluginManager: Mounting plugin AndroidPermission
LogPluginManager: Mounting plugin AppleMoviePlayer
LogPluginManager: Mounting plugin ArchVisCharacter
LogPluginManager: Mounting plugin AudioCapture
LogPluginManager: Mounting plugin CableComponent
LogPluginManager: Mounting plugin CustomMeshComponent
LogPluginManager: Mounting plugin EditableMesh
LogPluginManager: Mounting plugin ExampleDeviceProfileSelector
LogPluginManager: Mounting plugin GoogleCloudMessaging
LogPluginManager: Mounting plugin ImmediatePhysics
LogPluginManager: Mounting plugin IOSDeviceProfileSelector
LogPluginManager: Mounting plugin LinuxDeviceProfileSelector
LogPluginManager: Mounting plugin LocationServicesBPLibrary
LogPluginManager: Mounting plugin MobilePatchingUtils
LogPluginManager: Mounting plugin OculusVR
LogPluginManager: Plugin shader directory ../../../Engine/Plugins/Runtime/Oculus/OculusVR/Shaders found
LogPluginManager: Mapping shader source directory ../../../Engine/Plugins/Runtime/Oculus/OculusVR/Shaders to virtual directory /Plugin/OculusVR
LogPluginManager: Mounting plugin PhysXVehicles
LogPluginManager: Mounting plugin ProceduralMeshComponent
LogPluginManager: Mounting plugin RuntimePhysXCooking
LogPluginManager: Mounting plugin SteamVR
LogPluginManager: Mounting plugin WindowsMoviePlayer
LogStreaming: Display: Took  0.612s to configure plugins.
LogInit: Using libcurl 7.55.1-DEV
LogInit:  - built for x86_64-pc-win32
LogInit:  - supports SSL with OpenSSL/1.0.2h
LogInit:  - supports HTTP deflate (compression) using libz 1.2.8
LogInit:  - other features:
LogInit:      CURL_VERSION_SSL
LogInit:      CURL_VERSION_LIBZ
LogInit:      CURL_VERSION_IPV6
LogInit:      CURL_VERSION_ASYNCHDNS
LogInit:      CURL_VERSION_LARGEFILE
LogInit:      CURL_VERSION_IDN
LogInit:  CurlRequestOptions (configurable via config and command line):
LogInit:  - bVerifyPeer = false  - Libcurl will NOT verify peer certificate
LogInit:  - bUseHttpProxy = false  - Libcurl will NOT use HTTP proxy
LogInit:  - bDontReuseConnections = false  - Libcurl will reuse connections
LogInit:  - CertBundlePath = nullptr  - Libcurl will use whatever was configured at build time.
LogInit:  - MaxHostConnections = 16  - Libcurl will limit the number of connections to a host
LogInit:  - LocalHostAddr = Default
LogInit:  - BufferSize = 65536
LogInit: WinSock: version 1.1 (2.2), MaxSocks=32767, MaxUdp=65467
LogInit: Build: ++UE4+Release-4.20-CL-4369336
LogInit: Engine Version: 4.20.3-4369336+++UE4+Release-4.20
LogInit: Compatible Engine Version: 4.20.0-4212847+++UE4+Release-4.20
LogInit: Net CL: 4212847
LogInit: OS: Windows 10 (), CPU: Intel(R) Core(TM) i7-6700HQ CPU @ 2.60GHz, GPU: NVIDIA GeForce GTX 1060
LogInit: Compiled (64-bit): Sep 17 2018 12:26:19
LogInit: Compiled with Visual C++: 19.13.26129.00
LogInit: Build Configuration: Development
LogInit: Branch Name: ++UE4+Release-4.20
LogInit: Command Line:  
LogInit: Base Directory: D:/Program Files/UE_4.20/Engine/Binaries/Win64/
LogInit: Installed Engine Build: 1
LogDevObjectVersion: Number of dev versions registered: 20
LogDevObjectVersion:   Dev-Blueprints (B0D832E4-1F89-4F0D-ACCF-7EB736FD4AA2): 10
LogDevObjectVersion:   Dev-Build (E1C64328-A22C-4D53-A36C-8E866417BD8C): 0
LogDevObjectVersion:   Dev-Core (375EC13C-06E4-48FB-B500-84F0262A717E): 2
LogDevObjectVersion:   Dev-Editor (E4B068ED-F494-42E9-A231-DA0B2E46BB41): 24
LogDevObjectVersion:   Dev-Framework (CFFC743F-43B0-4480-9391-14DF171D2073): 34
LogDevObjectVersion:   Dev-Mobile (B02B49B5-BB20-44E9-A304-32B752E40360): 2
LogDevObjectVersion:   Dev-Networking (A4E4105C-59A1-49B5-A7C5-40C4547EDFEE): 0
LogDevObjectVersion:   Dev-Online (39C831C9-5AE6-47DC-9A44-9C173E1C8E7C): 0
LogDevObjectVersion:   Dev-Physics (78F01B33-EBEA-4F98-B9B4-84EACCB95AA2): 0
LogDevObjectVersion:   Dev-Platform (6631380F-2D4D-43E0-8009-CF276956A95A): 0
LogDevObjectVersion:   Dev-Rendering (12F88B9F-8875-4AFC-A67C-D90C383ABD29): 26
LogDevObjectVersion:   Dev-Sequencer (7B5AE74C-D270-4C10-A958-57980B212A5A): 9
LogDevObjectVersion:   Dev-VR (D7296918-1DD6-4BDD-9DE2-64A83CC13884): 2
LogDevObjectVersion:   Dev-LoadTimes (C2A15278-BFE7-4AFE-6C17-90FF531DF755): 1
LogDevObjectVersion:   Private-Geometry (6EACA3D4-40EC-4CC1-B786-8BED09428FC5): 3
LogDevObjectVersion:   Dev-AnimPhys (29E575DD-E0A3-4627-9D10-D276232CDCEA): 17
LogDevObjectVersion:   Dev-ReflectionCapture (6B266CEC-1EC7-4B8F-A30B-E4D90942FC07): 1
LogDevObjectVersion:   Dev-Automation (0DF73D61-A23F-47EA-B727-89E90C41499A): 1
LogDevObjectVersion:   FortniteMain (601D1886-AC64-4F84-AA16-D3DE0DEAC7D6): 12
LogDevObjectVersion:   Dev-Enterprise (9DFFBCD6-494F-0158-E221-12823C92A888): 1
LogStreaming: Display: Took  0.010s to delete old logs.
LogInit: Presizing for max 8388607 objects, including 0 objects not considered by GC, pre-allocating 0 bytes for permanent pool.
LogInit: Object subsystem initialized
[2018.11.29-09.05.58:430][  0]LogInit: Selected Device Profile: [Windows]
[2018.11.29-09.05.58:430][  0]LogInit: Applying CVar settings loaded from the selected device profile: [Windows]
[2018.11.29-09.05.58:454][  0]LogHAL: Display: Platform has ~ 16 GB [17058086912 / 17179869184 / 16], which maps to Larger [LargestMinGB=32, LargerMinGB=12, DefaultMinGB=8, SmallerMinGB=6, SmallestMinGB=0)
[2018.11.29-09.05.58:454][  0]LogInit: Setting Device Profile CVar: [[r.Vulkan.UseRealUBs:1]]
[2018.11.29-09.05.58:454][  0]LogInit: Going up to parent DeviceProfile []
[2018.11.29-09.05.58:456][  0]LogInit: Computer: DESKTOP-47DQBJE
[2018.11.29-09.05.58:456][  0]LogInit: User: 86230
[2018.11.29-09.05.58:456][  0]LogInit: CPU Page size=4096, Cores=4
[2018.11.29-09.05.58:456][  0]LogInit: High frequency timer resolution =2.531246 MHz
[2018.11.29-09.05.58:456][  0]LogMemory: Memory total: Physical=15.9GB (16GB approx)
[2018.11.29-09.05.58:456][  0]LogMemory: Platform Memory Stats for Windows
[2018.11.29-09.05.58:456][  0]LogMemory: Process Physical Memory: 102.17 MB used, 102.17 MB peak
[2018.11.29-09.05.58:456][  0]LogMemory: Process Virtual Memory: 89.48 MB used, 89.48 MB peak
[2018.11.29-09.05.58:456][  0]LogMemory: Physical Memory: 4076.75 MB used,  12191.11 MB free, 16267.86 MB total
[2018.11.29-09.05.58:456][  0]LogMemory: Virtual Memory: 4643.49 MB used,  12191.11 MB free, 134217728.00 MB total
[2018.11.29-09.05.58:758][  0]LogInit: Using OS detected language (zh-CN).
[2018.11.29-09.05.58:758][  0]LogInit: Using OS detected locale (zh-CN).
[2018.11.29-09.05.59:357][  0]LogStreaming: Display: Took  0.599s to InitEngineTextLocalization.
[2018.11.29-09.05.59:358][  0]LogInit: Setting process to per monitor DPI aware
[2018.11.29-09.05.59:475][  0]LogSlate: New Slate User Created.  User Index 0, Is Virtual User: 0
[2018.11.29-09.05.59:475][  0]LogSlate: Slate User Registered.  User Index 0, Is Virtual User: 0
[2018.11.29-09.06.00:527][  0]LogHMD: Failed to initialize OpenVR with code 110
[2018.11.29-09.06.00:527][  0]LogD3D11RHI: D3D11 adapters:
[2018.11.29-09.06.00:639][  0]LogD3D11RHI:    0. 'NVIDIA GeForce GTX 1060' (Feature Level 11_0)
[2018.11.29-09.06.00:639][  0]LogD3D11RHI:       6052/0/8133 MB DedicatedVideo/DedicatedSystem/SharedSystem, Outputs:1, VendorId:0x10de
[2018.11.29-09.06.00:676][  0]LogD3D11RHI:    1. 'Intel(R) HD Graphics 530' (Feature Level 11_0)
[2018.11.29-09.06.00:676][  0]LogD3D11RHI:       128/0/8133 MB DedicatedVideo/DedicatedSystem/SharedSystem, Outputs:0, VendorId:0x8086
[2018.11.29-09.06.00:679][  0]LogD3D11RHI:    2. 'Microsoft Basic Render Driver' (Feature Level 11_0)
[2018.11.29-09.06.00:679][  0]LogD3D11RHI:       0/0/8133 MB DedicatedVideo/DedicatedSystem/SharedSystem, Outputs:0, VendorId:0x1414
[2018.11.29-09.06.00:679][  0]LogD3D11RHI: Chosen D3D11 Adapter: 0
[2018.11.29-09.06.00:695][  0]LogD3D11RHI: Creating new Direct3DDevice
[2018.11.29-09.06.00:695][  0]LogD3D11RHI:     GPU DeviceId: 0x1c20 (for the marketing name, search the web for "GPU Device Id")
[2018.11.29-09.06.00:695][  0]LogWindows: EnumDisplayDevices:
[2018.11.29-09.06.00:695][  0]LogWindows:    0. 'Intel(R) HD Graphics 530' (P:0 D:0)
[2018.11.29-09.06.00:697][  0]LogWindows:    1. 'Intel(R) HD Graphics 530' (P:0 D:0)
[2018.11.29-09.06.00:700][  0]LogWindows:    2. 'Intel(R) HD Graphics 530' (P:0 D:0)
[2018.11.29-09.06.00:701][  0]LogWindows:    3. 'NVIDIA GeForce GTX 1060' (P:1 D:1)
[2018.11.29-09.06.00:704][  0]LogWindows:    4. 'NVIDIA GeForce GTX 1060' (P:0 D:0)
[2018.11.29-09.06.00:706][  0]LogWindows:    5. 'NVIDIA GeForce GTX 1060' (P:0 D:0)
[2018.11.29-09.06.00:708][  0]LogWindows:    6. 'NVIDIA GeForce GTX 1060' (P:0 D:0)
[2018.11.29-09.06.00:710][  0]LogWindows: DebugString: PrimaryIsNotTheChoosenAdapter PrimaryIsNotTheChoosenAdapter PrimaryIsNotTheChoosenAdapter FoundDriverCount:4 
[2018.11.29-09.06.00:710][  0]LogD3D11RHI:     Adapter Name: NVIDIA GeForce GTX 1060
[2018.11.29-09.06.00:710][  0]LogD3D11RHI:   Driver Version: 416.34 (internal:25.21.14.1634, unified:416.34)
[2018.11.29-09.06.00:710][  0]LogD3D11RHI:      Driver Date: 10-10-2018
[2018.11.29-09.06.00:710][  0]LogRHI: Texture pool is 4236 MB (70% of 6052 MB)
[2018.11.29-09.06.00:799][  0]LogD3D11RHI: Async texture creation enabled
[2018.11.29-09.06.00:842][  0]LogD3D11RHI: GPU Timing Frequency: 1000.000000 (Debug: 2 2)
[2018.11.29-09.06.00:902][  0]LogShaderCompilers: Guid format shader working directory is -3 characters bigger than the processId version (C:/Users/86230/Documents/Unreal Projects/我的项目2/-2/Intermediate/Shaders/WorkingDirectory/3972/).
[2018.11.29-09.06.00:902][  0]LogShaderCompilers: Cleaned the shader compiler working directory 'C:/Users/86230/AppData/Local/Temp/UnrealShaderWorkingDir/193023A34355BD40EEC14E9427313FD4/'.
[2018.11.29-09.06.01:921][  0]LogTemp: Display: Loaded TP AllDesktopTargetPlatform
[2018.11.29-09.06.01:946][  0]LogTemp: Display: Loaded TP MacClientTargetPlatform
[2018.11.29-09.06.01:968][  0]LogTemp: Display: Loaded TP MacNoEditorTargetPlatform
[2018.11.29-09.06.01:990][  0]LogTemp: Display: Loaded TP MacServerTargetPlatform
[2018.11.29-09.06.02:017][  0]LogTemp: Display: Loaded TP MacTargetPlatform
[2018.11.29-09.06.02:052][  0]LogTemp: Display: Loaded TP WindowsClientTargetPlatform
[2018.11.29-09.06.02:074][  0]LogTemp: Display: Loaded TP WindowsNoEditorTargetPlatform
[2018.11.29-09.06.02:102][  0]LogTemp: Display: Loaded TP WindowsServerTargetPlatform
[2018.11.29-09.06.02:114][  0]LogTemp: Display: Loaded TP WindowsTargetPlatform
[2018.11.29-09.06.02:244][  0]LogTemp: Display: Loaded TP AndroidTargetPlatform
[2018.11.29-09.06.02:244][  0]LogTemp: Display: Loaded TP AndroidTargetPlatform
[2018.11.29-09.06.02:244][  0]LogTemp: Display: Loaded TP AndroidTargetPlatform
[2018.11.29-09.06.02:244][  0]LogTemp: Display: Loaded TP AndroidTargetPlatform
[2018.11.29-09.06.02:244][  0]LogTemp: Display: Loaded TP AndroidTargetPlatform
[2018.11.29-09.06.02:244][  0]LogTemp: Display: Loaded TP AndroidTargetPlatform
[2018.11.29-09.06.02:244][  0]LogTemp: Display: Loaded TP AndroidTargetPlatform
[2018.11.29-09.06.02:244][  0]LogTemp: Display: Loaded TP AndroidTargetPlatform
[2018.11.29-09.06.02:244][  0]LogTemp: Display: Loaded TP AndroidTargetPlatform
[2018.11.29-09.06.02:244][  0]LogTemp: Display: Loaded TP AndroidTargetPlatform
[2018.11.29-09.06.02:244][  0]LogTemp: Display: Loaded TP AndroidTargetPlatform
[2018.11.29-09.06.02:244][  0]LogTemp: Display: Loaded TP AndroidTargetPlatform
[2018.11.29-09.06.02:244][  0]LogTemp: Display: Loaded TP AndroidTargetPlatform
[2018.11.29-09.06.02:244][  0]LogTemp: Display: Loaded TP AndroidTargetPlatform
[2018.11.29-09.06.02:244][  0]LogTemp: Display: Loaded TP AndroidTargetPlatform
[2018.11.29-09.06.02:244][  0]LogTemp: Display: Loaded TP AndroidTargetPlatform
[2018.11.29-09.06.02:244][  0]LogTemp: Display: Loaded TP AndroidTargetPlatform
[2018.11.29-09.06.02:244][  0]LogTemp: Display: Loaded TP AndroidTargetPlatform
[2018.11.29-09.06.02:253][  0]LogTemp: Display: Loaded TP HTML5TargetPlatform
[2018.11.29-09.06.02:343][  0]LogTemp: Display: Loaded TP IOSTargetPlatform
[2018.11.29-09.06.02:343][  0]LogTemp: Display: Loaded TP IOSTargetPlatform
[2018.11.29-09.06.02:382][  0]LogTemp: Display: Loaded TP TVOSTargetPlatform
[2018.11.29-09.06.02:383][  0]LogTemp: Display: Loaded TP TVOSTargetPlatform
[2018.11.29-09.06.02:408][  0]LogTemp: Display: Loaded TP LinuxClientTargetPlatform
[2018.11.29-09.06.02:435][  0]LogTemp: Display: Loaded TP LinuxNoEditorTargetPlatform
[2018.11.29-09.06.02:461][  0]LogTemp: Display: Loaded TP LinuxServerTargetPlatform
[2018.11.29-09.06.02:492][  0]LogTemp: Display: Loaded TP LinuxTargetPlatform
[2018.11.29-09.06.02:510][  0]LogTemp: Display: Loaded TP LuminTargetPlatform
[2018.11.29-09.06.02:510][  0]LogTargetPlatformManager: Display: Building Assets For Windows
[2018.11.29-09.06.02:787][  0]LogXGEController: Cleaning working directory: C:/Users/86230/AppData/Local/Temp/UnrealXGEWorkingDir/
[2018.11.29-09.06.02:788][  0]LogXGEController: Cannot use XGE Controller as Incredibuild is not installed on this machine.
[2018.11.29-09.06.02:788][  0]LogShaderCompilers: Cannot use XGE Shader Compiler as Incredibuild is not installed on this machine.
[2018.11.29-09.06.02:788][  0]LogShaderCompilers: Display: Using Local Shader Compiler.
[2018.11.29-09.06.04:124][  0]LogDerivedDataCache: Display: Max Cache Size: 512 MB
[2018.11.29-09.06.04:806][  0]LogDerivedDataCache: Loaded boot cache 0.68s 71MB C:/Users/86230/AppData/Local/UnrealEngine/4.20/DerivedDataCache/Boot.ddc.
[2018.11.29-09.06.04:806][  0]LogDerivedDataCache: Display: Loaded Boot cache: C:/Users/86230/AppData/Local/UnrealEngine/4.20/DerivedDataCache/Boot.ddc
[2018.11.29-09.06.04:807][  0]LogDerivedDataCache: FDerivedDataBackendGraph:  Pak pak cache file C:/Users/86230/Documents/Unreal Projects/我的项目2/-2/DerivedDataCache/DDC.ddp not found, will not use a pak cache.
[2018.11.29-09.06.04:807][  0]LogDerivedDataCache: Unable to find inner node Pak for hierarchical cache Hierarchy.
[2018.11.29-09.06.04:807][  0]LogDerivedDataCache: FDerivedDataBackendGraph:  CompressedPak pak cache file C:/Users/86230/Documents/Unreal Projects/我的项目2/-2/DerivedDataCache/Compressed.ddp not found, will not use a pak cache.
[2018.11.29-09.06.04:807][  0]LogDerivedDataCache: Unable to find inner node CompressedPak for hierarchical cache Hierarchy.
[2018.11.29-09.06.04:833][  0]LogDerivedDataCache: Display: Pak cache opened for reading ../../../Engine/DerivedDataCache/Compressed.ddp.
[2018.11.29-09.06.04:849][  0]LogDerivedDataCache: Using Local data cache path C:/Users/86230/AppData/Local/UnrealEngine/Common/DerivedDataCache: Writable
[2018.11.29-09.06.04:849][  0]LogDerivedDataCache: Shared data cache path not found in *engine.ini, will not use an Shared cache.
[2018.11.29-09.06.04:849][  0]LogDerivedDataCache: Unable to find inner node Shared for hierarchical cache Hierarchy.
[2018.11.29-09.06.04:877][  0]LogMaterial: Verifying Global Shaders for PCD3D_SM5
[2018.11.29-09.06.04:880][  0]LogSlate: Using FreeType 2.6.0
[2018.11.29-09.06.04:887][  0]LogSlate: SlateFontServices - WITH_FREETYPE: 1, WITH_HARFBUZZ: 1
[2018.11.29-09.06.05:199][  0]LogAssetRegistry: FAssetRegistry took 0.0287 seconds to start up
[2018.11.29-09.06.05:800][  0]LogInit: Selected Device Profile: [Windows]
[2018.11.29-09.06.06:159][  0]LogSimplygon: Simplygon DLL not present - disabling.
[2018.11.29-09.06.06:208][  0]LogMeshReduction: Using SimplygonSwarm for distributed automatic mesh merging
[2018.11.29-09.06.06:210][  0]LogMeshReduction: Using ProxyLODMeshReduction for automatic mesh merging
[2018.11.29-09.06.06:211][  0]LogMeshReduction: Using QuadricMeshReduction for automatic static mesh reduction
[2018.11.29-09.06.06:211][  0]LogMeshReduction: No automatic skeletal mesh reduction module available
[2018.11.29-09.06.06:268][  0]LogNetVersion: 我的项目2 1.0.0, NetCL: 4212847, EngineNetVer: 5, GameNetVer: 0 (Checksum: 1753104541)
[2018.11.29-09.06.07:943][  0]LogPackageLocalizationCache: Processed 11 localized package path(s) for 4 prioritized culture(s) in 0.685446 seconds
[2018.11.29-09.06.07:952][  0]LogUObjectArray: 38425 objects as part of root set at end of initial load.
[2018.11.29-09.06.07:952][  0]LogUObjectAllocator: 6690864 out of 0 bytes used by permanent object pool.
[2018.11.29-09.06.07:952][  0]LogUObjectArray: CloseDisregardForGC: 0/0 objects in disregard for GC pool
[2018.11.29-09.06.12:083][  0]LogTcpMessaging: Initializing TcpMessaging bridge
[2018.11.29-09.06.12:108][  0]LogUdpMessaging: Initializing bridge on interface 0.0.0.0:0 to multicast group 230.0.0.1:6666.
[2018.11.29-09.06.12:573][  0]SourceControl: 源码管理已禁用
[2018.11.29-09.06.14:804][  0]LogAndroidPermission: UAndroidPermissionCallbackProxy::GetInstance
[2018.11.29-09.06.15:231][  0]LogOcInput: OculusInput pre-init called
[2018.11.29-09.06.15:385][  0]LogEngine: Initializing Engine...
[2018.11.29-09.06.15:393][  0]LogHMD: Failed to initialize OpenVR with code 110
[2018.11.29-09.06.15:400][  0]LogStats: UGameplayTagsManager::ConstructGameplayTagTree: ImportINI prefixes -  0.001 s
[2018.11.29-09.06.15:400][  0]LogStats: UGameplayTagsManager::ConstructGameplayTagTree: Construct from data asset -  0.000 s
[2018.11.29-09.06.15:400][  0]LogStats: UGameplayTagsManager::ConstructGameplayTagTree: ImportINI -  0.000 s
[2018.11.29-09.06.15:401][  0]LogStats: UGameplayTagsManager::ConstructGameplayTagTree: GameplayTagTreeChangedEvent.Broadcast -  0.000 s
[2018.11.29-09.06.15:751][  0]LogInit: Initializing FReadOnlyCVARCache
[2018.11.29-09.06.15:819][  0]LogAIModule: Creating AISystem for world Untitled
[2018.11.29-09.06.15:986][  0]LogInit: XAudio2 using 'Realtek HD Audio 2nd output (Realtek High Definition Audio)' : 2 channels at 48 kHz using 32 bits per sample (channel mask 0x3)
[2018.11.29-09.06.16:138][  0]LogInit: FAudioDevice initialized.
[2018.11.29-09.06.16:138][  0]LogNetVersion: Set ProjectVersion to 1.0.0.0. Version Checksum will be recalculated on next use.
[2018.11.29-09.06.16:447][  0]LogDerivedDataCache: Saved boot cache 0.31s 71MB C:/Users/86230/AppData/Local/UnrealEngine/4.20/DerivedDataCache/Boot.ddc.
[2018.11.29-09.06.16:448][  0]LogInit: Texture streaming: Enabled
[2018.11.29-09.06.16:505][  0]LogEngineSessionManager: EngineSessionManager initialized
[2018.11.29-09.06.16:555][  0]LogInit: Transaction tracking system initialized
[2018.11.29-09.06.16:679][  0]BlueprintLog: New page: 编辑器加载
[2018.11.29-09.06.17:085][  0]LocalizationService: 本地化服务已禁用
[2018.11.29-09.06.17:840][  0]LogCook: Display: Max memory allowance for cook 16384mb min free memory 0mb
[2018.11.29-09.06.17:840][  0]LogCook: Display: Mobile HDR setting 1
[2018.11.29-09.06.17:844][  0]LogGameplayTags: Display: UGameplayTagsManager::DoneAddingNativeTags. DelegateIsBound: 0
[2018.11.29-09.06.17:844][  0]LogStats: UGameplayTagsManager::ConstructGameplayTagTree: ImportINI prefixes -  0.000 s
[2018.11.29-09.06.17:844][  0]LogStats: UGameplayTagsManager::ConstructGameplayTagTree: Construct from data asset -  0.000 s
[2018.11.29-09.06.17:845][  0]LogStats: UGameplayTagsManager::ConstructGameplayTagTree: ImportINI -  0.001 s
[2018.11.29-09.06.17:845][  0]LogStats: UGameplayTagsManager::ConstructGameplayTagTree: GameplayTagTreeChangedEvent.Broadcast -  0.000 s
[2018.11.29-09.06.18:464][  0]LogFileCache: Scanning file cache for directory 'C:/Users/86230/Documents/Unreal Projects/我的项目2/-2/Content/' took 0.03s
[2018.11.29-09.06.18:464][  0]Cmd: MAP LOAD FILE="C:/Users/86230/Documents/Unreal Projects/我的项目2/-2/Content/TopDownBP/Maps/TopDownExampleMap.umap" TEMPLATE=0 SHOWPROGRESS=1 FEATURELEVEL=3
[2018.11.29-09.06.18:465][  0]LightingResults: New page: 光照构建
[2018.11.29-09.06.18:479][  0]MapCheck: New page: 地图检测
[2018.11.29-09.06.18:479][  0]LightingResults: New page: 光照构建
[2018.11.29-09.06.22:511][  0]LogAIModule: Creating AISystem for world TopDownExampleMap
[2018.11.29-09.06.22:580][  0]LogEditorServer: Finished looking for orphan Actors (0.000 secs)
[2018.11.29-09.06.22:623][  0]Cmd: MAP CHECKDEP NOCLEARLOG
[2018.11.29-09.06.22:864][  0]MapCheck: 地图检测完成：0个错误，0 个警告，用时240.817毫秒完成。
[2018.11.29-09.06.22:865][  0]LogFileHelpers: Loading map 'TopDownExampleMap' took 4.401
[2018.11.29-09.06.23:252][  0]LogSlate: Updating window title bar state: overlay mode, drag disabled, window buttons hidden, title bar hidden
[2018.11.29-09.06.23:264][  0]LogSlate: Updating window title bar state: overlay mode, drag disabled, window buttons hidden, title bar hidden
[2018.11.29-09.06.23:276][  0]LogSlate: Updating window title bar state: overlay mode, drag disabled, window buttons hidden, title bar hidden
[2018.11.29-09.06.23:288][  0]LogSlate: Updating window title bar state: overlay mode, drag disabled, window buttons hidden, title bar hidden
[2018.11.29-09.06.23:598][  0]LogCollectionManager: Loaded 0 collections in 0.002859 seconds
[2018.11.29-09.06.23:703][  0]LogFileCache: Scanning file cache for directory 'C:/Users/86230/Documents/Unreal Projects/我的项目2/-2/Saved/Collections/' took 0.01s
[2018.11.29-09.06.23:703][  0]LogFileCache: Scanning file cache for directory 'C:/Users/86230/Documents/Unreal Projects/我的项目2/-2/Content/Developers/86230/Collections/' took 0.01s
[2018.11.29-09.06.23:703][  0]LogFileCache: Scanning file cache for directory 'C:/Users/86230/Documents/Unreal Projects/我的项目2/-2/Content/Collections/' took 0.01s
[2018.11.29-09.06.23:703][  0]LogCollectionManager: Rebuilt the GUID cache for 0 collections in 0.000001 seconds
[2018.11.29-09.06.23:726][  0]LogContentBrowser: Native class hierarchy populated in 0.0211 seconds. Added 2573 classes and 605 folders.
[2018.11.29-09.06.23:752][  0]LogContentBrowser: Native class hierarchy updated for 'WidgetCarousel' in 0.0004 seconds. Added 0 classes and 0 folders.
[2018.11.29-09.06.24:123][  0]LogContentBrowser: Native class hierarchy updated for 'AddContentDialog' in 0.0005 seconds. Added 0 classes and 0 folders.
[2018.11.29-09.06.24:143][  0]LogSlate: Took 0.002020 seconds to synchronously load lazily loaded font '../../../Engine/Content/Slate/Fonts/Roboto-Regular.ttf' (155K)
[2018.11.29-09.06.24:174][  0]LogSlate: Took 0.030993 seconds to synchronously load lazily loaded font '../../../Engine/Content/Slate/Fonts/DroidSansFallback.ttf' (3848K)
[2018.11.29-09.06.24:182][  0]LogSlate: Took 0.005666 seconds to synchronously load lazily loaded font '../../../Engine/Content/Slate/Fonts/Roboto-Bold.ttf' (160K)
[2018.11.29-09.06.24:191][  0]LogSlate: Took 0.004591 seconds to synchronously load lazily loaded font '../../../Engine/Content/Editor/Slate/Fonts/FontAwesome.ttf' (139K)
[2018.11.29-09.06.24:359][  0]LogRenderer: Reallocating scene render targets to support 1308x644 Format 10 NumSamples 1 (Frame:1).
[2018.11.29-09.06.24:606][  0]LogContentBrowser: Native class hierarchy updated for 'HierarchicalLODOutliner' in 0.0004 seconds. Added 0 classes and 0 folders.
[2018.11.29-09.06.24:606][  0]LogLoad: (Engine Initialization) Total time: 34.94 seconds
[2018.11.29-09.06.24:606][  0]LogLoad: (Engine Initialization) Total Blueprint compile time: 0.00 seconds
[2018.11.29-09.06.24:707][  0]LogWindowsTextInputMethodSystem: Display: IME system now activated using TSF (中文 - QQ拼音输入法).
[2018.11.29-09.06.24:748][  0]LogContentStreaming: Texture pool size now 1000 MB
[2018.11.29-09.06.24:797][  0]LogSlate: Took 0.001776 seconds to synchronously load lazily loaded font '../../../Engine/Content/Slate/Fonts/Roboto-Light.ttf' (167K)
[2018.11.29-09.06.25:049][  2]LogAssetRegistry: Asset discovery search completed in 19.8726 seconds
[2018.11.29-09.06.25:051][  2]LogCollectionManager: Rebuilt the object cache for 0 collections in 0.000000 seconds (found 0 objects)
[2018.11.29-09.06.25:051][  2]LogCollectionManager: Fixed up redirectors for 0 collections in 0.000080 seconds (updated 0 objects)
[2018.11.29-09.06.25:674][ 37]LogSlate: Took 0.000243 seconds to synchronously load lazily loaded font '../../../Engine/Content/Slate/Fonts/Roboto-Light.ttf' (167K)
[2018.11.29-09.06.27:015][115]LogSlate: FSceneViewport::OnFocusLost() reason 2
[2018.11.29-09.06.57:923][663]LogSlate: Window '文件历史' being destroyed
[2018.11.29-09.09.54:250][ 72]LogTemp: Repeating last play command: 新建编辑器窗口（在编辑器中运行）
[2018.11.29-09.09.54:273][ 72]LogBlueprintUserMessages: Early PlayInEditor Detection: Level '/Game/TopDownBP/Maps/TopDownExampleMap.TopDownExampleMap:PersistentLevel' has LevelScriptBlueprint '/Game/TopDownBP/Maps/TopDownExampleMap.TopDownExampleMap:PersistentLevel.TopDownExampleMap' with GeneratedClass '/Game/TopDownBP/Maps/TopDownExampleMap.TopDownExampleMap_C' with ClassGeneratedBy '/Game/TopDownBP/Maps/TopDownExampleMap.TopDownExampleMap:PersistentLevel.TopDownExampleMap'
[2018.11.29-09.09.54:273][ 72]LogPlayLevel: PlayLevel: No blueprints needed recompiling
[2018.11.29-09.09.54:292][ 72]PIE: New page: PIE会话: TopDownExampleMap (2018年11月30日 上午1:09:54)
[2018.11.29-09.09.54:292][ 72]LogPlayLevel: Creating play world package: /Game/TopDownBP/Maps/UEDPIE_0_TopDownExampleMap
[2018.11.29-09.09.54:323][ 72]LogPlayLevel: PIE: StaticDuplicateObject took: (0.031121s)
[2018.11.29-09.09.54:324][ 72]LogAIModule: Creating AISystem for world TopDownExampleMap
[2018.11.29-09.09.54:324][ 72]LogPlayLevel: PIE: World Init took: (0.000953s)
[2018.11.29-09.09.54:324][ 72]LogPlayLevel: PIE: Created PIE world by copying editor world from /Game/TopDownBP/Maps/TopDownExampleMap.TopDownExampleMap to /Game/TopDownBP/Maps/UEDPIE_0_TopDownExampleMap.TopDownExampleMap (0.032323s)
[2018.11.29-09.09.54:477][ 72]LogInit: XAudio2 using 'Realtek HD Audio 2nd output (Realtek High Definition Audio)' : 2 channels at 48 kHz using 32 bits per sample (channel mask 0x3)
[2018.11.29-09.09.54:580][ 72]LogInit: FAudioDevice initialized.
[2018.11.29-09.09.54:624][ 72]LogSlate: Updating window title bar state: overlay mode, drag disabled, window buttons hidden, title bar hidden
[2018.11.29-09.09.54:718][ 72]LogLoad: Game class is 'TopDownGameMode_C'
[2018.11.29-09.09.54:727][ 72]LogWorld: Bringing World /Game/TopDownBP/Maps/UEDPIE_0_TopDownExampleMap.TopDownExampleMap up for play (max tick rate 60) at 2018.11.29-17.09.54
[2018.11.29-09.09.54:736][ 72]LogWorld: Bringing up level for play took: 0.014142
[2018.11.29-09.09.54:759][ 72]LogContentBrowser: Native class hierarchy updated for 'MovieSceneCapture' in 0.0005 seconds. Added 10 classes and 0 folders.
[2018.11.29-09.09.54:769][ 72]PIE: /Game/TopDownBP/Maps/UEDPIE_0_TopDownExampleMap的‘在编辑器中播放’的起始时间0.421
[2018.11.29-09.09.54:770][ 72]LogBlueprintUserMessages: Late PlayInEditor Detection: Level '/Game/TopDownBP/Maps/TopDownExampleMap.TopDownExampleMap:PersistentLevel' has LevelScriptBlueprint '/Game/TopDownBP/Maps/TopDownExampleMap.TopDownExampleMap:PersistentLevel.TopDownExampleMap' with GeneratedClass '/Game/TopDownBP/Maps/TopDownExampleMap.TopDownExampleMap_C' with ClassGeneratedBy '/Game/TopDownBP/Maps/TopDownExampleMap.TopDownExampleMap:PersistentLevel.TopDownExampleMap'
[2018.11.29-09.09.54:804][ 72]LogRenderer: Reallocating scene render targets to support 1308x756 Format 10 NumSamples 1 (Frame:1).
[2018.11.29-09.09.58:014][259]LogBlueprintUserMessages: [TopDownCharacter] 90.0
[2018.11.29-09.09.58:197][270]LogBlueprintUserMessages: [TopDownCharacter] 80.0
[2018.11.29-09.09.58:334][278]LogBlueprintUserMessages: [BP_Sword_C_0] 20.0
[2018.11.29-09.09.58:334][278]LogBlueprintUserMessages: [TopDownCharacter] 1
[2018.11.29-09.09.58:334][278]LogBlueprintUserMessages: [BP_Sword_C_0] BotChractar_BP
[2018.11.29-09.09.58:334][278]LogBlueprintUserMessages: [BP_Sword_C_0] TopDownCharacter
[2018.11.29-09.09.58:398][282]LogBlueprintUserMessages: [TopDownCharacter] 70.0
[2018.11.29-09.09.58:597][294]LogBlueprintUserMessages: [TopDownCharacter] 60.0
[2018.11.29-09.09.58:664][298]LogBlueprintUserMessages: [BP_Sword_C_0] 20.0
[2018.11.29-09.09.58:664][298]LogBlueprintUserMessages: [TopDownCharacter] 2
[2018.11.29-09.09.58:664][298]LogBlueprintUserMessages: [BP_Sword_C_0] BotChractar_BP
[2018.11.29-09.09.58:664][298]LogBlueprintUserMessages: [BP_Sword_C_0] 20.0
[2018.11.29-09.09.58:664][298]LogBlueprintUserMessages: [TopDownCharacter] 3
[2018.11.29-09.09.58:664][298]LogBlueprintUserMessages: [BP_Sword_C_0] BotChractar_BP
[2018.11.29-09.09.58:664][298]LogBlueprintUserMessages: [BP_Sword_C_0] TopDownCharacter
[2018.11.29-09.09.58:798][306]LogBlueprintUserMessages: [TopDownCharacter] 50.0
[2018.11.29-09.09.58:997][318]LogBlueprintUserMessages: [TopDownCharacter] 40.0
[2018.11.29-09.09.59:049][321]LogBlueprintUserMessages: [BP_Sword_C_0] 20.0
[2018.11.29-09.09.59:049][321]LogBlueprintUserMessages: [TopDownCharacter] 4
[2018.11.29-09.09.59:049][321]LogBlueprintUserMessages: [BP_Sword_C_0] BotChractar_BP
[2018.11.29-09.09.59:049][321]LogBlueprintUserMessages: [BP_Sword_C_0] TopDownCharacter
[2018.11.29-09.09.59:198][330]LogBlueprintUserMessages: [TopDownCharacter] 30.0
[2018.11.29-09.09.59:381][341]LogBlueprintUserMessages: [BP_Sword_C_0] 20.0
[2018.11.29-09.09.59:381][341]LogBlueprintUserMessages: [TopDownCharacter] 5
[2018.11.29-09.09.59:382][341]LogBlueprintUserMessages: [BP_Sword_C_0] BotChractar_BP
[2018.11.29-09.09.59:382][341]LogBlueprintUserMessages: [BP_Sword_C_0] 20.0
[2018.11.29-09.09.59:382][341]LogBlueprintUserMessages: [TopDownCharacter] 6
[2018.11.29-09.09.59:382][341]LogBlueprintUserMessages: [BP_Sword_C_0] BotChractar_BP
[2018.11.29-09.09.59:382][341]LogBlueprintUserMessages: [BP_Sword_C_0] TopDownCharacter
[2018.11.29-09.09.59:398][342]LogBlueprintUserMessages: [TopDownCharacter] 20.0
[2018.11.29-09.09.59:598][354]LogBlueprintUserMessages: [TopDownCharacter] 10.0
[2018.11.29-09.09.59:782][365]LogBlueprintUserMessages: [BP_Sword_C_0] 20.0
[2018.11.29-09.09.59:782][365]LogBlueprintUserMessages: [TopDownCharacter] 7
[2018.11.29-09.09.59:782][365]LogBlueprintUserMessages: [BP_Sword_C_0] BotChractar_BP
[2018.11.29-09.09.59:782][365]LogBlueprintUserMessages: [BP_Sword_C_0] TopDownCharacter
[2018.11.29-09.09.59:797][366]LogBlueprintUserMessages: [TopDownCharacter] you are death
[2018.11.29-09.09.59:797][366]LogBlueprintUserMessages: [TopDownCharacter] 0.0
[2018.11.29-09.09.59:998][378]LogBlueprintUserMessages: [TopDownCharacter] you are death
[2018.11.29-09.09.59:998][378]LogBlueprintUserMessages: [TopDownCharacter] 0.0
[2018.11.29-09.10.00:148][387]LogBlueprintUserMessages: [BP_Sword_C_0] 20.0
[2018.11.29-09.10.00:148][387]LogBlueprintUserMessages: [TopDownCharacter] 8
[2018.11.29-09.10.00:148][387]LogBlueprintUserMessages: [BP_Sword_C_0] BotChractar_BP
[2018.11.29-09.10.00:148][387]LogBlueprintUserMessages: [BP_Sword_C_0] TopDownCharacter
[2018.11.29-09.10.00:197][390]LogBlueprintUserMessages: [TopDownCharacter] you are death
[2018.11.29-09.10.00:197][390]LogBlueprintUserMessages: [TopDownCharacter] 0.0
[2018.11.29-09.10.00:364][400]LogBlueprintUserMessages: [BP_Sword_C_0] Damage UP!
[2018.11.29-09.10.02:149][507]LogBlueprintUserMessages: [TopDownCharacter] 连击中断
[2018.11.29-09.10.02:349][519]LogBlueprintUserMessages: [BP_Sword_C_0] Damage Down!
[2018.11.29-09.10.03:932][614]LogBlueprintUserMessages: [TopDownCharacter] you are death
[2018.11.29-09.10.03:932][614]LogBlueprintUserMessages: [TopDownCharacter] 0.0
[2018.11.29-09.10.04:466][646]LogBlueprintUserMessages: Early EndPlayMap Detection: Level '/Game/TopDownBP/Maps/TopDownExampleMap.TopDownExampleMap:PersistentLevel' has LevelScriptBlueprint '/Game/TopDownBP/Maps/TopDownExampleMap.TopDownExampleMap:PersistentLevel.TopDownExampleMap' with GeneratedClass '/Game/TopDownBP/Maps/TopDownExampleMap.TopDownExampleMap_C' with ClassGeneratedBy '/Game/TopDownBP/Maps/TopDownExampleMap.TopDownExampleMap:PersistentLevel.TopDownExampleMap'
[2018.11.29-09.10.04:467][646]LogSlate: Updating window title bar state: overlay mode, drag disabled, window buttons hidden, title bar hidden
[2018.11.29-09.10.04:486][646]LogSlate: Window '我的项目2 游戏预览 Standalone (64-bit/PCD3D_SM5)' being destroyed
[2018.11.29-09.10.04:541][646]LogPlayLevel: Display: Shutting down PIE online subsystems
[2018.11.29-09.10.04:541][646]LogBlueprintUserMessages: Late EndPlayMap Detection: Level '/Game/TopDownBP/Maps/TopDownExampleMap.TopDownExampleMap:PersistentLevel' has LevelScriptBlueprint '/Game/TopDownBP/Maps/TopDownExampleMap.TopDownExampleMap:PersistentLevel.TopDownExampleMap' with GeneratedClass '/Game/TopDownBP/Maps/TopDownExampleMap.TopDownExampleMap_C' with ClassGeneratedBy '/Game/TopDownBP/Maps/TopDownExampleMap.TopDownExampleMap:PersistentLevel.TopDownExampleMap'
[2018.11.29-09.10.04:599][647]LogPlayLevel: Display: Destroying online subsystem :Context_13
[2018.11.29-09.10.15:529][297]LogAssetEditorManager: Opening Asset editor for Blueprint /Game/TopDownBP/Blueprints/BP_hero.BP_hero
[2018.11.29-09.10.16:249][297]LogContentBrowser: Native class hierarchy updated for 'BlueprintGraph' in 0.0014 seconds. Added 116 classes and 0 folders.
[2018.11.29-09.10.17:371][297]LogSlate: Took 0.004721 seconds to synchronously load lazily loaded font '../../../Engine/Content/Slate/Fonts/Roboto-BoldCondensed.ttf' (158K)
[2018.11.29-09.10.17:732][298]LogSlate: Took 0.004891 seconds to synchronously load lazily loaded font '../../../Engine/Content/Slate/Fonts/Roboto-Italic.ttf' (157K)
[2018.11.29-09.10.29:819][  1]LogSlate: Window 'BP_hero' being destroyed
[2018.11.29-09.10.32:777][169]LogAssetEditorManager: Opening Asset editor for Blueprint /Game/TopDownBP/Blueprints/TopDownController.TopDownController
[2018.11.29-09.10.35:626][277]LogSlate: Window 'TopDownController' being destroyed
[2018.11.29-09.12.56:944][503]BlueprintLog: New page: 编译TopDownController
[2018.11.29-09.12.58:962][586]LogTemp: Repeating last play command: 新建编辑器窗口（在编辑器中运行）
[2018.11.29-09.12.58:997][586]LogBlueprintUserMessages: Early PlayInEditor Detection: Level '/Game/TopDownBP/Maps/TopDownExampleMap.TopDownExampleMap:PersistentLevel' has LevelScriptBlueprint '/Game/TopDownBP/Maps/TopDownExampleMap.TopDownExampleMap:PersistentLevel.TopDownExampleMap' with GeneratedClass '/Game/TopDownBP/Maps/TopDownExampleMap.TopDownExampleMap_C' with ClassGeneratedBy '/Game/TopDownBP/Maps/TopDownExampleMap.TopDownExampleMap:PersistentLevel.TopDownExampleMap'
[2018.11.29-09.12.58:997][586]LogPlayLevel: PlayLevel: No blueprints needed recompiling
[2018.11.29-09.12.58:998][586]PIE: New page: PIE会话: TopDownExampleMap (2018年11月30日 上午1:12:58)
[2018.11.29-09.12.58:998][586]LogPlayLevel: Creating play world package: /Game/TopDownBP/Maps/UEDPIE_0_TopDownExampleMap
[2018.11.29-09.12.59:018][586]LogPlayLevel: PIE: StaticDuplicateObject took: (0.020373s)
[2018.11.29-09.12.59:019][586]LogAIModule: Creating AISystem for world TopDownExampleMap
[2018.11.29-09.12.59:020][586]LogPlayLevel: PIE: World Init took: (0.001071s)
[2018.11.29-09.12.59:020][586]LogPlayLevel: PIE: Created PIE world by copying editor world from /Game/TopDownBP/Maps/TopDownExampleMap.TopDownExampleMap to /Game/TopDownBP/Maps/UEDPIE_0_TopDownExampleMap.TopDownExampleMap (0.021817s)
[2018.11.29-09.12.59:190][586]LogInit: XAudio2 using 'Realtek HD Audio 2nd output (Realtek High Definition Audio)' : 2 channels at 48 kHz using 32 bits per sample (channel mask 0x3)
[2018.11.29-09.12.59:299][586]LogInit: FAudioDevice initialized.
[2018.11.29-09.12.59:339][586]LogSlate: Updating window title bar state: overlay mode, drag disabled, window buttons hidden, title bar hidden
[2018.11.29-09.12.59:419][586]LogLoad: Game class is 'TopDownGameMode_C'
[2018.11.29-09.12.59:426][586]LogWorld: Bringing World /Game/TopDownBP/Maps/UEDPIE_0_TopDownExampleMap.TopDownExampleMap up for play (max tick rate 60) at 2018.11.29-17.12.59
[2018.11.29-09.12.59:428][586]LogWorld: Bringing up level for play took: 0.008332
[2018.11.29-09.12.59:451][586]PIE: /Game/TopDownBP/Maps/UEDPIE_0_TopDownExampleMap的‘在编辑器中播放’的起始时间1.102
[2018.11.29-09.12.59:452][586]LogBlueprintUserMessages: Late PlayInEditor Detection: Level '/Game/TopDownBP/Maps/TopDownExampleMap.TopDownExampleMap:PersistentLevel' has LevelScriptBlueprint '/Game/TopDownBP/Maps/TopDownExampleMap.TopDownExampleMap:PersistentLevel.TopDownExampleMap' with GeneratedClass '/Game/TopDownBP/Maps/TopDownExampleMap.TopDownExampleMap_C' with ClassGeneratedBy '/Game/TopDownBP/Maps/TopDownExampleMap.TopDownExampleMap:PersistentLevel.TopDownExampleMap'
[2018.11.29-09.13.01:632][712]LogBlueprintUserMessages: [TopDownCharacter] 90.0
[2018.11.29-09.13.01:708][716]LogBlueprintUserMessages: [BP_Sword_C_0] 20.0
[2018.11.29-09.13.01:708][716]LogBlueprintUserMessages: [TopDownCharacter] 1
[2018.11.29-09.13.01:708][716]LogBlueprintUserMessages: [BP_Sword_C_0] BotChractar_BP
[2018.11.29-09.13.01:708][716]LogBlueprintUserMessages: [BP_Sword_C_0] TopDownCharacter
[2018.11.29-09.13.01:817][723]LogBlueprintUserMessages: [TopDownCharacter] 80.0
[2018.11.29-09.13.02:016][735]LogBlueprintUserMessages: [TopDownCharacter] 70.0
[2018.11.29-09.13.02:050][737]LogBlueprintUserMessages: [BP_Sword_C_0] TopDownCharacter
[2018.11.29-09.13.02:216][747]LogBlueprintUserMessages: [TopDownCharacter] 60.0
[2018.11.29-09.13.02:367][756]LogBlueprintUserMessages: [BP_Sword_C_0] TopDownCharacter
[2018.11.29-09.13.02:416][759]LogBlueprintUserMessages: [TopDownCharacter] 50.0
[2018.11.29-09.13.02:617][771]LogBlueprintUserMessages: [TopDownCharacter] 40.0
[2018.11.29-09.13.02:666][774]LogBlueprintUserMessages: [BP_Sword_C_0] TopDownCharacter
[2018.11.29-09.13.02:816][783]LogBlueprintUserMessages: [TopDownCharacter] 30.0
[2018.11.29-09.13.03:000][794]LogBlueprintUserMessages: [BP_Sword_C_0] 20.0
[2018.11.29-09.13.03:000][794]LogBlueprintUserMessages: [TopDownCharacter] 2
[2018.11.29-09.13.03:000][794]LogBlueprintUserMessages: [BP_Sword_C_0] BotChractar_BP
[2018.11.29-09.13.03:000][794]LogBlueprintUserMessages: [BP_Sword_C_0] TopDownCharacter
[2018.11.29-09.13.03:017][795]LogBlueprintUserMessages: [TopDownCharacter] 20.0
[2018.11.29-09.13.03:217][807]LogBlueprintUserMessages: [TopDownCharacter] 10.0
[2018.11.29-09.13.03:316][813]LogBlueprintUserMessages: [BP_Sword_C_0] TopDownCharacter
[2018.11.29-09.13.03:418][819]LogBlueprintUserMessages: [TopDownCharacter] you are death
[2018.11.29-09.13.03:418][819]LogBlueprintUserMessages: [TopDownCharacter] 0.0
[2018.11.29-09.13.03:617][831]LogBlueprintUserMessages: [TopDownCharacter] you are death
[2018.11.29-09.13.03:617][831]LogBlueprintUserMessages: [TopDownCharacter] 0.0
[2018.11.29-09.13.03:667][834]LogBlueprintUserMessages: [BP_Sword_C_0] 20.0
[2018.11.29-09.13.03:667][834]LogBlueprintUserMessages: [TopDownCharacter] 3
[2018.11.29-09.13.03:667][834]LogBlueprintUserMessages: [BP_Sword_C_0] BotChractar_BP
[2018.11.29-09.13.03:667][834]LogBlueprintUserMessages: [BP_Sword_C_0] TopDownCharacter
[2018.11.29-09.13.03:817][843]LogBlueprintUserMessages: [TopDownCharacter] you are death
[2018.11.29-09.13.03:817][843]LogBlueprintUserMessages: [TopDownCharacter] 0.0
[2018.11.29-09.13.04:017][855]LogBlueprintUserMessages: [TopDownCharacter] you are death
[2018.11.29-09.13.04:017][855]LogBlueprintUserMessages: [TopDownCharacter] 0.0
[2018.11.29-09.13.04:017][855]LogBlueprintUserMessages: [BP_Sword_C_0] 20.0
[2018.11.29-09.13.04:017][855]LogBlueprintUserMessages: [TopDownCharacter] 4
[2018.11.29-09.13.04:017][855]LogBlueprintUserMessages: [BP_Sword_C_0] BotChractar_BP
[2018.11.29-09.13.04:017][855]LogBlueprintUserMessages: [BP_Sword_C_0] TopDownCharacter
[2018.11.29-09.13.04:218][867]LogBlueprintUserMessages: [TopDownCharacter] you are death
[2018.11.29-09.13.04:218][867]LogBlueprintUserMessages: [TopDownCharacter] 0.0
[2018.11.29-09.13.04:350][875]LogBlueprintUserMessages: [BP_Sword_C_0] 20.0
[2018.11.29-09.13.04:350][875]LogBlueprintUserMessages: [TopDownCharacter] 5
[2018.11.29-09.13.04:350][875]LogBlueprintUserMessages: [BP_Sword_C_0] BotChractar_BP
[2018.11.29-09.13.04:350][875]LogBlueprintUserMessages: [BP_Sword_C_0] TopDownCharacter
[2018.11.29-09.13.04:417][879]LogBlueprintUserMessages: [TopDownCharacter] you are death
[2018.11.29-09.13.04:417][879]LogBlueprintUserMessages: [TopDownCharacter] 0.0
[2018.11.29-09.13.04:616][891]LogBlueprintUserMessages: [TopDownCharacter] you are death
[2018.11.29-09.13.04:616][891]LogBlueprintUserMessages: [TopDownCharacter] 0.0
[2018.11.29-09.13.04:691][895]LogBlueprintUserMessages: [BP_Sword_C_0] 20.0
[2018.11.29-09.13.04:692][895]LogBlueprintUserMessages: [TopDownCharacter] 6
[2018.11.29-09.13.04:692][895]LogBlueprintUserMessages: [BP_Sword_C_0] BotChractar_BP
[2018.11.29-09.13.04:692][895]LogBlueprintUserMessages: [BP_Sword_C_0] TopDownCharacter
[2018.11.29-09.13.04:817][903]LogBlueprintUserMessages: [TopDownCharacter] you are death
[2018.11.29-09.13.04:817][903]LogBlueprintUserMessages: [TopDownCharacter] 0.0
[2018.11.29-09.13.05:017][915]LogBlueprintUserMessages: [TopDownCharacter] you are death
[2018.11.29-09.13.05:017][915]LogBlueprintUserMessages: [TopDownCharacter] 0.0
[2018.11.29-09.13.05:050][917]LogBlueprintUserMessages: [TopDownCharacter] 连击中断
[2018.11.29-09.13.05:050][917]LogBlueprintUserMessages: [BP_Sword_C_0] Damage UP!
[2018.11.29-09.13.05:217][927]LogBlueprintUserMessages: [TopDownCharacter] you are death
[2018.11.29-09.13.05:217][927]LogBlueprintUserMessages: [TopDownCharacter] 0.0
[2018.11.29-09.13.06:683][ 15]LogBlueprintUserMessages: [TopDownCharacter] 连击中断
[2018.11.29-09.13.07:034][ 36]LogBlueprintUserMessages: [BP_Sword_C_0] Damage Down!
[2018.11.29-09.13.10:737][258]LogBlueprintUserMessages: Early EndPlayMap Detection: Level '/Game/TopDownBP/Maps/TopDownExampleMap.TopDownExampleMap:PersistentLevel' has LevelScriptBlueprint '/Game/TopDownBP/Maps/TopDownExampleMap.TopDownExampleMap:PersistentLevel.TopDownExampleMap' with GeneratedClass '/Game/TopDownBP/Maps/TopDownExampleMap.TopDownExampleMap_C' with ClassGeneratedBy '/Game/TopDownBP/Maps/TopDownExampleMap.TopDownExampleMap:PersistentLevel.TopDownExampleMap'
[2018.11.29-09.13.10:738][258]LogSlate: Updating window title bar state: overlay mode, drag disabled, window buttons hidden, title bar hidden
[2018.11.29-09.13.10:759][258]LogSlate: Window '我的项目2 游戏预览 Standalone (64-bit/PCD3D_SM5)' being destroyed
[2018.11.29-09.13.10:809][258]LogPlayLevel: Display: Shutting down PIE online subsystems
[2018.11.29-09.13.10:809][258]LogBlueprintUserMessages: Late EndPlayMap Detection: Level '/Game/TopDownBP/Maps/TopDownExampleMap.TopDownExampleMap:PersistentLevel' has LevelScriptBlueprint '/Game/TopDownBP/Maps/TopDownExampleMap.TopDownExampleMap:PersistentLevel.TopDownExampleMap' with GeneratedClass '/Game/TopDownBP/Maps/TopDownExampleMap.TopDownExampleMap_C' with ClassGeneratedBy '/Game/TopDownBP/Maps/TopDownExampleMap.TopDownExampleMap:PersistentLevel.TopDownExampleMap'
[2018.11.29-09.13.10:888][259]LogPlayLevel: Display: Destroying online subsystem :Context_16
[2018.11.29-09.13.14:125][425]Cmd: OBJ SAVEPACKAGE PACKAGE="/Game/TopDownBP/Blueprints/TopDownController" FILE="C:/Users/86230/Documents/Unreal Projects/我的项目2/-2/Content/TopDownBP/Blueprints/TopDownController.uasset" SILENT=true
[2018.11.29-09.13.14:417][425]LogSavePackage: Moving 'C:/Users/86230/Documents/Unreal Projects/我的项目2/-2/Saved/TopDownController031EB37841A0E7E0EFBDDF85BB9D1DCD.tmp' to 'C:/Users/86230/Documents/Unreal Projects/我的项目2/-2/Content/TopDownBP/Blueprints/TopDownController.uasset'
[2018.11.29-09.13.20:076][756]SourceControl: fatal: D:/Program Files/UE_4.20/Engine/Content: 'D:/Program Files/UE_4.20/Engine/Content' is outside repository
[2018.11.29-09.13.20:292][756]LogFileHelpers: Warning: FilenameToLongPackageName failed to convert '../../../Engine/Plugins/Marketplace/EditorCustomize/Content/PluginDefault/Hatsune_Miku_full_1191017.uasset'. Attempt result was '../../../Engine/Plugins/Marketplace/EditorCustomize/Content/PluginDefault/Hatsune_Miku_full_1191017', but the path contains illegal characters '.'
[2018.11.29-09.13.20:292][756]LogFileHelpers: Warning: FilenameToLongPackageName failed to convert '../../../Engine/Plugins/Marketplace/EditorCustomize/Content/PluginDefault/LHANDW.uasset'. Attempt result was '../../../Engine/Plugins/Marketplace/EditorCustomize/Content/PluginDefault/LHANDW', but the path contains illegal characters '.'
[2018.11.29-09.13.20:292][756]LogFileHelpers: Warning: FilenameToLongPackageName failed to convert '../../../Engine/Plugins/Marketplace/EditorCustomize/Content/PluginDefault/LHANDW_Font.uasset'. Attempt result was '../../../Engine/Plugins/Marketplace/EditorCustomize/Content/PluginDefault/LHANDW_Font', but the path contains illegal characters '.'
[2018.11.29-09.13.20:292][756]LogFileHelpers: Warning: FilenameToLongPackageName failed to convert '../../../Engine/Plugins/Marketplace/EditorCustomize/Content/PluginDefault/Miku.uasset'. Attempt result was '../../../Engine/Plugins/Marketplace/EditorCustomize/Content/PluginDefault/Miku', but the path contains illegal characters '.'
[2018.11.29-09.13.41:353][756]LogSlate: Window '提交文件' being destroyed
[2018.11.29-09.13.42:553][756]LogSourceControl: commit successful: [master 070d9ab] 技能连击阻断的小修改
[2018.11.29-09.13.42:770][756]SourceControl: [master 070d9ab] 技能连击阻断的小修改
[2018.11.29-09.13.42:770][756]SourceControl:  1 file changed, 0 insertions(+), 0 deletions(-)
[2018.11.29-09.13.42:801][756]SourceControl: 已提交 [master 070d9ab] 技能连击阻断的小修改。
[2018.11.29-09.13.45:136][883]LogSlate: Window '我的项目2 - 虚幻编辑器' being destroyed
[2018.11.29-09.13.45:147][883]LogWindowsTextInputMethodSystem: Display: IME system now activated using TSF (中文 - QQ拼音输入法).
[2018.11.29-09.13.45:398][884]Cmd: QUIT_EDITOR
[2018.11.29-09.13.46:646][884]LogExit: Preparing to exit.
[2018.11.29-09.13.47:493][884]LogExit: Editor shut down
[2018.11.29-09.13.47:493][884]LogExit: Transaction tracking system shut down
[2018.11.29-09.13.48:316][884]LogExit: Object subsystem successfully closed.
[2018.11.29-09.13.48:343][884]LogShaderCompilers: Display: Shaders left to compile 0
[2018.11.29-09.13.48:348][884]LogD3D11RHI: Shutdown
[2018.11.29-09.13.48:348][884]LogD3D11RHI: CleanupD3DDevice
[2018.11.29-09.13.48:352][884]LogD3D11RHI: ~FD3D11DynamicRHI
[2018.11.29-09.13.48:377][884]LogModuleManager: Shutting down and abandoning module BlueprintGraph (616)
[2018.11.29-09.13.48:377][884]LogModuleManager: Shutting down and abandoning module MovieSceneCapture (614)
[2018.11.29-09.13.48:377][884]LogModuleManager: Shutting down and abandoning module Voice (612)
[2018.11.29-09.13.48:377][884]LogModuleManager: Shutting down and abandoning module HierarchicalLODOutliner (610)
[2018.11.29-09.13.48:377][884]LogModuleManager: Shutting down and abandoning module AddContentDialog (608)
[2018.11.29-09.13.48:377][884]LogModuleManager: Shutting down and abandoning module WidgetCarousel (607)
[2018.11.29-09.13.48:378][884]LogModuleManager: Shutting down and abandoning module EditorWidgets (604)
[2018.11.29-09.13.48:378][884]LogModuleManager: Shutting down and abandoning module CollectionManager (602)
[2018.11.29-09.13.48:378][884]LogModuleManager: Shutting down and abandoning module SceneOutliner (600)
[2018.11.29-09.13.48:378][884]LogModuleManager: Shutting down and abandoning module StatsViewer (598)
[2018.11.29-09.13.48:378][884]LogModuleManager: Shutting down and abandoning module FoliageEdit (596)
[2018.11.29-09.13.48:378][884]LogModuleManager: Shutting down and abandoning module LandscapeEditor (594)
[2018.11.29-09.13.48:380][884]LogModuleManager: Shutting down and abandoning module MeshPaintMode (592)
[2018.11.29-09.13.48:380][884]LogModuleManager: Shutting down and abandoning module SceneDepthPickerMode (590)
[2018.11.29-09.13.48:380][884]LogModuleManager: Shutting down and abandoning module ActorPickerMode (588)
[2018.11.29-09.13.48:380][884]LogModuleManager: Shutting down and abandoning module GeometryMode (586)
[2018.11.29-09.13.48:380][884]LogModuleManager: Shutting down and abandoning module TextureAlignMode (584)
[2018.11.29-09.13.48:380][884]LogModuleManager: Shutting down and abandoning module BspMode (582)
[2018.11.29-09.13.48:380][884]LogModuleManager: Shutting down and abandoning module PIEPreviewDeviceProfileSelector (580)
[2018.11.29-09.13.48:380][884]LogModuleManager: Shutting down and abandoning module SequenceRecorderSections (578)
[2018.11.29-09.13.48:380][884]LogModuleManager: Shutting down and abandoning module AutomationWorker (576)
[2018.11.29-09.13.48:380][884]LogModuleManager: Shutting down and abandoning module AudioCaptureEditor (574)
[2018.11.29-09.13.48:380][884]LogModuleManager: Shutting down and abandoning module SequenceRecorder (573)
[2018.11.29-09.13.48:380][884]LogModuleManager: Shutting down and abandoning module MatineeToLevelSequence (570)
[2018.11.29-09.13.48:380][884]LogModuleManager: Shutting down and abandoning module LevelSequenceEditor (568)
[2018.11.29-09.13.48:381][884]LogModuleManager: Shutting down and abandoning module PlacementMode (567)
[2018.11.29-09.13.48:381][884]LogModuleManager: Shutting down and abandoning module MaterialEditor (566)
[2018.11.29-09.13.48:381][884]LogModuleManager: Shutting down and abandoning module WmfMediaFactory (562)
[2018.11.29-09.13.48:381][884]LogModuleManager: Shutting down and abandoning module WmfMediaEditor (560)
[2018.11.29-09.13.48:381][884]LogModuleManager: Shutting down and abandoning module MediaPlayerEditor (558)
[2018.11.29-09.13.48:381][884]LogModuleManager: Shutting down and abandoning module OpenExrWrapper (556)
[2018.11.29-09.13.48:381][884]LogModuleManager: Shutting down and abandoning module ImgMediaFactory (554)
[2018.11.29-09.13.48:381][884]LogModuleManager: Shutting down and abandoning module ImgMediaEditor (552)
[2018.11.29-09.13.48:381][884]LogModuleManager: Shutting down and abandoning module AvfMediaFactory (550)
[2018.11.29-09.13.48:381][884]LogModuleManager: Shutting down and abandoning module AvfMediaEditor (548)
[2018.11.29-09.13.48:381][884]LogModuleManager: Shutting down and abandoning module AndroidMediaFactory (546)
[2018.11.29-09.13.48:381][884]LogModuleManager: Shutting down and abandoning module AndroidMediaEditor (544)
[2018.11.29-09.13.48:381][884]LogModuleManager: Shutting down and abandoning module MagicLeapCameraPreviewFactory (542)
[2018.11.29-09.13.48:381][884]LogModuleManager: Shutting down and abandoning module MagicLeapMediaFactory (540)
[2018.11.29-09.13.48:381][884]LogModuleManager: Shutting down and abandoning module MagicLeapMediaEditor (538)
[2018.11.29-09.13.48:381][884]LogModuleManager: Shutting down and abandoning module CharacterAI (536)
[2018.11.29-09.13.48:381][884]LogModuleManager: Shutting down and abandoning module SmartSnapping (534)
[2018.11.29-09.13.48:381][884]LogModuleManager: Shutting down and abandoning module SessionServices (532)
[2018.11.29-09.13.48:381][884]LogModuleManager: Shutting down and abandoning module ViewportSnapping (530)
[2018.11.29-09.13.48:381][884]LogModuleManager: Shutting down and abandoning module ViewportInteraction (528)
[2018.11.29-09.13.48:381][884]LogModuleManager: Shutting down and abandoning module ClothPainter (526)
[2018.11.29-09.13.48:382][884]LogModuleManager: Shutting down and abandoning module SkeletalMeshEditor (525)
[2018.11.29-09.13.48:383][884]LogModuleManager: Shutting down and abandoning module LogVisualizer (522)
[2018.11.29-09.13.48:384][884]LogModuleManager: Shutting down and abandoning module IntroTutorials (520)
[2018.11.29-09.13.48:384][884]LogModuleManager: Shutting down and abandoning module GameProjectGeneration (519)
[2018.11.29-09.13.48:384][884]LogModuleManager: Shutting down and abandoning module LuminPlatformEditor (516)
[2018.11.29-09.13.48:384][884]LogModuleManager: Shutting down and abandoning module IOSPlatformEditor (514)
[2018.11.29-09.13.48:384][884]LogModuleManager: Shutting down and abandoning module HTML5PlatformEditor (512)
[2018.11.29-09.13.48:384][884]LogModuleManager: Shutting down and abandoning module AndroidPlatformEditor (510)
[2018.11.29-09.13.48:384][884]LogModuleManager: Shutting down and abandoning module AndroidDeviceDetection (509)
[2018.11.29-09.13.48:465][884]LogModuleManager: Shutting down and abandoning module WindowsPlatformEditor (506)
[2018.11.29-09.13.48:465][884]LogModuleManager: Shutting down and abandoning module LuminRuntimeSettings (504)
[2018.11.29-09.13.48:465][884]LogModuleManager: Shutting down and abandoning module IOSRuntimeSettings (502)
[2018.11.29-09.13.48:465][884]LogModuleManager: Shutting down and abandoning module AndroidRuntimeSettings (500)
[2018.11.29-09.13.48:465][884]LogModuleManager: Shutting down and abandoning module InputBindingEditor (498)
[2018.11.29-09.13.48:468][884]LogModuleManager: Shutting down and abandoning module MergeActors (496)
[2018.11.29-09.13.48:468][884]LogModuleManager: Shutting down and abandoning module LocalizationDashboard (494)
[2018.11.29-09.13.48:469][884]LogModuleManager: Shutting down and abandoning module LocalizationService (493)
[2018.11.29-09.13.48:469][884]LogModuleManager: Shutting down and abandoning module HardwareTargeting (490)
[2018.11.29-09.13.48:469][884]LogModuleManager: Shutting down and abandoning module DeviceProfileEditor (488)
[2018.11.29-09.13.48:469][884]LogModuleManager: Shutting down and abandoning module UndoHistory (486)
[2018.11.29-09.13.48:469][884]LogModuleManager: Shutting down and abandoning module XmlParser (484)
[2018.11.29-09.13.48:469][884]LogModuleManager: Shutting down and abandoning module Blutility (482)
[2018.11.29-09.13.48:469][884]LogModuleManager: Shutting down and abandoning module ProjectSettingsViewer (480)
[2018.11.29-09.13.48:469][884]LogModuleManager: Shutting down and abandoning module ProjectTargetPlatformEditor (479)
[2018.11.29-09.13.48:469][884]LogModuleManager: Shutting down and abandoning module EditorSettingsViewer (476)
[2018.11.29-09.13.48:469][884]LogModuleManager: Shutting down and abandoning module SettingsEditor (474)
[2018.11.29-09.13.48:469][884]LogModuleManager: Shutting down and abandoning module ProjectLauncher (472)
[2018.11.29-09.13.48:470][884]LogModuleManager: Shutting down and abandoning module SessionFrontend (470)
[2018.11.29-09.13.48:470][884]LogModuleManager: Shutting down and abandoning module ProfilerClient (468)
[2018.11.29-09.13.48:470][884]LogModuleManager: Shutting down and abandoning module DeviceManager (466)
[2018.11.29-09.13.48:470][884]LogModuleManager: Shutting down and abandoning module TargetDeviceServices (465)
[2018.11.29-09.13.48:514][884]LogModuleManager: Shutting down and abandoning module AutomationController (462)
[2018.11.29-09.13.48:514][884]LogModuleManager: Shutting down and abandoning module AutomationWindow (460)
[2018.11.29-09.13.48:517][884]LogModuleManager: Shutting down and abandoning module Layers (458)
[2018.11.29-09.13.48:519][884]LogModuleManager: Shutting down and abandoning module ComponentVisualizers (456)
[2018.11.29-09.13.48:519][884]LogModuleManager: Shutting down and abandoning module DetailCustomizations (454)
[2018.11.29-09.13.48:519][884]LogModuleManager: Shutting down and abandoning module PackagesDialog (452)
[2018.11.29-09.13.48:519][884]LogModuleManager: Shutting down and abandoning module Persona (450)
[2018.11.29-09.13.48:520][884]LogModuleManager: Shutting down and abandoning module AdvancedPreviewScene (449)
[2018.11.29-09.13.48:520][884]LogModuleManager: Shutting down and abandoning module AnimGraph (447)
[2018.11.29-09.13.48:520][884]LogModuleManager: Shutting down and abandoning module Kismet (444)
[2018.11.29-09.13.48:526][884]LogModuleManager: Shutting down and abandoning module GraphEditor (442)
[2018.11.29-09.13.48:527][884]LogModuleManager: Shutting down and abandoning module ClassViewer (440)
[2018.11.29-09.13.48:527][884]LogModuleManager: Shutting down and abandoning module Toolbox (438)
[2018.11.29-09.13.48:527][884]LogModuleManager: Shutting down and abandoning module ModuleUI (436)
[2018.11.29-09.13.48:527][884]LogModuleManager: Shutting down and abandoning module MovieSceneTools (434)
[2018.11.29-09.13.48:527][884]LogModuleManager: Shutting down and abandoning module OutputLog (432)
[2018.11.29-09.13.48:527][884]LogModuleManager: Shutting down and abandoning module GammaUI (430)
[2018.11.29-09.13.48:528][884]LogModuleManager: Shutting down and abandoning module Documentation (428)
[2018.11.29-09.13.48:528][884]LogModuleManager: Shutting down and abandoning module MovieSceneTracks (426)
[2018.11.29-09.13.48:528][884]LogModuleManager: Shutting down and abandoning module MovieScene (424)
[2018.11.29-09.13.48:529][884]LogModuleManager: Shutting down and abandoning module StreamingPauseRendering (422)
[2018.11.29-09.13.48:529][884]LogModuleManager: Shutting down and abandoning module LauncherPlatform (420)
[2018.11.29-09.13.48:529][884]LogModuleManager: Shutting down and abandoning module AnalyticsET (418)
[2018.11.29-09.13.48:529][884]LogModuleManager: Shutting down and abandoning module PortalServices (416)
[2018.11.29-09.13.48:529][884]LogModuleManager: Shutting down and abandoning module PortalRpc (414)
[2018.11.29-09.13.48:529][884]LogModuleManager: Shutting down and abandoning module MessagingRpc (412)
[2018.11.29-09.13.48:529][884]LogModuleManager: Shutting down and abandoning module AIModule (410)
[2018.11.29-09.13.48:529][884]LogModuleManager: Shutting down and abandoning module GameplayDebugger (409)
[2018.11.29-09.13.48:529][884]LogModuleManager: Shutting down and abandoning module AITestSuite (407)
[2018.11.29-09.13.48:529][884]LogModuleManager: Shutting down and abandoning module NavigationSystem (405)
[2018.11.29-09.13.48:529][884]LogModuleManager: Shutting down and abandoning module DesktopPlatform (402)
[2018.11.29-09.13.48:529][884]LogModuleManager: Shutting down and abandoning module ProfilerService (400)
[2018.11.29-09.13.48:610][884]LogModuleManager: Shutting down and abandoning module TaskGraph (398)
[2018.11.29-09.13.48:610][884]LogModuleManager: Shutting down and abandoning module SteamVRController (396)
[2018.11.29-09.13.48:610][884]LogModuleManager: Shutting down and abandoning module ProceduralMeshComponentEditor (394)
[2018.11.29-09.13.48:611][884]LogModuleManager: Shutting down and abandoning module ProceduralMeshComponent (392)
[2018.11.29-09.13.48:611][884]LogModuleManager: Shutting down and abandoning module OculusInput (390)
[2018.11.29-09.13.48:611][884]LogModuleManager: Shutting down and abandoning module MobilePatchingUtils (388)
[2018.11.29-09.13.48:611][884]LogModuleManager: Shutting down and abandoning module EditableMesh (386)
[2018.11.29-09.13.48:611][884]LogModuleManager: Shutting down and abandoning module CustomMeshComponent (384)
[2018.11.29-09.13.48:611][884]LogModuleManager: Shutting down and abandoning module CableComponent (382)
[2018.11.29-09.13.48:611][884]LogModuleManager: Shutting down and abandoning module AudioCapture (380)
[2018.11.29-09.13.48:611][884]LogModuleManager: Shutting down and abandoning module ArchVisCharacter (378)
[2018.11.29-09.13.48:611][884]LogModuleManager: Shutting down and abandoning module AndroidPermission (376)
[2018.11.29-09.13.48:611][884]LogModuleManager: Shutting down and abandoning module NUTUnrealEngine4 (374)
[2018.11.29-09.13.48:611][884]LogModuleManager: Shutting down and abandoning module NetcodeUnitTest (372)
[2018.11.29-09.13.48:614][884]LogModuleManager: Shutting down and abandoning module MediaCompositingEditor (370)
[2018.11.29-09.13.48:614][884]LogModuleManager: Shutting down and abandoning module MediaCompositing (368)
[2018.11.29-09.13.48:614][884]LogModuleManager: Shutting down and abandoning module LinearTimecode (366)
[2018.11.29-09.13.48:614][884]LogModuleManager: Shutting down and abandoning module ImgMedia (364)
[2018.11.29-09.13.48:621][884]LogModuleManager: Shutting down and abandoning module HTML5Networking (362)
[2018.11.29-09.13.48:621][884]LogModuleManager: Shutting down and abandoning module GeometryCacheTracks (360)
[2018.11.29-09.13.48:621][884]LogModuleManager: Shutting down and abandoning module GeometryCacheSequencer (358)
[2018.11.29-09.13.48:621][884]LogModuleManager: Shutting down and abandoning module BackChannel (356)
[2018.11.29-09.13.48:621][884]LogModuleManager: Shutting down and abandoning module AppleVision (354)
[2018.11.29-09.13.48:621][884]LogModuleManager: Shutting down and abandoning module AppleImageUtils (352)
[2018.11.29-09.13.48:621][884]LogModuleManager: Shutting down and abandoning module AlembicImporter (350)
[2018.11.29-09.13.48:621][884]LogModuleManager: Shutting down and abandoning module AlembicLibrary (349)
[2018.11.29-09.13.48:621][884]LogModuleManager: Shutting down and abandoning module GeometryCache (348)
[2018.11.29-09.13.48:621][884]LogModuleManager: Shutting down and abandoning module GeometryCacheEd (347)
[2018.11.29-09.13.48:621][884]LogModuleManager: Shutting down and abandoning module DatasmithContentEditor (342)
[2018.11.29-09.13.48:621][884]LogModuleManager: Shutting down and abandoning module DatasmithContent (340)
[2018.11.29-09.13.48:623][884]LogModuleManager: Shutting down and abandoning module SpeedTreeImporter (338)
[2018.11.29-09.13.48:623][884]LogModuleManager: Shutting down and abandoning module PluginBrowser (336)
[2018.11.29-09.13.48:623][884]LogModuleManager: Shutting down and abandoning module MobileLauncherProfileWizard (334)
[2018.11.29-09.13.48:624][884]LogModuleManager: Shutting down and abandoning module PolygonModeling (332)
[2018.11.29-09.13.48:624][884]LogModuleManager: Shutting down and abandoning module MeshEditor (330)
[2018.11.29-09.13.48:624][884]LogModuleManager: Shutting down and abandoning module CryptoKeysOpenSSL (328)
[2018.11.29-09.13.48:624][884]LogModuleManager: Shutting down and abandoning module CryptoKeys (326)
[2018.11.29-09.13.48:624][884]LogModuleManager: Shutting down and abandoning module VisualStudioSourceCodeAccess (324)
[2018.11.29-09.13.48:624][884]LogModuleManager: Shutting down and abandoning module VisualStudioCodeSourceCodeAccess (322)
[2018.11.29-09.13.48:624][884]LogModuleManager: Shutting down and abandoning module UObjectPlugin (320)
[2018.11.29-09.13.48:624][884]LogModuleManager: Shutting down and abandoning module SubversionSourceControl (318)
[2018.11.29-09.13.48:624][884]LogModuleManager: Shutting down and abandoning module PerforceSourceControl (316)
[2018.11.29-09.13.48:625][884]LogModuleManager: Shutting down and abandoning module GitSourceControl (314)
[2018.11.29-09.13.48:625][884]LogModuleManager: Shutting down and abandoning module SourceControl (313)
[2018.11.29-09.13.48:625][884]LogModuleManager: Shutting down and abandoning module CLionSourceCodeAccess (310)
[2018.11.29-09.13.48:625][884]LogModuleManager: Shutting down and abandoning module LightPropagationVolumeEditor (308)
[2018.11.29-09.13.48:625][884]LogModuleManager: Shutting down and abandoning module PaperTiledImporter (306)
[2018.11.29-09.13.48:625][884]LogModuleManager: Shutting down and abandoning module PaperSpriteSheetImporter (304)
[2018.11.29-09.13.48:625][884]LogModuleManager: Shutting down and abandoning module Paper2DEditor (302)
[2018.11.29-09.13.48:626][884]LogModuleManager: Shutting down and abandoning module MeshPaint (301)
[2018.11.29-09.13.48:627][884]LogModuleManager: Shutting down and abandoning module RuntimePhysXCooking (298)
[2018.11.29-09.13.48:627][884]LogModuleManager: Shutting down and abandoning module PhysXVehiclesEditor (296)
[2018.11.29-09.13.48:627][884]LogModuleManager: Shutting down and abandoning module PhysXVehicles (294)
[2018.11.29-09.13.48:627][884]LogModuleManager: Shutting down and abandoning module OculusEditor (292)
[2018.11.29-09.13.48:627][884]LogModuleManager: Shutting down and abandoning module LocationServicesBPLibrary (290)
[2018.11.29-09.13.48:627][884]LogModuleManager: Shutting down and abandoning module ImmediatePhysicsEditor (288)
[2018.11.29-09.13.48:627][884]LogModuleManager: Shutting down and abandoning module ImmediatePhysics (286)
[2018.11.29-09.13.48:628][884]LogModuleManager: Shutting down and abandoning module ActorSequence (284)
[2018.11.29-09.13.48:628][884]LogModuleManager: Shutting down and abandoning module UdpMessaging (282)
[2018.11.29-09.13.48:729][884]LogModuleManager: Shutting down and abandoning module TcpMessaging (280)
[2018.11.29-09.13.48:830][884]LogModuleManager: Shutting down and abandoning module MagicLeapAudio (278)
[2018.11.29-09.13.48:830][884]LogModuleManager: Shutting down and abandoning module GameplayTagsEditor (276)
[2018.11.29-09.13.48:832][884]LogModuleManager: Shutting down and abandoning module FacialAnimationEditor (274)
[2018.11.29-09.13.48:833][884]LogModuleManager: Shutting down and abandoning module FacialAnimation (272)
[2018.11.29-09.13.48:833][884]LogModuleManager: Shutting down and abandoning module DataValidation (270)
[2018.11.29-09.13.48:833][884]LogModuleManager: Shutting down and abandoning module AssetManagerEditor (268)
[2018.11.29-09.13.48:833][884]LogModuleManager: Shutting down and abandoning module LevelEditor (267)
[2018.11.29-09.13.48:835][884]LogModuleManager: Shutting down and abandoning module PixelInspectorModule (266)
[2018.11.29-09.13.48:835][884]LogModuleManager: Shutting down and abandoning module CommonMenuExtensions (264)
[2018.11.29-09.13.48:835][884]LogModuleManager: Shutting down and abandoning module MainFrame (262)
[2018.11.29-09.13.48:835][884]LogModuleManager: Shutting down and abandoning module HotReload (261)
[2018.11.29-09.13.48:836][884]LogModuleManager: Shutting down and abandoning module ContentBrowser (257)
[2018.11.29-09.13.48:837][884]LogModuleManager: Shutting down and abandoning module TreeMap (255)
[2018.11.29-09.13.48:837][884]LogModuleManager: Shutting down and abandoning module LightPropagationVolumeRuntime (252)
[2018.11.29-09.13.48:837][884]LogModuleManager: Shutting down and abandoning module AISupportModule (250)
[2018.11.29-09.13.48:837][884]LogModuleManager: Shutting down and abandoning module Paper2D (248)
[2018.11.29-09.13.48:837][884]LogModuleManager: Shutting down and abandoning module WindowsMoviePlayer (246)
[2018.11.29-09.13.48:837][884]LogModuleManager: Shutting down and abandoning module WmfMedia (244)
[2018.11.29-09.13.48:839][884]LogModuleManager: Shutting down and abandoning module Media (243)
[2018.11.29-09.13.48:845][884]LogModuleManager: Shutting down and abandoning module PacketHandler (240)
[2018.11.29-09.13.48:845][884]LogModuleManager: Shutting down and abandoning module ClothingSystemEditor (238)
[2018.11.29-09.13.48:845][884]LogModuleManager: Shutting down and abandoning module ClothingSystemRuntime (236)
[2018.11.29-09.13.48:847][884]LogModuleManager: Shutting down and abandoning module MediaAssets (234)
[2018.11.29-09.13.48:847][884]LogModuleManager: Shutting down and abandoning module Overlay (232)
[2018.11.29-09.13.48:847][884]LogModuleManager: Shutting down and abandoning module OverlayEditor (231)
[2018.11.29-09.13.48:847][884]LogModuleManager: Shutting down and abandoning module VREditor (228)
[2018.11.29-09.13.48:847][884]LogModuleManager: Shutting down and abandoning module StringTableEditor (226)
[2018.11.29-09.13.48:848][884]LogModuleManager: Shutting down and abandoning module GameplayTasksEditor (224)
[2018.11.29-09.13.48:848][884]LogModuleManager: Shutting down and abandoning module BehaviorTreeEditor (222)
[2018.11.29-09.13.48:849][884]LogModuleManager: Shutting down and abandoning module FunctionalTesting (220)
[2018.11.29-09.13.48:849][884]LogModuleManager: Shutting down and abandoning module CollisionAnalyzer (218)
[2018.11.29-09.13.48:849][884]LogModuleManager: Shutting down and abandoning module WorkspaceMenuStructure (217)
[2018.11.29-09.13.48:849][884]LogModuleManager: Shutting down and abandoning module UMG (214)
[2018.11.29-09.13.48:849][884]LogModuleManager: Shutting down and abandoning module UMGEditor (213)
[2018.11.29-09.13.48:849][884]LogModuleManager: Shutting down and abandoning module Sequencer (212)
[2018.11.29-09.13.48:850][884]LogModuleManager: Shutting down and abandoning module MessageLog (209)
[2018.11.29-09.13.48:850][884]LogModuleManager: Shutting down and abandoning module SlateReflector (204)
[2018.11.29-09.13.48:851][884]LogModuleManager: Shutting down and abandoning module Slate (202)
[2018.11.29-09.13.48:851][884]LogModuleManager: Shutting down and abandoning module EditorStyle (200)
[2018.11.29-09.13.48:853][884]LogModuleManager: Shutting down and abandoning module MRMesh (198)
[2018.11.29-09.13.48:853][884]LogModuleManager: Shutting down and abandoning module SourceCodeAccess (196)
[2018.11.29-09.13.48:853][884]LogModuleManager: Shutting down and abandoning module HeadMountedDisplay (194)
[2018.11.29-09.13.48:853][884]LogModuleManager: Shutting down and abandoning module XAudio2 (192)
[2018.11.29-09.13.48:854][884]LogModuleManager: Shutting down and abandoning module Networking (190)
[2018.11.29-09.13.48:854][884]LogModuleManager: Shutting down and abandoning module Core (188)
[2018.11.29-09.13.48:854][884]LogModuleManager: Shutting down and abandoning module LevelSequence (186)
[2018.11.29-09.13.48:854][884]LogModuleManager: Shutting down and abandoning module KismetCompiler (184)
[2018.11.29-09.13.48:854][884]LogModuleManager: Shutting down and abandoning module MeshUtilities (182)
[2018.11.29-09.13.48:854][884]LogModuleManager: Shutting down and abandoning module MeshMergeUtilities (181)
[2018.11.29-09.13.48:854][884]LogModuleManager: Shutting down and abandoning module MeshReductionInterface (180)
[2018.11.29-09.13.48:854][884]LogModuleManager: Shutting down and abandoning module SimplygonSwarm (179)
[2018.11.29-09.13.48:855][884]LogModuleManager: Shutting down and abandoning module ProxyLODMeshReduction (177)
[2018.11.29-09.13.48:856][884]LogModuleManager: Shutting down and abandoning module SimplygonMeshReduction (175)
[2018.11.29-09.13.48:856][884]LogModuleManager: Shutting down and abandoning module QuadricMeshReduction (173)
[2018.11.29-09.13.48:857][884]LogModuleManager: Shutting down and abandoning module MaterialBaking (169)
[2018.11.29-09.13.48:857][884]LogModuleManager: Shutting down and abandoning module DirectoryWatcher (165)
[2018.11.29-09.13.48:858][884]LogModuleManager: Shutting down and abandoning module DerivedDataCache (162)
[2018.11.29-09.13.48:860][884]LogDerivedDataCache: Shutdown
[2018.11.29-09.13.48:860][884]LogModuleManager: Shutting down and abandoning module XGEController (160)
[2018.11.29-09.13.48:860][884]LogXGEController: Cleaning working directory: C:/Users/86230/AppData/Local/Temp/UnrealXGEWorkingDir/
[2018.11.29-09.13.48:861][884]LogModuleManager: Shutting down and abandoning module TargetPlatform (158)
[2018.11.29-09.13.48:861][884]LogModuleManager: Shutting down and abandoning module VulkanShaderFormat (157)
[2018.11.29-09.13.48:861][884]LogModuleManager: Shutting down and abandoning module ShaderFormatVectorVM (155)
[2018.11.29-09.13.48:861][884]LogModuleManager: Shutting down and abandoning module ShaderFormatOpenGL (153)
[2018.11.29-09.13.48:862][884]LogModuleManager: Shutting down and abandoning module ShaderFormatD3D (151)
[2018.11.29-09.13.48:862][884]LogModuleManager: Shutting down and abandoning module MetalShaderFormat (149)
[2018.11.29-09.13.48:862][884]LogModuleManager: Shutting down and abandoning module TextureFormatUncompressed (147)
[2018.11.29-09.13.48:862][884]LogModuleManager: Shutting down and abandoning module TextureFormatPVR (145)
[2018.11.29-09.13.48:862][884]LogModuleManager: Shutting down and abandoning module TextureFormatDXT (143)
[2018.11.29-09.13.48:863][884]LogModuleManager: Shutting down and abandoning module TextureFormatIntelISPCTexComp (141)
[2018.11.29-09.13.48:863][884]LogModuleManager: Shutting down and abandoning module TextureFormatASTC (139)
[2018.11.29-09.13.48:863][884]LogModuleManager: Shutting down and abandoning module ImageWrapper (138)
[2018.11.29-09.13.48:863][884]LogModuleManager: Shutting down and abandoning module TextureFormatAndroid (135)
[2018.11.29-09.13.48:863][884]LogModuleManager: Shutting down and abandoning module AudioFormatOpus (133)
[2018.11.29-09.13.48:863][884]LogModuleManager: Shutting down and abandoning module AudioFormatOgg (131)
[2018.11.29-09.13.48:863][884]LogModuleManager: Shutting down and abandoning module AudioFormatADPCM (129)
[2018.11.29-09.13.48:863][884]LogModuleManager: Shutting down and abandoning module LuminTargetPlatform (127)
[2018.11.29-09.13.48:863][884]LogModuleManager: Shutting down and abandoning module LinuxTargetPlatform (125)
[2018.11.29-09.13.48:863][884]LogModuleManager: Shutting down and abandoning module LinuxServerTargetPlatform (123)
[2018.11.29-09.13.48:863][884]LogModuleManager: Shutting down and abandoning module LinuxNoEditorTargetPlatform (121)
[2018.11.29-09.13.48:863][884]LogModuleManager: Shutting down and abandoning module LinuxClientTargetPlatform (119)
[2018.11.29-09.13.48:863][884]LogModuleManager: Shutting down and abandoning module TVOSTargetPlatform (117)
[2018.11.29-09.13.48:864][884]LogModuleManager: Shutting down and abandoning module Messaging (115)
[2018.11.29-09.13.48:864][884]LogModuleManager: Shutting down and abandoning module IOSTargetPlatform (113)
[2018.11.29-09.13.48:864][884]LogModuleManager: Shutting down and abandoning module HTML5TargetPlatform (111)
[2018.11.29-09.13.48:864][884]LogModuleManager: Shutting down and abandoning module AndroidTargetPlatform (109)
[2018.11.29-09.13.48:870][884]LogModuleManager: Shutting down and abandoning module WindowsTargetPlatform (107)
[2018.11.29-09.13.48:870][884]LogModuleManager: Shutting down and abandoning module WindowsServerTargetPlatform (105)
[2018.11.29-09.13.48:870][884]LogModuleManager: Shutting down and abandoning module WindowsNoEditorTargetPlatform (103)
[2018.11.29-09.13.48:870][884]LogModuleManager: Shutting down and abandoning module WindowsClientTargetPlatform (101)
[2018.11.29-09.13.48:870][884]LogModuleManager: Shutting down and abandoning module MacTargetPlatform (99)
[2018.11.29-09.13.48:870][884]LogModuleManager: Shutting down and abandoning module MacServerTargetPlatform (97)
[2018.11.29-09.13.48:870][884]LogModuleManager: Shutting down and abandoning module MacNoEditorTargetPlatform (95)
[2018.11.29-09.13.48:870][884]LogModuleManager: Shutting down and abandoning module MacClientTargetPlatform (93)
[2018.11.29-09.13.48:870][884]LogModuleManager: Shutting down and abandoning module AllDesktopTargetPlatform (91)
[2018.11.29-09.13.48:870][884]LogModuleManager: Shutting down and abandoning module InputCore (88)
[2018.11.29-09.13.48:870][884]LogModuleManager: Shutting down and abandoning module Settings (86)
[2018.11.29-09.13.48:870][884]LogModuleManager: Shutting down and abandoning module PhysXCooking (84)
[2018.11.29-09.13.48:870][884]LogModuleManager: Shutting down and abandoning module SteamVR (82)
[2018.11.29-09.13.48:870][884]LogModuleManager: Shutting down and abandoning module OculusHMD (80)
[2018.11.29-09.13.48:870][884]LogModuleManager: Shutting down and abandoning module ExampleDeviceProfileSelector (78)
[2018.11.29-09.13.48:870][884]LogModuleManager: Shutting down and abandoning module LauncherChunkInstaller (76)
[2018.11.29-09.13.48:870][884]LogModuleManager: Shutting down and abandoning module OnlineBlueprintSupport (74)
[2018.11.29-09.13.48:871][884]LogModuleManager: Shutting down and abandoning module OnlineSubsystem (70)
[2018.11.29-09.13.48:871][884]LogModuleManager: Shutting down and abandoning module XMPP (65)
[2018.11.29-09.13.48:872][884]LogModuleManager: Shutting down and abandoning module WebSockets (64)
[2018.11.29-09.13.48:891][884]LogModuleManager: Shutting down and abandoning module HTTP (61)
[2018.11.29-09.13.48:891][884]LogHttp: Display: Http module shutting down, but needs to wait on 2 outstanding Http requests:
[2018.11.29-09.13.48:891][884]LogHttp: Display: 	verb=[POST] url=[https://datarouter.ol.epicgames.com/datarouter/api/v1/public/data?SessionID=%7BC742ACFB-4681-ED2B-6455-41A9AA30AE95%7D&AppID=UEEditor.Rocket.Release&AppVersion=4.20.3-4369336%2B%2B%2BUE4%2BRelease-4.20&UserID=4d3014f34a11e50f8209209bebcd79db%7C571c407eebd54669ab852a27e27f3459%7C0c88f9b3-1fc6-4cef-86ef-a0d375e905af&AppEnvironment=datacollector-binary&UploadType=eteventstream] status=Processing
[2018.11.29-09.13.48:891][884]LogHttp: Display: 	verb=[POST] url=[https://datarouter.ol.epicgames.com/datarouter/api/v1/public/data?SessionID=%7BC742ACFB-4681-ED2B-6455-41A9AA30AE95%7D&AppID=UEEditor.Rocket.Release&AppVersion=4.20.3-4369336%2B%2B%2BUE4%2BRelease-4.20&UserID=4d3014f34a11e50f8209209bebcd79db%7C571c407eebd54669ab852a27e27f3459%7C0c88f9b3-1fc6-4cef-86ef-a0d375e905af&AppEnvironment=datacollector-binary&UploadType=eteventstream] status=Processing
[2018.11.29-09.13.48:926][884]LogModuleManager: Shutting down and abandoning module SSL (60)
[2018.11.29-09.13.48:927][884]LogModuleManager: Shutting down and abandoning module MagicLeapEmulator (56)
[2018.11.29-09.13.48:927][884]LogModuleManager: Shutting down and abandoning module MagicLeapPrivileges (54)
[2018.11.29-09.13.48:927][884]LogModuleManager: Shutting down and abandoning module MagicLeapIdentity (52)
[2018.11.29-09.13.48:927][884]LogModuleManager: Shutting down and abandoning module MagicLeapHelperVulkan (50)
[2018.11.29-09.13.48:927][884]LogModuleManager: Shutting down and abandoning module MagicLeapHelperOpenGL (48)
[2018.11.29-09.13.48:927][884]LogModuleManager: Shutting down and abandoning module MagicLeapSecureStorage (46)
[2018.11.29-09.13.48:927][884]LogModuleManager: Shutting down and abandoning module MagicLeapGestures (44)
[2018.11.29-09.13.48:928][884]LogModuleManager: Shutting down and abandoning module MagicLeapEyeTracker (42)
[2018.11.29-09.13.48:928][884]LogModuleManager: Shutting down and abandoning module MagicLeapController (40)
[2018.11.29-09.13.48:928][884]LogSlate: Slate User Destroyed.  User Index 0, Is Virtual User: 0
[2018.11.29-09.13.48:928][884]LogModuleManager: Shutting down and abandoning module MagicLeap (38)
[2018.11.29-09.13.48:928][884]LogModuleManager: Shutting down and abandoning module AnimationModifiers (36)
[2018.11.29-09.13.48:930][884]LogModuleManager: Shutting down and abandoning module PropertyEditor (35)
[2018.11.29-09.13.48:931][884]LogModuleManager: Shutting down and abandoning module AudioEditor (32)
[2018.11.29-09.13.48:931][884]LogModuleManager: Shutting down and abandoning module TextureCompressor (30)
[2018.11.29-09.13.48:932][884]LogModuleManager: Shutting down and abandoning module ShaderCore (28)
[2018.11.29-09.13.48:932][884]LogModuleManager: Shutting down and abandoning module Landscape (26)
[2018.11.29-09.13.48:932][884]LogModuleManager: Shutting down and abandoning module SlateRHIRenderer (24)
[2018.11.29-09.13.48:933][884]LogModuleManager: Shutting down and abandoning module OpenGLDrv (22)
[2018.11.29-09.13.48:933][884]LogModuleManager: Shutting down and abandoning module D3D11RHI (20)
[2018.11.29-09.13.48:933][884]LogModuleManager: Shutting down and abandoning module AnimGraphRuntime (18)
[2018.11.29-09.13.48:933][884]LogModuleManager: Shutting down and abandoning module Renderer (16)
[2018.11.29-09.13.48:934][884]LogModuleManager: Shutting down and abandoning module Engine (14)
[2018.11.29-09.13.48:934][884]LogModuleManager: Shutting down and abandoning module CoreUObject (12)
[2018.11.29-09.13.48:934][884]LogModuleManager: Shutting down and abandoning module NetworkFile (10)
[2018.11.29-09.13.48:934][884]LogModuleManager: Shutting down and abandoning module CookedIterativeFile (8)
[2018.11.29-09.13.48:934][884]LogModuleManager: Shutting down and abandoning module StreamingFile (6)
[2018.11.29-09.13.48:934][884]LogModuleManager: Shutting down and abandoning module SandboxFile (4)
[2018.11.29-09.13.48:934][884]LogModuleManager: Shutting down and abandoning module PakFile (2)
[2018.11.29-09.13.48:941][884]LogExit: Exiting.
[2018.11.29-09.13.48:958][884]Log file closed, 11/29/18 17:13:48
